#
# There is insufficient memory for the Java Runtime Environment to continue.
# Native memory allocation (malloc) failed to allocate 201888 bytes. Error detail: Chunk::new
# Possible reasons:
#   The system is out of physical RAM or swap space
#   This process is running with CompressedOops enabled, and the Java Heap may be blocking the growth of the native heap
# Possible solutions:
#   Reduce memory load on the system
#   Increase physical memory or swap space
#   Check if swap backing store is full
#   Decrease Java heap size (-Xmx/-Xms)
#   Decrease number of Java threads
#   Decrease Java thread stack sizes (-Xss)
#   Set larger code cache with -XX:ReservedCodeCacheSize=
#   JVM is running with Unscaled Compressed Oops mode in which the Java heap is
#     placed in the first 4GB address space. The Java Heap base address is the
#     maximum limit for the native heap growth. Please use -XX:HeapBaseMinAddress
#     to set the Java Heap base and to place the Java Heap above 4GB virtual address.
# This output file may be truncated or incomplete.
#
#  Out of Memory Error (arena.cpp:149), pid=4956, tid=12396
#
# JRE version: Java(TM) SE Runtime Environment (23.0.1+11) (build 23.0.1+11-39)
# Java VM: Java HotSpot(TM) 64-Bit Server VM (23.0.1+11-39, mixed mode, sharing, tiered, compressed oops, compressed class ptrs, g1 gc, windows-amd64)
# No core dump will be written. Minidumps are not enabled by default on client versions of Windows
#

---------------  S U M M A R Y ------------

Command Line: -Dclassworlds.conf=C:\Program Files\NetBeans-23\netbeans\java\maven\bin\m2.conf -Dmaven.home=C:\Program Files\NetBeans-23\netbeans\java\maven -Dlibrary.jansi.path=C:\Program Files\NetBeans-23\netbeans\java\maven\lib\jansi-native -Dmaven.multiModuleProjectDirectory=C:\Users\maico\OneDrive\Escritorio\PROYECTO FINAL AP\GestionDeProducciones org.codehaus.plexus.classworlds.launcher.Launcher -Dexec.vmArgs= -Dexec.args=${exec.vmArgs} -classpath %classpath ${exec.mainClass} ${exec.appArgs} -Dexec.appArgs= -Dexec.mainClass=fabrica.gestiondeproducciones.GestionDeProducciones -Dexec.executable=C:\Program Files\Java\jdk-23\bin\java.exe -Dmaven.ext.class.path=C:\Program Files\NetBeans-23\netbeans\java\maven-nblib\netbeans-eventspy.jar --no-transfer-progress process-classes org.codehaus.mojo:exec-maven-plugin:3.1.0:exec

Host: Intel(R) Core(TM) i7-6500U CPU @ 2.50GHz, 4 cores, 5G,  Windows 10 , 64 bit Build 19041 (10.0.19041.5198)
Time: Tue Dec 24 14:09:03 2024 Hora estándar de Montevideo elapsed time: 5.417482 seconds (0d 0h 0m 5s)

---------------  T H R E A D  ---------------

Current thread (0x000001e24d2ba730):  JavaThread "C2 CompilerThread1" daemon [_thread_in_native, id=12396, stack(0x0000001722b00000,0x0000001722c00000) (1024K)]


Current CompileTask:
C2:5417 4321       4       jdk.internal.loader.BuiltinClassLoader::findLoadedModule (33 bytes)

Stack: [0x0000001722b00000,0x0000001722c00000]
Native frames: (J=compiled Java code, j=interpreted, Vv=VM code, C=native code)
V  [jvm.dll+0x6e08b9]  (no source info available)
V  [jvm.dll+0x87dc83]  (no source info available)
V  [jvm.dll+0x88010e]  (no source info available)
V  [jvm.dll+0x8807e3]  (no source info available)
V  [jvm.dll+0x27aee6]  (no source info available)
V  [jvm.dll+0xbc06f]  (no source info available)
V  [jvm.dll+0xbc2cb]  (no source info available)
V  [jvm.dll+0x3b3a9c]  (no source info available)
V  [jvm.dll+0x38a42b]  (no source info available)
V  [jvm.dll+0x38989a]  (no source info available)
V  [jvm.dll+0x244aa1]  (no source info available)
V  [jvm.dll+0x243dff]  (no source info available)
V  [jvm.dll+0x1c33a0]  (no source info available)
V  [jvm.dll+0x253cf1]  (no source info available)
V  [jvm.dll+0x251faa]  (no source info available)
V  [jvm.dll+0x3ee036]  (no source info available)
V  [jvm.dll+0x824f8b]  (no source info available)
V  [jvm.dll+0x6df065]  (no source info available)
C  [ucrtbase.dll+0x21bb2]  (no source info available)
C  [KERNEL32.DLL+0x17374]  (no source info available)
C  [ntdll.dll+0x4cc91]  (no source info available)

Lock stack of current Java thread (top to bottom):


---------------  P R O C E S S  ---------------

Threads class SMR info:
_java_thread_list=0x000001e2939d8230, length=12, elements={
0x000001e22f5ef230, 0x000001e24d13ae70, 0x000001e24d13b9a0, 0x000001e24d13f290,
0x000001e24d13f900, 0x000001e24d1401f0, 0x000001e24d144c70, 0x000001e24d148b10,
0x000001e24d14b1e0, 0x000001e24d2905c0, 0x000001e24d299f30, 0x000001e24d2ba730
}

Java Threads: ( => current thread )
  0x000001e22f5ef230 JavaThread "main"                              [_thread_in_vm, id=14620, stack(0x0000001721600000,0x0000001721700000) (1024K)]
  0x000001e24d13ae70 JavaThread "Reference Handler"          daemon [_thread_blocked, id=11712, stack(0x0000001721e00000,0x0000001721f00000) (1024K)]
  0x000001e24d13b9a0 JavaThread "Finalizer"                  daemon [_thread_blocked, id=12028, stack(0x0000001721f00000,0x0000001722000000) (1024K)]
  0x000001e24d13f290 JavaThread "Signal Dispatcher"          daemon [_thread_blocked, id=12008, stack(0x0000001722000000,0x0000001722100000) (1024K)]
  0x000001e24d13f900 JavaThread "Attach Listener"            daemon [_thread_blocked, id=6284, stack(0x0000001722100000,0x0000001722200000) (1024K)]
  0x000001e24d1401f0 JavaThread "Service Thread"             daemon [_thread_blocked, id=4052, stack(0x0000001722200000,0x0000001722300000) (1024K)]
  0x000001e24d144c70 JavaThread "Monitor Deflation Thread"   daemon [_thread_blocked, id=9428, stack(0x0000001722300000,0x0000001722400000) (1024K)]
  0x000001e24d148b10 JavaThread "C2 CompilerThread0"         daemon [_thread_in_native, id=9644, stack(0x0000001722400000,0x0000001722500000) (1024K)]
  0x000001e24d14b1e0 JavaThread "C1 CompilerThread0"         daemon [_thread_blocked, id=5636, stack(0x0000001722500000,0x0000001722600000) (1024K)]
  0x000001e24d2905c0 JavaThread "Notification Thread"        daemon [_thread_blocked, id=11592, stack(0x0000001722600000,0x0000001722700000) (1024K)]
  0x000001e24d299f30 JavaThread "Common-Cleaner"             daemon [_thread_blocked, id=6688, stack(0x0000001722700000,0x0000001722800000) (1024K)]
=>0x000001e24d2ba730 JavaThread "C2 CompilerThread1"         daemon [_thread_in_native, id=12396, stack(0x0000001722b00000,0x0000001722c00000) (1024K)]
Total: 12

Other Threads:
  0x000001e24d121ff0 VMThread "VM Thread"                           [id=5424, stack(0x0000001721d00000,0x0000001721e00000) (1024K)]
  0x000001e24d108380 WatcherThread "VM Periodic Task Thread"        [id=6712, stack(0x0000001721c00000,0x0000001721d00000) (1024K)]
  0x000001e231867e00 WorkerThread "GC Thread#0"                     [id=11724, stack(0x0000001721700000,0x0000001721800000) (1024K)]
  0x000001e24de92e00 WorkerThread "GC Thread#1"                     [id=1412, stack(0x0000001722800000,0x0000001722900000) (1024K)]
  0x000001e24dd08a80 WorkerThread "GC Thread#2"                     [id=1008, stack(0x0000001722900000,0x0000001722a00000) (1024K)]
  0x000001e24d9a3d10 WorkerThread "GC Thread#3"                     [id=7448, stack(0x0000001722a00000,0x0000001722b00000) (1024K)]
  0x000001e231877920 ConcurrentGCThread "G1 Main Marker"            [id=8600, stack(0x0000001721800000,0x0000001721900000) (1024K)]
  0x000001e231878ae0 WorkerThread "G1 Conc#0"                       [id=9632, stack(0x0000001721900000,0x0000001721a00000) (1024K)]
  0x000001e2318e8800 ConcurrentGCThread "G1 Refine#0"               [id=8340, stack(0x0000001721a00000,0x0000001721b00000) (1024K)]
  0x000001e2318ebec0 ConcurrentGCThread "G1 Service"                [id=10980, stack(0x0000001721b00000,0x0000001721c00000) (1024K)]
Total: 10

Threads with active compile tasks:
C2 CompilerThread0  6652 4320   !   4       jdk.internal.loader.BuiltinClassLoader::loadClassOrNull (143 bytes)
C2 CompilerThread1  6652 4321       4       jdk.internal.loader.BuiltinClassLoader::findLoadedModule (33 bytes)
Total: 2

VM state: not at safepoint (normal execution)

VM Mutex/Monitor currently owned by a thread: None

Heap address: 0x00000000a2600000, size: 1498 MB, Compressed Oops mode: 32-bit

CDS archive(s) mapped at: [0x000001e24e000000-0x000001e24ed70000-0x000001e24ed70000), size 14090240, SharedBaseAddress: 0x000001e24e000000, ArchiveRelocationMode: 1.
Compressed class space mapped at: 0x000001e24f000000-0x000001e28f000000, reserved size: 1073741824
Narrow klass base: 0x000001e24e000000, Narrow klass shift: 0, Narrow klass range: 0x41000000

GC Precious Log:
 CardTable entry size: 512
 Card Set container configuration: InlinePtr #cards 5 size 8 Array Of Cards #cards 10 size 36 Howl #buckets 4 coarsen threshold 1843 Howl Bitmap #cards 512 size 80 coarsen threshold 460 Card regions per heap region 1 cards per card region 2048
 CPUs: 4 total, 4 available
 Memory: 5985M
 Large Page Support: Disabled
 NUMA Support: Disabled
 Compressed Oops: Enabled (32-bit)
 Heap Region Size: 1M
 Heap Min Capacity: 8M
 Heap Initial Capacity: 94M
 Heap Max Capacity: 1498M
 Pre-touch: Disabled
 Parallel Workers: 4
 Concurrent Workers: 1
 Concurrent Refinement Workers: 4
 Periodic GC: Disabled

Heap:
 garbage-first heap   total reserved 1533952K, committed 65536K, used 18812K [0x00000000a2600000, 0x0000000100000000)
  region size 1024K, 8 young (8192K), 7 survivors (7168K)
 Metaspace       used 21862K, committed 22144K, reserved 1114112K
  class space    used 2721K, committed 2816K, reserved 1048576K

Heap Regions: E=young(eden), S=young(survivor), O=old, HS=humongous(starts), HC=humongous(continues), CS=collection set, F=free, TAMS=top-at-mark-start, PB=parsable bottom
|   0|0x00000000a2600000, 0x00000000a2700000, 0x00000000a2700000|100%| O|  |TAMS 0x00000000a2600000| PB 0x00000000a2600000| Untracked |  0
|   1|0x00000000a2700000, 0x00000000a2800000, 0x00000000a2800000|100%| O|  |TAMS 0x00000000a2700000| PB 0x00000000a2700000| Untracked |  0
|   2|0x00000000a2800000, 0x00000000a2900000, 0x00000000a2900000|100%| O|Cm|TAMS 0x00000000a2800000| PB 0x00000000a2800000| Complete |  0
|   3|0x00000000a2900000, 0x00000000a2a00000, 0x00000000a2a00000|100%| O|  |TAMS 0x00000000a2900000| PB 0x00000000a2900000| Untracked |  0
|   4|0x00000000a2a00000, 0x00000000a2b00000, 0x00000000a2b00000|100%|HS|  |TAMS 0x00000000a2a00000| PB 0x00000000a2a00000| Complete |  0
|   5|0x00000000a2b00000, 0x00000000a2c00000, 0x00000000a2c00000|100%|HC|  |TAMS 0x00000000a2b00000| PB 0x00000000a2b00000| Complete |  0
|   6|0x00000000a2c00000, 0x00000000a2d00000, 0x00000000a2d00000|100%|HS|  |TAMS 0x00000000a2c00000| PB 0x00000000a2c00000| Complete |  0
|   7|0x00000000a2d00000, 0x00000000a2e00000, 0x00000000a2e00000|100%|HC|  |TAMS 0x00000000a2d00000| PB 0x00000000a2d00000| Complete |  0
|   8|0x00000000a2e00000, 0x00000000a2f00000, 0x00000000a2f00000|100%| O|  |TAMS 0x00000000a2e00000| PB 0x00000000a2e00000| Untracked |  0
|   9|0x00000000a2f00000, 0x00000000a3000000, 0x00000000a3000000|100%| O|  |TAMS 0x00000000a2f00000| PB 0x00000000a2f00000| Untracked |  0
|  10|0x00000000a3000000, 0x00000000a3100000, 0x00000000a3100000|100%| O|  |TAMS 0x00000000a3000000| PB 0x00000000a3000000| Untracked |  0
|  11|0x00000000a3100000, 0x00000000a315f140, 0x00000000a3200000| 37%| O|  |TAMS 0x00000000a3100000| PB 0x00000000a3100000| Untracked |  0
|  12|0x00000000a3200000, 0x00000000a3200000, 0x00000000a3300000|  0%| F|  |TAMS 0x00000000a3200000| PB 0x00000000a3200000| Untracked |  0
|  13|0x00000000a3300000, 0x00000000a3300000, 0x00000000a3400000|  0%| F|  |TAMS 0x00000000a3300000| PB 0x00000000a3300000| Untracked |  0
|  14|0x00000000a3400000, 0x00000000a3400000, 0x00000000a3500000|  0%| F|  |TAMS 0x00000000a3400000| PB 0x00000000a3400000| Untracked |  0
|  15|0x00000000a3500000, 0x00000000a3500000, 0x00000000a3600000|  0%| F|  |TAMS 0x00000000a3500000| PB 0x00000000a3500000| Untracked |  0
|  16|0x00000000a3600000, 0x00000000a3600000, 0x00000000a3700000|  0%| F|  |TAMS 0x00000000a3600000| PB 0x00000000a3600000| Untracked |  0
|  17|0x00000000a3700000, 0x00000000a3700000, 0x00000000a3800000|  0%| F|  |TAMS 0x00000000a3700000| PB 0x00000000a3700000| Untracked |  0
|  18|0x00000000a3800000, 0x00000000a3800000, 0x00000000a3900000|  0%| F|  |TAMS 0x00000000a3800000| PB 0x00000000a3800000| Untracked |  0
|  19|0x00000000a3900000, 0x00000000a3900000, 0x00000000a3a00000|  0%| F|  |TAMS 0x00000000a3900000| PB 0x00000000a3900000| Untracked |  0
|  20|0x00000000a3a00000, 0x00000000a3a00000, 0x00000000a3b00000|  0%| F|  |TAMS 0x00000000a3a00000| PB 0x00000000a3a00000| Untracked |  0
|  21|0x00000000a3b00000, 0x00000000a3b00000, 0x00000000a3c00000|  0%| F|  |TAMS 0x00000000a3b00000| PB 0x00000000a3b00000| Untracked |  0
|  22|0x00000000a3c00000, 0x00000000a3c00000, 0x00000000a3d00000|  0%| F|  |TAMS 0x00000000a3c00000| PB 0x00000000a3c00000| Untracked |  0
|  23|0x00000000a3d00000, 0x00000000a3d00000, 0x00000000a3e00000|  0%| F|  |TAMS 0x00000000a3d00000| PB 0x00000000a3d00000| Untracked |  0
|  24|0x00000000a3e00000, 0x00000000a3e00000, 0x00000000a3f00000|  0%| F|  |TAMS 0x00000000a3e00000| PB 0x00000000a3e00000| Untracked |  0
|  25|0x00000000a3f00000, 0x00000000a3f00000, 0x00000000a4000000|  0%| F|  |TAMS 0x00000000a3f00000| PB 0x00000000a3f00000| Untracked |  0
|  26|0x00000000a4000000, 0x00000000a4000000, 0x00000000a4100000|  0%| F|  |TAMS 0x00000000a4000000| PB 0x00000000a4000000| Untracked |  0
|  27|0x00000000a4100000, 0x00000000a4100000, 0x00000000a4200000|  0%| F|  |TAMS 0x00000000a4100000| PB 0x00000000a4100000| Untracked |  0
|  28|0x00000000a4200000, 0x00000000a4200000, 0x00000000a4300000|  0%| F|  |TAMS 0x00000000a4200000| PB 0x00000000a4200000| Untracked |  0
|  29|0x00000000a4300000, 0x00000000a4300000, 0x00000000a4400000|  0%| F|  |TAMS 0x00000000a4300000| PB 0x00000000a4300000| Untracked |  0
|  30|0x00000000a4400000, 0x00000000a4400000, 0x00000000a4500000|  0%| F|  |TAMS 0x00000000a4400000| PB 0x00000000a4400000| Untracked |  0
|  31|0x00000000a4500000, 0x00000000a4500000, 0x00000000a4600000|  0%| F|  |TAMS 0x00000000a4500000| PB 0x00000000a4500000| Untracked |  0
|  32|0x00000000a4600000, 0x00000000a4600000, 0x00000000a4700000|  0%| F|  |TAMS 0x00000000a4600000| PB 0x00000000a4600000| Untracked |  0
|  33|0x00000000a4700000, 0x00000000a4700000, 0x00000000a4800000|  0%| F|  |TAMS 0x00000000a4700000| PB 0x00000000a4700000| Untracked |  0
|  34|0x00000000a4800000, 0x00000000a4800000, 0x00000000a4900000|  0%| F|  |TAMS 0x00000000a4800000| PB 0x00000000a4800000| Untracked |  0
|  35|0x00000000a4900000, 0x00000000a4900000, 0x00000000a4a00000|  0%| F|  |TAMS 0x00000000a4900000| PB 0x00000000a4900000| Untracked |  0
|  36|0x00000000a4a00000, 0x00000000a4a00000, 0x00000000a4b00000|  0%| F|  |TAMS 0x00000000a4a00000| PB 0x00000000a4a00000| Untracked |  0
|  37|0x00000000a4b00000, 0x00000000a4b00000, 0x00000000a4c00000|  0%| F|  |TAMS 0x00000000a4b00000| PB 0x00000000a4b00000| Untracked |  0
|  38|0x00000000a4c00000, 0x00000000a4c00000, 0x00000000a4d00000|  0%| F|  |TAMS 0x00000000a4c00000| PB 0x00000000a4c00000| Untracked |  0
|  39|0x00000000a4d00000, 0x00000000a4d00000, 0x00000000a4e00000|  0%| F|  |TAMS 0x00000000a4d00000| PB 0x00000000a4d00000| Untracked |  0
|  40|0x00000000a4e00000, 0x00000000a4e00000, 0x00000000a4f00000|  0%| F|  |TAMS 0x00000000a4e00000| PB 0x00000000a4e00000| Untracked |  0
|  41|0x00000000a4f00000, 0x00000000a4f00000, 0x00000000a5000000|  0%| F|  |TAMS 0x00000000a4f00000| PB 0x00000000a4f00000| Untracked |  0
|  42|0x00000000a5000000, 0x00000000a5000000, 0x00000000a5100000|  0%| F|  |TAMS 0x00000000a5000000| PB 0x00000000a5000000| Untracked |  0
|  43|0x00000000a5100000, 0x00000000a5100000, 0x00000000a5200000|  0%| F|  |TAMS 0x00000000a5100000| PB 0x00000000a5100000| Untracked |  0
|  44|0x00000000a5200000, 0x00000000a5200000, 0x00000000a5300000|  0%| F|  |TAMS 0x00000000a5200000| PB 0x00000000a5200000| Untracked |  0
|  45|0x00000000a5300000, 0x00000000a5300000, 0x00000000a5400000|  0%| F|  |TAMS 0x00000000a5300000| PB 0x00000000a5300000| Untracked |  0
|  46|0x00000000a5400000, 0x00000000a5400000, 0x00000000a5500000|  0%| F|  |TAMS 0x00000000a5400000| PB 0x00000000a5400000| Untracked |  0
|  47|0x00000000a5500000, 0x00000000a5500000, 0x00000000a5600000|  0%| F|  |TAMS 0x00000000a5500000| PB 0x00000000a5500000| Untracked |  0
|  48|0x00000000a5600000, 0x00000000a5600000, 0x00000000a5700000|  0%| F|  |TAMS 0x00000000a5600000| PB 0x00000000a5600000| Untracked |  0
|  49|0x00000000a5700000, 0x00000000a5700000, 0x00000000a5800000|  0%| F|  |TAMS 0x00000000a5700000| PB 0x00000000a5700000| Untracked |  0
|  50|0x00000000a5800000, 0x00000000a5800000, 0x00000000a5900000|  0%| F|  |TAMS 0x00000000a5800000| PB 0x00000000a5800000| Untracked |  0
|  51|0x00000000a5900000, 0x00000000a5900000, 0x00000000a5a00000|  0%| F|  |TAMS 0x00000000a5900000| PB 0x00000000a5900000| Untracked |  0
|  52|0x00000000a5a00000, 0x00000000a5a00000, 0x00000000a5b00000|  0%| F|  |TAMS 0x00000000a5a00000| PB 0x00000000a5a00000| Untracked |  0
|  53|0x00000000a5b00000, 0x00000000a5b00000, 0x00000000a5c00000|  0%| F|  |TAMS 0x00000000a5b00000| PB 0x00000000a5b00000| Untracked |  0
|  54|0x00000000a5c00000, 0x00000000a5c00000, 0x00000000a5d00000|  0%| F|  |TAMS 0x00000000a5c00000| PB 0x00000000a5c00000| Untracked |  0
|  55|0x00000000a5d00000, 0x00000000a5d00000, 0x00000000a5e00000|  0%| F|  |TAMS 0x00000000a5d00000| PB 0x00000000a5d00000| Untracked |  0
|  60|0x00000000a6200000, 0x00000000a6300000, 0x00000000a6300000|100%| S|CS|TAMS 0x00000000a6200000| PB 0x00000000a6200000| Complete |  0
|  61|0x00000000a6300000, 0x00000000a6400000, 0x00000000a6400000|100%| S|CS|TAMS 0x00000000a6300000| PB 0x00000000a6300000| Complete |  0
|  62|0x00000000a6400000, 0x00000000a6500000, 0x00000000a6500000|100%| S|CS|TAMS 0x00000000a6400000| PB 0x00000000a6400000| Complete |  0
|  63|0x00000000a6500000, 0x00000000a6600000, 0x00000000a6600000|100%| S|CS|TAMS 0x00000000a6500000| PB 0x00000000a6500000| Complete |  0
|  64|0x00000000a6600000, 0x00000000a6700000, 0x00000000a6700000|100%| S|CS|TAMS 0x00000000a6600000| PB 0x00000000a6600000| Complete |  0
|  65|0x00000000a6700000, 0x00000000a6800000, 0x00000000a6800000|100%| S|CS|TAMS 0x00000000a6700000| PB 0x00000000a6700000| Complete |  0
|  66|0x00000000a6800000, 0x00000000a6900000, 0x00000000a6900000|100%| S|CS|TAMS 0x00000000a6800000| PB 0x00000000a6800000| Complete |  0
|  93|0x00000000a8300000, 0x00000000a8394930, 0x00000000a8400000| 58%| E|  |TAMS 0x00000000a8300000| PB 0x00000000a8300000| Complete |  0

Card table byte_map: [0x000001e249250000,0x000001e249540000] _byte_map_base: 0x000001e248d3d000

Marking Bits: (CMBitMap*) 0x000001e231868420
 Bits: [0x000001e249540000, 0x000001e24aca8000)

Polling page: 0x000001e22f590000

Metaspace:

Usage:
  Non-class:     18.75 MB used.
      Class:      2.66 MB used.
       Both:     21.42 MB used.

Virtual space:
  Non-class space:       64.00 MB reserved,      18.94 MB ( 30%) committed,  1 nodes.
      Class space:        1.00 GB reserved,       2.81 MB ( <1%) committed,  1 nodes.
             Both:        1.06 GB reserved,      21.75 MB (  2%) committed. 

Chunk freelists:
   Non-Class:  12.55 MB
       Class:  13.17 MB
        Both:  25.72 MB

MaxMetaspaceSize: unlimited
CompressedClassSpaceSize: 1.00 GB
Initial GC threshold: 21.00 MB
Current GC threshold: 35.56 MB
CDS: on
 - commit_granule_bytes: 65536.
 - commit_granule_words: 8192.
 - virtual_space_node_default_size: 8388608.
 - enlarge_chunks_in_place: 1.
 - use_allocation_guard: 0.


Internal statistics:

num_allocs_failed_limit: 3.
num_arena_births: 208.
num_arena_deaths: 0.
num_vsnodes_births: 2.
num_vsnodes_deaths: 0.
num_space_committed: 348.
num_space_uncommitted: 0.
num_chunks_returned_to_freelist: 3.
num_chunks_taken_from_freelist: 956.
num_chunk_merges: 3.
num_chunk_splits: 679.
num_chunks_enlarged: 545.
num_inconsistent_stats: 0.

CodeHeap 'non-profiled nmethods': size=120064Kb used=1514Kb max_used=1514Kb free=118550Kb
 bounds [0x000001e241a20000, 0x000001e241c90000, 0x000001e248f60000]
CodeHeap 'profiled nmethods': size=120000Kb used=6513Kb max_used=6513Kb free=113486Kb
 bounds [0x000001e239f60000, 0x000001e23a5c0000, 0x000001e241490000]
CodeHeap 'non-nmethods': size=5696Kb used=1440Kb max_used=1495Kb free=4255Kb
 bounds [0x000001e241490000, 0x000001e241700000, 0x000001e241a20000]
CodeCache: size=245760Kb, used=9467Kb, max_used=9522Kb, free=236291Kb
 total_blobs=4874, nmethods=4336, adapters=443, full_count=0
Compilation: enabled, stopped_count=0, restarted_count=0

Compilation events (20 events):
Event: 5.139 Thread 0x000001e24d14b1e0 nmethod 4296 0x000001e23a5b0988 code [0x000001e23a5b0ac0, 0x000001e23a5b0e30]
Event: 5.139 Thread 0x000001e24d14b1e0 4297       3       jdk.nio.zipfs.ZipFileSystem::ensureOpen (16 bytes)
Event: 5.140 Thread 0x000001e24d14b1e0 nmethod 4297 0x000001e23a5b0e88 code [0x000001e23a5b0fc0, 0x000001e23a5b11d8]
Event: 5.140 Thread 0x000001e24d14b1e0 4298       3       jdk.nio.zipfs.ZipFileSystem::endRead (15 bytes)
Event: 5.140 Thread 0x000001e24d14b1e0 nmethod 4298 0x000001e23a5b1208 code [0x000001e23a5b1360, 0x000001e23a5b1858]
Event: 5.140 Thread 0x000001e24d2ba730 nmethod 4295 0x000001e241b97188 code [0x000001e241b972a0, 0x000001e241b974c0]
Event: 5.149 Thread 0x000001e24d2ba730 4299       4       jdk.internal.jimage.ImageReader::requireOpen (18 bytes)
Event: 5.149 Thread 0x000001e24d2ba730 nmethod 4299 0x000001e241b97508 code [0x000001e241b97600, 0x000001e241b97698]
Event: 5.176 Thread 0x000001e24d14b1e0 4300       3       java.lang.invoke.Invokers$Holder::invokeExact_MT (32 bytes)
Event: 5.177 Thread 0x000001e24d14b1e0 nmethod 4300 0x000001e23a5b1908 code [0x000001e23a5b1a80, 0x000001e23a5b2338]
Event: 5.177 Thread 0x000001e24d14b1e0 4301       3       java.lang.invoke.LambdaMetafactory::metafactory (71 bytes)
Event: 5.178 Thread 0x000001e24d14b1e0 nmethod 4301 0x000001e23a5b2388 code [0x000001e23a5b2580, 0x000001e23a5b3060]
Event: 5.192 Thread 0x000001e24d14b1e0 4303       3       java.lang.Module::implIsExportedOrOpen (92 bytes)
Event: 5.193 Thread 0x000001e24d14b1e0 nmethod 4303 0x000001e23a5b3088 code [0x000001e23a5b3240, 0x000001e23a5b3910]
Event: 5.193 Thread 0x000001e24d14b1e0 4306       3       java.lang.invoke.LambdaForm::normalizeNames (270 bytes)
Event: 5.200 Thread 0x000001e24d14b1e0 nmethod 4306 0x000001e23a5b3988 code [0x000001e23a5b3bc0, 0x000001e23a5b4d20]
Event: 5.202 Thread 0x000001e24d14b1e0 4319       3       java.lang.invoke.LambdaForm::useCount (61 bytes)
Event: 5.203 Thread 0x000001e24d14b1e0 nmethod 4319 0x000001e23a5b4d88 code [0x000001e23a5b4ec0, 0x000001e23a5b51f8]
Event: 5.215 Thread 0x000001e24d148b10 4320   !   4       jdk.internal.loader.BuiltinClassLoader::loadClassOrNull (143 bytes)
Event: 5.283 Thread 0x000001e24d2ba730 4321       4       jdk.internal.loader.BuiltinClassLoader::findLoadedModule (33 bytes)

GC Heap History (8 events):
Event: 0.712 GC heap before
{Heap before GC invocations=0 (full 0):
 garbage-first heap   total reserved 1533952K, committed 96256K, used 14336K [0x00000000a2600000, 0x0000000100000000)
  region size 1024K, 14 young (14336K), 0 survivors (0K)
 Metaspace       used 4144K, committed 4352K, reserved 1114112K
  class space    used 447K, committed 576K, reserved 1048576K
}
Event: 0.718 GC heap after
{Heap after GC invocations=1 (full 0):
 garbage-first heap   total reserved 1533952K, committed 96256K, used 3168K [0x00000000a2600000, 0x0000000100000000)
  region size 1024K, 2 young (2048K), 2 survivors (2048K)
 Metaspace       used 4144K, committed 4352K, reserved 1114112K
  class space    used 447K, committed 576K, reserved 1048576K
}
Event: 1.039 GC heap before
{Heap before GC invocations=1 (full 0):
 garbage-first heap   total reserved 1533952K, committed 96256K, used 16480K [0x00000000a2600000, 0x0000000100000000)
  region size 1024K, 15 young (15360K), 2 survivors (2048K)
 Metaspace       used 6192K, committed 6400K, reserved 1114112K
  class space    used 763K, committed 896K, reserved 1048576K
}
Event: 1.044 GC heap after
{Heap after GC invocations=2 (full 0):
 garbage-first heap   total reserved 1533952K, committed 96256K, used 4219K [0x00000000a2600000, 0x0000000100000000)
  region size 1024K, 1 young (1024K), 1 survivors (1024K)
 Metaspace       used 6192K, committed 6400K, reserved 1114112K
  class space    used 763K, committed 896K, reserved 1048576K
}
Event: 1.937 GC heap before
{Heap before GC invocations=2 (full 0):
 garbage-first heap   total reserved 1533952K, committed 96256K, used 36987K [0x00000000a2600000, 0x0000000100000000)
  region size 1024K, 34 young (34816K), 1 survivors (1024K)
 Metaspace       used 11426K, committed 11648K, reserved 1114112K
  class space    used 1421K, committed 1536K, reserved 1048576K
}
Event: 1.944 GC heap after
{Heap after GC invocations=3 (full 0):
 garbage-first heap   total reserved 1533952K, committed 96256K, used 6133K [0x00000000a2600000, 0x0000000100000000)
  region size 1024K, 3 young (3072K), 3 survivors (3072K)
 Metaspace       used 11426K, committed 11648K, reserved 1114112K
  class space    used 1421K, committed 1536K, reserved 1048576K
}
Event: 3.351 GC heap before
{Heap before GC invocations=3 (full 0):
 garbage-first heap   total reserved 1533952K, committed 96256K, used 46069K [0x00000000a2600000, 0x0000000100000000)
  region size 1024K, 42 young (43008K), 3 survivors (3072K)
 Metaspace       used 16311K, committed 16576K, reserved 1114112K
  class space    used 2027K, committed 2112K, reserved 1048576K
}
Event: 3.367 GC heap after
{Heap after GC invocations=4 (full 0):
 garbage-first heap   total reserved 1533952K, committed 96256K, used 9521K [0x00000000a2600000, 0x0000000100000000)
  region size 1024K, 6 young (6144K), 6 survivors (6144K)
 Metaspace       used 16311K, committed 16576K, reserved 1114112K
  class space    used 2027K, committed 2112K, reserved 1048576K
}

Dll operation events (8 events):
Event: 0.044 Loaded shared library C:\Program Files\Java\jdk-23\bin\java.dll
Event: 0.088 Loaded shared library C:\Program Files\Java\jdk-23\bin\jsvml.dll
Event: 0.151 Loaded shared library C:\Program Files\Java\jdk-23\bin\net.dll
Event: 0.153 Loaded shared library C:\Program Files\Java\jdk-23\bin\nio.dll
Event: 0.158 Loaded shared library C:\Program Files\Java\jdk-23\bin\zip.dll
Event: 0.307 Loaded shared library C:\Program Files\Java\jdk-23\bin\jimage.dll
Event: 0.309 Loaded shared library C:\Program Files\NetBeans-23\netbeans\java\maven\lib\jansi-native\Windows\x86_64\jansi.dll
Event: 0.325 Loaded shared library C:\Program Files\Java\jdk-23\bin\verify.dll

Deoptimization events (20 events):
Event: 4.969 Thread 0x000001e22f5ef230 DEOPT PACKING pc=0x000001e23a581eb1 sp=0x00000017216fca20
Event: 4.969 Thread 0x000001e22f5ef230 DEOPT UNPACKING pc=0x000001e2414e4b22 sp=0x00000017216fbeb0 mode 0
Event: 4.969 Thread 0x000001e22f5ef230 DEOPT PACKING pc=0x000001e23a581eb1 sp=0x00000017216fca20
Event: 4.969 Thread 0x000001e22f5ef230 DEOPT UNPACKING pc=0x000001e2414e4b22 sp=0x00000017216fbeb0 mode 0
Event: 4.970 Thread 0x000001e22f5ef230 DEOPT PACKING pc=0x000001e23a581eb1 sp=0x00000017216fca20
Event: 4.970 Thread 0x000001e22f5ef230 DEOPT UNPACKING pc=0x000001e2414e4b22 sp=0x00000017216fbeb0 mode 0
Event: 4.970 Thread 0x000001e22f5ef230 DEOPT PACKING pc=0x000001e23a581eb1 sp=0x00000017216fca20
Event: 4.971 Thread 0x000001e22f5ef230 DEOPT UNPACKING pc=0x000001e2414e4b22 sp=0x00000017216fbeb0 mode 0
Event: 4.989 Thread 0x000001e22f5ef230 Uncommon trap: trap_request=0xffffff45 fr.pc=0x000001e241b8f9f8 relative=0x0000000000000238
Event: 4.989 Thread 0x000001e22f5ef230 Uncommon trap: reason=unstable_if action=reinterpret pc=0x000001e241b8f9f8 method=jdk.internal.util.ArraysSupport.hashCode([BIII)I @ 1 c2
Event: 4.989 Thread 0x000001e22f5ef230 DEOPT PACKING pc=0x000001e241b8f9f8 sp=0x00000017216fc8c0
Event: 4.989 Thread 0x000001e22f5ef230 DEOPT UNPACKING pc=0x000001e2414e4402 sp=0x00000017216fc840 mode 2
Event: 5.042 Thread 0x000001e22f5ef230 Uncommon trap: trap_request=0xffffff45 fr.pc=0x000001e241b8d5a0 relative=0x0000000000000100
Event: 5.042 Thread 0x000001e22f5ef230 Uncommon trap: reason=unstable_if action=reinterpret pc=0x000001e241b8d5a0 method=jdk.nio.zipfs.ZipConstants.pkSigAt([BIII)Z @ 5 c2
Event: 5.042 Thread 0x000001e22f5ef230 DEOPT PACKING pc=0x000001e241b8d5a0 sp=0x00000017216fd6d0
Event: 5.042 Thread 0x000001e22f5ef230 DEOPT UNPACKING pc=0x000001e2414e4402 sp=0x00000017216fd678 mode 2
Event: 5.078 Thread 0x000001e22f5ef230 Uncommon trap: trap_request=0xffffff76 fr.pc=0x000001e241b90674 relative=0x00000000000001d4
Event: 5.078 Thread 0x000001e22f5ef230 Uncommon trap: reason=predicate action=maybe_recompile pc=0x000001e241b90674 method=java.util.LinkedHashMap.valuesToArray([Ljava/lang/Object;Z)[Ljava/lang/Object; @ 53 c2
Event: 5.078 Thread 0x000001e22f5ef230 DEOPT PACKING pc=0x000001e241b90674 sp=0x00000017216fd750
Event: 5.078 Thread 0x000001e22f5ef230 DEOPT UNPACKING pc=0x000001e2414e4402 sp=0x00000017216fd700 mode 2

Classes loaded (20 events):
Event: 4.894 Loading class java/nio/file/attribute/AclFileAttributeView
Event: 4.894 Loading class java/nio/file/attribute/FileOwnerAttributeView
Event: 4.894 Loading class java/nio/file/attribute/FileOwnerAttributeView done
Event: 4.894 Loading class java/nio/file/attribute/AclFileAttributeView done
Event: 4.894 Loading class sun/nio/fs/AbstractAclFileAttributeView done
Event: 4.895 Loading class sun/nio/fs/WindowsAclFileAttributeView done
Event: 4.895 Loading class sun/nio/fs/WindowsSecurity
Event: 4.896 Loading class sun/nio/fs/WindowsSecurity done
Event: 4.903 Loading class java/nio/file/attribute/PosixFileAttributeView
Event: 4.904 Loading class java/nio/file/attribute/PosixFileAttributeView done
Event: 5.007 Loading class java/nio/file/ClosedDirectoryStreamException
Event: 5.007 Loading class java/nio/file/ClosedDirectoryStreamException done
Event: 5.007 Loading class java/nio/file/DirectoryIteratorException
Event: 5.008 Loading class java/nio/file/DirectoryIteratorException done
Event: 5.020 Loading class java/util/TreeMap$KeySpliterator
Event: 5.035 Loading class java/util/TreeMap$TreeMapSpliterator
Event: 5.035 Loading class java/util/TreeMap$TreeMapSpliterator done
Event: 5.035 Loading class java/util/TreeMap$KeySpliterator done
Event: 5.127 Loading class java/util/regex/PatternSyntaxException
Event: 5.127 Loading class java/util/regex/PatternSyntaxException done

Classes unloaded (0 events):
No events

Classes redefined (0 events):
No events

Internal exceptions (20 events):
Event: 2.265 Thread 0x000001e22f5ef230 Exception <a 'java/lang/NoSuchMethodError'{0x00000000a7967e40}: 'void java.lang.invoke.DirectMethodHandle$Holder.invokeVirtual(java.lang.Object, java.lang.Object)'> (0x00000000a7967e40) 
thrown [s\open\src\hotspot\share\interpreter\linkResolver.cpp, line 796]
Event: 2.304 Thread 0x000001e22f5ef230 Exception <a 'java/lang/NoSuchMethodError'{0x00000000a79f72c0}: 'java.lang.Object java.lang.invoke.DirectMethodHandle$Holder.invokeStaticInit(java.lang.Object, int, int, int, int)'> (0x00000000a79f72c0) 
thrown [s\open\src\hotspot\share\interpreter\linkResolver.cpp, line 796]
Event: 2.469 Thread 0x000001e22f5ef230 Exception <a 'java/lang/NoSuchMethodError'{0x00000000a748f1f0}: 'void java.lang.invoke.DirectMethodHandle$Holder.invokeSpecial(java.lang.Object, java.lang.Object, java.lang.Object, java.lang.Object, java.lang.Object)'> (0x00000000a748f1f0) 
thrown [s\open\src\hotspot\share\interpreter\linkResolver.cpp, line 796]
Event: 2.472 Thread 0x000001e22f5ef230 Exception <a 'java/lang/NoSuchMethodError'{0x00000000a74a9688}: 'java.lang.Object java.lang.invoke.DirectMethodHandle$Holder.invokeVirtual(java.lang.Object, java.lang.Object, java.lang.Object)'> (0x00000000a74a9688) 
thrown [s\open\src\hotspot\share\interpreter\linkResolver.cpp, line 796]
Event: 2.475 Thread 0x000001e22f5ef230 Exception <a 'java/lang/NoSuchMethodError'{0x00000000a74b6af0}: 'void java.lang.invoke.DirectMethodHandle$Holder.invokeSpecial(java.lang.Object, java.lang.Object, java.lang.Object, java.lang.Object, java.lang.Object, java.lang.Object)'> (0x00000000a74b6af0) 
thrown [s\open\src\hotspot\share\interpreter\linkResolver.cpp, line 796]
Event: 2.527 Thread 0x000001e22f5ef230 Exception <a 'java/lang/NoSuchMethodError'{0x00000000a7252760}: 'void java.lang.invoke.DirectMethodHandle$Holder.invokeVirtual(java.lang.Object, java.lang.Object, int)'> (0x00000000a7252760) 
thrown [s\open\src\hotspot\share\interpreter\linkResolver.cpp, line 796]
Event: 2.528 Thread 0x000001e22f5ef230 Exception <a 'java/lang/NoSuchMethodError'{0x00000000a7256578}: 'void java.lang.invoke.DirectMethodHandle$Holder.invokeSpecial(java.lang.Object, java.lang.Object, java.lang.Object, int)'> (0x00000000a7256578) 
thrown [s\open\src\hotspot\share\interpreter\linkResolver.cpp, line 796]
Event: 2.528 Thread 0x000001e22f5ef230 Exception <a 'java/lang/NoSuchMethodError'{0x00000000a7259c60}: 'void java.lang.invoke.DelegatingMethodHandle$Holder.reinvoke_L(java.lang.Object, java.lang.Object, int)'> (0x00000000a7259c60) 
thrown [s\open\src\hotspot\share\interpreter\linkResolver.cpp, line 796]
Event: 2.857 Thread 0x000001e22f5ef230 Implicit null exception at 0x000001e241abf86f to 0x000001e241abfa68
Event: 2.858 Thread 0x000001e22f5ef230 Implicit null exception at 0x000001e241ac026f to 0x000001e241ac0464
Event: 2.977 Thread 0x000001e22f5ef230 Exception <a 'java/lang/NoSuchMethodError'{0x00000000a6747e50}: 'java.lang.Object java.lang.invoke.DirectMethodHandle$Holder.newInvokeSpecial(java.lang.Object, java.lang.Object, java.lang.Object, java.lang.Object, java.lang.Object, java.lang.Object, java.lang.Object)'> (0x00000000a6747e50) 
thrown [s\open\src\hotspot\share\interpreter\linkResolver.cpp, line 796]
Event: 3.326 Thread 0x000001e22f5ef230 Exception <a 'java/lang/NoSuchMethodError'{0x00000000a5a1b648}: 'int java.lang.invoke.DirectMethodHandle$Holder.invokeVirtual(java.lang.Object, java.lang.Object)'> (0x00000000a5a1b648) 
thrown [s\open\src\hotspot\share\interpreter\linkResolver.cpp, line 796]
Event: 3.347 Thread 0x000001e22f5ef230 Implicit null exception at 0x000001e241b22380 to 0x000001e241b22c30
Event: 3.379 Thread 0x000001e22f5ef230 Exception <a 'java/lang/NoSuchMethodError'{0x00000000a833f478}: 'void java.lang.invoke.Invokers$Holder.invokeExact_MT(java.lang.Object, java.lang.Object, int, java.lang.Object)'> (0x00000000a833f478) 
thrown [s\open\src\hotspot\share\interpreter\linkResolver.cpp, line 796]
Event: 4.210 Thread 0x000001e22f5ef230 Exception <a 'java/lang/IncompatibleClassChangeError'{0x00000000a75e9bf0}: Found class java.lang.Object, but interface was expected> (0x00000000a75e9bf0) 
thrown [s\open\src\hotspot\share\interpreter\linkResolver.cpp, line 863]
Event: 4.221 Thread 0x000001e22f5ef230 Exception <a 'java/lang/NoSuchMethodError'{0x00000000a75eeef8}: 'void java.lang.invoke.DirectMethodHandle$Holder.invokeInterface(java.lang.Object, java.lang.Object, java.lang.Object)'> (0x00000000a75eeef8) 
thrown [s\open\src\hotspot\share\interpreter\linkResolver.cpp, line 796]
Event: 4.715 Thread 0x000001e22f5ef230 Exception <a 'java/lang/NoSuchMethodError'{0x00000000a731e630}: 'int java.lang.invoke.DirectMethodHandle$Holder.invokeInterface(java.lang.Object, java.lang.Object)'> (0x00000000a731e630) 
thrown [s\open\src\hotspot\share\interpreter\linkResolver.cpp, line 796]
Event: 4.798 Thread 0x000001e22f5ef230 Exception <a 'java/lang/NoSuchMethodError'{0x00000000a7395718}: 'int java.lang.invoke.DirectMethodHandle$Holder.invokeVirtual(java.lang.Object, java.lang.Object, java.lang.Object)'> (0x00000000a7395718) 
thrown [s\open\src\hotspot\share\interpreter\linkResolver.cpp, line 796]
Event: 4.820 Thread 0x000001e22f5ef230 Exception <a 'java/lang/NoSuchMethodError'{0x00000000a73a2790}: 'int java.lang.invoke.DirectMethodHandle$Holder.invokeStaticInit(java.lang.Object, java.lang.Object, java.lang.Object)'> (0x00000000a73a2790) 
thrown [s\open\src\hotspot\share\interpreter\linkResolver.cpp, line 796]
Event: 5.191 Thread 0x000001e22f5ef230 Exception <a 'sun/nio/fs/WindowsException'{0x00000000a6ae7768}> (0x00000000a6ae7768) 
thrown [s\open\src\hotspot\share\prims\jni.cpp, line 520]

VM Operations (20 events):
Event: 2.371 Executing VM operation: HandshakeAllThreads (Deoptimize)
Event: 2.371 Executing VM operation: HandshakeAllThreads (Deoptimize) done
Event: 2.423 Executing VM operation: HandshakeAllThreads (Deoptimize)
Event: 2.423 Executing VM operation: HandshakeAllThreads (Deoptimize) done
Event: 2.424 Executing VM operation: HandshakeAllThreads (Deoptimize)
Event: 2.424 Executing VM operation: HandshakeAllThreads (Deoptimize) done
Event: 3.351 Executing VM operation: G1CollectForAllocation (G1 Evacuation Pause)
Event: 3.367 Executing VM operation: G1CollectForAllocation (G1 Evacuation Pause) done
Event: 3.378 Executing VM operation: HandshakeAllThreads (Deoptimize)
Event: 3.378 Executing VM operation: HandshakeAllThreads (Deoptimize) done
Event: 4.479 Executing VM operation: HandshakeAllThreads (Deoptimize)
Event: 4.479 Executing VM operation: HandshakeAllThreads (Deoptimize) done
Event: 4.713 Executing VM operation: HandshakeAllThreads (Deoptimize)
Event: 4.713 Executing VM operation: HandshakeAllThreads (Deoptimize) done
Event: 4.867 Executing VM operation: HandshakeAllThreads (Deoptimize)
Event: 4.867 Executing VM operation: HandshakeAllThreads (Deoptimize) done
Event: 4.901 Executing VM operation: HandshakeAllThreads (Deoptimize)
Event: 4.901 Executing VM operation: HandshakeAllThreads (Deoptimize) done
Event: 4.903 Executing VM operation: HandshakeAllThreads (Deoptimize)
Event: 4.903 Executing VM operation: HandshakeAllThreads (Deoptimize) done

Memory protections (0 events):
No events

Nmethod flushes (0 events):
No events

Events (16 events):
Event: 0.064 Thread 0x000001e22f5ef230 Thread added: 0x000001e22f5ef230
Event: 0.084 Thread 0x000001e22f5ef230 Thread added: 0x000001e24d13ae70
Event: 0.084 Thread 0x000001e22f5ef230 Thread added: 0x000001e24d13b9a0
Event: 0.084 Thread 0x000001e22f5ef230 Thread added: 0x000001e24d13f290
Event: 0.085 Thread 0x000001e22f5ef230 Thread added: 0x000001e24d13f900
Event: 0.085 Thread 0x000001e22f5ef230 Thread added: 0x000001e24d1401f0
Event: 0.085 Thread 0x000001e22f5ef230 Thread added: 0x000001e24d144c70
Event: 0.085 Thread 0x000001e22f5ef230 Thread added: 0x000001e24d148b10
Event: 0.085 Thread 0x000001e22f5ef230 Thread added: 0x000001e24d14b1e0
Event: 0.111 Thread 0x000001e22f5ef230 Thread added: 0x000001e24d2905c0
Event: 0.147 Thread 0x000001e22f5ef230 Thread added: 0x000001e24d299f30
Event: 0.305 Thread 0x000001e22f5ef230 Thread added: 0x000001e24d5b8850
Event: 0.315 Thread 0x000001e24d5b8850 Thread exited: 0x000001e24d5b8850
Event: 0.881 Thread 0x000001e24d148b10 Thread added: 0x000001e24dee0080
Event: 4.009 Thread 0x000001e24dee0080 Thread exited: 0x000001e24dee0080
Event: 4.965 Thread 0x000001e24d148b10 Thread added: 0x000001e24d2ba730


Dynamic libraries:
0x00007ff69e690000 - 0x00007ff69e6a0000 	C:\Program Files\Java\jdk-23\bin\java.exe
0x00007ffbcfff0000 - 0x00007ffbd01e8000 	C:\WINDOWS\SYSTEM32\ntdll.dll
0x00007ffbcfbd0000 - 0x00007ffbcfc92000 	C:\WINDOWS\System32\KERNEL32.DLL
0x00007ffbcdc50000 - 0x00007ffbcdf4e000 	C:\WINDOWS\System32\KERNELBASE.dll
0x00007ffbcdae0000 - 0x00007ffbcdbe0000 	C:\WINDOWS\System32\ucrtbase.dll
0x00007ffba7fc0000 - 0x00007ffba7fdb000 	C:\Program Files\Java\jdk-23\bin\VCRUNTIME140.dll
0x00007ffbbafe0000 - 0x00007ffbbaff7000 	C:\Program Files\Java\jdk-23\bin\jli.dll
0x00007ffbcfde0000 - 0x00007ffbcff7d000 	C:\WINDOWS\System32\USER32.dll
0x00007ffbcd6f0000 - 0x00007ffbcd712000 	C:\WINDOWS\System32\win32u.dll
0x00007ffbcff80000 - 0x00007ffbcffab000 	C:\WINDOWS\System32\GDI32.dll
0x00007ffbcdf50000 - 0x00007ffbce067000 	C:\WINDOWS\System32\gdi32full.dll
0x00007ffbcd9c0000 - 0x00007ffbcda5d000 	C:\WINDOWS\System32\msvcp_win.dll
0x00007ffbbd780000 - 0x00007ffbbda1a000 	C:\WINDOWS\WinSxS\amd64_microsoft.windows.common-controls_6595b64144ccf1df_6.0.19041.4355_none_60b8b9eb71f62e16\COMCTL32.dll
0x00007ffbcfd40000 - 0x00007ffbcfdde000 	C:\WINDOWS\System32\msvcrt.dll
0x00007ffbce5b0000 - 0x00007ffbce5df000 	C:\WINDOWS\System32\IMM32.DLL
0x00007ffbc9a90000 - 0x00007ffbc9a9c000 	C:\Program Files\Java\jdk-23\bin\vcruntime140_1.dll
0x00007ffb82160000 - 0x00007ffb821ee000 	C:\Program Files\Java\jdk-23\bin\msvcp140.dll
0x00007ffb5f470000 - 0x00007ffb601bf000 	C:\Program Files\Java\jdk-23\bin\server\jvm.dll
0x00007ffbce910000 - 0x00007ffbce9c1000 	C:\WINDOWS\System32\ADVAPI32.dll
0x00007ffbcfac0000 - 0x00007ffbcfb5f000 	C:\WINDOWS\System32\sechost.dll
0x00007ffbcf220000 - 0x00007ffbcf343000 	C:\WINDOWS\System32\RPCRT4.dll
0x00007ffbcdab0000 - 0x00007ffbcdad7000 	C:\WINDOWS\System32\bcrypt.dll
0x00007ffbcfb60000 - 0x00007ffbcfbcb000 	C:\WINDOWS\System32\WS2_32.dll
0x00007ffbbcc30000 - 0x00007ffbbcc3a000 	C:\WINDOWS\SYSTEM32\VERSION.dll
0x00007ffbcd5d0000 - 0x00007ffbcd61b000 	C:\WINDOWS\SYSTEM32\POWRPROF.dll
0x00007ffbb8880000 - 0x00007ffbb88a7000 	C:\WINDOWS\SYSTEM32\WINMM.dll
0x00007ffbcd5b0000 - 0x00007ffbcd5c2000 	C:\WINDOWS\SYSTEM32\UMPDC.dll
0x00007ffbcbf60000 - 0x00007ffbcbf72000 	C:\WINDOWS\SYSTEM32\kernel.appcore.dll
0x00007ffbc9090000 - 0x00007ffbc909a000 	C:\Program Files\Java\jdk-23\bin\jimage.dll
0x00007ffbcbc90000 - 0x00007ffbcbe74000 	C:\WINDOWS\SYSTEM32\DBGHELP.DLL
0x00007ffbb5040000 - 0x00007ffbb5074000 	C:\WINDOWS\SYSTEM32\dbgcore.DLL
0x00007ffbcd930000 - 0x00007ffbcd9b2000 	C:\WINDOWS\System32\bcryptPrimitives.dll
0x00007ffba5e90000 - 0x00007ffba5eae000 	C:\Program Files\Java\jdk-23\bin\java.dll
0x00007ffbce7e0000 - 0x00007ffbce90b000 	C:\WINDOWS\System32\ole32.dll
0x00007ffbce070000 - 0x00007ffbce3c3000 	C:\WINDOWS\System32\combase.dll
0x00007ffbcf350000 - 0x00007ffbcfabd000 	C:\WINDOWS\System32\SHELL32.dll
0x00007ffbcb350000 - 0x00007ffbcbaf4000 	C:\WINDOWS\SYSTEM32\windows.storage.dll
0x00007ffbcd050000 - 0x00007ffbcd07e000 	C:\WINDOWS\SYSTEM32\Wldp.dll
0x00007ffbce3d0000 - 0x00007ffbce49d000 	C:\WINDOWS\System32\OLEAUT32.dll
0x00007ffbce4a0000 - 0x00007ffbce54d000 	C:\WINDOWS\System32\SHCORE.dll
0x00007ffbce550000 - 0x00007ffbce5a5000 	C:\WINDOWS\System32\shlwapi.dll
0x00007ffbcd620000 - 0x00007ffbcd644000 	C:\WINDOWS\SYSTEM32\profapi.dll
0x00007ffb7d4b0000 - 0x00007ffb7d587000 	C:\Program Files\Java\jdk-23\bin\jsvml.dll
0x00007ffba8360000 - 0x00007ffba8370000 	C:\Program Files\Java\jdk-23\bin\net.dll
0x00007ffbccdb0000 - 0x00007ffbcce1a000 	C:\WINDOWS\system32\mswsock.dll
0x00007ffba4b20000 - 0x00007ffba4b36000 	C:\Program Files\Java\jdk-23\bin\nio.dll
0x00007ffba0a10000 - 0x00007ffba0a27000 	C:\Program Files\Java\jdk-23\bin\zip.dll
0x00007ffbab780000 - 0x00007ffbab7a4000 	C:\Program Files\NetBeans-23\netbeans\java\maven\lib\jansi-native\Windows\x86_64\jansi.dll
0x00007ffba82c0000 - 0x00007ffba82d0000 	C:\Program Files\Java\jdk-23\bin\verify.dll

dbghelp: loaded successfully - version: 4.0.5 - missing functions: none
symbol engine: initialized successfully - sym options: 0x614 - pdb path: .;C:\Program Files\Java\jdk-23\bin;C:\WINDOWS\SYSTEM32;C:\WINDOWS\WinSxS\amd64_microsoft.windows.common-controls_6595b64144ccf1df_6.0.19041.4355_none_60b8b9eb71f62e16;C:\Program Files\Java\jdk-23\bin\server;C:\Program Files\NetBeans-23\netbeans\java\maven\lib\jansi-native\Windows\x86_64

VM Arguments:
jvm_args: -Dclassworlds.conf=C:\Program Files\NetBeans-23\netbeans\java\maven\bin\m2.conf -Dmaven.home=C:\Program Files\NetBeans-23\netbeans\java\maven -Dlibrary.jansi.path=C:\Program Files\NetBeans-23\netbeans\java\maven\lib\jansi-native -Dmaven.multiModuleProjectDirectory=C:\Users\maico\OneDrive\Escritorio\PROYECTO FINAL AP\GestionDeProducciones 
java_command: org.codehaus.plexus.classworlds.launcher.Launcher -Dexec.vmArgs= -Dexec.args=${exec.vmArgs} -classpath %classpath ${exec.mainClass} ${exec.appArgs} -Dexec.appArgs= -Dexec.mainClass=fabrica.gestiondeproducciones.GestionDeProducciones -Dexec.executable=C:\Program Files\Java\jdk-23\bin\java.exe -Dmaven.ext.class.path=C:\Program Files\NetBeans-23\netbeans\java\maven-nblib\netbeans-eventspy.jar --no-transfer-progress process-classes org.codehaus.mojo:exec-maven-plugin:3.1.0:exec
java_class_path (initial): C:\Program Files\NetBeans-23\netbeans\java\maven\boot\plexus-classworlds-2.8.0.jar
Launcher Type: SUN_STANDARD

[Global flags]
     intx CICompilerCount                          = 3                                         {product} {ergonomic}
     uint ConcGCThreads                            = 1                                         {product} {ergonomic}
     uint G1ConcRefinementThreads                  = 4                                         {product} {ergonomic}
   size_t G1HeapRegionSize                         = 1048576                                   {product} {ergonomic}
   size_t InitialHeapSize                          = 98566144                                  {product} {ergonomic}
   size_t MarkStackSize                            = 4194304                                   {product} {ergonomic}
   size_t MarkStackSizeMax                         = 536870912                                 {product} {ergonomic}
   size_t MaxHeapSize                              = 1570766848                                {product} {ergonomic}
   size_t MaxNewSize                               = 941621248                                 {product} {ergonomic}
   size_t MinHeapDeltaBytes                        = 1048576                                   {product} {ergonomic}
   size_t MinHeapSize                              = 8388608                                   {product} {ergonomic}
    uintx NonNMethodCodeHeapSize                   = 5832704                                {pd product} {ergonomic}
    uintx NonProfiledCodeHeapSize                  = 122945536                              {pd product} {ergonomic}
    uintx ProfiledCodeHeapSize                     = 122880000                              {pd product} {ergonomic}
    uintx ReservedCodeCacheSize                    = 251658240                              {pd product} {ergonomic}
     bool SegmentedCodeCache                       = true                                      {product} {ergonomic}
   size_t SoftMaxHeapSize                          = 1570766848                             {manageable} {ergonomic}
     bool UseCompressedOops                        = true                           {product lp64_product} {ergonomic}
     bool UseG1GC                                  = true                                      {product} {ergonomic}
     bool UseLargePagesIndividualAllocation        = false                                  {pd product} {ergonomic}

Logging:
Log output configuration:
 #0: stdout all=warning uptime,level,tags foldmultilines=false
 #1: stderr all=off uptime,level,tags foldmultilines=false

Environment Variables:
JAVA_HOME=C:\Program Files\Java\jdk-23
PATH=C:\Program Files\Common Files\Oracle\Java\javapath;C:\Program Files\Eclipse Adoptium\jdk-17.0.7.7-hotspot\bin;C:\WINDOWS\system32;C:\WINDOWS;C:\WINDOWS\System32\Wbem;C:\WINDOWS\System32\WindowsPowerShell\v1.0\;C:\Program Files (x86)\Common Files\lenovo\easyplussdk\bin;C:\WINDOWS\System32\OpenSSH\;C:\Program Files (x86)\Microsoft SQL Server\160\Tools\Binn\;C:\Program Files\Microsoft SQL Server\160\Tools\Binn\;C:\Program Files\Microsoft SQL Server\Client SDK\ODBC\170\Tools\Binn\;C:\Program Files\Microsoft SQL Server\160\DTS\Binn\;C:\Program Files (x86)\Microsoft SQL Server\160\DTS\Binn\;C:\Program Files\Azure Data Studio\bin;C:\Program Files\dotnet\;C:\Program Files\Git\cmd;C:\Program Files\nodejs\;C:\Users\maico\AppData\Local\Microsoft\WindowsApps;;C:\Program Files\Azure Data Studio\bin;C:\Users\maico\.dotnet\tools;C:\Users\maico\AppData\Local\Programs\Microsoft VS Code\bin;C:\Users\maico\AppData\Roaming\npm
USERNAME=maico
OS=Windows_NT
PROCESSOR_IDENTIFIER=Intel64 Family 6 Model 78 Stepping 3, GenuineIntel
TMP=C:\Users\maico\AppData\Local\Temp
TEMP=C:\Users\maico\AppData\Local\Temp




Periodic native trim disabled

---------------  S Y S T E M  ---------------

OS:
 Windows 10 , 64 bit Build 19041 (10.0.19041.5198)
OS uptime: 0 days 21:23 hours

CPU: total 4 (initial active 4) (2 cores per cpu, 2 threads per core) family 6 model 78 stepping 3 microcode 0xcc, cx8, cmov, fxsr, ht, mmx, 3dnowpref, sse, sse2, sse3, ssse3, sse4.1, sse4.2, popcnt, lzcnt, tsc, tscinvbit, avx, avx2, aes, erms, clmul, bmi1, bmi2, adx, fma, vzeroupper, clflush, clflushopt, rdtscp, f16c
Processor Information for the first 4 processors :
  Max Mhz: 2592, Current Mhz: 2492, Mhz Limit: 2488

Memory: 4k page, system-wide physical 5985M (562M free)
TotalPageFile size 5985M (AvailPageFile size 31M)
current process WorkingSet (physical memory assigned to process): 129M, peak: 156M
current process commit charge ("private bytes"): 193M, peak: 227M

vm_info: Java HotSpot(TM) 64-Bit Server VM (23.0.1+11-39) for windows-amd64 JRE (23.0.1+11-39), built on 2024-09-30T07:20:43Z with MS VC++ 17.6 (VS2022)

END.
