#
# There is insufficient memory for the Java Runtime Environment to continue.
# Native memory allocation (malloc) failed to allocate 1123696 bytes. Error detail: Chunk::new
# Possible reasons:
#   The system is out of physical RAM or swap space
#   This process is running with CompressedOops enabled, and the Java Heap may be blocking the growth of the native heap
# Possible solutions:
#   Reduce memory load on the system
#   Increase physical memory or swap space
#   Check if swap backing store is full
#   Decrease Java heap size (-Xmx/-Xms)
#   Decrease number of Java threads
#   Decrease Java thread stack sizes (-Xss)
#   Set larger code cache with -XX:ReservedCodeCacheSize=
#   JVM is running with Unscaled Compressed Oops mode in which the Java heap is
#     placed in the first 4GB address space. The Java Heap base address is the
#     maximum limit for the native heap growth. Please use -XX:HeapBaseMinAddress
#     to set the Java Heap base and to place the Java Heap above 4GB virtual address.
# This output file may be truncated or incomplete.
#
#  Out of Memory Error (arena.cpp:149), pid=14804, tid=14492
#
# JRE version: Java(TM) SE Runtime Environment (23.0.1+11) (build 23.0.1+11-39)
# Java VM: Java HotSpot(TM) 64-Bit Server VM (23.0.1+11-39, mixed mode, sharing, tiered, compressed oops, compressed class ptrs, g1 gc, windows-amd64)
# No core dump will be written. Minidumps are not enabled by default on client versions of Windows
#

---------------  S U M M A R Y ------------

Command Line: -Dclassworlds.conf=C:\Program Files\NetBeans-23\netbeans\java\maven\bin\m2.conf -Dmaven.home=C:\Program Files\NetBeans-23\netbeans\java\maven -Dlibrary.jansi.path=C:\Program Files\NetBeans-23\netbeans\java\maven\lib\jansi-native -Dmaven.multiModuleProjectDirectory=C:\Users\maico\OneDrive\Escritorio\PROYECTO FINAL AP\GestionDeProducciones org.codehaus.plexus.classworlds.launcher.Launcher -Dexec.vmArgs= -Dexec.args=${exec.vmArgs} -classpath %classpath ${exec.mainClass} ${exec.appArgs} -Dexec.appArgs= -Dexec.mainClass=fabrica.gestiondeproducciones.GestionDeProducciones -Dexec.executable=C:\Program Files\Java\jdk-23\bin\java.exe -Dmaven.ext.class.path=C:\Program Files\NetBeans-23\netbeans\java\maven-nblib\netbeans-eventspy.jar --no-transfer-progress process-classes org.codehaus.mojo:exec-maven-plugin:3.1.0:exec

Host: Intel(R) Core(TM) i7-6500U CPU @ 2.50GHz, 4 cores, 5G,  Windows 10 , 64 bit Build 19041 (10.0.19041.5198)
Time: Tue Dec 24 14:09:58 2024 Hora estándar de Montevideo elapsed time: 4.283123 seconds (0d 0h 0m 4s)

---------------  T H R E A D  ---------------

Current thread (0x00000247a8470280):  JavaThread "C2 CompilerThread0" daemon [_thread_in_native, id=14492, stack(0x000000a516b00000,0x000000a516c00000) (1024K)]


Current CompileTask:
C2:4283 4104       4       java.lang.invoke.MethodType::methodType (69 bytes)

Stack: [0x000000a516b00000,0x000000a516c00000]
Native frames: (J=compiled Java code, j=interpreted, Vv=VM code, C=native code)
V  [jvm.dll+0x6e08b9]  (no source info available)
V  [jvm.dll+0x87dc83]  (no source info available)
V  [jvm.dll+0x88010e]  (no source info available)
V  [jvm.dll+0x8807e3]  (no source info available)
V  [jvm.dll+0x27aee6]  (no source info available)
V  [jvm.dll+0xbc06f]  (no source info available)
V  [jvm.dll+0xbc2cb]  (no source info available)
V  [jvm.dll+0x3b3a62]  (no source info available)
V  [jvm.dll+0x1dc19c]  (no source info available)
V  [jvm.dll+0x244be5]  (no source info available)
V  [jvm.dll+0x243dff]  (no source info available)
V  [jvm.dll+0x1c33a0]  (no source info available)
V  [jvm.dll+0x253cf1]  (no source info available)
V  [jvm.dll+0x251faa]  (no source info available)
V  [jvm.dll+0x3ee036]  (no source info available)
V  [jvm.dll+0x824f8b]  (no source info available)
V  [jvm.dll+0x6df065]  (no source info available)
C  [ucrtbase.dll+0x21bb2]  (no source info available)
C  [KERNEL32.DLL+0x17374]  (no source info available)
C  [ntdll.dll+0x4cc91]  (no source info available)

Lock stack of current Java thread (top to bottom):


---------------  P R O C E S S  ---------------

Threads class SMR info:
_java_thread_list=0x00000247a88bbe00, length=12, elements={
0x000002478a891d90, 0x00000247a8458e10, 0x00000247a8459d30, 0x00000247a84600b0,
0x00000247a8460b10, 0x00000247a8461570, 0x00000247a84654d0, 0x00000247a8470280,
0x00000247a8470d30, 0x00000247a85fa400, 0x00000247a86236c0, 0x00000247ee8bc5a0
}

Java Threads: ( => current thread )
  0x000002478a891d90 JavaThread "main"                              [_thread_in_vm, id=14008, stack(0x000000a515d00000,0x000000a515e00000) (1024K)]
  0x00000247a8458e10 JavaThread "Reference Handler"          daemon [_thread_blocked, id=10416, stack(0x000000a516500000,0x000000a516600000) (1024K)]
  0x00000247a8459d30 JavaThread "Finalizer"                  daemon [_thread_blocked, id=9460, stack(0x000000a516600000,0x000000a516700000) (1024K)]
  0x00000247a84600b0 JavaThread "Signal Dispatcher"          daemon [_thread_blocked, id=8704, stack(0x000000a516700000,0x000000a516800000) (1024K)]
  0x00000247a8460b10 JavaThread "Attach Listener"            daemon [_thread_blocked, id=9212, stack(0x000000a516800000,0x000000a516900000) (1024K)]
  0x00000247a8461570 JavaThread "Service Thread"             daemon [_thread_blocked, id=7204, stack(0x000000a516900000,0x000000a516a00000) (1024K)]
  0x00000247a84654d0 JavaThread "Monitor Deflation Thread"   daemon [_thread_blocked, id=13944, stack(0x000000a516a00000,0x000000a516b00000) (1024K)]
=>0x00000247a8470280 JavaThread "C2 CompilerThread0"         daemon [_thread_in_native, id=14492, stack(0x000000a516b00000,0x000000a516c00000) (1024K)]
  0x00000247a8470d30 JavaThread "C1 CompilerThread0"         daemon [_thread_blocked, id=8560, stack(0x000000a516c00000,0x000000a516d00000) (1024K)]
  0x00000247a85fa400 JavaThread "Notification Thread"        daemon [_thread_blocked, id=14252, stack(0x000000a516d00000,0x000000a516e00000) (1024K)]
  0x00000247a86236c0 JavaThread "Common-Cleaner"             daemon [_thread_blocked, id=4024, stack(0x000000a516e00000,0x000000a516f00000) (1024K)]
  0x00000247ee8bc5a0 JavaThread "C2 CompilerThread1"         daemon [_thread_blocked, id=9056, stack(0x000000a517200000,0x000000a517300000) (1024K)]
Total: 12

Other Threads:
  0x00000247a843e920 VMThread "VM Thread"                           [id=9996, stack(0x000000a516400000,0x000000a516500000) (1024K)]
  0x00000247a842ba00 WatcherThread "VM Periodic Task Thread"        [id=10956, stack(0x000000a516300000,0x000000a516400000) (1024K)]
  0x000002478cb88ff0 WorkerThread "GC Thread#0"                     [id=3716, stack(0x000000a515e00000,0x000000a515f00000) (1024K)]
  0x00000247ee70e3f0 WorkerThread "GC Thread#1"                     [id=7584, stack(0x000000a516f00000,0x000000a517000000) (1024K)]
  0x00000247ee6d24e0 WorkerThread "GC Thread#2"                     [id=6660, stack(0x000000a517000000,0x000000a517100000) (1024K)]
  0x00000247ee811940 WorkerThread "GC Thread#3"                     [id=9940, stack(0x000000a517100000,0x000000a517200000) (1024K)]
  0x000002478cb98b10 ConcurrentGCThread "G1 Main Marker"            [id=10548, stack(0x000000a515f00000,0x000000a516000000) (1024K)]
  0x000002478cb99cd0 WorkerThread "G1 Conc#0"                       [id=6216, stack(0x000000a516000000,0x000000a516100000) (1024K)]
  0x000002478cc0a580 ConcurrentGCThread "G1 Refine#0"               [id=1552, stack(0x000000a516100000,0x000000a516200000) (1024K)]
  0x000002478cc0c020 ConcurrentGCThread "G1 Service"                [id=13632, stack(0x000000a516200000,0x000000a516300000) (1024K)]
Total: 10

Threads with active compile tasks:
C2 CompilerThread0  4508 4104       4       java.lang.invoke.MethodType::methodType (69 bytes)
Total: 1

VM state: not at safepoint (normal execution)

VM Mutex/Monitor currently owned by a thread: None

Heap address: 0x00000000a2600000, size: 1498 MB, Compressed Oops mode: 32-bit

CDS archive(s) mapped at: [0x00000247a9000000-0x00000247a9d70000-0x00000247a9d70000), size 14090240, SharedBaseAddress: 0x00000247a9000000, ArchiveRelocationMode: 1.
Compressed class space mapped at: 0x00000247aa000000-0x00000247ea000000, reserved size: 1073741824
Narrow klass base: 0x00000247a9000000, Narrow klass shift: 0, Narrow klass range: 0x41000000

GC Precious Log:
 CardTable entry size: 512
 Card Set container configuration: InlinePtr #cards 5 size 8 Array Of Cards #cards 10 size 36 Howl #buckets 4 coarsen threshold 1843 Howl Bitmap #cards 512 size 80 coarsen threshold 460 Card regions per heap region 1 cards per card region 2048
 CPUs: 4 total, 4 available
 Memory: 5985M
 Large Page Support: Disabled
 NUMA Support: Disabled
 Compressed Oops: Enabled (32-bit)
 Heap Region Size: 1M
 Heap Min Capacity: 8M
 Heap Initial Capacity: 94M
 Heap Max Capacity: 1498M
 Pre-touch: Disabled
 Parallel Workers: 4
 Concurrent Workers: 1
 Concurrent Refinement Workers: 4
 Periodic GC: Disabled

Heap:
 garbage-first heap   total reserved 1533952K, committed 65536K, used 18562K [0x00000000a2600000, 0x0000000100000000)
  region size 1024K, 8 young (8192K), 7 survivors (7168K)
 Metaspace       used 22349K, committed 22592K, reserved 1114112K
  class space    used 2760K, committed 2880K, reserved 1048576K

Heap Regions: E=young(eden), S=young(survivor), O=old, HS=humongous(starts), HC=humongous(continues), CS=collection set, F=free, TAMS=top-at-mark-start, PB=parsable bottom
|   0|0x00000000a2600000, 0x00000000a2700000, 0x00000000a2700000|100%| O|  |TAMS 0x00000000a2600000| PB 0x00000000a2600000| Untracked |  0
|   1|0x00000000a2700000, 0x00000000a2800000, 0x00000000a2800000|100%| O|  |TAMS 0x00000000a2700000| PB 0x00000000a2700000| Untracked |  0
|   2|0x00000000a2800000, 0x00000000a2900000, 0x00000000a2900000|100%| O|  |TAMS 0x00000000a2800000| PB 0x00000000a2800000| Untracked |  0
|   3|0x00000000a2900000, 0x00000000a2a00000, 0x00000000a2a00000|100%| O|  |TAMS 0x00000000a2900000| PB 0x00000000a2900000| Untracked |  0
|   4|0x00000000a2a00000, 0x00000000a2b00000, 0x00000000a2b00000|100%|HS|  |TAMS 0x00000000a2a00000| PB 0x00000000a2a00000| Complete |  0
|   5|0x00000000a2b00000, 0x00000000a2c00000, 0x00000000a2c00000|100%|HC|  |TAMS 0x00000000a2b00000| PB 0x00000000a2b00000| Complete |  0
|   6|0x00000000a2c00000, 0x00000000a2d00000, 0x00000000a2d00000|100%|HS|  |TAMS 0x00000000a2c00000| PB 0x00000000a2c00000| Complete |  0
|   7|0x00000000a2d00000, 0x00000000a2e00000, 0x00000000a2e00000|100%|HC|  |TAMS 0x00000000a2d00000| PB 0x00000000a2d00000| Complete |  0
|   8|0x00000000a2e00000, 0x00000000a2f00000, 0x00000000a2f00000|100%| O|  |TAMS 0x00000000a2e00000| PB 0x00000000a2e00000| Untracked |  0
|   9|0x00000000a2f00000, 0x00000000a3000000, 0x00000000a3000000|100%| O|  |TAMS 0x00000000a2f00000| PB 0x00000000a2f00000| Untracked |  0
|  10|0x00000000a3000000, 0x00000000a3100000, 0x00000000a3100000|100%| O|  |TAMS 0x00000000a3000000| PB 0x00000000a3000000| Untracked |  0
|  11|0x00000000a3100000, 0x00000000a3120a80, 0x00000000a3200000| 12%| O|  |TAMS 0x00000000a3100000| PB 0x00000000a3100000| Untracked |  0
|  12|0x00000000a3200000, 0x00000000a3200000, 0x00000000a3300000|  0%| F|  |TAMS 0x00000000a3200000| PB 0x00000000a3200000| Untracked |  0
|  13|0x00000000a3300000, 0x00000000a3300000, 0x00000000a3400000|  0%| F|  |TAMS 0x00000000a3300000| PB 0x00000000a3300000| Untracked |  0
|  14|0x00000000a3400000, 0x00000000a3400000, 0x00000000a3500000|  0%| F|  |TAMS 0x00000000a3400000| PB 0x00000000a3400000| Untracked |  0
|  15|0x00000000a3500000, 0x00000000a3500000, 0x00000000a3600000|  0%| F|  |TAMS 0x00000000a3500000| PB 0x00000000a3500000| Untracked |  0
|  16|0x00000000a3600000, 0x00000000a3600000, 0x00000000a3700000|  0%| F|  |TAMS 0x00000000a3600000| PB 0x00000000a3600000| Untracked |  0
|  17|0x00000000a3700000, 0x00000000a3700000, 0x00000000a3800000|  0%| F|  |TAMS 0x00000000a3700000| PB 0x00000000a3700000| Untracked |  0
|  18|0x00000000a3800000, 0x00000000a3800000, 0x00000000a3900000|  0%| F|  |TAMS 0x00000000a3800000| PB 0x00000000a3800000| Untracked |  0
|  19|0x00000000a3900000, 0x00000000a3900000, 0x00000000a3a00000|  0%| F|  |TAMS 0x00000000a3900000| PB 0x00000000a3900000| Untracked |  0
|  20|0x00000000a3a00000, 0x00000000a3a00000, 0x00000000a3b00000|  0%| F|  |TAMS 0x00000000a3a00000| PB 0x00000000a3a00000| Untracked |  0
|  21|0x00000000a3b00000, 0x00000000a3b00000, 0x00000000a3c00000|  0%| F|  |TAMS 0x00000000a3b00000| PB 0x00000000a3b00000| Untracked |  0
|  22|0x00000000a3c00000, 0x00000000a3c00000, 0x00000000a3d00000|  0%| F|  |TAMS 0x00000000a3c00000| PB 0x00000000a3c00000| Untracked |  0
|  23|0x00000000a3d00000, 0x00000000a3d00000, 0x00000000a3e00000|  0%| F|  |TAMS 0x00000000a3d00000| PB 0x00000000a3d00000| Untracked |  0
|  24|0x00000000a3e00000, 0x00000000a3e00000, 0x00000000a3f00000|  0%| F|  |TAMS 0x00000000a3e00000| PB 0x00000000a3e00000| Untracked |  0
|  25|0x00000000a3f00000, 0x00000000a3f00000, 0x00000000a4000000|  0%| F|  |TAMS 0x00000000a3f00000| PB 0x00000000a3f00000| Untracked |  0
|  26|0x00000000a4000000, 0x00000000a4000000, 0x00000000a4100000|  0%| F|  |TAMS 0x00000000a4000000| PB 0x00000000a4000000| Untracked |  0
|  27|0x00000000a4100000, 0x00000000a4100000, 0x00000000a4200000|  0%| F|  |TAMS 0x00000000a4100000| PB 0x00000000a4100000| Untracked |  0
|  28|0x00000000a4200000, 0x00000000a4200000, 0x00000000a4300000|  0%| F|  |TAMS 0x00000000a4200000| PB 0x00000000a4200000| Untracked |  0
|  29|0x00000000a4300000, 0x00000000a4300000, 0x00000000a4400000|  0%| F|  |TAMS 0x00000000a4300000| PB 0x00000000a4300000| Untracked |  0
|  30|0x00000000a4400000, 0x00000000a4400000, 0x00000000a4500000|  0%| F|  |TAMS 0x00000000a4400000| PB 0x00000000a4400000| Untracked |  0
|  31|0x00000000a4500000, 0x00000000a4500000, 0x00000000a4600000|  0%| F|  |TAMS 0x00000000a4500000| PB 0x00000000a4500000| Untracked |  0
|  32|0x00000000a4600000, 0x00000000a4600000, 0x00000000a4700000|  0%| F|  |TAMS 0x00000000a4600000| PB 0x00000000a4600000| Untracked |  0
|  33|0x00000000a4700000, 0x00000000a4700000, 0x00000000a4800000|  0%| F|  |TAMS 0x00000000a4700000| PB 0x00000000a4700000| Untracked |  0
|  34|0x00000000a4800000, 0x00000000a4800000, 0x00000000a4900000|  0%| F|  |TAMS 0x00000000a4800000| PB 0x00000000a4800000| Untracked |  0
|  35|0x00000000a4900000, 0x00000000a4900000, 0x00000000a4a00000|  0%| F|  |TAMS 0x00000000a4900000| PB 0x00000000a4900000| Untracked |  0
|  36|0x00000000a4a00000, 0x00000000a4a00000, 0x00000000a4b00000|  0%| F|  |TAMS 0x00000000a4a00000| PB 0x00000000a4a00000| Untracked |  0
|  37|0x00000000a4b00000, 0x00000000a4b00000, 0x00000000a4c00000|  0%| F|  |TAMS 0x00000000a4b00000| PB 0x00000000a4b00000| Untracked |  0
|  38|0x00000000a4c00000, 0x00000000a4c00000, 0x00000000a4d00000|  0%| F|  |TAMS 0x00000000a4c00000| PB 0x00000000a4c00000| Untracked |  0
|  39|0x00000000a4d00000, 0x00000000a4d00000, 0x00000000a4e00000|  0%| F|  |TAMS 0x00000000a4d00000| PB 0x00000000a4d00000| Untracked |  0
|  40|0x00000000a4e00000, 0x00000000a4e00000, 0x00000000a4f00000|  0%| F|  |TAMS 0x00000000a4e00000| PB 0x00000000a4e00000| Untracked |  0
|  41|0x00000000a4f00000, 0x00000000a4f00000, 0x00000000a5000000|  0%| F|  |TAMS 0x00000000a4f00000| PB 0x00000000a4f00000| Untracked |  0
|  42|0x00000000a5000000, 0x00000000a5000000, 0x00000000a5100000|  0%| F|  |TAMS 0x00000000a5000000| PB 0x00000000a5000000| Untracked |  0
|  43|0x00000000a5100000, 0x00000000a5100000, 0x00000000a5200000|  0%| F|  |TAMS 0x00000000a5100000| PB 0x00000000a5100000| Untracked |  0
|  44|0x00000000a5200000, 0x00000000a5200000, 0x00000000a5300000|  0%| F|  |TAMS 0x00000000a5200000| PB 0x00000000a5200000| Untracked |  0
|  45|0x00000000a5300000, 0x00000000a5300000, 0x00000000a5400000|  0%| F|  |TAMS 0x00000000a5300000| PB 0x00000000a5300000| Untracked |  0
|  46|0x00000000a5400000, 0x00000000a5400000, 0x00000000a5500000|  0%| F|  |TAMS 0x00000000a5400000| PB 0x00000000a5400000| Untracked |  0
|  47|0x00000000a5500000, 0x00000000a5500000, 0x00000000a5600000|  0%| F|  |TAMS 0x00000000a5500000| PB 0x00000000a5500000| Untracked |  0
|  48|0x00000000a5600000, 0x00000000a5600000, 0x00000000a5700000|  0%| F|  |TAMS 0x00000000a5600000| PB 0x00000000a5600000| Untracked |  0
|  49|0x00000000a5700000, 0x00000000a5700000, 0x00000000a5800000|  0%| F|  |TAMS 0x00000000a5700000| PB 0x00000000a5700000| Untracked |  0
|  50|0x00000000a5800000, 0x00000000a5800000, 0x00000000a5900000|  0%| F|  |TAMS 0x00000000a5800000| PB 0x00000000a5800000| Untracked |  0
|  51|0x00000000a5900000, 0x00000000a5900000, 0x00000000a5a00000|  0%| F|  |TAMS 0x00000000a5900000| PB 0x00000000a5900000| Untracked |  0
|  52|0x00000000a5a00000, 0x00000000a5a00000, 0x00000000a5b00000|  0%| F|  |TAMS 0x00000000a5a00000| PB 0x00000000a5a00000| Untracked |  0
|  53|0x00000000a5b00000, 0x00000000a5b00000, 0x00000000a5c00000|  0%| F|  |TAMS 0x00000000a5b00000| PB 0x00000000a5b00000| Untracked |  0
|  54|0x00000000a5c00000, 0x00000000a5c00000, 0x00000000a5d00000|  0%| F|  |TAMS 0x00000000a5c00000| PB 0x00000000a5c00000| Untracked |  0
|  55|0x00000000a5d00000, 0x00000000a5d00000, 0x00000000a5e00000|  0%| F|  |TAMS 0x00000000a5d00000| PB 0x00000000a5d00000| Untracked |  0
|  60|0x00000000a6200000, 0x00000000a6300000, 0x00000000a6300000|100%| S|CS|TAMS 0x00000000a6200000| PB 0x00000000a6200000| Complete |  0
|  61|0x00000000a6300000, 0x00000000a6400000, 0x00000000a6400000|100%| S|CS|TAMS 0x00000000a6300000| PB 0x00000000a6300000| Complete |  0
|  62|0x00000000a6400000, 0x00000000a6500000, 0x00000000a6500000|100%| S|CS|TAMS 0x00000000a6400000| PB 0x00000000a6400000| Complete |  0
|  63|0x00000000a6500000, 0x00000000a6600000, 0x00000000a6600000|100%| S|CS|TAMS 0x00000000a6500000| PB 0x00000000a6500000| Complete |  0
|  64|0x00000000a6600000, 0x00000000a6700000, 0x00000000a6700000|100%| S|CS|TAMS 0x00000000a6600000| PB 0x00000000a6600000| Complete |  0
|  65|0x00000000a6700000, 0x00000000a6800000, 0x00000000a6800000|100%| S|CS|TAMS 0x00000000a6700000| PB 0x00000000a6700000| Complete |  0
|  66|0x00000000a6800000, 0x00000000a6900000, 0x00000000a6900000|100%| S|CS|TAMS 0x00000000a6800000| PB 0x00000000a6800000| Complete |  0
|  93|0x00000000a8300000, 0x00000000a8394930, 0x00000000a8400000| 58%| E|  |TAMS 0x00000000a8300000| PB 0x00000000a8300000| Complete |  0

Card table byte_map: [0x00000247a4570000,0x00000247a4860000] _byte_map_base: 0x00000247a405d000

Marking Bits: (CMBitMap*) 0x000002478cb89610
 Bits: [0x00000247a4860000, 0x00000247a5fc8000)

Polling page: 0x000002478a830000

Metaspace:

Usage:
  Non-class:     19.16 MB used.
      Class:      2.70 MB used.
       Both:     21.87 MB used.

Virtual space:
  Non-class space:       64.00 MB reserved,      19.31 MB ( 30%) committed,  1 nodes.
      Class space:        1.00 GB reserved,       2.81 MB ( <1%) committed,  1 nodes.
             Both:        1.06 GB reserved,      22.12 MB (  2%) committed. 

Chunk freelists:
   Non-Class:  12.16 MB
       Class:  13.14 MB
        Both:  25.30 MB

MaxMetaspaceSize: unlimited
CompressedClassSpaceSize: 1.00 GB
Initial GC threshold: 21.00 MB
Current GC threshold: 35.62 MB
CDS: on
 - commit_granule_bytes: 65536.
 - commit_granule_words: 8192.
 - virtual_space_node_default_size: 8388608.
 - enlarge_chunks_in_place: 1.
 - use_allocation_guard: 0.


Internal statistics:

num_allocs_failed_limit: 6.
num_arena_births: 208.
num_arena_deaths: 0.
num_vsnodes_births: 2.
num_vsnodes_deaths: 0.
num_space_committed: 354.
num_space_uncommitted: 0.
num_chunks_returned_to_freelist: 6.
num_chunks_taken_from_freelist: 971.
num_chunk_merges: 6.
num_chunk_splits: 693.
num_chunks_enlarged: 555.
num_inconsistent_stats: 0.

CodeHeap 'non-profiled nmethods': size=120064Kb used=1490Kb max_used=1490Kb free=118573Kb
 bounds [0x000002479cd40000, 0x000002479cfb0000, 0x00000247a4280000]
CodeHeap 'profiled nmethods': size=120000Kb used=6564Kb max_used=6564Kb free=113435Kb
 bounds [0x0000024795280000, 0x00000247958f0000, 0x000002479c7b0000]
CodeHeap 'non-nmethods': size=5696Kb used=1439Kb max_used=1460Kb free=4256Kb
 bounds [0x000002479c7b0000, 0x000002479ca20000, 0x000002479cd40000]
CodeCache: size=245760Kb, used=9493Kb, max_used=9514Kb, free=236264Kb
 total_blobs=4897, nmethods=4358, adapters=443, full_count=0
Compilation: enabled, stopped_count=0, restarted_count=0

Compilation events (20 events):
Event: 4.219 Thread 0x00000247ee8bc5a0 nmethod 4223 0x000002479ceabe08 code [0x000002479ceabf00, 0x000002479ceabfe8]
Event: 4.219 Thread 0x00000247ee8bc5a0 4224       4       jdk.nio.zipfs.ZipFileSystem$IndexNode::<init> (113 bytes)
Event: 4.222 Thread 0x00000247a8470d30 nmethod 4262 0x00000247958c0c08 code [0x00000247958c13e0, 0x00000247958c61f8]
Event: 4.222 Thread 0x00000247a8470d30 4263       3       java.lang.invoke.InfoFromMemberName::<init> (72 bytes)
Event: 4.223 Thread 0x00000247a8470d30 nmethod 4263 0x00000247958c6388 code [0x00000247958c64a0, 0x00000247958c6680]
Event: 4.223 Thread 0x00000247a8470d30 4264       1       java.util.stream.MatchOps$BooleanTerminalSink::cancellationRequested (5 bytes)
Event: 4.223 Thread 0x00000247a8470d30 nmethod 4264 0x000002479ceac108 code [0x000002479ceac220, 0x000002479ceac2f0]
Event: 4.236 Thread 0x00000247ee8bc5a0 nmethod 4224 0x000002479ceac408 code [0x000002479ceac5a0, 0x000002479cead0d0]
Event: 4.236 Thread 0x00000247ee8bc5a0 4243       4       java.util.Arrays::equals (56 bytes)
Event: 4.245 Thread 0x00000247ee8bc5a0 nmethod 4243 0x000002479cead188 code [0x000002479cead2c0, 0x000002479cead728]
Event: 4.245 Thread 0x00000247ee8bc5a0 4244       4       jdk.nio.zipfs.ZipFileSystem$ParentLookup::equals (34 bytes)
Event: 4.251 Thread 0x00000247ee8bc5a0 nmethod 4244 0x000002479cead788 code [0x000002479cead8c0, 0x000002479ceadbb8]
Event: 4.269 Thread 0x00000247ee8bc5a0 4265       4       java.util.LinkedHashMap::valuesToArray (80 bytes)
Event: 4.273 Thread 0x00000247ee8bc5a0 nmethod 4265 0x000002479ceadc08 code [0x000002479ceadd20, 0x000002479ceadf58]
Event: 4.273 Thread 0x00000247ee8bc5a0 4266       4       jdk.nio.zipfs.ZipFileSystem::makeParentDirs (133 bytes)
Event: 4.278 Thread 0x00000247a8470d30 4267   !   3       jdk.internal.jimage.BasicImageReader::slice (32 bytes)
Event: 4.279 Thread 0x00000247a8470d30 nmethod 4267 0x00000247958c6708 code [0x00000247958c6860, 0x00000247958c6d40]
Event: 4.279 Thread 0x00000247a8470d30 4268       3       java.nio.DirectByteBufferR::<init> (25 bytes)
Event: 4.279 Thread 0x00000247a8470d30 nmethod 4268 0x00000247958c6d88 code [0x00000247958c6ea0, 0x00000247958c7020]
Event: 4.279 Thread 0x00000247a8470d30 4269   !   3       jdk.internal.loader.BuiltinClassLoader::defineClass (162 bytes)

GC Heap History (8 events):
Event: 0.631 GC heap before
{Heap before GC invocations=0 (full 0):
 garbage-first heap   total reserved 1533952K, committed 96256K, used 14336K [0x00000000a2600000, 0x0000000100000000)
  region size 1024K, 14 young (14336K), 0 survivors (0K)
 Metaspace       used 4136K, committed 4352K, reserved 1114112K
  class space    used 447K, committed 576K, reserved 1048576K
}
Event: 0.638 GC heap after
{Heap after GC invocations=1 (full 0):
 garbage-first heap   total reserved 1533952K, committed 96256K, used 3200K [0x00000000a2600000, 0x0000000100000000)
  region size 1024K, 2 young (2048K), 2 survivors (2048K)
 Metaspace       used 4136K, committed 4352K, reserved 1114112K
  class space    used 447K, committed 576K, reserved 1048576K
}
Event: 0.976 GC heap before
{Heap before GC invocations=1 (full 0):
 garbage-first heap   total reserved 1533952K, committed 96256K, used 16512K [0x00000000a2600000, 0x0000000100000000)
  region size 1024K, 15 young (15360K), 2 survivors (2048K)
 Metaspace       used 6208K, committed 6400K, reserved 1114112K
  class space    used 761K, committed 896K, reserved 1048576K
}
Event: 0.982 GC heap after
{Heap after GC invocations=2 (full 0):
 garbage-first heap   total reserved 1533952K, committed 96256K, used 4055K [0x00000000a2600000, 0x0000000100000000)
  region size 1024K, 1 young (1024K), 1 survivors (1024K)
 Metaspace       used 6208K, committed 6400K, reserved 1114112K
  class space    used 761K, committed 896K, reserved 1048576K
}
Event: 1.888 GC heap before
{Heap before GC invocations=2 (full 0):
 garbage-first heap   total reserved 1533952K, committed 96256K, used 36823K [0x00000000a2600000, 0x0000000100000000)
  region size 1024K, 34 young (34816K), 1 survivors (1024K)
 Metaspace       used 11449K, committed 11648K, reserved 1114112K
  class space    used 1418K, committed 1536K, reserved 1048576K
}
Event: 1.894 GC heap after
{Heap after GC invocations=3 (full 0):
 garbage-first heap   total reserved 1533952K, committed 96256K, used 5947K [0x00000000a2600000, 0x0000000100000000)
  region size 1024K, 3 young (3072K), 3 survivors (3072K)
 Metaspace       used 11449K, committed 11648K, reserved 1114112K
  class space    used 1418K, committed 1536K, reserved 1048576K
}
Event: 3.470 GC heap before
{Heap before GC invocations=3 (full 0):
 garbage-first heap   total reserved 1533952K, committed 96256K, used 45883K [0x00000000a2600000, 0x0000000100000000)
  region size 1024K, 42 young (43008K), 3 survivors (3072K)
 Metaspace       used 16398K, committed 16576K, reserved 1114112K
  class space    used 2032K, committed 2112K, reserved 1048576K
}
Event: 3.489 GC heap after
{Heap after GC invocations=4 (full 0):
 garbage-first heap   total reserved 1533952K, committed 96256K, used 9441K [0x00000000a2600000, 0x0000000100000000)
  region size 1024K, 6 young (6144K), 6 survivors (6144K)
 Metaspace       used 16398K, committed 16576K, reserved 1114112K
  class space    used 2032K, committed 2112K, reserved 1048576K
}

Dll operation events (8 events):
Event: 0.012 Loaded shared library C:\Program Files\Java\jdk-23\bin\java.dll
Event: 0.047 Loaded shared library C:\Program Files\Java\jdk-23\bin\jsvml.dll
Event: 0.070 Loaded shared library C:\Program Files\Java\jdk-23\bin\net.dll
Event: 0.073 Loaded shared library C:\Program Files\Java\jdk-23\bin\nio.dll
Event: 0.078 Loaded shared library C:\Program Files\Java\jdk-23\bin\zip.dll
Event: 0.236 Loaded shared library C:\Program Files\Java\jdk-23\bin\jimage.dll
Event: 0.237 Loaded shared library C:\Program Files\NetBeans-23\netbeans\java\maven\lib\jansi-native\Windows\x86_64\jansi.dll
Event: 0.252 Loaded shared library C:\Program Files\Java\jdk-23\bin\verify.dll

Deoptimization events (20 events):
Event: 4.097 Thread 0x000002478a891d90 Uncommon trap: trap_request=0xffffff45 fr.pc=0x000002479cdca844 relative=0x0000000000000ae4
Event: 4.097 Thread 0x000002478a891d90 Uncommon trap: reason=unstable_if action=reinterpret pc=0x000002479cdca844 method=jdk.internal.module.SystemModuleFinders$SystemModuleReader.find(Ljava/lang/String;)Ljava/util/Optional; @ 5 c2
Event: 4.097 Thread 0x000002478a891d90 DEOPT PACKING pc=0x000002479cdca844 sp=0x000000a515dfcce0
Event: 4.097 Thread 0x000002478a891d90 DEOPT UNPACKING pc=0x000002479c804402 sp=0x000000a515dfccb8 mode 2
Event: 4.137 Thread 0x000002478a891d90 Uncommon trap: trap_request=0xffffff45 fr.pc=0x000002479cd51034 relative=0x0000000000000194
Event: 4.137 Thread 0x000002478a891d90 Uncommon trap: reason=unstable_if action=reinterpret pc=0x000002479cd51034 method=jdk.internal.util.ArraysSupport.vectorizedHashCode(Ljava/lang/Object;IIII)I @ 2 c2
Event: 4.137 Thread 0x000002478a891d90 DEOPT PACKING pc=0x000002479cd51034 sp=0x000000a515dfc780
Event: 4.137 Thread 0x000002478a891d90 DEOPT UNPACKING pc=0x000002479c804402 sp=0x000000a515dfc730 mode 2
Event: 4.160 Thread 0x000002478a891d90 Uncommon trap: trap_request=0xffffff45 fr.pc=0x000002479cea77d0 relative=0x0000000000000230
Event: 4.160 Thread 0x000002478a891d90 Uncommon trap: reason=unstable_if action=reinterpret pc=0x000002479cea77d0 method=jdk.nio.zipfs.ZipFileSystem$IndexNode.normalize([B)[B @ 66 c2
Event: 4.160 Thread 0x000002478a891d90 DEOPT PACKING pc=0x000002479cea77d0 sp=0x000000a515dfc8c0
Event: 4.160 Thread 0x000002478a891d90 DEOPT UNPACKING pc=0x000002479c804402 sp=0x000000a515dfc828 mode 2
Event: 4.190 Thread 0x000002478a891d90 DEOPT PACKING pc=0x00000247958b6da4 sp=0x000000a515dfc7e0
Event: 4.190 Thread 0x000002478a891d90 DEOPT UNPACKING pc=0x000002479c804b22 sp=0x000000a515dfbc60 mode 0
Event: 4.190 Thread 0x000002478a891d90 DEOPT PACKING pc=0x00000247958b6a4c sp=0x000000a515dfc7f0
Event: 4.191 Thread 0x000002478a891d90 DEOPT UNPACKING pc=0x000002479c804b22 sp=0x000000a515dfbc78 mode 0
Event: 4.218 Thread 0x000002478a891d90 Uncommon trap: trap_request=0xffffff45 fr.pc=0x000002479cea91a0 relative=0x0000000000000100
Event: 4.218 Thread 0x000002478a891d90 Uncommon trap: reason=unstable_if action=reinterpret pc=0x000002479cea91a0 method=jdk.nio.zipfs.ZipConstants.pkSigAt([BIII)Z @ 5 c2
Event: 4.218 Thread 0x000002478a891d90 DEOPT PACKING pc=0x000002479cea91a0 sp=0x000000a515dfd620
Event: 4.218 Thread 0x000002478a891d90 DEOPT UNPACKING pc=0x000002479c804402 sp=0x000000a515dfd5c8 mode 2

Classes loaded (20 events):
Event: 4.125 Loading class sun/nio/fs/WindowsAclFileAttributeView
Event: 4.125 Loading class sun/nio/fs/AbstractAclFileAttributeView
Event: 4.125 Loading class java/nio/file/attribute/AclFileAttributeView
Event: 4.125 Loading class java/nio/file/attribute/FileOwnerAttributeView
Event: 4.125 Loading class java/nio/file/attribute/FileOwnerAttributeView done
Event: 4.125 Loading class java/nio/file/attribute/AclFileAttributeView done
Event: 4.125 Loading class sun/nio/fs/AbstractAclFileAttributeView done
Event: 4.125 Loading class sun/nio/fs/WindowsAclFileAttributeView done
Event: 4.126 Loading class sun/nio/fs/WindowsSecurity
Event: 4.126 Loading class sun/nio/fs/WindowsSecurity done
Event: 4.129 Loading class java/nio/file/attribute/PosixFileAttributeView
Event: 4.130 Loading class java/nio/file/attribute/PosixFileAttributeView done
Event: 4.202 Loading class java/nio/file/ClosedDirectoryStreamException
Event: 4.202 Loading class java/nio/file/ClosedDirectoryStreamException done
Event: 4.202 Loading class java/nio/file/DirectoryIteratorException
Event: 4.202 Loading class java/nio/file/DirectoryIteratorException done
Event: 4.211 Loading class java/util/TreeMap$KeySpliterator
Event: 4.211 Loading class java/util/TreeMap$TreeMapSpliterator
Event: 4.211 Loading class java/util/TreeMap$TreeMapSpliterator done
Event: 4.211 Loading class java/util/TreeMap$KeySpliterator done

Classes unloaded (0 events):
No events

Classes redefined (0 events):
No events

Internal exceptions (20 events):
Event: 2.266 Thread 0x000002478a891d90 Exception <a 'java/lang/NoSuchMethodError'{0x00000000a7967648}: 'void java.lang.invoke.DirectMethodHandle$Holder.invokeVirtual(java.lang.Object, java.lang.Object)'> (0x00000000a7967648) 
thrown [s\open\src\hotspot\share\interpreter\linkResolver.cpp, line 796]
Event: 2.322 Thread 0x000002478a891d90 Exception <a 'java/lang/NoSuchMethodError'{0x00000000a79f6ac8}: 'java.lang.Object java.lang.invoke.DirectMethodHandle$Holder.invokeStaticInit(java.lang.Object, int, int, int, int)'> (0x00000000a79f6ac8) 
thrown [s\open\src\hotspot\share\interpreter\linkResolver.cpp, line 796]
Event: 2.499 Thread 0x000002478a891d90 Exception <a 'java/lang/NoSuchMethodError'{0x00000000a748f1f0}: 'void java.lang.invoke.DirectMethodHandle$Holder.invokeSpecial(java.lang.Object, java.lang.Object, java.lang.Object, java.lang.Object, java.lang.Object)'> (0x00000000a748f1f0) 
thrown [s\open\src\hotspot\share\interpreter\linkResolver.cpp, line 796]
Event: 2.503 Thread 0x000002478a891d90 Exception <a 'java/lang/NoSuchMethodError'{0x00000000a74a9688}: 'java.lang.Object java.lang.invoke.DirectMethodHandle$Holder.invokeVirtual(java.lang.Object, java.lang.Object, java.lang.Object)'> (0x00000000a74a9688) 
thrown [s\open\src\hotspot\share\interpreter\linkResolver.cpp, line 796]
Event: 2.506 Thread 0x000002478a891d90 Exception <a 'java/lang/NoSuchMethodError'{0x00000000a74b6af0}: 'void java.lang.invoke.DirectMethodHandle$Holder.invokeSpecial(java.lang.Object, java.lang.Object, java.lang.Object, java.lang.Object, java.lang.Object, java.lang.Object)'> (0x00000000a74b6af0) 
thrown [s\open\src\hotspot\share\interpreter\linkResolver.cpp, line 796]
Event: 2.565 Thread 0x000002478a891d90 Exception <a 'java/lang/NoSuchMethodError'{0x00000000a7252d80}: 'void java.lang.invoke.DirectMethodHandle$Holder.invokeVirtual(java.lang.Object, java.lang.Object, int)'> (0x00000000a7252d80) 
thrown [s\open\src\hotspot\share\interpreter\linkResolver.cpp, line 796]
Event: 2.566 Thread 0x000002478a891d90 Exception <a 'java/lang/NoSuchMethodError'{0x00000000a7256b98}: 'void java.lang.invoke.DirectMethodHandle$Holder.invokeSpecial(java.lang.Object, java.lang.Object, java.lang.Object, int)'> (0x00000000a7256b98) 
thrown [s\open\src\hotspot\share\interpreter\linkResolver.cpp, line 796]
Event: 2.567 Thread 0x000002478a891d90 Exception <a 'java/lang/NoSuchMethodError'{0x00000000a725a280}: 'void java.lang.invoke.DelegatingMethodHandle$Holder.reinvoke_L(java.lang.Object, java.lang.Object, int)'> (0x00000000a725a280) 
thrown [s\open\src\hotspot\share\interpreter\linkResolver.cpp, line 796]
Event: 3.002 Thread 0x000002478a891d90 Implicit null exception at 0x000002479cdde9ef to 0x000002479cddebe8
Event: 3.002 Thread 0x000002478a891d90 Implicit null exception at 0x000002479ce3b295 to 0x000002479ce3cbe8
Event: 3.002 Thread 0x000002478a891d90 Implicit null exception at 0x000002479cddf6ef to 0x000002479cddf8e4
Event: 3.002 Thread 0x000002478a891d90 Implicit null exception at 0x000002479ce3f380 to 0x000002479ce3fc44
Event: 3.088 Thread 0x000002478a891d90 Exception <a 'java/lang/NoSuchMethodError'{0x00000000a673b8c8}: 'java.lang.Object java.lang.invoke.DirectMethodHandle$Holder.newInvokeSpecial(java.lang.Object, java.lang.Object, java.lang.Object, java.lang.Object, java.lang.Object, java.lang.Object, java.lang.Object)'> (0x00000000a673b8c8) 
thrown [s\open\src\hotspot\share\interpreter\linkResolver.cpp, line 796]
Event: 3.431 Thread 0x000002478a891d90 Exception <a 'java/lang/NoSuchMethodError'{0x00000000a5a056b8}: 'int java.lang.invoke.DirectMethodHandle$Holder.invokeVirtual(java.lang.Object, java.lang.Object)'> (0x00000000a5a056b8) 
thrown [s\open\src\hotspot\share\interpreter\linkResolver.cpp, line 796]
Event: 3.500 Thread 0x000002478a891d90 Exception <a 'java/lang/NoSuchMethodError'{0x00000000a8329130}: 'void java.lang.invoke.Invokers$Holder.invokeExact_MT(java.lang.Object, java.lang.Object, int, java.lang.Object)'> (0x00000000a8329130) 
thrown [s\open\src\hotspot\share\interpreter\linkResolver.cpp, line 796]
Event: 3.975 Thread 0x000002478a891d90 Exception <a 'java/lang/IncompatibleClassChangeError'{0x00000000a756c848}: Found class java.lang.Object, but interface was expected> (0x00000000a756c848) 
thrown [s\open\src\hotspot\share\interpreter\linkResolver.cpp, line 863]
Event: 3.976 Thread 0x000002478a891d90 Exception <a 'java/lang/NoSuchMethodError'{0x00000000a7571b50}: 'void java.lang.invoke.DirectMethodHandle$Holder.invokeInterface(java.lang.Object, java.lang.Object, java.lang.Object)'> (0x00000000a7571b50) 
thrown [s\open\src\hotspot\share\interpreter\linkResolver.cpp, line 796]
Event: 4.089 Thread 0x000002478a891d90 Exception <a 'java/lang/NoSuchMethodError'{0x00000000a7323090}: 'int java.lang.invoke.DirectMethodHandle$Holder.invokeInterface(java.lang.Object, java.lang.Object)'> (0x00000000a7323090) 
thrown [s\open\src\hotspot\share\interpreter\linkResolver.cpp, line 796]
Event: 4.114 Thread 0x000002478a891d90 Exception <a 'java/lang/NoSuchMethodError'{0x00000000a739a188}: 'int java.lang.invoke.DirectMethodHandle$Holder.invokeVirtual(java.lang.Object, java.lang.Object, java.lang.Object)'> (0x00000000a739a188) 
thrown [s\open\src\hotspot\share\interpreter\linkResolver.cpp, line 796]
Event: 4.117 Thread 0x000002478a891d90 Exception <a 'java/lang/NoSuchMethodError'{0x00000000a73a7200}: 'int java.lang.invoke.DirectMethodHandle$Holder.invokeStaticInit(java.lang.Object, java.lang.Object, java.lang.Object)'> (0x00000000a73a7200) 
thrown [s\open\src\hotspot\share\interpreter\linkResolver.cpp, line 796]

VM Operations (20 events):
Event: 2.404 Executing VM operation: HandshakeAllThreads (Deoptimize)
Event: 2.404 Executing VM operation: HandshakeAllThreads (Deoptimize) done
Event: 2.456 Executing VM operation: HandshakeAllThreads (Deoptimize)
Event: 2.456 Executing VM operation: HandshakeAllThreads (Deoptimize) done
Event: 2.456 Executing VM operation: HandshakeAllThreads (Deoptimize)
Event: 2.456 Executing VM operation: HandshakeAllThreads (Deoptimize) done
Event: 3.470 Executing VM operation: G1CollectForAllocation (G1 Evacuation Pause)
Event: 3.489 Executing VM operation: G1CollectForAllocation (G1 Evacuation Pause) done
Event: 3.498 Executing VM operation: HandshakeAllThreads (Deoptimize)
Event: 3.498 Executing VM operation: HandshakeAllThreads (Deoptimize) done
Event: 4.018 Executing VM operation: HandshakeAllThreads (Deoptimize)
Event: 4.018 Executing VM operation: HandshakeAllThreads (Deoptimize) done
Event: 4.087 Executing VM operation: HandshakeAllThreads (Deoptimize)
Event: 4.087 Executing VM operation: HandshakeAllThreads (Deoptimize) done
Event: 4.119 Executing VM operation: HandshakeAllThreads (Deoptimize)
Event: 4.119 Executing VM operation: HandshakeAllThreads (Deoptimize) done
Event: 4.128 Executing VM operation: HandshakeAllThreads (Deoptimize)
Event: 4.128 Executing VM operation: HandshakeAllThreads (Deoptimize) done
Event: 4.129 Executing VM operation: HandshakeAllThreads (Deoptimize)
Event: 4.129 Executing VM operation: HandshakeAllThreads (Deoptimize) done

Memory protections (0 events):
No events

Nmethod flushes (0 events):
No events

Events (14 events):
Event: 0.029 Thread 0x000002478a891d90 Thread added: 0x000002478a891d90
Event: 0.043 Thread 0x000002478a891d90 Thread added: 0x00000247a8458e10
Event: 0.043 Thread 0x000002478a891d90 Thread added: 0x00000247a8459d30
Event: 0.044 Thread 0x000002478a891d90 Thread added: 0x00000247a84600b0
Event: 0.044 Thread 0x000002478a891d90 Thread added: 0x00000247a8460b10
Event: 0.044 Thread 0x000002478a891d90 Thread added: 0x00000247a8461570
Event: 0.044 Thread 0x000002478a891d90 Thread added: 0x00000247a84654d0
Event: 0.044 Thread 0x000002478a891d90 Thread added: 0x00000247a8470280
Event: 0.044 Thread 0x000002478a891d90 Thread added: 0x00000247a8470d30
Event: 0.064 Thread 0x000002478a891d90 Thread added: 0x00000247a85fa400
Event: 0.067 Thread 0x000002478a891d90 Thread added: 0x00000247a86236c0
Event: 0.234 Thread 0x000002478a891d90 Thread added: 0x00000247a88ae2b0
Event: 0.244 Thread 0x00000247a88ae2b0 Thread exited: 0x00000247a88ae2b0
Event: 0.796 Thread 0x00000247a8470280 Thread added: 0x00000247ee8bc5a0


Dynamic libraries:
0x00007ff69e690000 - 0x00007ff69e6a0000 	C:\Program Files\Java\jdk-23\bin\java.exe
0x00007ffbcfff0000 - 0x00007ffbd01e8000 	C:\WINDOWS\SYSTEM32\ntdll.dll
0x00007ffbcfbd0000 - 0x00007ffbcfc92000 	C:\WINDOWS\System32\KERNEL32.DLL
0x00007ffbcdc50000 - 0x00007ffbcdf4e000 	C:\WINDOWS\System32\KERNELBASE.dll
0x00007ffbcdae0000 - 0x00007ffbcdbe0000 	C:\WINDOWS\System32\ucrtbase.dll
0x00007ffba7fc0000 - 0x00007ffba7fdb000 	C:\Program Files\Java\jdk-23\bin\VCRUNTIME140.dll
0x00007ffbbafe0000 - 0x00007ffbbaff7000 	C:\Program Files\Java\jdk-23\bin\jli.dll
0x00007ffbcfde0000 - 0x00007ffbcff7d000 	C:\WINDOWS\System32\USER32.dll
0x00007ffbcd6f0000 - 0x00007ffbcd712000 	C:\WINDOWS\System32\win32u.dll
0x00007ffbbd780000 - 0x00007ffbbda1a000 	C:\WINDOWS\WinSxS\amd64_microsoft.windows.common-controls_6595b64144ccf1df_6.0.19041.4355_none_60b8b9eb71f62e16\COMCTL32.dll
0x00007ffbcff80000 - 0x00007ffbcffab000 	C:\WINDOWS\System32\GDI32.dll
0x00007ffbcfd40000 - 0x00007ffbcfdde000 	C:\WINDOWS\System32\msvcrt.dll
0x00007ffbcdf50000 - 0x00007ffbce067000 	C:\WINDOWS\System32\gdi32full.dll
0x00007ffbcd9c0000 - 0x00007ffbcda5d000 	C:\WINDOWS\System32\msvcp_win.dll
0x00007ffbce5b0000 - 0x00007ffbce5df000 	C:\WINDOWS\System32\IMM32.DLL
0x00007ffbc9a90000 - 0x00007ffbc9a9c000 	C:\Program Files\Java\jdk-23\bin\vcruntime140_1.dll
0x00007ffb82160000 - 0x00007ffb821ee000 	C:\Program Files\Java\jdk-23\bin\msvcp140.dll
0x00007ffb5f470000 - 0x00007ffb601bf000 	C:\Program Files\Java\jdk-23\bin\server\jvm.dll
0x00007ffbce910000 - 0x00007ffbce9c1000 	C:\WINDOWS\System32\ADVAPI32.dll
0x00007ffbcfac0000 - 0x00007ffbcfb5f000 	C:\WINDOWS\System32\sechost.dll
0x00007ffbcf220000 - 0x00007ffbcf343000 	C:\WINDOWS\System32\RPCRT4.dll
0x00007ffbcdab0000 - 0x00007ffbcdad7000 	C:\WINDOWS\System32\bcrypt.dll
0x00007ffbcfb60000 - 0x00007ffbcfbcb000 	C:\WINDOWS\System32\WS2_32.dll
0x00007ffbcd5d0000 - 0x00007ffbcd61b000 	C:\WINDOWS\SYSTEM32\POWRPROF.dll
0x00007ffbb8880000 - 0x00007ffbb88a7000 	C:\WINDOWS\SYSTEM32\WINMM.dll
0x00007ffbbcc30000 - 0x00007ffbbcc3a000 	C:\WINDOWS\SYSTEM32\VERSION.dll
0x00007ffbcd5b0000 - 0x00007ffbcd5c2000 	C:\WINDOWS\SYSTEM32\UMPDC.dll
0x00007ffbcbf60000 - 0x00007ffbcbf72000 	C:\WINDOWS\SYSTEM32\kernel.appcore.dll
0x00007ffbc9090000 - 0x00007ffbc909a000 	C:\Program Files\Java\jdk-23\bin\jimage.dll
0x00007ffbcbc90000 - 0x00007ffbcbe74000 	C:\WINDOWS\SYSTEM32\DBGHELP.DLL
0x00007ffbb5040000 - 0x00007ffbb5074000 	C:\WINDOWS\SYSTEM32\dbgcore.DLL
0x00007ffbcd930000 - 0x00007ffbcd9b2000 	C:\WINDOWS\System32\bcryptPrimitives.dll
0x00007ffba5e90000 - 0x00007ffba5eae000 	C:\Program Files\Java\jdk-23\bin\java.dll
0x00007ffbce7e0000 - 0x00007ffbce90b000 	C:\WINDOWS\System32\ole32.dll
0x00007ffbce070000 - 0x00007ffbce3c3000 	C:\WINDOWS\System32\combase.dll
0x00007ffbcf350000 - 0x00007ffbcfabd000 	C:\WINDOWS\System32\SHELL32.dll
0x00007ffbcb350000 - 0x00007ffbcbaf4000 	C:\WINDOWS\SYSTEM32\windows.storage.dll
0x00007ffbcd050000 - 0x00007ffbcd07e000 	C:\WINDOWS\SYSTEM32\Wldp.dll
0x00007ffbce3d0000 - 0x00007ffbce49d000 	C:\WINDOWS\System32\OLEAUT32.dll
0x00007ffbce4a0000 - 0x00007ffbce54d000 	C:\WINDOWS\System32\SHCORE.dll
0x00007ffbce550000 - 0x00007ffbce5a5000 	C:\WINDOWS\System32\shlwapi.dll
0x00007ffbcd620000 - 0x00007ffbcd644000 	C:\WINDOWS\SYSTEM32\profapi.dll
0x00007ffb7d4b0000 - 0x00007ffb7d587000 	C:\Program Files\Java\jdk-23\bin\jsvml.dll
0x00007ffba8360000 - 0x00007ffba8370000 	C:\Program Files\Java\jdk-23\bin\net.dll
0x00007ffbccdb0000 - 0x00007ffbcce1a000 	C:\WINDOWS\system32\mswsock.dll
0x00007ffba4b20000 - 0x00007ffba4b36000 	C:\Program Files\Java\jdk-23\bin\nio.dll
0x00007ffba0a10000 - 0x00007ffba0a27000 	C:\Program Files\Java\jdk-23\bin\zip.dll
0x00007ffbab7d0000 - 0x00007ffbab7f4000 	C:\Program Files\NetBeans-23\netbeans\java\maven\lib\jansi-native\Windows\x86_64\jansi.dll
0x00007ffba82c0000 - 0x00007ffba82d0000 	C:\Program Files\Java\jdk-23\bin\verify.dll

dbghelp: loaded successfully - version: 4.0.5 - missing functions: none
symbol engine: initialized successfully - sym options: 0x614 - pdb path: .;C:\Program Files\Java\jdk-23\bin;C:\WINDOWS\SYSTEM32;C:\WINDOWS\WinSxS\amd64_microsoft.windows.common-controls_6595b64144ccf1df_6.0.19041.4355_none_60b8b9eb71f62e16;C:\Program Files\Java\jdk-23\bin\server;C:\Program Files\NetBeans-23\netbeans\java\maven\lib\jansi-native\Windows\x86_64

VM Arguments:
jvm_args: -Dclassworlds.conf=C:\Program Files\NetBeans-23\netbeans\java\maven\bin\m2.conf -Dmaven.home=C:\Program Files\NetBeans-23\netbeans\java\maven -Dlibrary.jansi.path=C:\Program Files\NetBeans-23\netbeans\java\maven\lib\jansi-native -Dmaven.multiModuleProjectDirectory=C:\Users\maico\OneDrive\Escritorio\PROYECTO FINAL AP\GestionDeProducciones 
java_command: org.codehaus.plexus.classworlds.launcher.Launcher -Dexec.vmArgs= -Dexec.args=${exec.vmArgs} -classpath %classpath ${exec.mainClass} ${exec.appArgs} -Dexec.appArgs= -Dexec.mainClass=fabrica.gestiondeproducciones.GestionDeProducciones -Dexec.executable=C:\Program Files\Java\jdk-23\bin\java.exe -Dmaven.ext.class.path=C:\Program Files\NetBeans-23\netbeans\java\maven-nblib\netbeans-eventspy.jar --no-transfer-progress process-classes org.codehaus.mojo:exec-maven-plugin:3.1.0:exec
java_class_path (initial): C:\Program Files\NetBeans-23\netbeans\java\maven\boot\plexus-classworlds-2.8.0.jar
Launcher Type: SUN_STANDARD

[Global flags]
     intx CICompilerCount                          = 3                                         {product} {ergonomic}
     uint ConcGCThreads                            = 1                                         {product} {ergonomic}
     uint G1ConcRefinementThreads                  = 4                                         {product} {ergonomic}
   size_t G1HeapRegionSize                         = 1048576                                   {product} {ergonomic}
   size_t InitialHeapSize                          = 98566144                                  {product} {ergonomic}
   size_t MarkStackSize                            = 4194304                                   {product} {ergonomic}
   size_t MarkStackSizeMax                         = 536870912                                 {product} {ergonomic}
   size_t MaxHeapSize                              = 1570766848                                {product} {ergonomic}
   size_t MaxNewSize                               = 941621248                                 {product} {ergonomic}
   size_t MinHeapDeltaBytes                        = 1048576                                   {product} {ergonomic}
   size_t MinHeapSize                              = 8388608                                   {product} {ergonomic}
    uintx NonNMethodCodeHeapSize                   = 5832704                                {pd product} {ergonomic}
    uintx NonProfiledCodeHeapSize                  = 122945536                              {pd product} {ergonomic}
    uintx ProfiledCodeHeapSize                     = 122880000                              {pd product} {ergonomic}
    uintx ReservedCodeCacheSize                    = 251658240                              {pd product} {ergonomic}
     bool SegmentedCodeCache                       = true                                      {product} {ergonomic}
   size_t SoftMaxHeapSize                          = 1570766848                             {manageable} {ergonomic}
     bool UseCompressedOops                        = true                           {product lp64_product} {ergonomic}
     bool UseG1GC                                  = true                                      {product} {ergonomic}
     bool UseLargePagesIndividualAllocation        = false                                  {pd product} {ergonomic}

Logging:
Log output configuration:
 #0: stdout all=warning uptime,level,tags foldmultilines=false
 #1: stderr all=off uptime,level,tags foldmultilines=false

Environment Variables:
JAVA_HOME=C:\Program Files\Java\jdk-23
PATH=C:\Program Files\Common Files\Oracle\Java\javapath;C:\Program Files\Eclipse Adoptium\jdk-17.0.7.7-hotspot\bin;C:\WINDOWS\system32;C:\WINDOWS;C:\WINDOWS\System32\Wbem;C:\WINDOWS\System32\WindowsPowerShell\v1.0\;C:\Program Files (x86)\Common Files\lenovo\easyplussdk\bin;C:\WINDOWS\System32\OpenSSH\;C:\Program Files (x86)\Microsoft SQL Server\160\Tools\Binn\;C:\Program Files\Microsoft SQL Server\160\Tools\Binn\;C:\Program Files\Microsoft SQL Server\Client SDK\ODBC\170\Tools\Binn\;C:\Program Files\Microsoft SQL Server\160\DTS\Binn\;C:\Program Files (x86)\Microsoft SQL Server\160\DTS\Binn\;C:\Program Files\Azure Data Studio\bin;C:\Program Files\dotnet\;C:\Program Files\Git\cmd;C:\Program Files\nodejs\;C:\Users\maico\AppData\Local\Microsoft\WindowsApps;;C:\Program Files\Azure Data Studio\bin;C:\Users\maico\.dotnet\tools;C:\Users\maico\AppData\Local\Programs\Microsoft VS Code\bin;C:\Users\maico\AppData\Roaming\npm
USERNAME=maico
OS=Windows_NT
PROCESSOR_IDENTIFIER=Intel64 Family 6 Model 78 Stepping 3, GenuineIntel
TMP=C:\Users\maico\AppData\Local\Temp
TEMP=C:\Users\maico\AppData\Local\Temp




Periodic native trim disabled

---------------  S Y S T E M  ---------------

OS:
 Windows 10 , 64 bit Build 19041 (10.0.19041.5198)
OS uptime: 0 days 21:24 hours

CPU: total 4 (initial active 4) (2 cores per cpu, 2 threads per core) family 6 model 78 stepping 3 microcode 0xcc, cx8, cmov, fxsr, ht, mmx, 3dnowpref, sse, sse2, sse3, ssse3, sse4.1, sse4.2, popcnt, lzcnt, tsc, tscinvbit, avx, avx2, aes, erms, clmul, bmi1, bmi2, adx, fma, vzeroupper, clflush, clflushopt, rdtscp, f16c
Processor Information for the first 4 processors :
  Max Mhz: 2592, Current Mhz: 2492, Mhz Limit: 2488

Memory: 4k page, system-wide physical 5985M (537M free)
TotalPageFile size 5985M (AvailPageFile size 31M)
current process WorkingSet (physical memory assigned to process): 138M, peak: 165M
current process commit charge ("private bytes"): 199M, peak: 229M

vm_info: Java HotSpot(TM) 64-Bit Server VM (23.0.1+11-39) for windows-amd64 JRE (23.0.1+11-39), built on 2024-09-30T07:20:43Z with MS VC++ 17.6 (VS2022)

END.
