#
# There is insufficient memory for the Java Runtime Environment to continue.
# Native memory allocation (malloc) failed to allocate 1143216 bytes. Error detail: Chunk::new
# Possible reasons:
#   The system is out of physical RAM or swap space
#   This process is running with CompressedOops enabled, and the Java Heap may be blocking the growth of the native heap
# Possible solutions:
#   Reduce memory load on the system
#   Increase physical memory or swap space
#   Check if swap backing store is full
#   Decrease Java heap size (-Xmx/-Xms)
#   Decrease number of Java threads
#   Decrease Java thread stack sizes (-Xss)
#   Set larger code cache with -XX:ReservedCodeCacheSize=
#   JVM is running with Unscaled Compressed Oops mode in which the Java heap is
#     placed in the first 4GB address space. The Java Heap base address is the
#     maximum limit for the native heap growth. Please use -XX:HeapBaseMinAddress
#     to set the Java Heap base and to place the Java Heap above 4GB virtual address.
# This output file may be truncated or incomplete.
#
#  Out of Memory Error (arena.cpp:149), pid=13492, tid=10508
#
# JRE version: Java(TM) SE Runtime Environment (23.0.1+11) (build 23.0.1+11-39)
# Java VM: Java HotSpot(TM) 64-Bit Server VM (23.0.1+11-39, mixed mode, sharing, tiered, compressed oops, compressed class ptrs, g1 gc, windows-amd64)
# No core dump will be written. Minidumps are not enabled by default on client versions of Windows
#

---------------  S U M M A R Y ------------

Command Line: -Dclassworlds.conf=C:\Program Files\NetBeans-23\netbeans\java\maven\bin\m2.conf -Dmaven.home=C:\Program Files\NetBeans-23\netbeans\java\maven -Dlibrary.jansi.path=C:\Program Files\NetBeans-23\netbeans\java\maven\lib\jansi-native -Dmaven.multiModuleProjectDirectory=C:\Users\maico\OneDrive\Escritorio\PROYECTO FINAL AP\GestionDeProducciones org.codehaus.plexus.classworlds.launcher.Launcher -Dexec.vmArgs= -Dexec.args=${exec.vmArgs} -classpath %classpath ${exec.mainClass} ${exec.appArgs} -Dexec.appArgs= -Dexec.mainClass=fabrica.gestiondeproducciones.GestionDeProducciones -Dexec.executable=C:\Program Files\Java\jdk-23\bin\java.exe -Dmaven.ext.class.path=C:\Program Files\NetBeans-23\netbeans\java\maven-nblib\netbeans-eventspy.jar --no-transfer-progress process-classes org.codehaus.mojo:exec-maven-plugin:3.1.0:exec

Host: Intel(R) Core(TM) i7-6500U CPU @ 2.50GHz, 4 cores, 5G,  Windows 10 , 64 bit Build 19041 (10.0.19041.5198)
Time: Tue Dec 24 14:10:33 2024 Hora estándar de Montevideo elapsed time: 4.179047 seconds (0d 0h 0m 4s)

---------------  T H R E A D  ---------------

Current thread (0x00000148dd80ae50):  JavaThread "C2 CompilerThread1" daemon [_thread_in_native, id=10508, stack(0x0000000640b00000,0x0000000640c00000) (1024K)]


Current CompileTask:
C2:4179 4115       4       java.lang.invoke.MethodType::methodType (69 bytes)

Stack: [0x0000000640b00000,0x0000000640c00000]
Native frames: (J=compiled Java code, j=interpreted, Vv=VM code, C=native code)
V  [jvm.dll+0x6e08b9]  (no source info available)
V  [jvm.dll+0x87dc83]  (no source info available)
V  [jvm.dll+0x88010e]  (no source info available)
V  [jvm.dll+0x8807e3]  (no source info available)
V  [jvm.dll+0x27aee6]  (no source info available)
V  [jvm.dll+0xbc06f]  (no source info available)
V  [jvm.dll+0xbc2cb]  (no source info available)
V  [jvm.dll+0x3b3a62]  (no source info available)
V  [jvm.dll+0x1dc19c]  (no source info available)
V  [jvm.dll+0x244be5]  (no source info available)
V  [jvm.dll+0x243dff]  (no source info available)
V  [jvm.dll+0x1c33a0]  (no source info available)
V  [jvm.dll+0x253cf1]  (no source info available)
V  [jvm.dll+0x251faa]  (no source info available)
V  [jvm.dll+0x3ee036]  (no source info available)
V  [jvm.dll+0x824f8b]  (no source info available)
V  [jvm.dll+0x6df065]  (no source info available)
C  [ucrtbase.dll+0x21bb2]  (no source info available)
C  [KERNEL32.DLL+0x17374]  (no source info available)
C  [ntdll.dll+0x4cc91]  (no source info available)

Lock stack of current Java thread (top to bottom):


---------------  P R O C E S S  ---------------

Threads class SMR info:
_java_thread_list=0x00000148dd5f94e0, length=12, elements={
0x00000148f9cdea50, 0x00000148978d3790, 0x00000148978d46b0, 0x00000148978db800,
0x00000148978dc870, 0x00000148978dfe90, 0x00000148978e4590, 0x00000148978e7ad0,
0x00000148978ead30, 0x0000014897a66dd0, 0x0000014897a70100, 0x00000148dd80ae50
}

Java Threads: ( => current thread )
  0x00000148f9cdea50 JavaThread "main"                              [_thread_in_native, id=13536, stack(0x000000063f600000,0x000000063f700000) (1024K)]
  0x00000148978d3790 JavaThread "Reference Handler"          daemon [_thread_blocked, id=14888, stack(0x000000063fe00000,0x000000063ff00000) (1024K)]
  0x00000148978d46b0 JavaThread "Finalizer"                  daemon [_thread_blocked, id=6212, stack(0x000000063ff00000,0x0000000640000000) (1024K)]
  0x00000148978db800 JavaThread "Signal Dispatcher"          daemon [_thread_blocked, id=11772, stack(0x0000000640000000,0x0000000640100000) (1024K)]
  0x00000148978dc870 JavaThread "Attach Listener"            daemon [_thread_blocked, id=13992, stack(0x0000000640100000,0x0000000640200000) (1024K)]
  0x00000148978dfe90 JavaThread "Service Thread"             daemon [_thread_blocked, id=12424, stack(0x0000000640200000,0x0000000640300000) (1024K)]
  0x00000148978e4590 JavaThread "Monitor Deflation Thread"   daemon [_thread_blocked, id=5724, stack(0x0000000640300000,0x0000000640400000) (1024K)]
  0x00000148978e7ad0 JavaThread "C2 CompilerThread0"         daemon [_thread_blocked, id=11544, stack(0x0000000640400000,0x0000000640500000) (1024K)]
  0x00000148978ead30 JavaThread "C1 CompilerThread0"         daemon [_thread_blocked, id=14116, stack(0x0000000640500000,0x0000000640600000) (1024K)]
  0x0000014897a66dd0 JavaThread "Notification Thread"        daemon [_thread_blocked, id=2432, stack(0x0000000640600000,0x0000000640700000) (1024K)]
  0x0000014897a70100 JavaThread "Common-Cleaner"             daemon [_thread_blocked, id=7344, stack(0x0000000640700000,0x0000000640800000) (1024K)]
=>0x00000148dd80ae50 JavaThread "C2 CompilerThread1"         daemon [_thread_in_native, id=10508, stack(0x0000000640b00000,0x0000000640c00000) (1024K)]
Total: 12

Other Threads:
  0x00000148978bb660 VMThread "VM Thread"                           [id=3240, stack(0x000000063fd00000,0x000000063fe00000) (1024K)]
  0x00000148978a7940 WatcherThread "VM Periodic Task Thread"        [id=1920, stack(0x000000063fc00000,0x000000063fd00000) (1024K)]
  0x00000148fbf585b0 WorkerThread "GC Thread#0"                     [id=6548, stack(0x000000063f700000,0x000000063f800000) (1024K)]
  0x00000148dd75b690 WorkerThread "GC Thread#1"                     [id=5128, stack(0x0000000640800000,0x0000000640900000) (1024K)]
  0x00000148dd7c1650 WorkerThread "GC Thread#2"                     [id=11976, stack(0x0000000640900000,0x0000000640a00000) (1024K)]
  0x00000148dd7c3a10 WorkerThread "GC Thread#3"                     [id=13284, stack(0x0000000640a00000,0x0000000640b00000) (1024K)]
  0x00000148fbf680d0 ConcurrentGCThread "G1 Main Marker"            [id=11848, stack(0x000000063f800000,0x000000063f900000) (1024K)]
  0x00000148fbf69290 WorkerThread "G1 Conc#0"                       [id=14060, stack(0x000000063f900000,0x000000063fa00000) (1024K)]
  0x00000148fbfdab80 ConcurrentGCThread "G1 Refine#0"               [id=5224, stack(0x000000063fa00000,0x000000063fb00000) (1024K)]
  0x00000148fbfdc620 ConcurrentGCThread "G1 Service"                [id=13808, stack(0x000000063fb00000,0x000000063fc00000) (1024K)]
Total: 10

Threads with active compile tasks:
C2 CompilerThread1  4365 4115       4       java.lang.invoke.MethodType::methodType (69 bytes)
Total: 1

VM state: not at safepoint (normal execution)

VM Mutex/Monitor currently owned by a thread: None

OutOfMemory and StackOverflow Exception counts:
OutOfMemoryError java_heap_errors=1
LinkageErrors=37

Heap address: 0x00000000a2600000, size: 1498 MB, Compressed Oops mode: 32-bit

CDS archive(s) mapped at: [0x0000014898000000-0x0000014898d70000-0x0000014898d70000), size 14090240, SharedBaseAddress: 0x0000014898000000, ArchiveRelocationMode: 1.
Compressed class space mapped at: 0x0000014899000000-0x00000148d9000000, reserved size: 1073741824
Narrow klass base: 0x0000014898000000, Narrow klass shift: 0, Narrow klass range: 0x41000000

GC Precious Log:
 CardTable entry size: 512
 Card Set container configuration: InlinePtr #cards 5 size 8 Array Of Cards #cards 10 size 36 Howl #buckets 4 coarsen threshold 1843 Howl Bitmap #cards 512 size 80 coarsen threshold 460 Card regions per heap region 1 cards per card region 2048
 CPUs: 4 total, 4 available
 Memory: 5985M
 Large Page Support: Disabled
 NUMA Support: Disabled
 Compressed Oops: Enabled (32-bit)
 Heap Region Size: 1M
 Heap Min Capacity: 8M
 Heap Initial Capacity: 94M
 Heap Max Capacity: 1498M
 Pre-touch: Disabled
 Parallel Workers: 4
 Concurrent Workers: 1
 Concurrent Refinement Workers: 4
 Periodic GC: Disabled

Heap:
 garbage-first heap   total reserved 1533952K, committed 96256K, used 27958K [0x00000000a2600000, 0x0000000100000000)
  region size 1024K, 23 young (23552K), 6 survivors (6144K)
 Metaspace       used 19476K, committed 19712K, reserved 1114112K
  class space    used 2381K, committed 2496K, reserved 1048576K

Heap Regions: E=young(eden), S=young(survivor), O=old, HS=humongous(starts), HC=humongous(continues), CS=collection set, F=free, TAMS=top-at-mark-start, PB=parsable bottom
|   0|0x00000000a2600000, 0x00000000a2700000, 0x00000000a2700000|100%| O|  |TAMS 0x00000000a2600000| PB 0x00000000a2600000| Untracked |  0
|   1|0x00000000a2700000, 0x00000000a2800000, 0x00000000a2800000|100%| O|  |TAMS 0x00000000a2700000| PB 0x00000000a2700000| Untracked |  0
|   2|0x00000000a2800000, 0x00000000a2900000, 0x00000000a2900000|100%| O|  |TAMS 0x00000000a2800000| PB 0x00000000a2800000| Untracked |  0
|   3|0x00000000a2900000, 0x00000000a294d928, 0x00000000a2a00000| 30%| O|  |TAMS 0x00000000a2900000| PB 0x00000000a2900000| Untracked |  0
|   4|0x00000000a2a00000, 0x00000000a2b00000, 0x00000000a2b00000|100%|HS|  |TAMS 0x00000000a2a00000| PB 0x00000000a2a00000| Complete |  0
|   5|0x00000000a2b00000, 0x00000000a2c00000, 0x00000000a2c00000|100%|HC|  |TAMS 0x00000000a2b00000| PB 0x00000000a2b00000| Complete |  0
|   6|0x00000000a2c00000, 0x00000000a2c00000, 0x00000000a2d00000|  0%| F|  |TAMS 0x00000000a2c00000| PB 0x00000000a2c00000| Untracked |  0
|   7|0x00000000a2d00000, 0x00000000a2d00000, 0x00000000a2e00000|  0%| F|  |TAMS 0x00000000a2d00000| PB 0x00000000a2d00000| Untracked |  0
|   8|0x00000000a2e00000, 0x00000000a2e00000, 0x00000000a2f00000|  0%| F|  |TAMS 0x00000000a2e00000| PB 0x00000000a2e00000| Untracked |  0
|   9|0x00000000a2f00000, 0x00000000a2f00000, 0x00000000a3000000|  0%| F|  |TAMS 0x00000000a2f00000| PB 0x00000000a2f00000| Untracked |  0
|  10|0x00000000a3000000, 0x00000000a3000000, 0x00000000a3100000|  0%| F|  |TAMS 0x00000000a3000000| PB 0x00000000a3000000| Untracked |  0
|  11|0x00000000a3100000, 0x00000000a3100000, 0x00000000a3200000|  0%| F|  |TAMS 0x00000000a3100000| PB 0x00000000a3100000| Untracked |  0
|  12|0x00000000a3200000, 0x00000000a3200000, 0x00000000a3300000|  0%| F|  |TAMS 0x00000000a3200000| PB 0x00000000a3200000| Untracked |  0
|  13|0x00000000a3300000, 0x00000000a3300000, 0x00000000a3400000|  0%| F|  |TAMS 0x00000000a3300000| PB 0x00000000a3300000| Untracked |  0
|  14|0x00000000a3400000, 0x00000000a3400000, 0x00000000a3500000|  0%| F|  |TAMS 0x00000000a3400000| PB 0x00000000a3400000| Untracked |  0
|  15|0x00000000a3500000, 0x00000000a3500000, 0x00000000a3600000|  0%| F|  |TAMS 0x00000000a3500000| PB 0x00000000a3500000| Untracked |  0
|  16|0x00000000a3600000, 0x00000000a3600000, 0x00000000a3700000|  0%| F|  |TAMS 0x00000000a3600000| PB 0x00000000a3600000| Untracked |  0
|  17|0x00000000a3700000, 0x00000000a3700000, 0x00000000a3800000|  0%| F|  |TAMS 0x00000000a3700000| PB 0x00000000a3700000| Untracked |  0
|  18|0x00000000a3800000, 0x00000000a3800000, 0x00000000a3900000|  0%| F|  |TAMS 0x00000000a3800000| PB 0x00000000a3800000| Untracked |  0
|  19|0x00000000a3900000, 0x00000000a3900000, 0x00000000a3a00000|  0%| F|  |TAMS 0x00000000a3900000| PB 0x00000000a3900000| Untracked |  0
|  20|0x00000000a3a00000, 0x00000000a3a00000, 0x00000000a3b00000|  0%| F|  |TAMS 0x00000000a3a00000| PB 0x00000000a3a00000| Untracked |  0
|  21|0x00000000a3b00000, 0x00000000a3b00000, 0x00000000a3c00000|  0%| F|  |TAMS 0x00000000a3b00000| PB 0x00000000a3b00000| Untracked |  0
|  22|0x00000000a3c00000, 0x00000000a3c00000, 0x00000000a3d00000|  0%| F|  |TAMS 0x00000000a3c00000| PB 0x00000000a3c00000| Untracked |  0
|  23|0x00000000a3d00000, 0x00000000a3d00000, 0x00000000a3e00000|  0%| F|  |TAMS 0x00000000a3d00000| PB 0x00000000a3d00000| Untracked |  0
|  24|0x00000000a3e00000, 0x00000000a3e00000, 0x00000000a3f00000|  0%| F|  |TAMS 0x00000000a3e00000| PB 0x00000000a3e00000| Untracked |  0
|  25|0x00000000a3f00000, 0x00000000a3f00000, 0x00000000a4000000|  0%| F|  |TAMS 0x00000000a3f00000| PB 0x00000000a3f00000| Untracked |  0
|  26|0x00000000a4000000, 0x00000000a4000000, 0x00000000a4100000|  0%| F|  |TAMS 0x00000000a4000000| PB 0x00000000a4000000| Untracked |  0
|  27|0x00000000a4100000, 0x00000000a4100000, 0x00000000a4200000|  0%| F|  |TAMS 0x00000000a4100000| PB 0x00000000a4100000| Untracked |  0
|  28|0x00000000a4200000, 0x00000000a4200000, 0x00000000a4300000|  0%| F|  |TAMS 0x00000000a4200000| PB 0x00000000a4200000| Untracked |  0
|  29|0x00000000a4300000, 0x00000000a4300000, 0x00000000a4400000|  0%| F|  |TAMS 0x00000000a4300000| PB 0x00000000a4300000| Untracked |  0
|  30|0x00000000a4400000, 0x00000000a4400000, 0x00000000a4500000|  0%| F|  |TAMS 0x00000000a4400000| PB 0x00000000a4400000| Untracked |  0
|  31|0x00000000a4500000, 0x00000000a4500000, 0x00000000a4600000|  0%| F|  |TAMS 0x00000000a4500000| PB 0x00000000a4500000| Untracked |  0
|  32|0x00000000a4600000, 0x00000000a4600000, 0x00000000a4700000|  0%| F|  |TAMS 0x00000000a4600000| PB 0x00000000a4600000| Untracked |  0
|  33|0x00000000a4700000, 0x00000000a4700000, 0x00000000a4800000|  0%| F|  |TAMS 0x00000000a4700000| PB 0x00000000a4700000| Untracked |  0
|  34|0x00000000a4800000, 0x00000000a4800000, 0x00000000a4900000|  0%| F|  |TAMS 0x00000000a4800000| PB 0x00000000a4800000| Untracked |  0
|  35|0x00000000a4900000, 0x00000000a4900000, 0x00000000a4a00000|  0%| F|  |TAMS 0x00000000a4900000| PB 0x00000000a4900000| Untracked |  0
|  36|0x00000000a4a00000, 0x00000000a4a00000, 0x00000000a4b00000|  0%| F|  |TAMS 0x00000000a4a00000| PB 0x00000000a4a00000| Untracked |  0
|  37|0x00000000a4b00000, 0x00000000a4b00000, 0x00000000a4c00000|  0%| F|  |TAMS 0x00000000a4b00000| PB 0x00000000a4b00000| Untracked |  0
|  38|0x00000000a4c00000, 0x00000000a4c00000, 0x00000000a4d00000|  0%| F|  |TAMS 0x00000000a4c00000| PB 0x00000000a4c00000| Untracked |  0
|  39|0x00000000a4d00000, 0x00000000a4d00000, 0x00000000a4e00000|  0%| F|  |TAMS 0x00000000a4d00000| PB 0x00000000a4d00000| Untracked |  0
|  40|0x00000000a4e00000, 0x00000000a4e00000, 0x00000000a4f00000|  0%| F|  |TAMS 0x00000000a4e00000| PB 0x00000000a4e00000| Untracked |  0
|  41|0x00000000a4f00000, 0x00000000a4f00000, 0x00000000a5000000|  0%| F|  |TAMS 0x00000000a4f00000| PB 0x00000000a4f00000| Untracked |  0
|  42|0x00000000a5000000, 0x00000000a5000000, 0x00000000a5100000|  0%| F|  |TAMS 0x00000000a5000000| PB 0x00000000a5000000| Untracked |  0
|  43|0x00000000a5100000, 0x00000000a5100000, 0x00000000a5200000|  0%| F|  |TAMS 0x00000000a5100000| PB 0x00000000a5100000| Untracked |  0
|  44|0x00000000a5200000, 0x00000000a5200000, 0x00000000a5300000|  0%| F|  |TAMS 0x00000000a5200000| PB 0x00000000a5200000| Untracked |  0
|  45|0x00000000a5300000, 0x00000000a5300000, 0x00000000a5400000|  0%| F|  |TAMS 0x00000000a5300000| PB 0x00000000a5300000| Untracked |  0
|  46|0x00000000a5400000, 0x00000000a5500000, 0x00000000a5500000|100%| S|CS|TAMS 0x00000000a5400000| PB 0x00000000a5400000| Complete |  0
|  47|0x00000000a5500000, 0x00000000a5600000, 0x00000000a5600000|100%| S|CS|TAMS 0x00000000a5500000| PB 0x00000000a5500000| Complete |  0
|  48|0x00000000a5600000, 0x00000000a5700000, 0x00000000a5700000|100%| S|CS|TAMS 0x00000000a5600000| PB 0x00000000a5600000| Complete |  0
|  49|0x00000000a5700000, 0x00000000a5800000, 0x00000000a5800000|100%| S|CS|TAMS 0x00000000a5700000| PB 0x00000000a5700000| Complete |  0
|  50|0x00000000a5800000, 0x00000000a5900000, 0x00000000a5900000|100%| S|CS|TAMS 0x00000000a5800000| PB 0x00000000a5800000| Complete |  0
|  51|0x00000000a5900000, 0x00000000a5a00000, 0x00000000a5a00000|100%| S|CS|TAMS 0x00000000a5900000| PB 0x00000000a5900000| Complete |  0
|  52|0x00000000a5a00000, 0x00000000a5a00000, 0x00000000a5b00000|  0%| F|  |TAMS 0x00000000a5a00000| PB 0x00000000a5a00000| Untracked |  0
|  53|0x00000000a5b00000, 0x00000000a5b00000, 0x00000000a5c00000|  0%| F|  |TAMS 0x00000000a5b00000| PB 0x00000000a5b00000| Untracked |  0
|  54|0x00000000a5c00000, 0x00000000a5c00000, 0x00000000a5d00000|  0%| F|  |TAMS 0x00000000a5c00000| PB 0x00000000a5c00000| Untracked |  0
|  55|0x00000000a5d00000, 0x00000000a5d00000, 0x00000000a5e00000|  0%| F|  |TAMS 0x00000000a5d00000| PB 0x00000000a5d00000| Untracked |  0
|  56|0x00000000a5e00000, 0x00000000a5e00000, 0x00000000a5f00000|  0%| F|  |TAMS 0x00000000a5e00000| PB 0x00000000a5e00000| Untracked |  0
|  57|0x00000000a5f00000, 0x00000000a5f00000, 0x00000000a6000000|  0%| F|  |TAMS 0x00000000a5f00000| PB 0x00000000a5f00000| Untracked |  0
|  58|0x00000000a6000000, 0x00000000a6000000, 0x00000000a6100000|  0%| F|  |TAMS 0x00000000a6000000| PB 0x00000000a6000000| Untracked |  0
|  59|0x00000000a6100000, 0x00000000a6100000, 0x00000000a6200000|  0%| F|  |TAMS 0x00000000a6100000| PB 0x00000000a6100000| Untracked |  0
|  60|0x00000000a6200000, 0x00000000a6200000, 0x00000000a6300000|  0%| F|  |TAMS 0x00000000a6200000| PB 0x00000000a6200000| Untracked |  0
|  61|0x00000000a6300000, 0x00000000a6300000, 0x00000000a6400000|  0%| F|  |TAMS 0x00000000a6300000| PB 0x00000000a6300000| Untracked |  0
|  62|0x00000000a6400000, 0x00000000a6400000, 0x00000000a6500000|  0%| F|  |TAMS 0x00000000a6400000| PB 0x00000000a6400000| Untracked |  0
|  63|0x00000000a6500000, 0x00000000a6500000, 0x00000000a6600000|  0%| F|  |TAMS 0x00000000a6500000| PB 0x00000000a6500000| Untracked |  0
|  64|0x00000000a6600000, 0x00000000a6600000, 0x00000000a6700000|  0%| F|  |TAMS 0x00000000a6600000| PB 0x00000000a6600000| Untracked |  0
|  65|0x00000000a6700000, 0x00000000a6700000, 0x00000000a6800000|  0%| F|  |TAMS 0x00000000a6700000| PB 0x00000000a6700000| Untracked |  0
|  66|0x00000000a6800000, 0x00000000a6800000, 0x00000000a6900000|  0%| F|  |TAMS 0x00000000a6800000| PB 0x00000000a6800000| Untracked |  0
|  67|0x00000000a6900000, 0x00000000a6900000, 0x00000000a6a00000|  0%| F|  |TAMS 0x00000000a6900000| PB 0x00000000a6900000| Untracked |  0
|  68|0x00000000a6a00000, 0x00000000a6a00000, 0x00000000a6b00000|  0%| F|  |TAMS 0x00000000a6a00000| PB 0x00000000a6a00000| Untracked |  0
|  69|0x00000000a6b00000, 0x00000000a6b00000, 0x00000000a6c00000|  0%| F|  |TAMS 0x00000000a6b00000| PB 0x00000000a6b00000| Untracked |  0
|  70|0x00000000a6c00000, 0x00000000a6c00000, 0x00000000a6d00000|  0%| F|  |TAMS 0x00000000a6c00000| PB 0x00000000a6c00000| Untracked |  0
|  71|0x00000000a6d00000, 0x00000000a6d00000, 0x00000000a6e00000|  0%| F|  |TAMS 0x00000000a6d00000| PB 0x00000000a6d00000| Untracked |  0
|  72|0x00000000a6e00000, 0x00000000a6e00000, 0x00000000a6f00000|  0%| F|  |TAMS 0x00000000a6e00000| PB 0x00000000a6e00000| Untracked |  0
|  73|0x00000000a6f00000, 0x00000000a6f00000, 0x00000000a7000000|  0%| F|  |TAMS 0x00000000a6f00000| PB 0x00000000a6f00000| Untracked |  0
|  74|0x00000000a7000000, 0x00000000a7000000, 0x00000000a7100000|  0%| F|  |TAMS 0x00000000a7000000| PB 0x00000000a7000000| Untracked |  0
|  75|0x00000000a7100000, 0x00000000a7100000, 0x00000000a7200000|  0%| F|  |TAMS 0x00000000a7100000| PB 0x00000000a7100000| Untracked |  0
|  76|0x00000000a7200000, 0x00000000a7200000, 0x00000000a7300000|  0%| F|  |TAMS 0x00000000a7200000| PB 0x00000000a7200000| Untracked |  0
|  77|0x00000000a7300000, 0x00000000a7400000, 0x00000000a7400000|100%| E|  |TAMS 0x00000000a7300000| PB 0x00000000a7300000| Complete |  0
|  78|0x00000000a7400000, 0x00000000a7500000, 0x00000000a7500000|100%| E|CS|TAMS 0x00000000a7400000| PB 0x00000000a7400000| Complete |  0
|  79|0x00000000a7500000, 0x00000000a7600000, 0x00000000a7600000|100%| E|CS|TAMS 0x00000000a7500000| PB 0x00000000a7500000| Complete |  0
|  80|0x00000000a7600000, 0x00000000a7700000, 0x00000000a7700000|100%| E|CS|TAMS 0x00000000a7600000| PB 0x00000000a7600000| Complete |  0
|  81|0x00000000a7700000, 0x00000000a7800000, 0x00000000a7800000|100%| E|CS|TAMS 0x00000000a7700000| PB 0x00000000a7700000| Complete |  0
|  82|0x00000000a7800000, 0x00000000a7900000, 0x00000000a7900000|100%| E|CS|TAMS 0x00000000a7800000| PB 0x00000000a7800000| Complete |  0
|  83|0x00000000a7900000, 0x00000000a7a00000, 0x00000000a7a00000|100%| E|CS|TAMS 0x00000000a7900000| PB 0x00000000a7900000| Complete |  0
|  84|0x00000000a7a00000, 0x00000000a7b00000, 0x00000000a7b00000|100%| E|CS|TAMS 0x00000000a7a00000| PB 0x00000000a7a00000| Complete |  0
|  85|0x00000000a7b00000, 0x00000000a7c00000, 0x00000000a7c00000|100%| E|CS|TAMS 0x00000000a7b00000| PB 0x00000000a7b00000| Complete |  0
|  86|0x00000000a7c00000, 0x00000000a7d00000, 0x00000000a7d00000|100%| E|CS|TAMS 0x00000000a7c00000| PB 0x00000000a7c00000| Complete |  0
|  87|0x00000000a7d00000, 0x00000000a7e00000, 0x00000000a7e00000|100%| E|CS|TAMS 0x00000000a7d00000| PB 0x00000000a7d00000| Complete |  0
|  88|0x00000000a7e00000, 0x00000000a7f00000, 0x00000000a7f00000|100%| E|CS|TAMS 0x00000000a7e00000| PB 0x00000000a7e00000| Complete |  0
|  89|0x00000000a7f00000, 0x00000000a8000000, 0x00000000a8000000|100%| E|CS|TAMS 0x00000000a7f00000| PB 0x00000000a7f00000| Complete |  0
|  90|0x00000000a8000000, 0x00000000a8100000, 0x00000000a8100000|100%| E|CS|TAMS 0x00000000a8000000| PB 0x00000000a8000000| Complete |  0
|  91|0x00000000a8100000, 0x00000000a8200000, 0x00000000a8200000|100%| E|CS|TAMS 0x00000000a8100000| PB 0x00000000a8100000| Complete |  0
|  92|0x00000000a8200000, 0x00000000a8300000, 0x00000000a8300000|100%| E|CS|TAMS 0x00000000a8200000| PB 0x00000000a8200000| Complete |  0
|  93|0x00000000a8300000, 0x00000000a8400000, 0x00000000a8400000|100%| E|CS|TAMS 0x00000000a8300000| PB 0x00000000a8300000| Complete |  0

Card table byte_map: [0x00000148fc2d0000,0x00000148fc5c0000] _byte_map_base: 0x00000148fbdbd000

Marking Bits: (CMBitMap*) 0x00000148fbf58bd0
 Bits: [0x00000148fc5c0000, 0x00000148fdd28000)

Polling page: 0x00000148f9ef0000

Metaspace:

Usage:
  Non-class:     16.69 MB used.
      Class:      2.33 MB used.
       Both:     19.02 MB used.

Virtual space:
  Non-class space:       64.00 MB reserved,      16.81 MB ( 26%) committed,  1 nodes.
      Class space:        1.00 GB reserved,       2.44 MB ( <1%) committed,  1 nodes.
             Both:        1.06 GB reserved,      19.25 MB (  2%) committed. 

Chunk freelists:
   Non-Class:  14.57 MB
       Class:  13.51 MB
        Both:  28.08 MB

MaxMetaspaceSize: unlimited
CompressedClassSpaceSize: 1.00 GB
Initial GC threshold: 21.00 MB
Current GC threshold: 21.00 MB
CDS: on
 - commit_granule_bytes: 65536.
 - commit_granule_words: 8192.
 - virtual_space_node_default_size: 8388608.
 - enlarge_chunks_in_place: 1.
 - use_allocation_guard: 0.


Internal statistics:

num_allocs_failed_limit: 0.
num_arena_births: 200.
num_arena_deaths: 0.
num_vsnodes_births: 2.
num_vsnodes_deaths: 0.
num_space_committed: 308.
num_space_uncommitted: 0.
num_chunks_returned_to_freelist: 0.
num_chunks_taken_from_freelist: 856.
num_chunk_merges: 0.
num_chunk_splits: 597.
num_chunks_enlarged: 483.
num_inconsistent_stats: 0.

CodeHeap 'non-profiled nmethods': size=120064Kb used=1436Kb max_used=1436Kb free=118627Kb
 bounds [0x0000014890130000, 0x00000148903a0000, 0x0000014897670000]
CodeHeap 'profiled nmethods': size=120000Kb used=6294Kb max_used=6294Kb free=113705Kb
 bounds [0x0000014888670000, 0x0000014888ca0000, 0x000001488fba0000]
CodeHeap 'non-nmethods': size=5696Kb used=1432Kb max_used=1452Kb free=4263Kb
 bounds [0x000001488fba0000, 0x000001488fe10000, 0x0000014890130000]
CodeCache: size=245760Kb, used=9162Kb, max_used=9182Kb, free=236595Kb
 total_blobs=4735, nmethods=4203, adapters=436, full_count=0
Compilation: enabled, stopped_count=0, restarted_count=0

Compilation events (20 events):
Event: 4.145 Thread 0x00000148978e7ad0 4180       4       java.lang.ClassLoader::getClassLoadingLock (35 bytes)
Event: 4.147 Thread 0x00000148978e7ad0 nmethod 4180 0x0000014890295e88 code [0x0000014890295fa0, 0x00000148902960f0]
Event: 4.148 Thread 0x00000148978ead30 4181       3       java.lang.invoke.InfoFromMemberName::getName (8 bytes)
Event: 4.149 Thread 0x00000148978ead30 nmethod 4181 0x0000014888c8f008 code [0x0000014888c8f160, 0x0000014888c8f500]
Event: 4.149 Thread 0x00000148978ead30 4182       3       java.lang.invoke.InfoFromMemberName::getMethodType (8 bytes)
Event: 4.149 Thread 0x00000148978ead30 nmethod 4182 0x0000014888c8f588 code [0x0000014888c8f6a0, 0x0000014888c8f7e0]
Event: 4.153 Thread 0x00000148978ead30 4183       3       java.nio.MappedByteBuffer::position (6 bytes)
Event: 4.153 Thread 0x00000148978ead30 nmethod 4183 0x0000014888c8f888 code [0x0000014888c8f9c0, 0x0000014888c8fbd0]
Event: 4.153 Thread 0x00000148978ead30 4184       3       java.nio.ByteBuffer::<init> (14 bytes)
Event: 4.154 Thread 0x00000148978ead30 nmethod 4184 0x0000014888c8fc08 code [0x0000014888c8fd20, 0x0000014888c8fe70]
Event: 4.154 Thread 0x00000148978ead30 4185       3       java.nio.MappedByteBuffer::limit (6 bytes)
Event: 4.154 Thread 0x00000148978ead30 nmethod 4185 0x0000014888c8ff08 code [0x0000014888c90040, 0x0000014888c90250]
Event: 4.156 Thread 0x00000148978ead30 4186       3       java.nio.MappedByteBuffer::limit (6 bytes)
Event: 4.156 Thread 0x00000148978ead30 nmethod 4186 0x0000014888c90288 code [0x0000014888c903c0, 0x0000014888c905d0]
Event: 4.160 Thread 0x00000148978ead30 4187       3       java.lang.invoke.BootstrapMethodInvoker::isLambdaMetafactoryIndyBSM (13 bytes)
Event: 4.160 Thread 0x00000148978ead30 nmethod 4187 0x0000014888c90608 code [0x0000014888c90720, 0x0000014888c90868]
Event: 4.161 Thread 0x00000148978ead30 4188       3       java.lang.StringBuilder::append (9 bytes)
Event: 4.161 Thread 0x00000148978ead30 nmethod 4188 0x0000014888c90908 code [0x0000014888c90a60, 0x0000014888c90d90]
Event: 4.161 Thread 0x00000148978e7ad0 4189       4       java.nio.CharBuffer::array (35 bytes)
Event: 4.162 Thread 0x00000148978e7ad0 nmethod 4189 0x0000014890296188 code [0x0000014890296280, 0x0000014890296338]

GC Heap History (8 events):
Event: 0.648 GC heap before
{Heap before GC invocations=0 (full 0):
 garbage-first heap   total reserved 1533952K, committed 96256K, used 14336K [0x00000000a2600000, 0x0000000100000000)
  region size 1024K, 14 young (14336K), 0 survivors (0K)
 Metaspace       used 4133K, committed 4352K, reserved 1114112K
  class space    used 447K, committed 576K, reserved 1048576K
}
Event: 0.654 GC heap after
{Heap after GC invocations=1 (full 0):
 garbage-first heap   total reserved 1533952K, committed 96256K, used 3168K [0x00000000a2600000, 0x0000000100000000)
  region size 1024K, 2 young (2048K), 2 survivors (2048K)
 Metaspace       used 4133K, committed 4352K, reserved 1114112K
  class space    used 447K, committed 576K, reserved 1048576K
}
Event: 1.006 GC heap before
{Heap before GC invocations=1 (full 0):
 garbage-first heap   total reserved 1533952K, committed 96256K, used 16480K [0x00000000a2600000, 0x0000000100000000)
  region size 1024K, 15 young (15360K), 2 survivors (2048K)
 Metaspace       used 6204K, committed 6400K, reserved 1114112K
  class space    used 763K, committed 896K, reserved 1048576K
}
Event: 1.011 GC heap after
{Heap after GC invocations=2 (full 0):
 garbage-first heap   total reserved 1533952K, committed 96256K, used 4250K [0x00000000a2600000, 0x0000000100000000)
  region size 1024K, 1 young (1024K), 1 survivors (1024K)
 Metaspace       used 6204K, committed 6400K, reserved 1114112K
  class space    used 763K, committed 896K, reserved 1048576K
}
Event: 1.908 GC heap before
{Heap before GC invocations=2 (full 0):
 garbage-first heap   total reserved 1533952K, committed 96256K, used 37018K [0x00000000a2600000, 0x0000000100000000)
  region size 1024K, 34 young (34816K), 1 survivors (1024K)
 Metaspace       used 11438K, committed 11648K, reserved 1114112K
  class space    used 1422K, committed 1536K, reserved 1048576K
}
Event: 1.913 GC heap after
{Heap after GC invocations=3 (full 0):
 garbage-first heap   total reserved 1533952K, committed 96256K, used 6148K [0x00000000a2600000, 0x0000000100000000)
  region size 1024K, 3 young (3072K), 3 survivors (3072K)
 Metaspace       used 11438K, committed 11648K, reserved 1114112K
  class space    used 1422K, committed 1536K, reserved 1048576K
}
Event: 3.281 GC heap before
{Heap before GC invocations=3 (full 0):
 garbage-first heap   total reserved 1533952K, committed 96256K, used 46084K [0x00000000a2600000, 0x0000000100000000)
  region size 1024K, 42 young (43008K), 3 survivors (3072K)
 Metaspace       used 16281K, committed 16512K, reserved 1114112K
  class space    used 2022K, committed 2112K, reserved 1048576K
}
Event: 3.297 GC heap after
{Heap after GC invocations=4 (full 0):
 garbage-first heap   total reserved 1533952K, committed 96256K, used 9526K [0x00000000a2600000, 0x0000000100000000)
  region size 1024K, 6 young (6144K), 6 survivors (6144K)
 Metaspace       used 16281K, committed 16512K, reserved 1114112K
  class space    used 2022K, committed 2112K, reserved 1048576K
}

Dll operation events (8 events):
Event: 0.013 Loaded shared library C:\Program Files\Java\jdk-23\bin\java.dll
Event: 0.048 Loaded shared library C:\Program Files\Java\jdk-23\bin\jsvml.dll
Event: 0.071 Loaded shared library C:\Program Files\Java\jdk-23\bin\net.dll
Event: 0.074 Loaded shared library C:\Program Files\Java\jdk-23\bin\nio.dll
Event: 0.079 Loaded shared library C:\Program Files\Java\jdk-23\bin\zip.dll
Event: 0.279 Loaded shared library C:\Program Files\Java\jdk-23\bin\jimage.dll
Event: 0.281 Loaded shared library C:\Program Files\NetBeans-23\netbeans\java\maven\lib\jansi-native\Windows\x86_64\jansi.dll
Event: 0.297 Loaded shared library C:\Program Files\Java\jdk-23\bin\verify.dll

Deoptimization events (20 events):
Event: 3.572 Thread 0x00000148f9cdea50 DEOPT PACKING pc=0x0000014890279fe8 sp=0x000000063f6fcf50
Event: 3.572 Thread 0x00000148f9cdea50 DEOPT UNPACKING pc=0x000001488fbf4402 sp=0x000000063f6fcee0 mode 2
Event: 3.764 Thread 0x00000148f9cdea50 DEOPT PACKING pc=0x00000148886f1e9c sp=0x000000063f6fd350
Event: 3.764 Thread 0x00000148f9cdea50 DEOPT UNPACKING pc=0x000001488fbf4b22 sp=0x000000063f6fc850 mode 0
Event: 3.834 Thread 0x00000148f9cdea50 Uncommon trap: trap_request=0xffffffc6 fr.pc=0x0000014890196884 relative=0x00000000000003a4
Event: 3.834 Thread 0x00000148f9cdea50 Uncommon trap: reason=bimorphic_or_optimized_type_check action=maybe_recompile pc=0x0000014890196884 method=java.nio.Buffer.<init>(IIIILjava/lang/foreign/MemorySegment;)V @ 39 c2
Event: 3.834 Thread 0x00000148f9cdea50 DEOPT PACKING pc=0x0000014890196884 sp=0x000000063f6f8ae0
Event: 3.834 Thread 0x00000148f9cdea50 DEOPT UNPACKING pc=0x000001488fbf4402 sp=0x000000063f6f8a88 mode 2
Event: 3.834 Thread 0x00000148f9cdea50 Uncommon trap: trap_request=0xffffffc6 fr.pc=0x0000014890196884 relative=0x00000000000003a4
Event: 3.834 Thread 0x00000148f9cdea50 Uncommon trap: reason=bimorphic_or_optimized_type_check action=maybe_recompile pc=0x0000014890196884 method=java.nio.Buffer.<init>(IIIILjava/lang/foreign/MemorySegment;)V @ 39 c2
Event: 3.834 Thread 0x00000148f9cdea50 DEOPT PACKING pc=0x0000014890196884 sp=0x000000063f6f8ae0
Event: 3.834 Thread 0x00000148f9cdea50 DEOPT UNPACKING pc=0x000001488fbf4402 sp=0x000000063f6f8a88 mode 2
Event: 3.928 Thread 0x00000148f9cdea50 Uncommon trap: trap_request=0xffffffbe fr.pc=0x00000148901fcccc relative=0x000000000000122c
Event: 3.928 Thread 0x00000148f9cdea50 Uncommon trap: reason=profile_predicate action=maybe_recompile pc=0x00000148901fcccc method=java.util.TimSort.binarySort([Ljava/lang/Object;IIILjava/util/Comparator;)V @ 34 c2
Event: 3.928 Thread 0x00000148f9cdea50 DEOPT PACKING pc=0x00000148901fcccc sp=0x000000063f6fe240
Event: 3.928 Thread 0x00000148f9cdea50 DEOPT UNPACKING pc=0x000001488fbf4402 sp=0x000000063f6fe210 mode 2
Event: 4.114 Thread 0x00000148f9cdea50 Uncommon trap: trap_request=0xffffff45 fr.pc=0x00000148901bb4c4 relative=0x0000000000000ae4
Event: 4.114 Thread 0x00000148f9cdea50 Uncommon trap: reason=unstable_if action=reinterpret pc=0x00000148901bb4c4 method=jdk.internal.module.SystemModuleFinders$SystemModuleReader.find(Ljava/lang/String;)Ljava/util/Optional; @ 5 c2
Event: 4.114 Thread 0x00000148f9cdea50 DEOPT PACKING pc=0x00000148901bb4c4 sp=0x000000063f6fd290
Event: 4.114 Thread 0x00000148f9cdea50 DEOPT UNPACKING pc=0x000001488fbf4402 sp=0x000000063f6fd268 mode 2

Classes loaded (20 events):
Event: 4.145 Loading class java/nio/file/NotDirectoryException
Event: 4.145 Loading class java/nio/file/NotDirectoryException done
Event: 4.146 Loading class java/nio/file/attribute/PosixFilePermissions
Event: 4.146 Loading class java/nio/file/attribute/PosixFilePermissions done
Event: 4.146 Loading class java/nio/file/attribute/PosixFilePermission
Event: 4.146 Loading class java/nio/file/attribute/PosixFilePermission done
Event: 4.149 Loading class sun/nio/fs/WindowsAclFileAttributeView
Event: 4.149 Loading class sun/nio/fs/AbstractAclFileAttributeView
Event: 4.149 Loading class java/nio/file/attribute/AclFileAttributeView
Event: 4.149 Loading class java/nio/file/attribute/FileOwnerAttributeView
Event: 4.149 Loading class java/nio/file/attribute/FileOwnerAttributeView done
Event: 4.149 Loading class java/nio/file/attribute/AclFileAttributeView done
Event: 4.149 Loading class sun/nio/fs/AbstractAclFileAttributeView done
Event: 4.149 Loading class sun/nio/fs/WindowsAclFileAttributeView done
Event: 4.149 Loading class sun/nio/fs/WindowsSecurity
Event: 4.150 Loading class sun/nio/fs/WindowsSecurity done
Event: 4.154 Loading class java/nio/file/attribute/PosixFileAttributeView
Event: 4.155 Loading class java/nio/file/attribute/PosixFileAttributeView done
Event: 4.162 Loading class java/util/Formatter$FormatSpecifierParser
Event: 4.175 Loading class java/util/Formatter$FormatSpecifierParser done

Classes unloaded (0 events):
No events

Classes redefined (0 events):
No events

Internal exceptions (20 events):
Event: 2.267 Thread 0x00000148f9cdea50 Exception <a 'java/lang/NoSuchMethodError'{0x00000000a79b6008}: 'void java.lang.invoke.DirectMethodHandle$Holder.invokeVirtual(java.lang.Object, java.lang.Object)'> (0x00000000a79b6008) 
thrown [s\open\src\hotspot\share\interpreter\linkResolver.cpp, line 796]
Event: 2.321 Thread 0x00000148f9cdea50 Exception <a 'java/lang/NoSuchMethodError'{0x00000000a7845480}: 'java.lang.Object java.lang.invoke.DirectMethodHandle$Holder.invokeStaticInit(java.lang.Object, int, int, int, int)'> (0x00000000a7845480) 
thrown [s\open\src\hotspot\share\interpreter\linkResolver.cpp, line 796]
Event: 2.498 Thread 0x00000148f9cdea50 Exception <a 'java/lang/NoSuchMethodError'{0x00000000a74ddd50}: 'void java.lang.invoke.DirectMethodHandle$Holder.invokeSpecial(java.lang.Object, java.lang.Object, java.lang.Object, java.lang.Object, java.lang.Object)'> (0x00000000a74ddd50) 
thrown [s\open\src\hotspot\share\interpreter\linkResolver.cpp, line 796]
Event: 2.501 Thread 0x00000148f9cdea50 Exception <a 'java/lang/NoSuchMethodError'{0x00000000a74f81e8}: 'java.lang.Object java.lang.invoke.DirectMethodHandle$Holder.invokeVirtual(java.lang.Object, java.lang.Object, java.lang.Object)'> (0x00000000a74f81e8) 
thrown [s\open\src\hotspot\share\interpreter\linkResolver.cpp, line 796]
Event: 2.503 Thread 0x00000148f9cdea50 Exception <a 'java/lang/NoSuchMethodError'{0x00000000a73058a8}: 'void java.lang.invoke.DirectMethodHandle$Holder.invokeSpecial(java.lang.Object, java.lang.Object, java.lang.Object, java.lang.Object, java.lang.Object, java.lang.Object)'> (0x00000000a73058a8) 
thrown [s\open\src\hotspot\share\interpreter\linkResolver.cpp, line 796]
Event: 2.557 Thread 0x00000148f9cdea50 Exception <a 'java/lang/NoSuchMethodError'{0x00000000a72a2878}: 'void java.lang.invoke.DirectMethodHandle$Holder.invokeVirtual(java.lang.Object, java.lang.Object, int)'> (0x00000000a72a2878) 
thrown [s\open\src\hotspot\share\interpreter\linkResolver.cpp, line 796]
Event: 2.557 Thread 0x00000148f9cdea50 Exception <a 'java/lang/NoSuchMethodError'{0x00000000a72a6690}: 'void java.lang.invoke.DirectMethodHandle$Holder.invokeSpecial(java.lang.Object, java.lang.Object, java.lang.Object, int)'> (0x00000000a72a6690) 
thrown [s\open\src\hotspot\share\interpreter\linkResolver.cpp, line 796]
Event: 2.558 Thread 0x00000148f9cdea50 Exception <a 'java/lang/NoSuchMethodError'{0x00000000a72a9d78}: 'void java.lang.invoke.DelegatingMethodHandle$Holder.reinvoke_L(java.lang.Object, java.lang.Object, int)'> (0x00000000a72a9d78) 
thrown [s\open\src\hotspot\share\interpreter\linkResolver.cpp, line 796]
Event: 2.850 Thread 0x00000148f9cdea50 Implicit null exception at 0x00000148901d1c6f to 0x00000148901d1e68
Event: 2.850 Thread 0x00000148f9cdea50 Implicit null exception at 0x000001489022b680 to 0x000001489022bf1c
Event: 2.850 Thread 0x00000148f9cdea50 Implicit null exception at 0x00000148901d266f to 0x00000148901d2864
Event: 2.947 Thread 0x00000148f9cdea50 Exception <a 'java/lang/NoSuchMethodError'{0x00000000a678e9b8}: 'java.lang.Object java.lang.invoke.DirectMethodHandle$Holder.newInvokeSpecial(java.lang.Object, java.lang.Object, java.lang.Object, java.lang.Object, java.lang.Object, java.lang.Object, java.lang.Object)'> (0x00000000a678e9b8) 
thrown [s\open\src\hotspot\share\interpreter\linkResolver.cpp, line 796]
Event: 3.262 Thread 0x00000148f9cdea50 Exception <a 'java/lang/NoSuchMethodError'{0x00000000a5a59a88}: 'int java.lang.invoke.DirectMethodHandle$Holder.invokeVirtual(java.lang.Object, java.lang.Object)'> (0x00000000a5a59a88) 
thrown [s\open\src\hotspot\share\interpreter\linkResolver.cpp, line 796]
Event: 3.337 Thread 0x00000148f9cdea50 Exception <a 'java/lang/NoSuchMethodError'{0x00000000a837d688}: 'void java.lang.invoke.Invokers$Holder.invokeExact_MT(java.lang.Object, java.lang.Object, int, java.lang.Object)'> (0x00000000a837d688) 
thrown [s\open\src\hotspot\share\interpreter\linkResolver.cpp, line 796]
Event: 3.941 Thread 0x00000148f9cdea50 Exception <a 'java/lang/IncompatibleClassChangeError'{0x00000000a75dbd08}: Found class java.lang.Object, but interface was expected> (0x00000000a75dbd08) 
thrown [s\open\src\hotspot\share\interpreter\linkResolver.cpp, line 863]
Event: 3.943 Thread 0x00000148f9cdea50 Exception <a 'java/lang/NoSuchMethodError'{0x00000000a75e1080}: 'void java.lang.invoke.DirectMethodHandle$Holder.invokeInterface(java.lang.Object, java.lang.Object, java.lang.Object)'> (0x00000000a75e1080) 
thrown [s\open\src\hotspot\share\interpreter\linkResolver.cpp, line 796]
Event: 4.105 Thread 0x00000148f9cdea50 Exception <a 'java/lang/NoSuchMethodError'{0x00000000a7311430}: 'int java.lang.invoke.DirectMethodHandle$Holder.invokeInterface(java.lang.Object, java.lang.Object)'> (0x00000000a7311430) 
thrown [s\open\src\hotspot\share\interpreter\linkResolver.cpp, line 796]
Event: 4.133 Thread 0x00000148f9cdea50 Exception <a 'java/lang/NoSuchMethodError'{0x00000000a7388518}: 'int java.lang.invoke.DirectMethodHandle$Holder.invokeVirtual(java.lang.Object, java.lang.Object, java.lang.Object)'> (0x00000000a7388518) 
thrown [s\open\src\hotspot\share\interpreter\linkResolver.cpp, line 796]
Event: 4.138 Thread 0x00000148f9cdea50 Exception <a 'java/lang/NoSuchMethodError'{0x00000000a7395590}: 'int java.lang.invoke.DirectMethodHandle$Holder.invokeStaticInit(java.lang.Object, java.lang.Object, java.lang.Object)'> (0x00000000a7395590) 
thrown [s\open\src\hotspot\share\interpreter\linkResolver.cpp, line 796]
Event: 4.159 Thread 0x00000148f9cdea50 Exception <a 'java/lang/OutOfMemoryError'{0x00000000a73a9ed0}> (0x00000000a73a9ed0) 
thrown [s\open\src\hotspot\share\oops\instanceKlass.cpp, line 1236]

VM Operations (20 events):
Event: 2.397 Executing VM operation: HandshakeAllThreads (Deoptimize)
Event: 2.398 Executing VM operation: HandshakeAllThreads (Deoptimize) done
Event: 2.455 Executing VM operation: HandshakeAllThreads (Deoptimize)
Event: 2.455 Executing VM operation: HandshakeAllThreads (Deoptimize) done
Event: 2.456 Executing VM operation: HandshakeAllThreads (Deoptimize)
Event: 2.456 Executing VM operation: HandshakeAllThreads (Deoptimize) done
Event: 3.281 Executing VM operation: G1CollectForAllocation (G1 Evacuation Pause)
Event: 3.297 Executing VM operation: G1CollectForAllocation (G1 Evacuation Pause) done
Event: 3.333 Executing VM operation: HandshakeAllThreads (Deoptimize)
Event: 3.333 Executing VM operation: HandshakeAllThreads (Deoptimize) done
Event: 4.042 Executing VM operation: HandshakeAllThreads (Deoptimize)
Event: 4.042 Executing VM operation: HandshakeAllThreads (Deoptimize) done
Event: 4.103 Executing VM operation: HandshakeAllThreads (Deoptimize)
Event: 4.103 Executing VM operation: HandshakeAllThreads (Deoptimize) done
Event: 4.141 Executing VM operation: HandshakeAllThreads (Deoptimize)
Event: 4.141 Executing VM operation: HandshakeAllThreads (Deoptimize) done
Event: 4.153 Executing VM operation: HandshakeAllThreads (Deoptimize)
Event: 4.153 Executing VM operation: HandshakeAllThreads (Deoptimize) done
Event: 4.154 Executing VM operation: HandshakeAllThreads (Deoptimize)
Event: 4.154 Executing VM operation: HandshakeAllThreads (Deoptimize) done

Memory protections (0 events):
No events

Nmethod flushes (0 events):
No events

Events (14 events):
Event: 0.030 Thread 0x00000148f9cdea50 Thread added: 0x00000148f9cdea50
Event: 0.044 Thread 0x00000148f9cdea50 Thread added: 0x00000148978d3790
Event: 0.045 Thread 0x00000148f9cdea50 Thread added: 0x00000148978d46b0
Event: 0.045 Thread 0x00000148f9cdea50 Thread added: 0x00000148978db800
Event: 0.045 Thread 0x00000148f9cdea50 Thread added: 0x00000148978dc870
Event: 0.045 Thread 0x00000148f9cdea50 Thread added: 0x00000148978dfe90
Event: 0.045 Thread 0x00000148f9cdea50 Thread added: 0x00000148978e4590
Event: 0.045 Thread 0x00000148f9cdea50 Thread added: 0x00000148978e7ad0
Event: 0.045 Thread 0x00000148f9cdea50 Thread added: 0x00000148978ead30
Event: 0.064 Thread 0x00000148f9cdea50 Thread added: 0x0000014897a66dd0
Event: 0.066 Thread 0x00000148f9cdea50 Thread added: 0x0000014897a70100
Event: 0.277 Thread 0x00000148f9cdea50 Thread added: 0x0000014897d4f940
Event: 0.287 Thread 0x0000014897d4f940 Thread exited: 0x0000014897d4f940
Event: 0.848 Thread 0x00000148978e7ad0 Thread added: 0x00000148dd80ae50


Dynamic libraries:
0x00007ff69e690000 - 0x00007ff69e6a0000 	C:\Program Files\Java\jdk-23\bin\java.exe
0x00007ffbcfff0000 - 0x00007ffbd01e8000 	C:\WINDOWS\SYSTEM32\ntdll.dll
0x00007ffbcfbd0000 - 0x00007ffbcfc92000 	C:\WINDOWS\System32\KERNEL32.DLL
0x00007ffbcdc50000 - 0x00007ffbcdf4e000 	C:\WINDOWS\System32\KERNELBASE.dll
0x00007ffbcdae0000 - 0x00007ffbcdbe0000 	C:\WINDOWS\System32\ucrtbase.dll
0x00007ffba7fc0000 - 0x00007ffba7fdb000 	C:\Program Files\Java\jdk-23\bin\VCRUNTIME140.dll
0x00007ffbbafe0000 - 0x00007ffbbaff7000 	C:\Program Files\Java\jdk-23\bin\jli.dll
0x00007ffbcfde0000 - 0x00007ffbcff7d000 	C:\WINDOWS\System32\USER32.dll
0x00007ffbcd6f0000 - 0x00007ffbcd712000 	C:\WINDOWS\System32\win32u.dll
0x00007ffbcff80000 - 0x00007ffbcffab000 	C:\WINDOWS\System32\GDI32.dll
0x00007ffbbd780000 - 0x00007ffbbda1a000 	C:\WINDOWS\WinSxS\amd64_microsoft.windows.common-controls_6595b64144ccf1df_6.0.19041.4355_none_60b8b9eb71f62e16\COMCTL32.dll
0x00007ffbcdf50000 - 0x00007ffbce067000 	C:\WINDOWS\System32\gdi32full.dll
0x00007ffbcfd40000 - 0x00007ffbcfdde000 	C:\WINDOWS\System32\msvcrt.dll
0x00007ffbcd9c0000 - 0x00007ffbcda5d000 	C:\WINDOWS\System32\msvcp_win.dll
0x00007ffbce5b0000 - 0x00007ffbce5df000 	C:\WINDOWS\System32\IMM32.DLL
0x00007ffbc9a90000 - 0x00007ffbc9a9c000 	C:\Program Files\Java\jdk-23\bin\vcruntime140_1.dll
0x00007ffb82160000 - 0x00007ffb821ee000 	C:\Program Files\Java\jdk-23\bin\msvcp140.dll
0x00007ffb5f470000 - 0x00007ffb601bf000 	C:\Program Files\Java\jdk-23\bin\server\jvm.dll
0x00007ffbce910000 - 0x00007ffbce9c1000 	C:\WINDOWS\System32\ADVAPI32.dll
0x00007ffbcfac0000 - 0x00007ffbcfb5f000 	C:\WINDOWS\System32\sechost.dll
0x00007ffbcf220000 - 0x00007ffbcf343000 	C:\WINDOWS\System32\RPCRT4.dll
0x00007ffbcdab0000 - 0x00007ffbcdad7000 	C:\WINDOWS\System32\bcrypt.dll
0x00007ffbcfb60000 - 0x00007ffbcfbcb000 	C:\WINDOWS\System32\WS2_32.dll
0x00007ffbcd5d0000 - 0x00007ffbcd61b000 	C:\WINDOWS\SYSTEM32\POWRPROF.dll
0x00007ffbb8880000 - 0x00007ffbb88a7000 	C:\WINDOWS\SYSTEM32\WINMM.dll
0x00007ffbbcc30000 - 0x00007ffbbcc3a000 	C:\WINDOWS\SYSTEM32\VERSION.dll
0x00007ffbcd5b0000 - 0x00007ffbcd5c2000 	C:\WINDOWS\SYSTEM32\UMPDC.dll
0x00007ffbcbf60000 - 0x00007ffbcbf72000 	C:\WINDOWS\SYSTEM32\kernel.appcore.dll
0x00007ffbc9090000 - 0x00007ffbc909a000 	C:\Program Files\Java\jdk-23\bin\jimage.dll
0x00007ffbcbc90000 - 0x00007ffbcbe74000 	C:\WINDOWS\SYSTEM32\DBGHELP.DLL
0x00007ffbb5040000 - 0x00007ffbb5074000 	C:\WINDOWS\SYSTEM32\dbgcore.DLL
0x00007ffbcd930000 - 0x00007ffbcd9b2000 	C:\WINDOWS\System32\bcryptPrimitives.dll
0x00007ffba5e90000 - 0x00007ffba5eae000 	C:\Program Files\Java\jdk-23\bin\java.dll
0x00007ffbce7e0000 - 0x00007ffbce90b000 	C:\WINDOWS\System32\ole32.dll
0x00007ffbce070000 - 0x00007ffbce3c3000 	C:\WINDOWS\System32\combase.dll
0x00007ffbcf350000 - 0x00007ffbcfabd000 	C:\WINDOWS\System32\SHELL32.dll
0x00007ffbcb350000 - 0x00007ffbcbaf4000 	C:\WINDOWS\SYSTEM32\windows.storage.dll
0x00007ffbcd050000 - 0x00007ffbcd07e000 	C:\WINDOWS\SYSTEM32\Wldp.dll
0x00007ffbce3d0000 - 0x00007ffbce49d000 	C:\WINDOWS\System32\OLEAUT32.dll
0x00007ffbce4a0000 - 0x00007ffbce54d000 	C:\WINDOWS\System32\SHCORE.dll
0x00007ffbce550000 - 0x00007ffbce5a5000 	C:\WINDOWS\System32\shlwapi.dll
0x00007ffbcd620000 - 0x00007ffbcd644000 	C:\WINDOWS\SYSTEM32\profapi.dll
0x00007ffb7d4b0000 - 0x00007ffb7d587000 	C:\Program Files\Java\jdk-23\bin\jsvml.dll
0x00007ffba8360000 - 0x00007ffba8370000 	C:\Program Files\Java\jdk-23\bin\net.dll
0x00007ffbccdb0000 - 0x00007ffbcce1a000 	C:\WINDOWS\system32\mswsock.dll
0x00007ffba4b20000 - 0x00007ffba4b36000 	C:\Program Files\Java\jdk-23\bin\nio.dll
0x00007ffba0a10000 - 0x00007ffba0a27000 	C:\Program Files\Java\jdk-23\bin\zip.dll
0x00007ffbab7d0000 - 0x00007ffbab7f4000 	C:\Program Files\NetBeans-23\netbeans\java\maven\lib\jansi-native\Windows\x86_64\jansi.dll
0x00007ffba82c0000 - 0x00007ffba82d0000 	C:\Program Files\Java\jdk-23\bin\verify.dll

dbghelp: loaded successfully - version: 4.0.5 - missing functions: none
symbol engine: initialized successfully - sym options: 0x614 - pdb path: .;C:\Program Files\Java\jdk-23\bin;C:\WINDOWS\SYSTEM32;C:\WINDOWS\WinSxS\amd64_microsoft.windows.common-controls_6595b64144ccf1df_6.0.19041.4355_none_60b8b9eb71f62e16;C:\Program Files\Java\jdk-23\bin\server;C:\Program Files\NetBeans-23\netbeans\java\maven\lib\jansi-native\Windows\x86_64

VM Arguments:
jvm_args: -Dclassworlds.conf=C:\Program Files\NetBeans-23\netbeans\java\maven\bin\m2.conf -Dmaven.home=C:\Program Files\NetBeans-23\netbeans\java\maven -Dlibrary.jansi.path=C:\Program Files\NetBeans-23\netbeans\java\maven\lib\jansi-native -Dmaven.multiModuleProjectDirectory=C:\Users\maico\OneDrive\Escritorio\PROYECTO FINAL AP\GestionDeProducciones 
java_command: org.codehaus.plexus.classworlds.launcher.Launcher -Dexec.vmArgs= -Dexec.args=${exec.vmArgs} -classpath %classpath ${exec.mainClass} ${exec.appArgs} -Dexec.appArgs= -Dexec.mainClass=fabrica.gestiondeproducciones.GestionDeProducciones -Dexec.executable=C:\Program Files\Java\jdk-23\bin\java.exe -Dmaven.ext.class.path=C:\Program Files\NetBeans-23\netbeans\java\maven-nblib\netbeans-eventspy.jar --no-transfer-progress process-classes org.codehaus.mojo:exec-maven-plugin:3.1.0:exec
java_class_path (initial): C:\Program Files\NetBeans-23\netbeans\java\maven\boot\plexus-classworlds-2.8.0.jar
Launcher Type: SUN_STANDARD

[Global flags]
     intx CICompilerCount                          = 3                                         {product} {ergonomic}
     uint ConcGCThreads                            = 1                                         {product} {ergonomic}
     uint G1ConcRefinementThreads                  = 4                                         {product} {ergonomic}
   size_t G1HeapRegionSize                         = 1048576                                   {product} {ergonomic}
   size_t InitialHeapSize                          = 98566144                                  {product} {ergonomic}
   size_t MarkStackSize                            = 4194304                                   {product} {ergonomic}
   size_t MarkStackSizeMax                         = 536870912                                 {product} {ergonomic}
   size_t MaxHeapSize                              = 1570766848                                {product} {ergonomic}
   size_t MaxNewSize                               = 941621248                                 {product} {ergonomic}
   size_t MinHeapDeltaBytes                        = 1048576                                   {product} {ergonomic}
   size_t MinHeapSize                              = 8388608                                   {product} {ergonomic}
    uintx NonNMethodCodeHeapSize                   = 5832704                                {pd product} {ergonomic}
    uintx NonProfiledCodeHeapSize                  = 122945536                              {pd product} {ergonomic}
    uintx ProfiledCodeHeapSize                     = 122880000                              {pd product} {ergonomic}
    uintx ReservedCodeCacheSize                    = 251658240                              {pd product} {ergonomic}
     bool SegmentedCodeCache                       = true                                      {product} {ergonomic}
   size_t SoftMaxHeapSize                          = 1570766848                             {manageable} {ergonomic}
     bool UseCompressedOops                        = true                           {product lp64_product} {ergonomic}
     bool UseG1GC                                  = true                                      {product} {ergonomic}
     bool UseLargePagesIndividualAllocation        = false                                  {pd product} {ergonomic}

Logging:
Log output configuration:
 #0: stdout all=warning uptime,level,tags foldmultilines=false
 #1: stderr all=off uptime,level,tags foldmultilines=false

Environment Variables:
JAVA_HOME=C:\Program Files\Java\jdk-23
PATH=C:\Program Files\Common Files\Oracle\Java\javapath;C:\Program Files\Eclipse Adoptium\jdk-17.0.7.7-hotspot\bin;C:\WINDOWS\system32;C:\WINDOWS;C:\WINDOWS\System32\Wbem;C:\WINDOWS\System32\WindowsPowerShell\v1.0\;C:\Program Files (x86)\Common Files\lenovo\easyplussdk\bin;C:\WINDOWS\System32\OpenSSH\;C:\Program Files (x86)\Microsoft SQL Server\160\Tools\Binn\;C:\Program Files\Microsoft SQL Server\160\Tools\Binn\;C:\Program Files\Microsoft SQL Server\Client SDK\ODBC\170\Tools\Binn\;C:\Program Files\Microsoft SQL Server\160\DTS\Binn\;C:\Program Files (x86)\Microsoft SQL Server\160\DTS\Binn\;C:\Program Files\Azure Data Studio\bin;C:\Program Files\dotnet\;C:\Program Files\Git\cmd;C:\Program Files\nodejs\;C:\Users\maico\AppData\Local\Microsoft\WindowsApps;;C:\Program Files\Azure Data Studio\bin;C:\Users\maico\.dotnet\tools;C:\Users\maico\AppData\Local\Programs\Microsoft VS Code\bin;C:\Users\maico\AppData\Roaming\npm
USERNAME=maico
OS=Windows_NT
PROCESSOR_IDENTIFIER=Intel64 Family 6 Model 78 Stepping 3, GenuineIntel
TMP=C:\Users\maico\AppData\Local\Temp
TEMP=C:\Users\maico\AppData\Local\Temp




Periodic native trim disabled

---------------  S Y S T E M  ---------------

OS:
 Windows 10 , 64 bit Build 19041 (10.0.19041.5198)
OS uptime: 0 days 21:24 hours

CPU: total 4 (initial active 4) (2 cores per cpu, 2 threads per core) family 6 model 78 stepping 3 microcode 0xcc, cx8, cmov, fxsr, ht, mmx, 3dnowpref, sse, sse2, sse3, ssse3, sse4.1, sse4.2, popcnt, lzcnt, tsc, tscinvbit, avx, avx2, aes, erms, clmul, bmi1, bmi2, adx, fma, vzeroupper, clflush, clflushopt, rdtscp, f16c
Processor Information for the first 4 processors :
  Max Mhz: 2592, Current Mhz: 2492, Mhz Limit: 2488

Memory: 4k page, system-wide physical 5985M (527M free)
TotalPageFile size 5985M (AvailPageFile size 5M)
current process WorkingSet (physical memory assigned to process): 152M, peak: 152M
current process commit charge ("private bytes"): 224M, peak: 226M

vm_info: Java HotSpot(TM) 64-Bit Server VM (23.0.1+11-39) for windows-amd64 JRE (23.0.1+11-39), built on 2024-09-30T07:20:43Z with MS VC++ 17.6 (VS2022)

END.
