#
# There is insufficient memory for the Java Runtime Environment to continue.
# Native memory allocation (mmap) failed to map 65536 bytes. Error detail: Failed to commit metaspace.
# Possible reasons:
#   The system is out of physical RAM or swap space
#   This process is running with CompressedOops enabled, and the Java Heap may be blocking the growth of the native heap
# Possible solutions:
#   Reduce memory load on the system
#   Increase physical memory or swap space
#   Check if swap backing store is full
#   Decrease Java heap size (-Xmx/-Xms)
#   Decrease number of Java threads
#   Decrease Java thread stack sizes (-Xss)
#   Set larger code cache with -XX:ReservedCodeCacheSize=
#   JVM is running with Unscaled Compressed Oops mode in which the Java heap is
#     placed in the first 4GB address space. The Java Heap base address is the
#     maximum limit for the native heap growth. Please use -XX:HeapBaseMinAddress
#     to set the Java Heap base and to place the Java Heap above 4GB virtual address.
# This output file may be truncated or incomplete.
#
#  Out of Memory Error (virtualSpaceNode.cpp:113), pid=4148, tid=5908
#
# JRE version: Java(TM) SE Runtime Environment (23.0.1+11) (build 23.0.1+11-39)
# Java VM: Java HotSpot(TM) 64-Bit Server VM (23.0.1+11-39, mixed mode, sharing, tiered, compressed oops, compressed class ptrs, g1 gc, windows-amd64)
# No core dump will be written. Minidumps are not enabled by default on client versions of Windows
#

---------------  S U M M A R Y ------------

Command Line: -Dclassworlds.conf=C:\Program Files\NetBeans-23\netbeans\java\maven\bin\m2.conf -Dmaven.home=C:\Program Files\NetBeans-23\netbeans\java\maven -Dlibrary.jansi.path=C:\Program Files\NetBeans-23\netbeans\java\maven\lib\jansi-native -Dmaven.multiModuleProjectDirectory=C:\Users\maico\OneDrive\Escritorio\PROYECTO FINAL AP\GestionDeProducciones org.codehaus.plexus.classworlds.launcher.Launcher -Dexec.vmArgs= -Dexec.args=${exec.vmArgs} -classpath %classpath ${exec.mainClass} ${exec.appArgs} -Dexec.executable=C:\Program Files\Java\jdk-23\bin\java.exe -Dexec.mainClass=fabrica.gestiondeproducciones.presentacion.Principal -Dexec.classpathScope=runtime -Dexec.appArgs= -Dmaven.ext.class.path=C:\Program Files\NetBeans-23\netbeans\java\maven-nblib\netbeans-eventspy.jar --no-transfer-progress process-classes org.codehaus.mojo:exec-maven-plugin:3.1.0:exec

Host: Intel(R) Core(TM) i7-6500U CPU @ 2.50GHz, 4 cores, 5G,  Windows 10 , 64 bit Build 19041 (10.0.19041.5198)
Time: Mon Jan  6 19:04:04 2025 Hora estándar de Montevideo elapsed time: 0.588534 seconds (0d 0h 0m 0s)

---------------  T H R E A D  ---------------

Current thread (0x0000016dee10ee70):  JavaThread "main"             [_thread_in_vm, id=5908, stack(0x0000001a0ad00000,0x0000001a0ae00000) (1024K)]

Stack: [0x0000001a0ad00000,0x0000001a0ae00000]
Native frames: (J=compiled Java code, j=interpreted, Vv=VM code, C=native code)
V  [jvm.dll+0x6e08b9]  (no source info available)
V  [jvm.dll+0x87dc83]  (no source info available)
V  [jvm.dll+0x88010e]  (no source info available)
V  [jvm.dll+0x8807e3]  (no source info available)
V  [jvm.dll+0x27aee6]  (no source info available)
V  [jvm.dll+0x87988e]  (no source info available)
V  [jvm.dll+0x682035]  (no source info available)
V  [jvm.dll+0x68209a]  (no source info available)
V  [jvm.dll+0x6848da]  (no source info available)
V  [jvm.dll+0x2219dc]  (no source info available)
V  [jvm.dll+0x682a4e]  (no source info available)
V  [jvm.dll+0x2123d8]  (no source info available)
V  [jvm.dll+0x212e71]  (no source info available)
V  [jvm.dll+0x20811e]  (no source info available)
V  [jvm.dll+0x5be6df]  (no source info available)
V  [jvm.dll+0x219b2b]  (no source info available)
V  [jvm.dll+0x7f3130]  (no source info available)
V  [jvm.dll+0x7f41d6]  (no source info available)
V  [jvm.dll+0x7f47e4]  (no source info available)
V  [jvm.dll+0x7f4468]  (no source info available)
V  [jvm.dll+0x2689cb]  (no source info available)
V  [jvm.dll+0x3d1e3e]  (no source info available)
C  0x0000016d8754afe1  (no source info available)

The last pc belongs to new (printed below).
Java frames: (J=compiled Java code, j=interpreted, Vv=VM code)
j  java.net.URLClassLoader.findResources(Ljava/lang/String;)Ljava/util/Enumeration;+10 java.base@23.0.1
j  org.codehaus.plexus.classworlds.realm.ClassRealm.findResources(Ljava/lang/String;)Ljava/util/Enumeration;+2
j  java.lang.ClassLoader.getResources(Ljava/lang/String;)Ljava/util/Enumeration;+42 java.base@23.0.1
j  org.codehaus.plexus.classworlds.realm.ClassRealm.getResources(Ljava/lang/String;)Ljava/util/Enumeration;+6
j  org.slf4j.LoggerFactory.findPossibleStaticLoggerBinderPathSet()Ljava/util/Set;+32
j  org.slf4j.LoggerFactory.bind()V+8
j  org.slf4j.LoggerFactory.performInitialization()V+0
j  org.slf4j.LoggerFactory.getILoggerFactory()Lorg/slf4j/ILoggerFactory;+21
j  org.apache.maven.cli.MavenCli.logging(Lorg/apache/maven/cli/CliRequest;)V+70
j  org.apache.maven.cli.MavenCli.doMain(Lorg/apache/maven/cli/CliRequest;)I+19
j  org.apache.maven.cli.MavenCli.main([Ljava/lang/String;Lorg/codehaus/plexus/classworlds/ClassWorld;)I+24
j  java.lang.invoke.DirectMethodHandle$Holder.invokeStatic(Ljava/lang/Object;Ljava/lang/Object;Ljava/lang/Object;)I+11 java.base@23.0.1
j  java.lang.invoke.LambdaForm$MH+0x0000016d90009400.invoke(Ljava/lang/Object;Ljava/lang/Object;Ljava/lang/Object;Ljava/lang/Object;)Ljava/lang/Object;+54 java.base@23.0.1
j  java.lang.invoke.LambdaForm$MH+0x0000016d90009800.invokeExact_MT(Ljava/lang/Object;Ljava/lang/Object;Ljava/lang/Object;Ljava/lang/Object;Ljava/lang/Object;)Ljava/lang/Object;+22 java.base@23.0.1
j  jdk.internal.reflect.DirectMethodHandleAccessor.invokeImpl(Ljava/lang/Object;[Ljava/lang/Object;)Ljava/lang/Object;+72 java.base@23.0.1
j  jdk.internal.reflect.DirectMethodHandleAccessor.invoke(Ljava/lang/Object;[Ljava/lang/Object;)Ljava/lang/Object;+23 java.base@23.0.1
j  java.lang.reflect.Method.invoke(Ljava/lang/Object;[Ljava/lang/Object;)Ljava/lang/Object;+102 java.base@23.0.1
j  org.codehaus.plexus.classworlds.launcher.Launcher.launchEnhanced([Ljava/lang/String;)V+45
j  org.codehaus.plexus.classworlds.launcher.Launcher.launch([Ljava/lang/String;)V+2
j  org.codehaus.plexus.classworlds.launcher.Launcher.mainWithExitCode([Ljava/lang/String;)I+108
j  org.codehaus.plexus.classworlds.launcher.Launcher.main([Ljava/lang/String;)V+1
v  ~StubRoutines::call_stub 0x0000016d87530fcd
Lock stack of current Java thread (top to bottom):
LockStack[0]: java.lang.Class 
{0x00000000a7edce80} - klass: 'java/lang/Class'
 - ---- fields (total size 26 words):
 - private volatile transient 'classRedefinedCount' 'I' @12  0 (0x00000000)
 - injected 'klass' 'J' @16  1570079072256 (0x0000016d90016000)
 - injected 'array_klass' 'J' @24  0 (0x0000000000000000)
 - injected 'oop_size' 'I' @32  26 (0x0000001a)
 - injected 'static_oop_field_count' 'I' @36  16 (0x00000010)
 - private volatile transient 'cachedConstructor' 'Ljava/lang/reflect/Constructor;' @40  null (0x00000000)
 - private transient 'name' 'Ljava/lang/String;' @44  "org.slf4j.LoggerFactory"{0x00000000a7edd370} (0xa7edd370)
 - private transient 'module' 'Ljava/lang/Module;' @48  a 'java/lang/Module'{0x00000000a82b2b10} (0xa82b2b10)
 - private final 'classLoader' 'Ljava/lang/ClassLoader;' @52  a 'org/codehaus/plexus/classworlds/realm/ClassRealm'{0x00000000a82b28c0} (0xa82b28c0)
 - private transient 'classData' 'Ljava/lang/Object;' @56  null (0x00000000)
 - private transient 'packageName' 'Ljava/lang/String;' @60  "org.slf4j"{0x00000000a80f3b70} (0xa80f3b70)
 - private final 'componentType' 'Ljava/lang/Class;' @64  null (0x00000000)
 - private volatile transient 'reflectionData' 'Ljava/lang/ref/SoftReference;' @68  null (0x00000000)
 - private volatile transient 'genericInfo' 'Lsun/reflect/generics/repository/ClassRepository;' @72  null (0x00000000)
 - private volatile transient 'enumConstants' '[Ljava/lang/Object;' @76  null (0x00000000)
 - private volatile transient 'enumConstantDirectory' 'Ljava/util/Map;' @80  null (0x00000000)
 - private volatile transient 'annotationData' 'Ljava/lang/Class$AnnotationData;' @84  null (0x00000000)
 - private volatile transient 'annotationType' 'Lsun/reflect/annotation/AnnotationType;' @88  null (0x00000000)
 - transient 'classValueMap' 'Ljava/lang/ClassValue$ClassValueMap;' @92  null (0x00000000)
 - injected 'protection_domain' 'Ljava/lang/Object;' @96  a 'java/security/ProtectionDomain'{0x00000000a80f9110} (0xa80f9110)
 - injected 'signers_name' 'Ljava/lang/Object;' @100  null (0x00000000)
 - injected 'source_file' 'Ljava/lang/Object;' @104  null (0x00000000)
 - signature: Lorg/slf4j/LoggerFactory;
 - ---- static fields (16):
 - static final 'CODES_PREFIX' 'Ljava/lang/String;' @112  "http://www.slf4j.org/codes.html"{0x00000000a7edcf60} (0xa7edcf60)
 - static final 'NO_STATICLOGGERBINDER_URL' 'Ljava/lang/String;' @116  "http://www.slf4j.org/codes.html#StaticLoggerBinder"{0x00000000a7edcfa8} (0xa7edcfa8)
 - static final 'MULTIPLE_BINDINGS_URL' 'Ljava/lang/String;' @120  "http://www.slf4j.org/codes.html#multiple_bindings"{0x00000000a7edd008} (0xa7edd008)
 - static final 'NULL_LF_URL' 'Ljava/lang/String;' @124  "http://www.slf4j.org/codes.html#null_LF"{0x00000000a7edd068} (0xa7edd068)
 - static final 'VERSION_MISMATCH' 'Ljava/lang/String;' @128  "http://www.slf4j.org/codes.html#version_mismatch"{0x00000000a7edd0b8} (0xa7edd0b8)
 - static final 'SUBSTITUTE_LOGGER_URL' 'Ljava/lang/String;' @132  "http://www.slf4j.org/codes.html#substituteLogger"{0x00000000a7edd110} (0xa7edd110)
 - static final 'LOGGER_NAME_MISMATCH_URL' 'Ljava/lang/String;' @136  "http://www.slf4j.org/codes.html#loggerNameMismatch"{0x00000000a7edd168} (0xa7edd168)
 - static final 'REPLAY_URL' 'Ljava/lang/String;' @140  "http://www.slf4j.org/codes.html#replay"{0x00000000a7edd1c8} (0xa7edd1c8)
 - static final 'UNSUCCESSFUL_INIT_URL' 'Ljava/lang/String;' @144  "http://www.slf4j.org/codes.html#unsuccessfulInit"{0x00000000a7edd218} (0xa7edd218)
 - static final 'UNSUCCESSFUL_INIT_MSG' 'Ljava/lang/String;' @148  "org.slf4j.LoggerFactory in failed state. Original exception was thrown EARLIER. See also http://www.slf4j.org/codes.html#unsuccessfulInit"{0x00000000a7edd270} (0xa7edd270)
 - static final 'UNINITIALIZED' 'I' @176  0 (0x00000000)
 - static final 'ONGOING_INITIALIZATION' 'I' @180  1 (0x00000001)
 - static final 'FAILED_INITIALIZATION' 'I' @184  2 (0x00000002)
 - static final 'SUCCESSFUL_INITIALIZATION' 'I' @188  3 (0x00000003)
 - static final 'NOP_FALLBACK_INITIALIZATION' 'I' @192  4 (0x00000004)
 - static volatile 'INITIALIZATION_STATE' 'I' @196  1 (0x00000001)
 - static final 'SUBST_FACTORY' 'Lorg/slf4j/helpers/SubstituteLoggerFactory;' @152  a 'org/slf4j/helpers/SubstituteLoggerFactory'{0x00000000a7ee5930} (0xa7ee5930)
 - static final 'NOP_FALLBACK_FACTORY' 'Lorg/slf4j/helpers/NOPLoggerFactory;' @156  a 'org/slf4j/helpers/NOPLoggerFactory'{0x00000000a7ee8030} (0xa7ee8030)
 - static final 'DETECT_LOGGER_NAME_MISMATCH_PROPERTY' 'Ljava/lang/String;' @160  "slf4j.detectLoggerNameMismatch"{0x00000000a7edd328} (0xa7edd328)
 - static final 'JAVA_VENDOR_PROPERTY' 'Ljava/lang/String;' @164  "java.vendor.url"{0x00000000a830fff0} (0xa830fff0)
 - static 'DETECT_LOGGER_NAME_MISMATCH' 'Z' @200  false (0x00)
 - private static final 'API_COMPATIBILITY_LIST' '[Ljava/lang/String;' @168  a 'java/lang/String'[2] {0x00000000a7eeb5e8} (0xa7eeb5e8)
 - private static 'STATIC_LOGGER_BINDER_PATH' 'Ljava/lang/String;' @172  "org/slf4j/impl/StaticLoggerBinder.class"{0x00000000a7eeb660} (0xa7eeb660)

new  187 new  [0x0000016d8754ae40, 0x0000016d8754b050]  528 bytes
[MachCode]
  0x0000016d8754ae40: 4883 ec08 | c5fa 1104 | 24eb 1f48 | 83ec 10c5 | fb11 0424 | eb14 4883 | ec10 4889 | 0424 48c7 
  0x0000016d8754ae60: 4424 0800 | 0000 00eb | 0150 410f | b755 010f | cac1 ea10 | 488b 4de8 | 488b 4908 | 488b 4908 
  0x0000016d8754ae80: 488b 4108 | 807c 1004 | 070f 85e0 | 0000 0066 | 8b54 d148 | 488b 4928 | 488b 4cd1 | 0851 80b9 
  0x0000016d8754aea0: 3101 0000 | 040f 840d | 0000 004c | 3bb9 3801 | 0000 0f85 | b600 0000 | 8b51 08f6 | c201 0f85 
  0x0000016d8754aec0: aa00 0000 | 498b 87b8 | 0100 0048 | 8d1c 1049 | 3b9f c801 | 0000 0f87 | 9200 0000 | 4989 9fb8 
  0x0000016d8754aee0: 0100 0048 | 83ea 100f | 840f 0000 | 0033 c9c1 | ea03 4889 | 4cd0 0848 | ffca 75f6 | 48c7 0001 
  0x0000016d8754af00: 0000 0059 | 33f6 8970 | 0c49 ba00 | 0000 8f6d | 0100 0049 | 2bca 8948 | 0849 ba42 | ad99 16fe 
  0x0000016d8754af20: 7f00 0041 | 803a 000f | 843c 0000 | 0050 488b | c848 83ec | 2040 f6c4 | 0f0f 8419 | 0000 0048 
  0x0000016d8754af40: 83ec 0848 | b850 ee49 | 16fe 7f00 | 00ff d048 | 83c4 08e9 | 0c00 0000 | 48b8 50ee | 4916 fe7f 
  0x0000016d8754af60: 0000 ffd0 | 4883 c420 | 58e9 cb00 | 0000 5948 | 8b55 e848 | 8b52 0848 | 8b52 0845 | 0fb7 4501 
  0x0000016d8754af80: 410f c841 | c1e8 10e8 | 0500 0000 | e9a8 0000 | 0048 8d44 | 2408 4c89 | 6dc0 498b | cfc5 f877 
  0x0000016d8754afa0: 4989 afb0 | 0300 0049 | 8987 a003 | 0000 4883 | ec20 40f6 | c40f 0f84 | 1900 0000 | 4883 ec08 
  0x0000016d8754afc0: 48b8 f01d | 1216 fe7f | 0000 ffd0 | 4883 c408 | e90c 0000 | 0048 b8f0 | 1d12 16fe | 7f00 00ff 
  0x0000016d8754afe0: d048 83c4 | 2049 c787 | a003 0000 | 0000 0000 | 49c7 87b0 | 0300 0000 | 0000 0049 | c787 a803 
  0x0000016d8754b000: 0000 0000 | 0000 c5f8 | 7749 837f | 0800 0f84 | 0500 0000 | e9a7 5efe | ff49 8b87 | f803 0000 
  0x0000016d8754b020: 49c7 87f8 | 0300 0000 | 0000 004c | 8b6d c04c | 8b75 c84e | 8d74 f500 | c341 0fb6 | 5d03 4983 
  0x0000016d8754b040: c503 49ba | 5076 9d16 | fe7f 0000 | 41ff 24da 
[/MachCode]

---------------  P R O C E S S  ---------------

Threads class SMR info:
_java_thread_list=0x0000016dd43d8dc0, length=11, elements={
0x0000016dee10ee70, 0x0000016dfcca3f10, 0x0000016dfcca5780, 0x0000016dfccaa430,
0x0000016dfccaae90, 0x0000016dfccac240, 0x0000016dfccad5f0, 0x0000016dfccb21d0,
0x0000016dfccb5600, 0x0000016dd40ba550, 0x0000016dd40c4800
}

Java Threads: ( => current thread )
=>0x0000016dee10ee70 JavaThread "main"                              [_thread_in_vm, id=5908, stack(0x0000001a0ad00000,0x0000001a0ae00000) (1024K)]
  0x0000016dfcca3f10 JavaThread "Reference Handler"          daemon [_thread_blocked, id=484, stack(0x0000001a0b500000,0x0000001a0b600000) (1024K)]
  0x0000016dfcca5780 JavaThread "Finalizer"                  daemon [_thread_blocked, id=2760, stack(0x0000001a0b600000,0x0000001a0b700000) (1024K)]
  0x0000016dfccaa430 JavaThread "Signal Dispatcher"          daemon [_thread_blocked, id=10736, stack(0x0000001a0b700000,0x0000001a0b800000) (1024K)]
  0x0000016dfccaae90 JavaThread "Attach Listener"            daemon [_thread_blocked, id=10028, stack(0x0000001a0b800000,0x0000001a0b900000) (1024K)]
  0x0000016dfccac240 JavaThread "Service Thread"             daemon [_thread_blocked, id=4972, stack(0x0000001a0b900000,0x0000001a0ba00000) (1024K)]
  0x0000016dfccad5f0 JavaThread "Monitor Deflation Thread"   daemon [_thread_blocked, id=11388, stack(0x0000001a0ba00000,0x0000001a0bb00000) (1024K)]
  0x0000016dfccb21d0 JavaThread "C2 CompilerThread0"         daemon [_thread_blocked, id=12272, stack(0x0000001a0bb00000,0x0000001a0bc00000) (1024K)]
  0x0000016dfccb5600 JavaThread "C1 CompilerThread0"         daemon [_thread_blocked, id=7148, stack(0x0000001a0bc00000,0x0000001a0bd00000) (1024K)]
  0x0000016dd40ba550 JavaThread "Notification Thread"        daemon [_thread_blocked, id=11856, stack(0x0000001a0bd00000,0x0000001a0be00000) (1024K)]
  0x0000016dd40c4800 JavaThread "Common-Cleaner"             daemon [_thread_blocked, id=12840, stack(0x0000001a0be00000,0x0000001a0bf00000) (1024K)]
Total: 11

Other Threads:
  0x0000016dfcc8bec0 VMThread "VM Thread"                           [id=8828, stack(0x0000001a0b400000,0x0000001a0b500000) (1024K)]
  0x0000016dfcc7a0d0 WatcherThread "VM Periodic Task Thread"        [id=8368, stack(0x0000001a0b300000,0x0000001a0b400000) (1024K)]
  0x0000016df03bca00 WorkerThread "GC Thread#0"                     [id=3948, stack(0x0000001a0ae00000,0x0000001a0af00000) (1024K)]
  0x0000016df03cc370 ConcurrentGCThread "G1 Main Marker"            [id=9836, stack(0x0000001a0af00000,0x0000001a0b000000) (1024K)]
  0x0000016df03ccd90 WorkerThread "G1 Conc#0"                       [id=10444, stack(0x0000001a0b000000,0x0000001a0b100000) (1024K)]
  0x0000016df0439450 ConcurrentGCThread "G1 Refine#0"               [id=10148, stack(0x0000001a0b100000,0x0000001a0b200000) (1024K)]
  0x0000016df043aef0 ConcurrentGCThread "G1 Service"                [id=13868, stack(0x0000001a0b200000,0x0000001a0b300000) (1024K)]
Total: 7

Threads with active compile tasks:
Total: 0

VM state: not at safepoint (normal execution)

VM Mutex/Monitor currently owned by a thread:  ([mutex/lock_event])
[0x00007ffe169c1890] Metaspace_lock - owner thread: 0x0000016dee10ee70

Heap address: 0x00000000a2600000, size: 1498 MB, Compressed Oops mode: 32-bit

CDS archive(s) mapped at: [0x0000016d8f000000-0x0000016d8fd70000-0x0000016d8fd70000), size 14090240, SharedBaseAddress: 0x0000016d8f000000, ArchiveRelocationMode: 1.
Compressed class space mapped at: 0x0000016d90000000-0x0000016dd0000000, reserved size: 1073741824
Narrow klass base: 0x0000016d8f000000, Narrow klass shift: 0, Narrow klass range: 0x41000000

GC Precious Log:
 CardTable entry size: 512
 Card Set container configuration: InlinePtr #cards 5 size 8 Array Of Cards #cards 10 size 36 Howl #buckets 4 coarsen threshold 1843 Howl Bitmap #cards 512 size 80 coarsen threshold 460 Card regions per heap region 1 cards per card region 2048
 CPUs: 4 total, 4 available
 Memory: 5985M
 Large Page Support: Disabled
 NUMA Support: Disabled
 Compressed Oops: Enabled (32-bit)
 Heap Region Size: 1M
 Heap Min Capacity: 8M
 Heap Initial Capacity: 94M
 Heap Max Capacity: 1498M
 Pre-touch: Disabled
 Parallel Workers: 4
 Concurrent Workers: 1
 Concurrent Refinement Workers: 4
 Periodic GC: Disabled

Heap:
 garbage-first heap   total reserved 1533952K, committed 96256K, used 5120K [0x00000000a2600000, 0x0000000100000000)
  region size 1024K, 6 young (6144K), 0 survivors (0K)
 Metaspace       used 1783K, committed 1920K, reserved 1114112K
  class space    used 167K, committed 256K, reserved 1048576K

Heap Regions: E=young(eden), S=young(survivor), O=old, HS=humongous(starts), HC=humongous(continues), CS=collection set, F=free, TAMS=top-at-mark-start, PB=parsable bottom
|   0|0x00000000a2600000, 0x00000000a2600000, 0x00000000a2700000|  0%| F|  |TAMS 0x00000000a2600000| PB 0x00000000a2600000| Untracked |  0
|   1|0x00000000a2700000, 0x00000000a2700000, 0x00000000a2800000|  0%| F|  |TAMS 0x00000000a2700000| PB 0x00000000a2700000| Untracked |  0
|   2|0x00000000a2800000, 0x00000000a2800000, 0x00000000a2900000|  0%| F|  |TAMS 0x00000000a2800000| PB 0x00000000a2800000| Untracked |  0
|   3|0x00000000a2900000, 0x00000000a2900000, 0x00000000a2a00000|  0%| F|  |TAMS 0x00000000a2900000| PB 0x00000000a2900000| Untracked |  0
|   4|0x00000000a2a00000, 0x00000000a2a00000, 0x00000000a2b00000|  0%| F|  |TAMS 0x00000000a2a00000| PB 0x00000000a2a00000| Untracked |  0
|   5|0x00000000a2b00000, 0x00000000a2b00000, 0x00000000a2c00000|  0%| F|  |TAMS 0x00000000a2b00000| PB 0x00000000a2b00000| Untracked |  0
|   6|0x00000000a2c00000, 0x00000000a2c00000, 0x00000000a2d00000|  0%| F|  |TAMS 0x00000000a2c00000| PB 0x00000000a2c00000| Untracked |  0
|   7|0x00000000a2d00000, 0x00000000a2d00000, 0x00000000a2e00000|  0%| F|  |TAMS 0x00000000a2d00000| PB 0x00000000a2d00000| Untracked |  0
|   8|0x00000000a2e00000, 0x00000000a2e00000, 0x00000000a2f00000|  0%| F|  |TAMS 0x00000000a2e00000| PB 0x00000000a2e00000| Untracked |  0
|   9|0x00000000a2f00000, 0x00000000a2f00000, 0x00000000a3000000|  0%| F|  |TAMS 0x00000000a2f00000| PB 0x00000000a2f00000| Untracked |  0
|  10|0x00000000a3000000, 0x00000000a3000000, 0x00000000a3100000|  0%| F|  |TAMS 0x00000000a3000000| PB 0x00000000a3000000| Untracked |  0
|  11|0x00000000a3100000, 0x00000000a3100000, 0x00000000a3200000|  0%| F|  |TAMS 0x00000000a3100000| PB 0x00000000a3100000| Untracked |  0
|  12|0x00000000a3200000, 0x00000000a3200000, 0x00000000a3300000|  0%| F|  |TAMS 0x00000000a3200000| PB 0x00000000a3200000| Untracked |  0
|  13|0x00000000a3300000, 0x00000000a3300000, 0x00000000a3400000|  0%| F|  |TAMS 0x00000000a3300000| PB 0x00000000a3300000| Untracked |  0
|  14|0x00000000a3400000, 0x00000000a3400000, 0x00000000a3500000|  0%| F|  |TAMS 0x00000000a3400000| PB 0x00000000a3400000| Untracked |  0
|  15|0x00000000a3500000, 0x00000000a3500000, 0x00000000a3600000|  0%| F|  |TAMS 0x00000000a3500000| PB 0x00000000a3500000| Untracked |  0
|  16|0x00000000a3600000, 0x00000000a3600000, 0x00000000a3700000|  0%| F|  |TAMS 0x00000000a3600000| PB 0x00000000a3600000| Untracked |  0
|  17|0x00000000a3700000, 0x00000000a3700000, 0x00000000a3800000|  0%| F|  |TAMS 0x00000000a3700000| PB 0x00000000a3700000| Untracked |  0
|  18|0x00000000a3800000, 0x00000000a3800000, 0x00000000a3900000|  0%| F|  |TAMS 0x00000000a3800000| PB 0x00000000a3800000| Untracked |  0
|  19|0x00000000a3900000, 0x00000000a3900000, 0x00000000a3a00000|  0%| F|  |TAMS 0x00000000a3900000| PB 0x00000000a3900000| Untracked |  0
|  20|0x00000000a3a00000, 0x00000000a3a00000, 0x00000000a3b00000|  0%| F|  |TAMS 0x00000000a3a00000| PB 0x00000000a3a00000| Untracked |  0
|  21|0x00000000a3b00000, 0x00000000a3b00000, 0x00000000a3c00000|  0%| F|  |TAMS 0x00000000a3b00000| PB 0x00000000a3b00000| Untracked |  0
|  22|0x00000000a3c00000, 0x00000000a3c00000, 0x00000000a3d00000|  0%| F|  |TAMS 0x00000000a3c00000| PB 0x00000000a3c00000| Untracked |  0
|  23|0x00000000a3d00000, 0x00000000a3d00000, 0x00000000a3e00000|  0%| F|  |TAMS 0x00000000a3d00000| PB 0x00000000a3d00000| Untracked |  0
|  24|0x00000000a3e00000, 0x00000000a3e00000, 0x00000000a3f00000|  0%| F|  |TAMS 0x00000000a3e00000| PB 0x00000000a3e00000| Untracked |  0
|  25|0x00000000a3f00000, 0x00000000a3f00000, 0x00000000a4000000|  0%| F|  |TAMS 0x00000000a3f00000| PB 0x00000000a3f00000| Untracked |  0
|  26|0x00000000a4000000, 0x00000000a4000000, 0x00000000a4100000|  0%| F|  |TAMS 0x00000000a4000000| PB 0x00000000a4000000| Untracked |  0
|  27|0x00000000a4100000, 0x00000000a4100000, 0x00000000a4200000|  0%| F|  |TAMS 0x00000000a4100000| PB 0x00000000a4100000| Untracked |  0
|  28|0x00000000a4200000, 0x00000000a4200000, 0x00000000a4300000|  0%| F|  |TAMS 0x00000000a4200000| PB 0x00000000a4200000| Untracked |  0
|  29|0x00000000a4300000, 0x00000000a4300000, 0x00000000a4400000|  0%| F|  |TAMS 0x00000000a4300000| PB 0x00000000a4300000| Untracked |  0
|  30|0x00000000a4400000, 0x00000000a4400000, 0x00000000a4500000|  0%| F|  |TAMS 0x00000000a4400000| PB 0x00000000a4400000| Untracked |  0
|  31|0x00000000a4500000, 0x00000000a4500000, 0x00000000a4600000|  0%| F|  |TAMS 0x00000000a4500000| PB 0x00000000a4500000| Untracked |  0
|  32|0x00000000a4600000, 0x00000000a4600000, 0x00000000a4700000|  0%| F|  |TAMS 0x00000000a4600000| PB 0x00000000a4600000| Untracked |  0
|  33|0x00000000a4700000, 0x00000000a4700000, 0x00000000a4800000|  0%| F|  |TAMS 0x00000000a4700000| PB 0x00000000a4700000| Untracked |  0
|  34|0x00000000a4800000, 0x00000000a4800000, 0x00000000a4900000|  0%| F|  |TAMS 0x00000000a4800000| PB 0x00000000a4800000| Untracked |  0
|  35|0x00000000a4900000, 0x00000000a4900000, 0x00000000a4a00000|  0%| F|  |TAMS 0x00000000a4900000| PB 0x00000000a4900000| Untracked |  0
|  36|0x00000000a4a00000, 0x00000000a4a00000, 0x00000000a4b00000|  0%| F|  |TAMS 0x00000000a4a00000| PB 0x00000000a4a00000| Untracked |  0
|  37|0x00000000a4b00000, 0x00000000a4b00000, 0x00000000a4c00000|  0%| F|  |TAMS 0x00000000a4b00000| PB 0x00000000a4b00000| Untracked |  0
|  38|0x00000000a4c00000, 0x00000000a4c00000, 0x00000000a4d00000|  0%| F|  |TAMS 0x00000000a4c00000| PB 0x00000000a4c00000| Untracked |  0
|  39|0x00000000a4d00000, 0x00000000a4d00000, 0x00000000a4e00000|  0%| F|  |TAMS 0x00000000a4d00000| PB 0x00000000a4d00000| Untracked |  0
|  40|0x00000000a4e00000, 0x00000000a4e00000, 0x00000000a4f00000|  0%| F|  |TAMS 0x00000000a4e00000| PB 0x00000000a4e00000| Untracked |  0
|  41|0x00000000a4f00000, 0x00000000a4f00000, 0x00000000a5000000|  0%| F|  |TAMS 0x00000000a4f00000| PB 0x00000000a4f00000| Untracked |  0
|  42|0x00000000a5000000, 0x00000000a5000000, 0x00000000a5100000|  0%| F|  |TAMS 0x00000000a5000000| PB 0x00000000a5000000| Untracked |  0
|  43|0x00000000a5100000, 0x00000000a5100000, 0x00000000a5200000|  0%| F|  |TAMS 0x00000000a5100000| PB 0x00000000a5100000| Untracked |  0
|  44|0x00000000a5200000, 0x00000000a5200000, 0x00000000a5300000|  0%| F|  |TAMS 0x00000000a5200000| PB 0x00000000a5200000| Untracked |  0
|  45|0x00000000a5300000, 0x00000000a5300000, 0x00000000a5400000|  0%| F|  |TAMS 0x00000000a5300000| PB 0x00000000a5300000| Untracked |  0
|  46|0x00000000a5400000, 0x00000000a5400000, 0x00000000a5500000|  0%| F|  |TAMS 0x00000000a5400000| PB 0x00000000a5400000| Untracked |  0
|  47|0x00000000a5500000, 0x00000000a5500000, 0x00000000a5600000|  0%| F|  |TAMS 0x00000000a5500000| PB 0x00000000a5500000| Untracked |  0
|  48|0x00000000a5600000, 0x00000000a5600000, 0x00000000a5700000|  0%| F|  |TAMS 0x00000000a5600000| PB 0x00000000a5600000| Untracked |  0
|  49|0x00000000a5700000, 0x00000000a5700000, 0x00000000a5800000|  0%| F|  |TAMS 0x00000000a5700000| PB 0x00000000a5700000| Untracked |  0
|  50|0x00000000a5800000, 0x00000000a5800000, 0x00000000a5900000|  0%| F|  |TAMS 0x00000000a5800000| PB 0x00000000a5800000| Untracked |  0
|  51|0x00000000a5900000, 0x00000000a5900000, 0x00000000a5a00000|  0%| F|  |TAMS 0x00000000a5900000| PB 0x00000000a5900000| Untracked |  0
|  52|0x00000000a5a00000, 0x00000000a5a00000, 0x00000000a5b00000|  0%| F|  |TAMS 0x00000000a5a00000| PB 0x00000000a5a00000| Untracked |  0
|  53|0x00000000a5b00000, 0x00000000a5b00000, 0x00000000a5c00000|  0%| F|  |TAMS 0x00000000a5b00000| PB 0x00000000a5b00000| Untracked |  0
|  54|0x00000000a5c00000, 0x00000000a5c00000, 0x00000000a5d00000|  0%| F|  |TAMS 0x00000000a5c00000| PB 0x00000000a5c00000| Untracked |  0
|  55|0x00000000a5d00000, 0x00000000a5d00000, 0x00000000a5e00000|  0%| F|  |TAMS 0x00000000a5d00000| PB 0x00000000a5d00000| Untracked |  0
|  56|0x00000000a5e00000, 0x00000000a5e00000, 0x00000000a5f00000|  0%| F|  |TAMS 0x00000000a5e00000| PB 0x00000000a5e00000| Untracked |  0
|  57|0x00000000a5f00000, 0x00000000a5f00000, 0x00000000a6000000|  0%| F|  |TAMS 0x00000000a5f00000| PB 0x00000000a5f00000| Untracked |  0
|  58|0x00000000a6000000, 0x00000000a6000000, 0x00000000a6100000|  0%| F|  |TAMS 0x00000000a6000000| PB 0x00000000a6000000| Untracked |  0
|  59|0x00000000a6100000, 0x00000000a6100000, 0x00000000a6200000|  0%| F|  |TAMS 0x00000000a6100000| PB 0x00000000a6100000| Untracked |  0
|  60|0x00000000a6200000, 0x00000000a6200000, 0x00000000a6300000|  0%| F|  |TAMS 0x00000000a6200000| PB 0x00000000a6200000| Untracked |  0
|  61|0x00000000a6300000, 0x00000000a6300000, 0x00000000a6400000|  0%| F|  |TAMS 0x00000000a6300000| PB 0x00000000a6300000| Untracked |  0
|  62|0x00000000a6400000, 0x00000000a6400000, 0x00000000a6500000|  0%| F|  |TAMS 0x00000000a6400000| PB 0x00000000a6400000| Untracked |  0
|  63|0x00000000a6500000, 0x00000000a6500000, 0x00000000a6600000|  0%| F|  |TAMS 0x00000000a6500000| PB 0x00000000a6500000| Untracked |  0
|  64|0x00000000a6600000, 0x00000000a6600000, 0x00000000a6700000|  0%| F|  |TAMS 0x00000000a6600000| PB 0x00000000a6600000| Untracked |  0
|  65|0x00000000a6700000, 0x00000000a6700000, 0x00000000a6800000|  0%| F|  |TAMS 0x00000000a6700000| PB 0x00000000a6700000| Untracked |  0
|  66|0x00000000a6800000, 0x00000000a6800000, 0x00000000a6900000|  0%| F|  |TAMS 0x00000000a6800000| PB 0x00000000a6800000| Untracked |  0
|  67|0x00000000a6900000, 0x00000000a6900000, 0x00000000a6a00000|  0%| F|  |TAMS 0x00000000a6900000| PB 0x00000000a6900000| Untracked |  0
|  68|0x00000000a6a00000, 0x00000000a6a00000, 0x00000000a6b00000|  0%| F|  |TAMS 0x00000000a6a00000| PB 0x00000000a6a00000| Untracked |  0
|  69|0x00000000a6b00000, 0x00000000a6b00000, 0x00000000a6c00000|  0%| F|  |TAMS 0x00000000a6b00000| PB 0x00000000a6b00000| Untracked |  0
|  70|0x00000000a6c00000, 0x00000000a6c00000, 0x00000000a6d00000|  0%| F|  |TAMS 0x00000000a6c00000| PB 0x00000000a6c00000| Untracked |  0
|  71|0x00000000a6d00000, 0x00000000a6d00000, 0x00000000a6e00000|  0%| F|  |TAMS 0x00000000a6d00000| PB 0x00000000a6d00000| Untracked |  0
|  72|0x00000000a6e00000, 0x00000000a6e00000, 0x00000000a6f00000|  0%| F|  |TAMS 0x00000000a6e00000| PB 0x00000000a6e00000| Untracked |  0
|  73|0x00000000a6f00000, 0x00000000a6f00000, 0x00000000a7000000|  0%| F|  |TAMS 0x00000000a6f00000| PB 0x00000000a6f00000| Untracked |  0
|  74|0x00000000a7000000, 0x00000000a7000000, 0x00000000a7100000|  0%| F|  |TAMS 0x00000000a7000000| PB 0x00000000a7000000| Untracked |  0
|  75|0x00000000a7100000, 0x00000000a7100000, 0x00000000a7200000|  0%| F|  |TAMS 0x00000000a7100000| PB 0x00000000a7100000| Untracked |  0
|  76|0x00000000a7200000, 0x00000000a7200000, 0x00000000a7300000|  0%| F|  |TAMS 0x00000000a7200000| PB 0x00000000a7200000| Untracked |  0
|  77|0x00000000a7300000, 0x00000000a7300000, 0x00000000a7400000|  0%| F|  |TAMS 0x00000000a7300000| PB 0x00000000a7300000| Untracked |  0
|  78|0x00000000a7400000, 0x00000000a7400000, 0x00000000a7500000|  0%| F|  |TAMS 0x00000000a7400000| PB 0x00000000a7400000| Untracked |  0
|  79|0x00000000a7500000, 0x00000000a7500000, 0x00000000a7600000|  0%| F|  |TAMS 0x00000000a7500000| PB 0x00000000a7500000| Untracked |  0
|  80|0x00000000a7600000, 0x00000000a7600000, 0x00000000a7700000|  0%| F|  |TAMS 0x00000000a7600000| PB 0x00000000a7600000| Untracked |  0
|  81|0x00000000a7700000, 0x00000000a7700000, 0x00000000a7800000|  0%| F|  |TAMS 0x00000000a7700000| PB 0x00000000a7700000| Untracked |  0
|  82|0x00000000a7800000, 0x00000000a7800000, 0x00000000a7900000|  0%| F|  |TAMS 0x00000000a7800000| PB 0x00000000a7800000| Untracked |  0
|  83|0x00000000a7900000, 0x00000000a7900000, 0x00000000a7a00000|  0%| F|  |TAMS 0x00000000a7900000| PB 0x00000000a7900000| Untracked |  0
|  84|0x00000000a7a00000, 0x00000000a7a00000, 0x00000000a7b00000|  0%| F|  |TAMS 0x00000000a7a00000| PB 0x00000000a7a00000| Untracked |  0
|  85|0x00000000a7b00000, 0x00000000a7b00000, 0x00000000a7c00000|  0%| F|  |TAMS 0x00000000a7b00000| PB 0x00000000a7b00000| Untracked |  0
|  86|0x00000000a7c00000, 0x00000000a7c00000, 0x00000000a7d00000|  0%| F|  |TAMS 0x00000000a7c00000| PB 0x00000000a7c00000| Untracked |  0
|  87|0x00000000a7d00000, 0x00000000a7d00000, 0x00000000a7e00000|  0%| F|  |TAMS 0x00000000a7d00000| PB 0x00000000a7d00000| Untracked |  0
|  88|0x00000000a7e00000, 0x00000000a7f00000, 0x00000000a7f00000|100%| E|  |TAMS 0x00000000a7e00000| PB 0x00000000a7e00000| Complete |  0
|  89|0x00000000a7f00000, 0x00000000a8000000, 0x00000000a8000000|100%| E|CS|TAMS 0x00000000a7f00000| PB 0x00000000a7f00000| Complete |  0
|  90|0x00000000a8000000, 0x00000000a8100000, 0x00000000a8100000|100%| E|CS|TAMS 0x00000000a8000000| PB 0x00000000a8000000| Complete |  0
|  91|0x00000000a8100000, 0x00000000a8200000, 0x00000000a8200000|100%| E|CS|TAMS 0x00000000a8100000| PB 0x00000000a8100000| Complete |  0
|  92|0x00000000a8200000, 0x00000000a8300000, 0x00000000a8300000|100%| E|CS|TAMS 0x00000000a8200000| PB 0x00000000a8200000| Complete |  0
|  93|0x00000000a8300000, 0x00000000a8400000, 0x00000000a8400000|100%| E|CS|TAMS 0x00000000a8300000| PB 0x00000000a8300000| Complete |  0

Card table byte_map: [0x0000016df8da0000,0x0000016df9090000] _byte_map_base: 0x0000016df888d000

Marking Bits: (CMBitMap*) 0x0000016df03bd020
 Bits: [0x0000016df9090000, 0x0000016dfa7f8000)

Polling page: 0x0000016dee380000

Metaspace:

Usage:
  Non-class:      1.58 MB used.
      Class:    167.95 KB used.
       Both:      1.74 MB used.

Virtual space:
  Non-class space:       64.00 MB reserved,       1.62 MB (  3%) committed,  1 nodes.
      Class space:        1.00 GB reserved,     256.00 KB ( <1%) committed,  1 nodes.
             Both:        1.06 GB reserved,       1.88 MB ( <1%) committed. 

Chunk freelists:
   Non-Class:  11.39 MB
       Class:  15.66 MB
        Both:  27.05 MB

MaxMetaspaceSize: unlimited
CompressedClassSpaceSize: 1.00 GB
Initial GC threshold: 21.00 MB
Current GC threshold: 21.00 MB
CDS: on
 - commit_granule_bytes: 65536.
 - commit_granule_words: 8192.
 - virtual_space_node_default_size: 8388608.
 - enlarge_chunks_in_place: 1.
 - use_allocation_guard: 0.


Internal statistics:

num_allocs_failed_limit: 0.
num_arena_births: 30.
num_arena_deaths: 0.
num_vsnodes_births: 2.
num_vsnodes_deaths: 0.
num_space_committed: 30.
num_space_uncommitted: 0.
num_chunks_returned_to_freelist: 0.
num_chunks_taken_from_freelist: 68.
num_chunk_merges: 0.
num_chunk_splits: 44.
num_chunks_enlarged: 32.
num_inconsistent_stats: 0.

CodeHeap 'non-profiled nmethods': size=120064Kb used=149Kb max_used=149Kb free=119914Kb
 bounds [0x0000016d87ac0000, 0x0000016d87d30000, 0x0000016d8f000000]
CodeHeap 'profiled nmethods': size=120000Kb used=480Kb max_used=480Kb free=119519Kb
 bounds [0x0000016d80000000, 0x0000016d80270000, 0x0000016d87530000]
CodeHeap 'non-nmethods': size=5696Kb used=1302Kb max_used=1317Kb free=4393Kb
 bounds [0x0000016d87530000, 0x0000016d877a0000, 0x0000016d87ac0000]
CodeCache: size=245760Kb, used=1931Kb, max_used=1946Kb, free=243826Kb
 total_blobs=890, nmethods=468, adapters=328, full_count=0
Compilation: enabled, stopped_count=0, restarted_count=0

Compilation events (20 events):
Event: 0.576 Thread 0x0000016dfccb21d0  461       4       java.lang.String::hashCode (60 bytes)
Event: 0.576 Thread 0x0000016dfccb5600 nmethod 458 0x0000016d80075c88 code [0x0000016d80075dc0, 0x0000016d80076050]
Event: 0.576 Thread 0x0000016dfccb5600  459       3       java.lang.StringBuilder::append (8 bytes)
Event: 0.576 Thread 0x0000016dfccb5600 nmethod 459 0x0000016d80076088 code [0x0000016d800761a0, 0x0000016d800762f0]
Event: 0.576 Thread 0x0000016dfccb5600  460       3       java.lang.AbstractStringBuilder::append (55 bytes)
Event: 0.577 Thread 0x0000016dfccb5600 nmethod 460 0x0000016d80076388 code [0x0000016d800764e0, 0x0000016d80076828]
Event: 0.577 Thread 0x0000016dfccb5600  462       1       java.net.URLStreamHandler::getDefaultPort (2 bytes)
Event: 0.577 Thread 0x0000016dfccb5600 nmethod 462 0x0000016d87ae4a88 code [0x0000016d87ae4ba0, 0x0000016d87ae4c68]
Event: 0.578 Thread 0x0000016dfccb21d0 nmethod 461 0x0000016d87ae4d88 code [0x0000016d87ae4ec0, 0x0000016d87ae51d0]
Event: 0.579 Thread 0x0000016dfccb5600  463       3       java.util.jar.Attributes::getValue (9 bytes)
Event: 0.580 Thread 0x0000016dfccb5600 nmethod 463 0x0000016d80076888 code [0x0000016d800769c0, 0x0000016d80076cc8]
Event: 0.580 Thread 0x0000016dfccb5600  464       3       java.util.jar.Attributes::get (11 bytes)
Event: 0.580 Thread 0x0000016dfccb5600 nmethod 464 0x0000016d80076d08 code [0x0000016d80076e20, 0x0000016d80076ff8]
Event: 0.583 Thread 0x0000016dfccb5600  465       3       org.codehaus.plexus.classworlds.realm.ClassRealm::getClassLoadingLock (38 bytes)
Event: 0.584 Thread 0x0000016dfccb5600 nmethod 465 0x0000016d80077008 code [0x0000016d80077140, 0x0000016d80077428]
Event: 0.584 Thread 0x0000016dfccb5600  466       1       jdk.internal.jimage.ImageHeader::getTableLength (5 bytes)
Event: 0.584 Thread 0x0000016dfccb5600 nmethod 466 0x0000016d87ae5208 code [0x0000016d87ae5320, 0x0000016d87ae53e8]
Event: 0.584 Thread 0x0000016dfccb5600  467   !   3       java.nio.DirectIntBufferU::get (34 bytes)
Event: 0.585 Thread 0x0000016dfccb5600 nmethod 467 0x0000016d80077488 code [0x0000016d80077660, 0x0000016d80077f88]
Event: 0.585 Thread 0x0000016dfccb5600  468       3       java.nio.DirectIntBufferU::ix (10 bytes)

GC Heap History (0 events):
No events

Dll operation events (8 events):
Event: 0.020 Loaded shared library C:\Program Files\Java\jdk-23\bin\java.dll
Event: 0.127 Loaded shared library C:\Program Files\Java\jdk-23\bin\jsvml.dll
Event: 0.209 Loaded shared library C:\Program Files\Java\jdk-23\bin\net.dll
Event: 0.214 Loaded shared library C:\Program Files\Java\jdk-23\bin\nio.dll
Event: 0.220 Loaded shared library C:\Program Files\Java\jdk-23\bin\zip.dll
Event: 0.492 Loaded shared library C:\Program Files\NetBeans-23\netbeans\java\maven\lib\jansi-native\Windows\x86_64\jansi.dll
Event: 0.499 Loaded shared library C:\Program Files\Java\jdk-23\bin\jimage.dll
Event: 0.520 Loaded shared library C:\Program Files\Java\jdk-23\bin\verify.dll

Deoptimization events (20 events):
Event: 0.292 Thread 0x0000016dee10ee70 DEOPT PACKING pc=0x0000016d87ac5a38 sp=0x0000001a0adfdc30
Event: 0.292 Thread 0x0000016dee10ee70 DEOPT UNPACKING pc=0x0000016d87584402 sp=0x0000001a0adfdaf0 mode 2
Event: 0.317 Thread 0x0000016dee10ee70 DEOPT PACKING pc=0x0000016d800248c1 sp=0x0000001a0adfe520
Event: 0.317 Thread 0x0000016dee10ee70 DEOPT UNPACKING pc=0x0000016d87584b22 sp=0x0000001a0adfd990 mode 0
Event: 0.317 Thread 0x0000016dee10ee70 DEOPT PACKING pc=0x0000016d800248c1 sp=0x0000001a0adfe520
Event: 0.317 Thread 0x0000016dee10ee70 DEOPT UNPACKING pc=0x0000016d87584b22 sp=0x0000001a0adfd990 mode 0
Event: 0.317 Thread 0x0000016dee10ee70 DEOPT PACKING pc=0x0000016d800248c1 sp=0x0000001a0adfe520
Event: 0.317 Thread 0x0000016dee10ee70 DEOPT UNPACKING pc=0x0000016d87584b22 sp=0x0000001a0adfd990 mode 0
Event: 0.321 Thread 0x0000016dee10ee70 DEOPT PACKING pc=0x0000016d800248c1 sp=0x0000001a0adfe520
Event: 0.321 Thread 0x0000016dee10ee70 DEOPT UNPACKING pc=0x0000016d87584b22 sp=0x0000001a0adfd990 mode 0
Event: 0.321 Thread 0x0000016dee10ee70 DEOPT PACKING pc=0x0000016d800248c1 sp=0x0000001a0adfe520
Event: 0.321 Thread 0x0000016dee10ee70 DEOPT UNPACKING pc=0x0000016d87584b22 sp=0x0000001a0adfd990 mode 0
Event: 0.324 Thread 0x0000016dee10ee70 DEOPT PACKING pc=0x0000016d800248c1 sp=0x0000001a0adfec00
Event: 0.324 Thread 0x0000016dee10ee70 DEOPT UNPACKING pc=0x0000016d87584b22 sp=0x0000001a0adfe088 mode 0
Event: 0.430 Thread 0x0000016dee10ee70 Uncommon trap: trap_request=0xffffff45 fr.pc=0x0000016d87acf8e4 relative=0x0000000000000164
Event: 0.430 Thread 0x0000016dee10ee70 Uncommon trap: reason=unstable_if action=reinterpret pc=0x0000016d87acf8e4 method=java.lang.StringCoding.countPositives([BII)I @ 17 c2
Event: 0.430 Thread 0x0000016dee10ee70 DEOPT PACKING pc=0x0000016d87acf8e4 sp=0x0000001a0adfa890
Event: 0.430 Thread 0x0000016dee10ee70 DEOPT UNPACKING pc=0x0000016d87584402 sp=0x0000001a0adfa830 mode 2
Event: 0.500 Thread 0x0000016dee10ee70 DEOPT PACKING pc=0x0000016d80040041 sp=0x0000001a0adfa890
Event: 0.500 Thread 0x0000016dee10ee70 DEOPT UNPACKING pc=0x0000016d87584b22 sp=0x0000001a0adf9d18 mode 0

Classes loaded (20 events):
Event: 0.565 Loading class java/util/Stack done
Event: 0.572 Loading class java/lang/StringIndexOutOfBoundsException
Event: 0.572 Loading class java/lang/IndexOutOfBoundsException
Event: 0.572 Loading class java/lang/IndexOutOfBoundsException done
Event: 0.572 Loading class java/lang/StringIndexOutOfBoundsException done
Event: 0.573 Loading class java/util/ArrayList$ListItr
Event: 0.573 Loading class java/util/ArrayList$ListItr done
Event: 0.573 Loading class java/util/LinkedList$ListItr
Event: 0.573 Loading class java/util/LinkedList$ListItr done
Event: 0.575 Loading class java/lang/NoSuchFieldError
Event: 0.576 Loading class java/lang/NoSuchFieldError done
Event: 0.580 Loading class java/util/concurrent/LinkedBlockingQueue
Event: 0.580 Loading class java/util/concurrent/BlockingQueue
Event: 0.580 Loading class java/util/concurrent/BlockingQueue done
Event: 0.581 Loading class java/util/AbstractQueue
Event: 0.581 Loading class java/util/AbstractQueue done
Event: 0.581 Loading class java/util/concurrent/LinkedBlockingQueue done
Event: 0.581 Loading class java/util/concurrent/LinkedBlockingQueue$Node
Event: 0.581 Loading class java/util/concurrent/LinkedBlockingQueue$Node done
Event: 0.585 Loading class java/net/URLClassLoader$3

Classes unloaded (0 events):
No events

Classes redefined (0 events):
No events

Internal exceptions (20 events):
Event: 0.283 Thread 0x0000016dee10ee70 Exception <a 'java/lang/NoSuchMethodError'{0x00000000a82f6330}: 'int java.lang.invoke.DirectMethodHandle$Holder.invokeSpecial(java.lang.Object, java.lang.Object, java.lang.Object)'> (0x00000000a82f6330) 
thrown [s\open\src\hotspot\share\interpreter\linkResolver.cpp, line 796]
Event: 0.460 Thread 0x0000016dee10ee70 Exception <a 'java/lang/NoSuchMethodError'{0x00000000a7f32618}: 'java.lang.Object java.lang.invoke.Invokers$Holder.invokeExact_MT(java.lang.Object, java.lang.Object, java.lang.Object, java.lang.Object, java.lang.Object)'> (0x00000000a7f32618) 
thrown [s\open\src\hotspot\share\interpreter\linkResolver.cpp, line 796]
Event: 0.481 Thread 0x0000016dee10ee70 Exception <a 'java/lang/NullPointerException'{0x00000000a7f8e120}> (0x00000000a7f8e120) 
thrown [s\open\src\hotspot\share\interpreter\linkResolver.cpp, line 1389]
Event: 0.494 Thread 0x0000016dee10ee70 Exception <a 'java/lang/NullPointerException'{0x00000000a7fab2f8}> (0x00000000a7fab2f8) 
thrown [s\open\src\hotspot\share\interpreter\linkResolver.cpp, line 1389]
Event: 0.494 Thread 0x0000016dee10ee70 Exception <a 'java/lang/NullPointerException'{0x00000000a7fab5d8}> (0x00000000a7fab5d8) 
thrown [s\open\src\hotspot\share\interpreter\linkResolver.cpp, line 1389]
Event: 0.494 Thread 0x0000016dee10ee70 Exception <a 'java/lang/NullPointerException'{0x00000000a7fab8b8}> (0x00000000a7fab8b8) 
thrown [s\open\src\hotspot\share\interpreter\linkResolver.cpp, line 1389]
Event: 0.496 Thread 0x0000016dee10ee70 Exception <a 'java/lang/NullPointerException'{0x00000000a7fb0dc8}> (0x00000000a7fb0dc8) 
thrown [s\open\src\hotspot\share\interpreter\linkResolver.cpp, line 1389]
Event: 0.499 Thread 0x0000016dee10ee70 Exception <a 'java/lang/NullPointerException'{0x00000000a7fc45f0}> (0x00000000a7fc45f0) 
thrown [s\open\src\hotspot\share\interpreter\linkResolver.cpp, line 1389]
Event: 0.499 Thread 0x0000016dee10ee70 Exception <a 'java/lang/NullPointerException'{0x00000000a7fc48d0}> (0x00000000a7fc48d0) 
thrown [s\open\src\hotspot\share\interpreter\linkResolver.cpp, line 1389]
Event: 0.499 Thread 0x0000016dee10ee70 Exception <a 'java/lang/NullPointerException'{0x00000000a7fc4bb0}> (0x00000000a7fc4bb0) 
thrown [s\open\src\hotspot\share\interpreter\linkResolver.cpp, line 1389]
Event: 0.499 Thread 0x0000016dee10ee70 Exception <a 'java/lang/NullPointerException'{0x00000000a7fc4e90}> (0x00000000a7fc4e90) 
thrown [s\open\src\hotspot\share\interpreter\linkResolver.cpp, line 1389]
Event: 0.514 Thread 0x0000016dee10ee70 Exception <a 'sun/nio/fs/WindowsException'{0x00000000a7e16348}> (0x00000000a7e16348) 
thrown [s\open\src\hotspot\share\prims\jni.cpp, line 520]
Event: 0.515 Thread 0x0000016dee10ee70 Exception <a 'sun/nio/fs/WindowsException'{0x00000000a7e16af8}> (0x00000000a7e16af8) 
thrown [s\open\src\hotspot\share\prims\jni.cpp, line 520]
Event: 0.516 Thread 0x0000016dee10ee70 Exception <a 'sun/nio/fs/WindowsException'{0x00000000a7e17360}> (0x00000000a7e17360) 
thrown [s\open\src\hotspot\share\prims\jni.cpp, line 520]
Event: 0.516 Thread 0x0000016dee10ee70 Exception <a 'sun/nio/fs/WindowsException'{0x00000000a7e178d8}> (0x00000000a7e178d8) 
thrown [s\open\src\hotspot\share\prims\jni.cpp, line 520]
Event: 0.516 Thread 0x0000016dee10ee70 Exception <a 'sun/nio/fs/WindowsException'{0x00000000a7e17e30}> (0x00000000a7e17e30) 
thrown [s\open\src\hotspot\share\prims\jni.cpp, line 520]
Event: 0.516 Thread 0x0000016dee10ee70 Exception <a 'sun/nio/fs/WindowsException'{0x00000000a7e18338}> (0x00000000a7e18338) 
thrown [s\open\src\hotspot\share\prims\jni.cpp, line 520]
Event: 0.516 Thread 0x0000016dee10ee70 Exception <a 'sun/nio/fs/WindowsException'{0x00000000a7e187f8}> (0x00000000a7e187f8) 
thrown [s\open\src\hotspot\share\prims\jni.cpp, line 520]
Event: 0.542 Thread 0x0000016dee10ee70 Exception <a 'java/lang/NoSuchMethodError'{0x00000000a7e65470}: 'void java.lang.invoke.DirectMethodHandle$Holder.invokeStatic(java.lang.Object, java.lang.Object)'> (0x00000000a7e65470) 
thrown [s\open\src\hotspot\share\interpreter\linkResolver.cpp, line 796]
Event: 0.543 Thread 0x0000016dee10ee70 Exception <a 'java/lang/NoSuchMethodError'{0x00000000a7e68888}: 'void java.lang.invoke.DirectMethodHandle$Holder.invokeStaticInit(java.lang.Object, java.lang.Object)'> (0x00000000a7e68888) 
thrown [s\open\src\hotspot\share\interpreter\linkResolver.cpp, line 796]

VM Operations (6 events):
Event: 0.221 Executing VM operation: HandshakeAllThreads (Deoptimize)
Event: 0.222 Executing VM operation: HandshakeAllThreads (Deoptimize) done
Event: 0.479 Executing VM operation: HandshakeAllThreads (Deoptimize)
Event: 0.479 Executing VM operation: HandshakeAllThreads (Deoptimize) done
Event: 0.555 Executing VM operation: HandshakeAllThreads (Deoptimize)
Event: 0.555 Executing VM operation: HandshakeAllThreads (Deoptimize) done

Memory protections (0 events):
No events

Nmethod flushes (0 events):
No events

Events (13 events):
Event: 0.082 Thread 0x0000016dee10ee70 Thread added: 0x0000016dee10ee70
Event: 0.104 Thread 0x0000016dee10ee70 Thread added: 0x0000016dfcca3f10
Event: 0.104 Thread 0x0000016dee10ee70 Thread added: 0x0000016dfcca5780
Event: 0.104 Thread 0x0000016dee10ee70 Thread added: 0x0000016dfccaa430
Event: 0.105 Thread 0x0000016dee10ee70 Thread added: 0x0000016dfccaae90
Event: 0.105 Thread 0x0000016dee10ee70 Thread added: 0x0000016dfccac240
Event: 0.105 Thread 0x0000016dee10ee70 Thread added: 0x0000016dfccad5f0
Event: 0.105 Thread 0x0000016dee10ee70 Thread added: 0x0000016dfccb21d0
Event: 0.105 Thread 0x0000016dee10ee70 Thread added: 0x0000016dfccb5600
Event: 0.165 Thread 0x0000016dee10ee70 Thread added: 0x0000016dd40ba550
Event: 0.203 Thread 0x0000016dee10ee70 Thread added: 0x0000016dd40c4800
Event: 0.486 Thread 0x0000016dee10ee70 Thread added: 0x0000016dd43cfea0
Event: 0.558 Thread 0x0000016dd43cfea0 Thread exited: 0x0000016dd43cfea0


Dynamic libraries:
0x00007ff609be0000 - 0x00007ff609bf0000 	C:\Program Files\Java\jdk-23\bin\java.exe
0x00007ffe62b90000 - 0x00007ffe62d88000 	C:\WINDOWS\SYSTEM32\ntdll.dll
0x00007ffe61e90000 - 0x00007ffe61f52000 	C:\WINDOWS\System32\KERNEL32.DLL
0x00007ffe60830000 - 0x00007ffe60b2e000 	C:\WINDOWS\System32\KERNELBASE.dll
0x00007ffe60570000 - 0x00007ffe60670000 	C:\WINDOWS\System32\ucrtbase.dll
0x00007ffe33ea0000 - 0x00007ffe33ebb000 	C:\Program Files\Java\jdk-23\bin\VCRUNTIME140.dll
0x00007ffe49f20000 - 0x00007ffe49f37000 	C:\Program Files\Java\jdk-23\bin\jli.dll
0x00007ffe61590000 - 0x00007ffe6172d000 	C:\WINDOWS\System32\USER32.dll
0x00007ffe603e0000 - 0x00007ffe60402000 	C:\WINDOWS\System32\win32u.dll
0x00007ffe61380000 - 0x00007ffe613ab000 	C:\WINDOWS\System32\GDI32.dll
0x00007ffe60710000 - 0x00007ffe60827000 	C:\WINDOWS\System32\gdi32full.dll
0x00007ffe60670000 - 0x00007ffe6070d000 	C:\WINDOWS\System32\msvcp_win.dll
0x00007ffe4cf20000 - 0x00007ffe4d1ba000 	C:\WINDOWS\WinSxS\amd64_microsoft.windows.common-controls_6595b64144ccf1df_6.0.19041.4355_none_60b8b9eb71f62e16\COMCTL32.dll
0x00007ffe60da0000 - 0x00007ffe60e3e000 	C:\WINDOWS\System32\msvcrt.dll
0x00007ffe61f60000 - 0x00007ffe61f8f000 	C:\WINDOWS\System32\IMM32.DLL
0x00007ffe42850000 - 0x00007ffe4285c000 	C:\Program Files\Java\jdk-23\bin\vcruntime140_1.dll
0x00007ffe30e70000 - 0x00007ffe30efe000 	C:\Program Files\Java\jdk-23\bin\msvcp140.dll
0x00007ffe15d50000 - 0x00007ffe16a9f000 	C:\Program Files\Java\jdk-23\bin\server\jvm.dll
0x00007ffe62820000 - 0x00007ffe628d1000 	C:\WINDOWS\System32\ADVAPI32.dll
0x00007ffe62aa0000 - 0x00007ffe62b3f000 	C:\WINDOWS\System32\sechost.dll
0x00007ffe628e0000 - 0x00007ffe62a03000 	C:\WINDOWS\System32\RPCRT4.dll
0x00007ffe60b30000 - 0x00007ffe60b57000 	C:\WINDOWS\System32\bcrypt.dll
0x00007ffe62020000 - 0x00007ffe6208b000 	C:\WINDOWS\System32\WS2_32.dll
0x00007ffe600f0000 - 0x00007ffe6013b000 	C:\WINDOWS\SYSTEM32\POWRPROF.dll
0x00007ffe4f7f0000 - 0x00007ffe4f817000 	C:\WINDOWS\SYSTEM32\WINMM.dll
0x00007ffe4fc20000 - 0x00007ffe4fc2a000 	C:\WINDOWS\SYSTEM32\VERSION.dll
0x00007ffe600d0000 - 0x00007ffe600e2000 	C:\WINDOWS\SYSTEM32\UMPDC.dll
0x00007ffe5eab0000 - 0x00007ffe5eac2000 	C:\WINDOWS\SYSTEM32\kernel.appcore.dll
0x00007ffe425f0000 - 0x00007ffe425fa000 	C:\Program Files\Java\jdk-23\bin\jimage.dll
0x00007ffe5e020000 - 0x00007ffe5e204000 	C:\WINDOWS\SYSTEM32\DBGHELP.DLL
0x00007ffe493d0000 - 0x00007ffe49404000 	C:\WINDOWS\SYSTEM32\dbgcore.DLL
0x00007ffe602e0000 - 0x00007ffe60362000 	C:\WINDOWS\System32\bcryptPrimitives.dll
0x00007ffe33e40000 - 0x00007ffe33e5e000 	C:\Program Files\Java\jdk-23\bin\java.dll
0x00007ffe60c70000 - 0x00007ffe60d9b000 	C:\WINDOWS\System32\ole32.dll
0x00007ffe60f50000 - 0x00007ffe612a3000 	C:\WINDOWS\System32\combase.dll
0x00007ffe620b0000 - 0x00007ffe6281d000 	C:\WINDOWS\System32\SHELL32.dll
0x00007ffe5e230000 - 0x00007ffe5e9d4000 	C:\WINDOWS\SYSTEM32\windows.storage.dll
0x00007ffe5fbf0000 - 0x00007ffe5fc1e000 	C:\WINDOWS\SYSTEM32\Wldp.dll
0x00007ffe612b0000 - 0x00007ffe6137d000 	C:\WINDOWS\System32\OLEAUT32.dll
0x00007ffe60e40000 - 0x00007ffe60eed000 	C:\WINDOWS\System32\SHCORE.dll
0x00007ffe60ef0000 - 0x00007ffe60f45000 	C:\WINDOWS\System32\shlwapi.dll
0x00007ffe601c0000 - 0x00007ffe601e4000 	C:\WINDOWS\SYSTEM32\profapi.dll
0x00007ffe2f5b0000 - 0x00007ffe2f687000 	C:\Program Files\Java\jdk-23\bin\jsvml.dll
0x00007ffe422d0000 - 0x00007ffe422e0000 	C:\Program Files\Java\jdk-23\bin\net.dll
0x00007ffe5f950000 - 0x00007ffe5f9ba000 	C:\WINDOWS\system32\mswsock.dll
0x00007ffe33e20000 - 0x00007ffe33e36000 	C:\Program Files\Java\jdk-23\bin\nio.dll
0x00007ffe33e00000 - 0x00007ffe33e17000 	C:\Program Files\Java\jdk-23\bin\zip.dll
0x00007ffe42bb0000 - 0x00007ffe42bd4000 	C:\Program Files\NetBeans-23\netbeans\java\maven\lib\jansi-native\Windows\x86_64\jansi.dll
0x00007ffe34da0000 - 0x00007ffe34db0000 	C:\Program Files\Java\jdk-23\bin\verify.dll

dbghelp: loaded successfully - version: 4.0.5 - missing functions: none
symbol engine: initialized successfully - sym options: 0x614 - pdb path: .;C:\Program Files\Java\jdk-23\bin;C:\WINDOWS\SYSTEM32;C:\WINDOWS\WinSxS\amd64_microsoft.windows.common-controls_6595b64144ccf1df_6.0.19041.4355_none_60b8b9eb71f62e16;C:\Program Files\Java\jdk-23\bin\server;C:\Program Files\NetBeans-23\netbeans\java\maven\lib\jansi-native\Windows\x86_64

VM Arguments:
jvm_args: -Dclassworlds.conf=C:\Program Files\NetBeans-23\netbeans\java\maven\bin\m2.conf -Dmaven.home=C:\Program Files\NetBeans-23\netbeans\java\maven -Dlibrary.jansi.path=C:\Program Files\NetBeans-23\netbeans\java\maven\lib\jansi-native -Dmaven.multiModuleProjectDirectory=C:\Users\maico\OneDrive\Escritorio\PROYECTO FINAL AP\GestionDeProducciones 
java_command: org.codehaus.plexus.classworlds.launcher.Launcher -Dexec.vmArgs= -Dexec.args=${exec.vmArgs} -classpath %classpath ${exec.mainClass} ${exec.appArgs} -Dexec.executable=C:\Program Files\Java\jdk-23\bin\java.exe -Dexec.mainClass=fabrica.gestiondeproducciones.presentacion.Principal -Dexec.classpathScope=runtime -Dexec.appArgs= -Dmaven.ext.class.path=C:\Program Files\NetBeans-23\netbeans\java\maven-nblib\netbeans-eventspy.jar --no-transfer-progress process-classes org.codehaus.mojo:exec-maven-plugin:3.1.0:exec
java_class_path (initial): C:\Program Files\NetBeans-23\netbeans\java\maven\boot\plexus-classworlds-2.8.0.jar
Launcher Type: SUN_STANDARD

[Global flags]
     intx CICompilerCount                          = 3                                         {product} {ergonomic}
     uint ConcGCThreads                            = 1                                         {product} {ergonomic}
     uint G1ConcRefinementThreads                  = 4                                         {product} {ergonomic}
   size_t G1HeapRegionSize                         = 1048576                                   {product} {ergonomic}
   size_t InitialHeapSize                          = 98566144                                  {product} {ergonomic}
   size_t MarkStackSize                            = 4194304                                   {product} {ergonomic}
   size_t MarkStackSizeMax                         = 536870912                                 {product} {ergonomic}
   size_t MaxHeapSize                              = 1570766848                                {product} {ergonomic}
   size_t MaxNewSize                               = 941621248                                 {product} {ergonomic}
   size_t MinHeapDeltaBytes                        = 1048576                                   {product} {ergonomic}
   size_t MinHeapSize                              = 8388608                                   {product} {ergonomic}
    uintx NonNMethodCodeHeapSize                   = 5832704                                {pd product} {ergonomic}
    uintx NonProfiledCodeHeapSize                  = 122945536                              {pd product} {ergonomic}
    uintx ProfiledCodeHeapSize                     = 122880000                              {pd product} {ergonomic}
    uintx ReservedCodeCacheSize                    = 251658240                              {pd product} {ergonomic}
     bool SegmentedCodeCache                       = true                                      {product} {ergonomic}
   size_t SoftMaxHeapSize                          = 1570766848                             {manageable} {ergonomic}
     bool UseCompressedOops                        = true                           {product lp64_product} {ergonomic}
     bool UseG1GC                                  = true                                      {product} {ergonomic}
     bool UseLargePagesIndividualAllocation        = false                                  {pd product} {ergonomic}

Logging:
Log output configuration:
 #0: stdout all=warning uptime,level,tags foldmultilines=false
 #1: stderr all=off uptime,level,tags foldmultilines=false

Environment Variables:
JAVA_HOME=C:\Program Files\Java\jdk-23
PATH=C:\Program Files\Common Files\Oracle\Java\javapath;C:\Program Files\Eclipse Adoptium\jdk-17.0.7.7-hotspot\bin;C:\WINDOWS\system32;C:\WINDOWS;C:\WINDOWS\System32\Wbem;C:\WINDOWS\System32\WindowsPowerShell\v1.0\;C:\Program Files (x86)\Common Files\lenovo\easyplussdk\bin;C:\WINDOWS\System32\OpenSSH\;C:\Program Files (x86)\Microsoft SQL Server\160\Tools\Binn\;C:\Program Files\Microsoft SQL Server\160\Tools\Binn\;C:\Program Files\Microsoft SQL Server\Client SDK\ODBC\170\Tools\Binn\;C:\Program Files\Microsoft SQL Server\160\DTS\Binn\;C:\Program Files (x86)\Microsoft SQL Server\160\DTS\Binn\;C:\Program Files\Azure Data Studio\bin;C:\Program Files\dotnet\;C:\Program Files\Git\cmd;C:\Program Files\nodejs\;C:\Users\maico\AppData\Local\Microsoft\WindowsApps;;C:\Program Files\Azure Data Studio\bin;C:\Users\maico\.dotnet\tools;C:\Users\maico\AppData\Local\Programs\Microsoft VS Code\bin;C:\Users\maico\AppData\Roaming\npm
USERNAME=maico
OS=Windows_NT
PROCESSOR_IDENTIFIER=Intel64 Family 6 Model 78 Stepping 3, GenuineIntel
TMP=C:\Users\maico\AppData\Local\Temp
TEMP=C:\Users\maico\AppData\Local\Temp




Periodic native trim disabled

---------------  S Y S T E M  ---------------

OS:
 Windows 10 , 64 bit Build 19041 (10.0.19041.5198)
OS uptime: 3 days 23:49 hours

CPU: total 4 (initial active 4) (2 cores per cpu, 2 threads per core) family 6 model 78 stepping 3 microcode 0xcc, cx8, cmov, fxsr, ht, mmx, 3dnowpref, sse, sse2, sse3, ssse3, sse4.1, sse4.2, popcnt, lzcnt, tsc, tscinvbit, avx, avx2, aes, erms, clmul, bmi1, bmi2, adx, fma, vzeroupper, clflush, clflushopt, rdtscp, f16c
Processor Information for the first 4 processors :
  Max Mhz: 2592, Current Mhz: 2492, Mhz Limit: 2488

Memory: 4k page, system-wide physical 5985M (567M free)
TotalPageFile size 5985M (AvailPageFile size 3M)
current process WorkingSet (physical memory assigned to process): 46M, peak: 46M
current process commit charge ("private bytes"): 171M, peak: 171M

vm_info: Java HotSpot(TM) 64-Bit Server VM (23.0.1+11-39) for windows-amd64 JRE (23.0.1+11-39), built on 2024-09-30T07:20:43Z with MS VC++ 17.6 (VS2022)

END.
