#
# There is insufficient memory for the Java Runtime Environment to continue.
# Native memory allocation (mmap) failed to map 98566144 bytes. Error detail: G1 virtual space
# Possible reasons:
#   The system is out of physical RAM or swap space
#   This process is running with CompressedOops enabled, and the Java Heap may be blocking the growth of the native heap
# Possible solutions:
#   Reduce memory load on the system
#   Increase physical memory or swap space
#   Check if swap backing store is full
#   Decrease Java heap size (-Xmx/-Xms)
#   Decrease number of Java threads
#   Decrease Java thread stack sizes (-Xss)
#   Set larger code cache with -XX:ReservedCodeCacheSize=
#   JVM is running with Unscaled Compressed Oops mode in which the Java heap is
#     placed in the first 4GB address space. The Java Heap base address is the
#     maximum limit for the native heap growth. Please use -XX:HeapBaseMinAddress
#     to set the Java Heap base and to place the Java Heap above 4GB virtual address.
# This output file may be truncated or incomplete.
#
#  Out of Memory Error (os_windows.cpp:3703), pid=13172, tid=13724
#
# JRE version:  (23.0.1+11) (build )
# Java VM: Java HotSpot(TM) 64-Bit Server VM (23.0.1+11-39, mixed mode, sharing, tiered, compressed oops, compressed class ptrs, g1 gc, windows-amd64)
# No core dump will be written. Minidumps are not enabled by default on client versions of Windows
#

---------------  S U M M A R Y ------------

Command Line: -Dclassworlds.conf=C:\Program Files\NetBeans-23\netbeans\java\maven\bin\m2.conf -Dmaven.home=C:\Program Files\NetBeans-23\netbeans\java\maven -Dlibrary.jansi.path=C:\Program Files\NetBeans-23\netbeans\java\maven\lib\jansi-native -Dmaven.multiModuleProjectDirectory=C:\Users\maico\OneDrive\Escritorio\PROYECTO FINAL AP\GestionDeProducciones org.codehaus.plexus.classworlds.launcher.Launcher -Dexec.vmArgs= -Dexec.args=${exec.vmArgs} -classpath %classpath ${exec.mainClass} ${exec.appArgs} -Dexec.appArgs= -Dexec.mainClass=fabrica.gestiondeproducciones.GestionDeProducciones -Dexec.executable=C:\Program Files\Java\jdk-23\bin\java.exe -Dmaven.ext.class.path=C:\Program Files\NetBeans-23\netbeans\java\maven-nblib\netbeans-eventspy.jar --no-transfer-progress process-classes org.codehaus.mojo:exec-maven-plugin:3.1.0:exec

Host: Intel(R) Core(TM) i7-6500U CPU @ 2.50GHz, 4 cores, 5G,  Windows 10 , 64 bit Build 19041 (10.0.19041.5198)
Time: Mon Jan  6 19:02:54 2025 Hora estándar de Montevideo elapsed time: 0.179964 seconds (0d 0h 0m 0s)

---------------  T H R E A D  ---------------

Current thread (0x0000011aba5702f0):  JavaThread "Unknown thread" [_thread_in_vm, id=13724, stack(0x0000001138200000,0x0000001138300000) (1024K)]

Stack: [0x0000001138200000,0x0000001138300000]
Native frames: (J=compiled Java code, j=interpreted, Vv=VM code, C=native code)
V  [jvm.dll+0x6e08b9]  (no source info available)
V  [jvm.dll+0x87dc83]  (no source info available)
V  [jvm.dll+0x88010e]  (no source info available)
V  [jvm.dll+0x8807e3]  (no source info available)
V  [jvm.dll+0x27aee6]  (no source info available)
V  [jvm.dll+0x6dd1c5]  (no source info available)
V  [jvm.dll+0x6d104a]  (no source info available)
V  [jvm.dll+0x35b3ea]  (no source info available)
V  [jvm.dll+0x3637f6]  (no source info available)
V  [jvm.dll+0x34fd5e]  (no source info available)
V  [jvm.dll+0x34fff8]  (no source info available)
V  [jvm.dll+0x3289cc]  (no source info available)
V  [jvm.dll+0x32966e]  (no source info available)
V  [jvm.dll+0x844355]  (no source info available)
V  [jvm.dll+0x3b9848]  (no source info available)
V  [jvm.dll+0x82d14c]  (no source info available)
V  [jvm.dll+0x454d4e]  (no source info available)
V  [jvm.dll+0x456bd1]  (no source info available)
C  [jli.dll+0x52a3]  (no source info available)
C  [ucrtbase.dll+0x21bb2]  (no source info available)
C  [KERNEL32.DLL+0x17374]  (no source info available)
C  [ntdll.dll+0x4cc91]  (no source info available)

Lock stack of current Java thread (top to bottom):


---------------  P R O C E S S  ---------------

Threads class SMR info:
_java_thread_list=0x00007ffe16943618, length=0, elements={
}

Java Threads: ( => current thread )
Total: 0

Other Threads:
  0x0000011abc8092c0 WorkerThread "GC Thread#0"                     [id=11180, stack(0x0000001138300000,0x0000001138400000) (1024K)]
  0x0000011abc819580 ConcurrentGCThread "G1 Main Marker"            [id=8308, stack(0x0000001138400000,0x0000001138500000) (1024K)]
  0x0000011abc819fa0 WorkerThread "G1 Conc#0"                       [id=11504, stack(0x0000001138500000,0x0000001138600000) (1024K)]

[error occurred during error reporting (printing all threads), id 0xc0000005, EXCEPTION_ACCESS_VIOLATION (0xc0000005) at pc=0x00007ffe1608bfba]
VM state: not at safepoint (not fully initialized)

VM Mutex/Monitor currently owned by a thread:  ([mutex/lock_event])
[0x00007ffe169c3a10] Heap_lock - owner thread: 0x0000011aba5702f0

Heap address: 0x00000000a2600000, size: 1498 MB, Compressed Oops mode: 32-bit

CDS archive(s) mapped at: [0x0000000000000000-0x0000000000000000-0x0000000000000000), size 0, SharedBaseAddress: 0x0000000800000000, ArchiveRelocationMode: 1.
Narrow klass base: 0x0000000000000000, Narrow klass shift: 0, Narrow klass range: 0x0

GC Precious Log:
 CardTable entry size: 512
 Card Set container configuration: InlinePtr #cards 5 size 8 Array Of Cards #cards 10 size 36 Howl #buckets 4 coarsen threshold 1843 Howl Bitmap #cards 512 size 80 coarsen threshold 460 Card regions per heap region 1 cards per card region 2048

Heap:
 garbage-first heap   total reserved 1533952K, committed 0K, used 0K [0x00000000a2600000, 0x0000000100000000)
  region size 1024K, 0 young (0K), 0 survivors (0K)

[error occurred during error reporting (printing heap information), id 0xc0000005, EXCEPTION_ACCESS_VIOLATION (0xc0000005) at pc=0x00007ffe1648c3c9]
GC Heap History (0 events):
No events

Dll operation events (1 events):
Event: 0.069 Loaded shared library C:\Program Files\Java\jdk-23\bin\java.dll

Deoptimization events (0 events):
No events

Classes loaded (0 events):
No events

Classes unloaded (0 events):
No events

Classes redefined (0 events):
No events

Internal exceptions (0 events):
No events

VM Operations (0 events):
No events

Memory protections (0 events):
No events

Nmethod flushes (0 events):
No events

Events (0 events):
No events


Dynamic libraries:
0x00007ff609be0000 - 0x00007ff609bf0000 	C:\Program Files\Java\jdk-23\bin\java.exe
0x00007ffe62b90000 - 0x00007ffe62d88000 	C:\WINDOWS\SYSTEM32\ntdll.dll
0x00007ffe61e90000 - 0x00007ffe61f52000 	C:\WINDOWS\System32\KERNEL32.DLL
0x00007ffe60830000 - 0x00007ffe60b2e000 	C:\WINDOWS\System32\KERNELBASE.dll
0x00007ffe60570000 - 0x00007ffe60670000 	C:\WINDOWS\System32\ucrtbase.dll
0x00007ffe33ea0000 - 0x00007ffe33ebb000 	C:\Program Files\Java\jdk-23\bin\VCRUNTIME140.dll
0x00007ffe42bc0000 - 0x00007ffe42bd7000 	C:\Program Files\Java\jdk-23\bin\jli.dll
0x00007ffe61590000 - 0x00007ffe6172d000 	C:\WINDOWS\System32\USER32.dll
0x00007ffe603e0000 - 0x00007ffe60402000 	C:\WINDOWS\System32\win32u.dll
0x00007ffe4cf20000 - 0x00007ffe4d1ba000 	C:\WINDOWS\WinSxS\amd64_microsoft.windows.common-controls_6595b64144ccf1df_6.0.19041.4355_none_60b8b9eb71f62e16\COMCTL32.dll
0x00007ffe61380000 - 0x00007ffe613ab000 	C:\WINDOWS\System32\GDI32.dll
0x00007ffe60da0000 - 0x00007ffe60e3e000 	C:\WINDOWS\System32\msvcrt.dll
0x00007ffe60710000 - 0x00007ffe60827000 	C:\WINDOWS\System32\gdi32full.dll
0x00007ffe60670000 - 0x00007ffe6070d000 	C:\WINDOWS\System32\msvcp_win.dll
0x00007ffe61f60000 - 0x00007ffe61f8f000 	C:\WINDOWS\System32\IMM32.DLL
0x00007ffe42850000 - 0x00007ffe4285c000 	C:\Program Files\Java\jdk-23\bin\vcruntime140_1.dll
0x00007ffe30e70000 - 0x00007ffe30efe000 	C:\Program Files\Java\jdk-23\bin\msvcp140.dll
0x00007ffe15d50000 - 0x00007ffe16a9f000 	C:\Program Files\Java\jdk-23\bin\server\jvm.dll
0x00007ffe62820000 - 0x00007ffe628d1000 	C:\WINDOWS\System32\ADVAPI32.dll
0x00007ffe62aa0000 - 0x00007ffe62b3f000 	C:\WINDOWS\System32\sechost.dll
0x00007ffe628e0000 - 0x00007ffe62a03000 	C:\WINDOWS\System32\RPCRT4.dll
0x00007ffe60b30000 - 0x00007ffe60b57000 	C:\WINDOWS\System32\bcrypt.dll
0x00007ffe62020000 - 0x00007ffe6208b000 	C:\WINDOWS\System32\WS2_32.dll
0x00007ffe600f0000 - 0x00007ffe6013b000 	C:\WINDOWS\SYSTEM32\POWRPROF.dll
0x00007ffe4f7f0000 - 0x00007ffe4f817000 	C:\WINDOWS\SYSTEM32\WINMM.dll
0x00007ffe4fc20000 - 0x00007ffe4fc2a000 	C:\WINDOWS\SYSTEM32\VERSION.dll
0x00007ffe600d0000 - 0x00007ffe600e2000 	C:\WINDOWS\SYSTEM32\UMPDC.dll
0x00007ffe5eab0000 - 0x00007ffe5eac2000 	C:\WINDOWS\SYSTEM32\kernel.appcore.dll
0x00007ffe425f0000 - 0x00007ffe425fa000 	C:\Program Files\Java\jdk-23\bin\jimage.dll
0x00007ffe5e020000 - 0x00007ffe5e204000 	C:\WINDOWS\SYSTEM32\DBGHELP.DLL
0x00007ffe493d0000 - 0x00007ffe49404000 	C:\WINDOWS\SYSTEM32\dbgcore.DLL
0x00007ffe602e0000 - 0x00007ffe60362000 	C:\WINDOWS\System32\bcryptPrimitives.dll
0x00007ffe33e40000 - 0x00007ffe33e5e000 	C:\Program Files\Java\jdk-23\bin\java.dll
0x00007ffe60c70000 - 0x00007ffe60d9b000 	C:\WINDOWS\System32\ole32.dll
0x00007ffe60f50000 - 0x00007ffe612a3000 	C:\WINDOWS\System32\combase.dll
0x00007ffe620b0000 - 0x00007ffe6281d000 	C:\WINDOWS\System32\SHELL32.dll

dbghelp: loaded successfully - version: 4.0.5 - missing functions: none
symbol engine: initialized successfully - sym options: 0x614 - pdb path: .;C:\Program Files\Java\jdk-23\bin;C:\WINDOWS\SYSTEM32;C:\WINDOWS\WinSxS\amd64_microsoft.windows.common-controls_6595b64144ccf1df_6.0.19041.4355_none_60b8b9eb71f62e16;C:\Program Files\Java\jdk-23\bin\server

VM Arguments:
jvm_args: -Dclassworlds.conf=C:\Program Files\NetBeans-23\netbeans\java\maven\bin\m2.conf -Dmaven.home=C:\Program Files\NetBeans-23\netbeans\java\maven -Dlibrary.jansi.path=C:\Program Files\NetBeans-23\netbeans\java\maven\lib\jansi-native -Dmaven.multiModuleProjectDirectory=C:\Users\maico\OneDrive\Escritorio\PROYECTO FINAL AP\GestionDeProducciones 
java_command: org.codehaus.plexus.classworlds.launcher.Launcher -Dexec.vmArgs= -Dexec.args=${exec.vmArgs} -classpath %classpath ${exec.mainClass} ${exec.appArgs} -Dexec.appArgs= -Dexec.mainClass=fabrica.gestiondeproducciones.GestionDeProducciones -Dexec.executable=C:\Program Files\Java\jdk-23\bin\java.exe -Dmaven.ext.class.path=C:\Program Files\NetBeans-23\netbeans\java\maven-nblib\netbeans-eventspy.jar --no-transfer-progress process-classes org.codehaus.mojo:exec-maven-plugin:3.1.0:exec
java_class_path (initial): C:\Program Files\NetBeans-23\netbeans\java\maven\boot\plexus-classworlds-2.8.0.jar
Launcher Type: SUN_STANDARD

[Global flags]
     intx CICompilerCount                          = 3                                         {product} {ergonomic}
     uint ConcGCThreads                            = 1                                         {product} {ergonomic}
     uint G1ConcRefinementThreads                  = 4                                         {product} {ergonomic}
   size_t G1HeapRegionSize                         = 1048576                                   {product} {ergonomic}
   size_t InitialHeapSize                          = 98566144                                  {product} {ergonomic}
   size_t MarkStackSize                            = 4194304                                   {product} {ergonomic}
   size_t MarkStackSizeMax                         = 536870912                                 {product} {ergonomic}
   size_t MaxHeapSize                              = 1570766848                                {product} {ergonomic}
   size_t MinHeapDeltaBytes                        = 1048576                                   {product} {ergonomic}
   size_t MinHeapSize                              = 8388608                                   {product} {ergonomic}
    uintx NonNMethodCodeHeapSize                   = 5832704                                {pd product} {ergonomic}
    uintx NonProfiledCodeHeapSize                  = 122945536                              {pd product} {ergonomic}
    uintx ProfiledCodeHeapSize                     = 122880000                              {pd product} {ergonomic}
    uintx ReservedCodeCacheSize                    = 251658240                              {pd product} {ergonomic}
     bool SegmentedCodeCache                       = true                                      {product} {ergonomic}
   size_t SoftMaxHeapSize                          = 1570766848                             {manageable} {ergonomic}
     bool UseCompressedOops                        = true                           {product lp64_product} {ergonomic}
     bool UseG1GC                                  = true                                      {product} {ergonomic}
     bool UseLargePagesIndividualAllocation        = false                                  {pd product} {ergonomic}

Logging:
Log output configuration:
 #0: stdout all=warning uptime,level,tags foldmultilines=false
 #1: stderr all=off uptime,level,tags foldmultilines=false

Environment Variables:
JAVA_HOME=C:\Program Files\Java\jdk-23
PATH=C:\Program Files\Common Files\Oracle\Java\javapath;C:\Program Files\Eclipse Adoptium\jdk-17.0.7.7-hotspot\bin;C:\WINDOWS\system32;C:\WINDOWS;C:\WINDOWS\System32\Wbem;C:\WINDOWS\System32\WindowsPowerShell\v1.0\;C:\Program Files (x86)\Common Files\lenovo\easyplussdk\bin;C:\WINDOWS\System32\OpenSSH\;C:\Program Files (x86)\Microsoft SQL Server\160\Tools\Binn\;C:\Program Files\Microsoft SQL Server\160\Tools\Binn\;C:\Program Files\Microsoft SQL Server\Client SDK\ODBC\170\Tools\Binn\;C:\Program Files\Microsoft SQL Server\160\DTS\Binn\;C:\Program Files (x86)\Microsoft SQL Server\160\DTS\Binn\;C:\Program Files\Azure Data Studio\bin;C:\Program Files\dotnet\;C:\Program Files\Git\cmd;C:\Program Files\nodejs\;C:\Users\maico\AppData\Local\Microsoft\WindowsApps;;C:\Program Files\Azure Data Studio\bin;C:\Users\maico\.dotnet\tools;C:\Users\maico\AppData\Local\Programs\Microsoft VS Code\bin;C:\Users\maico\AppData\Roaming\npm
USERNAME=maico
OS=Windows_NT
PROCESSOR_IDENTIFIER=Intel64 Family 6 Model 78 Stepping 3, GenuineIntel
TMP=C:\Users\maico\AppData\Local\Temp
TEMP=C:\Users\maico\AppData\Local\Temp




Periodic native trim disabled

---------------  S Y S T E M  ---------------

OS:
 Windows 10 , 64 bit Build 19041 (10.0.19041.5198)
OS uptime: 3 days 23:48 hours

CPU: total 4 (initial active 4) (2 cores per cpu, 2 threads per core) family 6 model 78 stepping 3 microcode 0xcc, cx8, cmov, fxsr, ht, mmx, 3dnowpref, sse, sse2, sse3, ssse3, sse4.1, sse4.2, popcnt, lzcnt, tsc, tscinvbit, avx, avx2, aes, erms, clmul, bmi1, bmi2, adx, fma, vzeroupper, clflush, clflushopt, rdtscp, f16c
Processor Information for the first 4 processors :
  Max Mhz: 2592, Current Mhz: 2492, Mhz Limit: 2488

Memory: 4k page, system-wide physical 5985M (516M free)
TotalPageFile size 5985M (AvailPageFile size 25M)
current process WorkingSet (physical memory assigned to process): 11M, peak: 11M
current process commit charge ("private bytes"): 52M, peak: 146M

vm_info: Java HotSpot(TM) 64-Bit Server VM (23.0.1+11-39) for windows-amd64 JRE (23.0.1+11-39), built on 2024-09-30T07:20:43Z with MS VC++ 17.6 (VS2022)

END.
