#
# There is insufficient memory for the Java Runtime Environment to continue.
# Native memory allocation (mmap) failed to map 65536 bytes. Error detail: Failed to commit metaspace.
# Possible reasons:
#   The system is out of physical RAM or swap space
#   This process is running with CompressedOops enabled, and the Java Heap may be blocking the growth of the native heap
# Possible solutions:
#   Reduce memory load on the system
#   Increase physical memory or swap space
#   Check if swap backing store is full
#   Decrease Java heap size (-Xmx/-Xms)
#   Decrease number of Java threads
#   Decrease Java thread stack sizes (-Xss)
#   Set larger code cache with -XX:ReservedCodeCacheSize=
#   JVM is running with Unscaled Compressed Oops mode in which the Java heap is
#     placed in the first 4GB address space. The Java Heap base address is the
#     maximum limit for the native heap growth. Please use -XX:HeapBaseMinAddress
#     to set the Java Heap base and to place the Java Heap above 4GB virtual address.
# This output file may be truncated or incomplete.
#
#  Out of Memory Error (virtualSpaceNode.cpp:113), pid=9728, tid=11188
#
# JRE version: Java(TM) SE Runtime Environment (23.0.1+11) (build 23.0.1+11-39)
# Java VM: Java HotSpot(TM) 64-Bit Server VM (23.0.1+11-39, mixed mode, tiered, compressed oops, compressed class ptrs, g1 gc, windows-amd64)
# No core dump will be written. Minidumps are not enabled by default on client versions of Windows
#

---------------  S U M M A R Y ------------

Command Line: -Dclassworlds.conf=C:\Program Files\NetBeans-23\netbeans\java\maven\bin\m2.conf -Dmaven.home=C:\Program Files\NetBeans-23\netbeans\java\maven -Dlibrary.jansi.path=C:\Program Files\NetBeans-23\netbeans\java\maven\lib\jansi-native -Dmaven.multiModuleProjectDirectory=C:\Users\maico\OneDrive\Escritorio\PROYECTO FINAL AP\GestionDeProducciones org.codehaus.plexus.classworlds.launcher.Launcher -Dexec.vmArgs= -Dexec.args=${exec.vmArgs} -classpath %classpath ${exec.mainClass} ${exec.appArgs} -Dexec.appArgs= -Dexec.mainClass=fabrica.gestiondeproducciones.GestionDeProducciones -Dexec.executable=C:\Program Files\Java\jdk-23\bin\java.exe -Dmaven.ext.class.path=C:\Program Files\NetBeans-23\netbeans\java\maven-nblib\netbeans-eventspy.jar --no-transfer-progress process-classes org.codehaus.mojo:exec-maven-plugin:3.1.0:exec

Host: Intel(R) Core(TM) i7-6500U CPU @ 2.50GHz, 4 cores, 5G,  Windows 10 , 64 bit Build 19041 (10.0.19041.5198)
Time: Sun Dec 22 00:38:41 2024 Hora estándar de Montevideo elapsed time: 1.777578 seconds (0d 0h 0m 1s)

---------------  T H R E A D  ---------------

Current thread (0x0000023b9edf1b30):  JavaThread "main"             [_thread_in_vm, id=11188, stack(0x000000ff5e200000,0x000000ff5e300000) (1024K)]

Stack: [0x000000ff5e200000,0x000000ff5e300000]
Native frames: (J=compiled Java code, j=interpreted, Vv=VM code, C=native code)
V  [jvm.dll+0x6e08b9]  (no source info available)
V  [jvm.dll+0x87dc83]  (no source info available)
V  [jvm.dll+0x88010e]  (no source info available)
V  [jvm.dll+0x8807e3]  (no source info available)
V  [jvm.dll+0x27aee6]  (no source info available)
V  [jvm.dll+0x87988e]  (no source info available)
V  [jvm.dll+0x682035]  (no source info available)
V  [jvm.dll+0x1e09dc]  (no source info available)
V  [jvm.dll+0x1e07ae]  (no source info available)
V  [jvm.dll+0x684988]  (no source info available)
V  [jvm.dll+0x2219dc]  (no source info available)
V  [jvm.dll+0x682a4e]  (no source info available)
V  [jvm.dll+0x277b9d]  (no source info available)
V  [jvm.dll+0x277f61]  (no source info available)
V  [jvm.dll+0x738abf]  (no source info available)
V  [jvm.dll+0x7398af]  (no source info available)
V  [jvm.dll+0x3c0f38]  (no source info available)
V  [jvm.dll+0x3bfd37]  (no source info available)
V  [jvm.dll+0x3bfcd8]  (no source info available)
V  [jvm.dll+0x5e6039]  (no source info available)
V  [jvm.dll+0x5e4f74]  (no source info available)
V  [jvm.dll+0x3d5bcd]  (no source info available)
V  [jvm.dll+0x3d51cd]  (no source info available)
C  0x0000023bb0dc9c71  (no source info available)

The last pc belongs to invokestatic (printed below).
Java frames: (J=compiled Java code, j=interpreted, Vv=VM code)
j  org.apache.commons.cli.GnuParser.flatten(Lorg/apache/commons/cli/Options;[Ljava/lang/String;Z)[Ljava/lang/String;+123
j  org.apache.commons.cli.Parser.parse(Lorg/apache/commons/cli/Options;[Ljava/lang/String;Ljava/util/Properties;Z)Lorg/apache/commons/cli/CommandLine;+120
j  org.apache.commons.cli.Parser.parse(Lorg/apache/commons/cli/Options;[Ljava/lang/String;)Lorg/apache/commons/cli/CommandLine;+5
j  org.apache.maven.cli.CLIManager.parse([Ljava/lang/String;)Lorg/apache/commons/cli/CommandLine;+19
j  org.apache.maven.cli.MavenCli.cli(Lorg/apache/maven/cli/CliRequest;)V+237
j  org.apache.maven.cli.MavenCli.doMain(Lorg/apache/maven/cli/CliRequest;)I+9
j  org.apache.maven.cli.MavenCli.main([Ljava/lang/String;Lorg/codehaus/plexus/classworlds/ClassWorld;)I+24
j  java.lang.invoke.DirectMethodHandle$Holder.invokeStatic(Ljava/lang/Object;Ljava/lang/Object;Ljava/lang/Object;)I+11 java.base@23.0.1
j  java.lang.invoke.LambdaForm$MH+0x00000000130c5400.invoke(Ljava/lang/Object;Ljava/lang/Object;Ljava/lang/Object;Ljava/lang/Object;)Ljava/lang/Object;+54 java.base@23.0.1
j  java.lang.invoke.LambdaForm$MH+0x00000000130c5800.invokeExact_MT(Ljava/lang/Object;Ljava/lang/Object;Ljava/lang/Object;Ljava/lang/Object;Ljava/lang/Object;)Ljava/lang/Object;+22 java.base@23.0.1
j  jdk.internal.reflect.DirectMethodHandleAccessor.invokeImpl(Ljava/lang/Object;[Ljava/lang/Object;)Ljava/lang/Object;+72 java.base@23.0.1
j  jdk.internal.reflect.DirectMethodHandleAccessor.invoke(Ljava/lang/Object;[Ljava/lang/Object;)Ljava/lang/Object;+23 java.base@23.0.1
j  java.lang.reflect.Method.invoke(Ljava/lang/Object;[Ljava/lang/Object;)Ljava/lang/Object;+102 java.base@23.0.1
j  org.codehaus.plexus.classworlds.launcher.Launcher.launchEnhanced([Ljava/lang/String;)V+45
j  org.codehaus.plexus.classworlds.launcher.Launcher.launch([Ljava/lang/String;)V+2
j  org.codehaus.plexus.classworlds.launcher.Launcher.mainWithExitCode([Ljava/lang/String;)I+108
j  org.codehaus.plexus.classworlds.launcher.Launcher.main([Ljava/lang/String;)V+1
v  ~StubRoutines::call_stub 0x0000023bb0db0fcd
Lock stack of current Java thread (top to bottom):
LockStack[0]: [I 
{0x00000000a7e7fb60} - klass: {type array int}
 - length: 0

invokestatic  184 invokestatic  [0x0000023bb0dc9bc0, 0x0000023bb0dc9e88]  712 bytes
[MachCode]
  0x0000023bb0dc9bc0: 4883 ec08 | c5fa 1104 | 24eb 1f48 | 83ec 10c5 | fb11 0424 | eb14 4883 | ec10 4889 | 0424 48c7 
  0x0000023bb0dc9be0: 4424 0800 | 0000 00eb | 0150 488b | 4dd0 410f | b755 0148 | 8b49 306b | d218 488d | 4c11 080f 
  0x0000023bb0dc9c00: b659 1681 | fbb8 0000 | 000f 84bd | 0000 00bb | b800 0000 | e805 0000 | 00e9 9900 | 0000 488b 
  0x0000023bb0dc9c20: d348 8d44 | 2408 4c89 | 6dc0 498b | cfc5 f877 | 4989 afb0 | 0300 0049 | 8987 a003 | 0000 4883 
  0x0000023bb0dc9c40: ec20 40f6 | c40f 0f84 | 1900 0000 | 4883 ec08 | 48b8 6051 | b675 fe7f | 0000 ffd0 | 4883 c408 
  0x0000023bb0dc9c60: e90c 0000 | 0048 b860 | 51b6 75fe | 7f00 00ff | d048 83c4 | 2049 c787 | a003 0000 | 0000 0000 
  0x0000023bb0dc9c80: 49c7 87b0 | 0300 0000 | 0000 0049 | c787 a803 | 0000 0000 | 0000 c5f8 | 7749 837f | 0800 0f84 
  0x0000023bb0dc9ca0: 0500 0000 | e917 72fe | ff4c 8b6d | c04c 8b75 | c84e 8d74 | f500 c348 | 8b4d d041 | 0fb7 5501 
  0x0000023bb0dc9cc0: 488b 4930 | 6bd2 1848 | 8d4c 1108 | 488b 1948 | 8b5b 0848 | 8b5b 0848 | 8b5b 1880 | bb31 0100 
  0x0000023bb0dc9ce0: 0004 0f84 | 0d00 0000 | 4c3b bb38 | 0100 000f | 851a ffff | ff0f b651 | 1548 8b19 | 4c89 6dc0 
  0x0000023bb0dc9d00: 448b ea0f | b651 1449 | ba60 3541 | 76fe 7f00 | 0049 8b14 | d252 418b | d54c 8b6d | c048 8b45 
  0x0000023bb0dc9d20: d848 85c0 | 0f84 1200 | 0000 4883 | 4008 0148 | 8358 0800 | 4883 c010 | 4889 45d8 | 488b 45d8 
  0x0000023bb0dc9d40: 4885 c00f | 8423 0100 | 0080 78f0 | 0a0f 8519 | 0100 0048 | 83c0 084c | 8b68 f841 | 83ed 0041 
  0x0000023bb0dc9d60: 83fd 020f | 8cf8 0000 | 004c 8b6b | 0845 0fb7 | 6d2e 4c2b | 2841 83ed | 014e 8b6c | ec08 4d85 
  0x0000023bb0dc9d80: ed75 0ef6 | 4008 0175 | 4bf0 4883 | 4808 01eb | 4345 8b6d | 084d 8bd5 | 4c33 6808 | 49f7 c5fc 
  0x0000023bb0dc9da0: ffff ff74 | 2f41 f6c5 | 0275 2948 | 8378 0800 | 741e 4883 | 7808 0174 | 174d 8bea | 4c33 6808 
  0x0000023bb0dc9dc0: 49f7 c5fc | ffff ff74 | 0b48 8348 | 0802 eb04 | 4c89 6808 | 4883 c010 | 4c8b 68e8 | 4183 ed02 
  0x0000023bb0dc9de0: 4183 fd02 | 0f8c 7700 | 0000 4c8b | 6b08 450f | b76d 2e4c | 2b28 4183 | ed01 4e8b | 6cec 084d 
  0x0000023bb0dc9e00: 85ed 750e | f640 0801 | 754b f048 | 8348 0801 | eb43 458b | 6d08 4d8b | d54c 3368 | 0849 f7c5 
  0x0000023bb0dc9e20: fcff ffff | 742f 41f6 | c502 7529 | 4883 7808 | 0074 1e48 | 8378 0801 | 7417 4d8b | ea4c 3368 
  0x0000023bb0dc9e40: 0849 f7c5 | fcff ffff | 740b 4883 | 4808 02eb | 044c 8968 | 0848 83c0 | 104c 8b68 | d841 83ed 
  0x0000023bb0dc9e60: 0441 c1e5 | 0349 03c5 | 4889 45d8 | 4c8d 6c24 | 0849 8bcd | 482b cd48 | c1f9 0348 | 894d f0ff 
  0x0000023bb0dc9e80: 6350 660f | 1f44 0000 
[/MachCode]

---------------  P R O C E S S  ---------------

Threads class SMR info:
_java_thread_list=0x0000023bc1317c00, length=11, elements={
0x0000023b9edf1b30, 0x0000023bbcb302c0, 0x0000023bbcb310e0, 0x0000023bbcb24750,
0x0000023bbcb251b0, 0x0000023bbcb25c10, 0x0000023bbcb26670, 0x0000023bbcb4b210,
0x0000023bbcb36880, 0x0000023bbccd5000, 0x0000023bbccde530
}

Java Threads: ( => current thread )
=>0x0000023b9edf1b30 JavaThread "main"                              [_thread_in_vm, id=11188, stack(0x000000ff5e200000,0x000000ff5e300000) (1024K)]
  0x0000023bbcb302c0 JavaThread "Reference Handler"          daemon [_thread_blocked, id=1028, stack(0x000000ff5ea00000,0x000000ff5eb00000) (1024K)]
  0x0000023bbcb310e0 JavaThread "Finalizer"                  daemon [_thread_blocked, id=5888, stack(0x000000ff5eb00000,0x000000ff5ec00000) (1024K)]
  0x0000023bbcb24750 JavaThread "Signal Dispatcher"          daemon [_thread_blocked, id=9960, stack(0x000000ff5ec00000,0x000000ff5ed00000) (1024K)]
  0x0000023bbcb251b0 JavaThread "Attach Listener"            daemon [_thread_blocked, id=9688, stack(0x000000ff5ed00000,0x000000ff5ee00000) (1024K)]
  0x0000023bbcb25c10 JavaThread "Service Thread"             daemon [_thread_blocked, id=6176, stack(0x000000ff5ee00000,0x000000ff5ef00000) (1024K)]
  0x0000023bbcb26670 JavaThread "Monitor Deflation Thread"   daemon [_thread_blocked, id=5436, stack(0x000000ff5ef00000,0x000000ff5f000000) (1024K)]
  0x0000023bbcb4b210 JavaThread "C2 CompilerThread0"         daemon [_thread_blocked, id=6452, stack(0x000000ff5f000000,0x000000ff5f100000) (1024K)]
  0x0000023bbcb36880 JavaThread "C1 CompilerThread0"         daemon [_thread_blocked, id=5676, stack(0x000000ff5f100000,0x000000ff5f200000) (1024K)]
  0x0000023bbccd5000 JavaThread "Notification Thread"        daemon [_thread_blocked, id=11208, stack(0x000000ff5f200000,0x000000ff5f300000) (1024K)]
  0x0000023bbccde530 JavaThread "Common-Cleaner"             daemon [_thread_blocked, id=9344, stack(0x000000ff5f300000,0x000000ff5f400000) (1024K)]
Total: 11

Other Threads:
  0x0000023bbca7d2d0 VMThread "VM Thread"                           [id=7916, stack(0x000000ff5e900000,0x000000ff5ea00000) (1024K)]
  0x0000023bbca2d1a0 WatcherThread "VM Periodic Task Thread"        [id=5812, stack(0x000000ff5e800000,0x000000ff5e900000) (1024K)]
  0x0000023ba1188ba0 WorkerThread "GC Thread#0"                     [id=10884, stack(0x000000ff5e300000,0x000000ff5e400000) (1024K)]
  0x0000023ba11986c0 ConcurrentGCThread "G1 Main Marker"            [id=4032, stack(0x000000ff5e400000,0x000000ff5e500000) (1024K)]
  0x0000023ba1199880 WorkerThread "G1 Conc#0"                       [id=11848, stack(0x000000ff5e500000,0x000000ff5e600000) (1024K)]
  0x0000023ba120b910 ConcurrentGCThread "G1 Refine#0"               [id=12572, stack(0x000000ff5e600000,0x000000ff5e700000) (1024K)]
  0x0000023ba120d3b0 ConcurrentGCThread "G1 Service"                [id=2804, stack(0x000000ff5e700000,0x000000ff5e800000) (1024K)]
Total: 7

Threads with active compile tasks:
Total: 0

VM state: not at safepoint (normal execution)

VM Mutex/Monitor currently owned by a thread:  ([mutex/lock_event])
[0x00007ffe76401890] Metaspace_lock - owner thread: 0x0000023b9edf1b30

Heap address: 0x00000000a2600000, size: 1498 MB, Compressed Oops mode: 32-bit

CDS archive(s) not mapped
Compressed class space mapped at: 0x0000000013000000-0x0000000053000000, reserved size: 1073741824
Narrow klass base: 0x0000000000000000, Narrow klass shift: 0, Narrow klass range: 0x53000000

GC Precious Log:
 CardTable entry size: 512
 Card Set container configuration: InlinePtr #cards 5 size 8 Array Of Cards #cards 10 size 36 Howl #buckets 4 coarsen threshold 1843 Howl Bitmap #cards 512 size 80 coarsen threshold 460 Card regions per heap region 1 cards per card region 2048
 CPUs: 4 total, 4 available
 Memory: 5985M
 Large Page Support: Disabled
 NUMA Support: Disabled
 Compressed Oops: Enabled (32-bit)
 Heap Region Size: 1M
 Heap Min Capacity: 8M
 Heap Initial Capacity: 94M
 Heap Max Capacity: 1498M
 Pre-touch: Disabled
 Parallel Workers: 4
 Concurrent Workers: 1
 Concurrent Refinement Workers: 4
 Periodic GC: Disabled

Heap:
 garbage-first heap   total reserved 1533952K, committed 96256K, used 5120K [0x00000000a2600000, 0x0000000100000000)
  region size 1024K, 6 young (6144K), 0 survivors (0K)
 Metaspace       used 8255K, committed 8448K, reserved 1114112K
  class space    used 717K, committed 832K, reserved 1048576K

Heap Regions: E=young(eden), S=young(survivor), O=old, HS=humongous(starts), HC=humongous(continues), CS=collection set, F=free, TAMS=top-at-mark-start, PB=parsable bottom
|   0|0x00000000a2600000, 0x00000000a2600000, 0x00000000a2700000|  0%| F|  |TAMS 0x00000000a2600000| PB 0x00000000a2600000| Untracked |  0
|   1|0x00000000a2700000, 0x00000000a2700000, 0x00000000a2800000|  0%| F|  |TAMS 0x00000000a2700000| PB 0x00000000a2700000| Untracked |  0
|   2|0x00000000a2800000, 0x00000000a2800000, 0x00000000a2900000|  0%| F|  |TAMS 0x00000000a2800000| PB 0x00000000a2800000| Untracked |  0
|   3|0x00000000a2900000, 0x00000000a2900000, 0x00000000a2a00000|  0%| F|  |TAMS 0x00000000a2900000| PB 0x00000000a2900000| Untracked |  0
|   4|0x00000000a2a00000, 0x00000000a2a00000, 0x00000000a2b00000|  0%| F|  |TAMS 0x00000000a2a00000| PB 0x00000000a2a00000| Untracked |  0
|   5|0x00000000a2b00000, 0x00000000a2b00000, 0x00000000a2c00000|  0%| F|  |TAMS 0x00000000a2b00000| PB 0x00000000a2b00000| Untracked |  0
|   6|0x00000000a2c00000, 0x00000000a2c00000, 0x00000000a2d00000|  0%| F|  |TAMS 0x00000000a2c00000| PB 0x00000000a2c00000| Untracked |  0
|   7|0x00000000a2d00000, 0x00000000a2d00000, 0x00000000a2e00000|  0%| F|  |TAMS 0x00000000a2d00000| PB 0x00000000a2d00000| Untracked |  0
|   8|0x00000000a2e00000, 0x00000000a2e00000, 0x00000000a2f00000|  0%| F|  |TAMS 0x00000000a2e00000| PB 0x00000000a2e00000| Untracked |  0
|   9|0x00000000a2f00000, 0x00000000a2f00000, 0x00000000a3000000|  0%| F|  |TAMS 0x00000000a2f00000| PB 0x00000000a2f00000| Untracked |  0
|  10|0x00000000a3000000, 0x00000000a3000000, 0x00000000a3100000|  0%| F|  |TAMS 0x00000000a3000000| PB 0x00000000a3000000| Untracked |  0
|  11|0x00000000a3100000, 0x00000000a3100000, 0x00000000a3200000|  0%| F|  |TAMS 0x00000000a3100000| PB 0x00000000a3100000| Untracked |  0
|  12|0x00000000a3200000, 0x00000000a3200000, 0x00000000a3300000|  0%| F|  |TAMS 0x00000000a3200000| PB 0x00000000a3200000| Untracked |  0
|  13|0x00000000a3300000, 0x00000000a3300000, 0x00000000a3400000|  0%| F|  |TAMS 0x00000000a3300000| PB 0x00000000a3300000| Untracked |  0
|  14|0x00000000a3400000, 0x00000000a3400000, 0x00000000a3500000|  0%| F|  |TAMS 0x00000000a3400000| PB 0x00000000a3400000| Untracked |  0
|  15|0x00000000a3500000, 0x00000000a3500000, 0x00000000a3600000|  0%| F|  |TAMS 0x00000000a3500000| PB 0x00000000a3500000| Untracked |  0
|  16|0x00000000a3600000, 0x00000000a3600000, 0x00000000a3700000|  0%| F|  |TAMS 0x00000000a3600000| PB 0x00000000a3600000| Untracked |  0
|  17|0x00000000a3700000, 0x00000000a3700000, 0x00000000a3800000|  0%| F|  |TAMS 0x00000000a3700000| PB 0x00000000a3700000| Untracked |  0
|  18|0x00000000a3800000, 0x00000000a3800000, 0x00000000a3900000|  0%| F|  |TAMS 0x00000000a3800000| PB 0x00000000a3800000| Untracked |  0
|  19|0x00000000a3900000, 0x00000000a3900000, 0x00000000a3a00000|  0%| F|  |TAMS 0x00000000a3900000| PB 0x00000000a3900000| Untracked |  0
|  20|0x00000000a3a00000, 0x00000000a3a00000, 0x00000000a3b00000|  0%| F|  |TAMS 0x00000000a3a00000| PB 0x00000000a3a00000| Untracked |  0
|  21|0x00000000a3b00000, 0x00000000a3b00000, 0x00000000a3c00000|  0%| F|  |TAMS 0x00000000a3b00000| PB 0x00000000a3b00000| Untracked |  0
|  22|0x00000000a3c00000, 0x00000000a3c00000, 0x00000000a3d00000|  0%| F|  |TAMS 0x00000000a3c00000| PB 0x00000000a3c00000| Untracked |  0
|  23|0x00000000a3d00000, 0x00000000a3d00000, 0x00000000a3e00000|  0%| F|  |TAMS 0x00000000a3d00000| PB 0x00000000a3d00000| Untracked |  0
|  24|0x00000000a3e00000, 0x00000000a3e00000, 0x00000000a3f00000|  0%| F|  |TAMS 0x00000000a3e00000| PB 0x00000000a3e00000| Untracked |  0
|  25|0x00000000a3f00000, 0x00000000a3f00000, 0x00000000a4000000|  0%| F|  |TAMS 0x00000000a3f00000| PB 0x00000000a3f00000| Untracked |  0
|  26|0x00000000a4000000, 0x00000000a4000000, 0x00000000a4100000|  0%| F|  |TAMS 0x00000000a4000000| PB 0x00000000a4000000| Untracked |  0
|  27|0x00000000a4100000, 0x00000000a4100000, 0x00000000a4200000|  0%| F|  |TAMS 0x00000000a4100000| PB 0x00000000a4100000| Untracked |  0
|  28|0x00000000a4200000, 0x00000000a4200000, 0x00000000a4300000|  0%| F|  |TAMS 0x00000000a4200000| PB 0x00000000a4200000| Untracked |  0
|  29|0x00000000a4300000, 0x00000000a4300000, 0x00000000a4400000|  0%| F|  |TAMS 0x00000000a4300000| PB 0x00000000a4300000| Untracked |  0
|  30|0x00000000a4400000, 0x00000000a4400000, 0x00000000a4500000|  0%| F|  |TAMS 0x00000000a4400000| PB 0x00000000a4400000| Untracked |  0
|  31|0x00000000a4500000, 0x00000000a4500000, 0x00000000a4600000|  0%| F|  |TAMS 0x00000000a4500000| PB 0x00000000a4500000| Untracked |  0
|  32|0x00000000a4600000, 0x00000000a4600000, 0x00000000a4700000|  0%| F|  |TAMS 0x00000000a4600000| PB 0x00000000a4600000| Untracked |  0
|  33|0x00000000a4700000, 0x00000000a4700000, 0x00000000a4800000|  0%| F|  |TAMS 0x00000000a4700000| PB 0x00000000a4700000| Untracked |  0
|  34|0x00000000a4800000, 0x00000000a4800000, 0x00000000a4900000|  0%| F|  |TAMS 0x00000000a4800000| PB 0x00000000a4800000| Untracked |  0
|  35|0x00000000a4900000, 0x00000000a4900000, 0x00000000a4a00000|  0%| F|  |TAMS 0x00000000a4900000| PB 0x00000000a4900000| Untracked |  0
|  36|0x00000000a4a00000, 0x00000000a4a00000, 0x00000000a4b00000|  0%| F|  |TAMS 0x00000000a4a00000| PB 0x00000000a4a00000| Untracked |  0
|  37|0x00000000a4b00000, 0x00000000a4b00000, 0x00000000a4c00000|  0%| F|  |TAMS 0x00000000a4b00000| PB 0x00000000a4b00000| Untracked |  0
|  38|0x00000000a4c00000, 0x00000000a4c00000, 0x00000000a4d00000|  0%| F|  |TAMS 0x00000000a4c00000| PB 0x00000000a4c00000| Untracked |  0
|  39|0x00000000a4d00000, 0x00000000a4d00000, 0x00000000a4e00000|  0%| F|  |TAMS 0x00000000a4d00000| PB 0x00000000a4d00000| Untracked |  0
|  40|0x00000000a4e00000, 0x00000000a4e00000, 0x00000000a4f00000|  0%| F|  |TAMS 0x00000000a4e00000| PB 0x00000000a4e00000| Untracked |  0
|  41|0x00000000a4f00000, 0x00000000a4f00000, 0x00000000a5000000|  0%| F|  |TAMS 0x00000000a4f00000| PB 0x00000000a4f00000| Untracked |  0
|  42|0x00000000a5000000, 0x00000000a5000000, 0x00000000a5100000|  0%| F|  |TAMS 0x00000000a5000000| PB 0x00000000a5000000| Untracked |  0
|  43|0x00000000a5100000, 0x00000000a5100000, 0x00000000a5200000|  0%| F|  |TAMS 0x00000000a5100000| PB 0x00000000a5100000| Untracked |  0
|  44|0x00000000a5200000, 0x00000000a5200000, 0x00000000a5300000|  0%| F|  |TAMS 0x00000000a5200000| PB 0x00000000a5200000| Untracked |  0
|  45|0x00000000a5300000, 0x00000000a5300000, 0x00000000a5400000|  0%| F|  |TAMS 0x00000000a5300000| PB 0x00000000a5300000| Untracked |  0
|  46|0x00000000a5400000, 0x00000000a5400000, 0x00000000a5500000|  0%| F|  |TAMS 0x00000000a5400000| PB 0x00000000a5400000| Untracked |  0
|  47|0x00000000a5500000, 0x00000000a5500000, 0x00000000a5600000|  0%| F|  |TAMS 0x00000000a5500000| PB 0x00000000a5500000| Untracked |  0
|  48|0x00000000a5600000, 0x00000000a5600000, 0x00000000a5700000|  0%| F|  |TAMS 0x00000000a5600000| PB 0x00000000a5600000| Untracked |  0
|  49|0x00000000a5700000, 0x00000000a5700000, 0x00000000a5800000|  0%| F|  |TAMS 0x00000000a5700000| PB 0x00000000a5700000| Untracked |  0
|  50|0x00000000a5800000, 0x00000000a5800000, 0x00000000a5900000|  0%| F|  |TAMS 0x00000000a5800000| PB 0x00000000a5800000| Untracked |  0
|  51|0x00000000a5900000, 0x00000000a5900000, 0x00000000a5a00000|  0%| F|  |TAMS 0x00000000a5900000| PB 0x00000000a5900000| Untracked |  0
|  52|0x00000000a5a00000, 0x00000000a5a00000, 0x00000000a5b00000|  0%| F|  |TAMS 0x00000000a5a00000| PB 0x00000000a5a00000| Untracked |  0
|  53|0x00000000a5b00000, 0x00000000a5b00000, 0x00000000a5c00000|  0%| F|  |TAMS 0x00000000a5b00000| PB 0x00000000a5b00000| Untracked |  0
|  54|0x00000000a5c00000, 0x00000000a5c00000, 0x00000000a5d00000|  0%| F|  |TAMS 0x00000000a5c00000| PB 0x00000000a5c00000| Untracked |  0
|  55|0x00000000a5d00000, 0x00000000a5d00000, 0x00000000a5e00000|  0%| F|  |TAMS 0x00000000a5d00000| PB 0x00000000a5d00000| Untracked |  0
|  56|0x00000000a5e00000, 0x00000000a5e00000, 0x00000000a5f00000|  0%| F|  |TAMS 0x00000000a5e00000| PB 0x00000000a5e00000| Untracked |  0
|  57|0x00000000a5f00000, 0x00000000a5f00000, 0x00000000a6000000|  0%| F|  |TAMS 0x00000000a5f00000| PB 0x00000000a5f00000| Untracked |  0
|  58|0x00000000a6000000, 0x00000000a6000000, 0x00000000a6100000|  0%| F|  |TAMS 0x00000000a6000000| PB 0x00000000a6000000| Untracked |  0
|  59|0x00000000a6100000, 0x00000000a6100000, 0x00000000a6200000|  0%| F|  |TAMS 0x00000000a6100000| PB 0x00000000a6100000| Untracked |  0
|  60|0x00000000a6200000, 0x00000000a6200000, 0x00000000a6300000|  0%| F|  |TAMS 0x00000000a6200000| PB 0x00000000a6200000| Untracked |  0
|  61|0x00000000a6300000, 0x00000000a6300000, 0x00000000a6400000|  0%| F|  |TAMS 0x00000000a6300000| PB 0x00000000a6300000| Untracked |  0
|  62|0x00000000a6400000, 0x00000000a6400000, 0x00000000a6500000|  0%| F|  |TAMS 0x00000000a6400000| PB 0x00000000a6400000| Untracked |  0
|  63|0x00000000a6500000, 0x00000000a6500000, 0x00000000a6600000|  0%| F|  |TAMS 0x00000000a6500000| PB 0x00000000a6500000| Untracked |  0
|  64|0x00000000a6600000, 0x00000000a6600000, 0x00000000a6700000|  0%| F|  |TAMS 0x00000000a6600000| PB 0x00000000a6600000| Untracked |  0
|  65|0x00000000a6700000, 0x00000000a6700000, 0x00000000a6800000|  0%| F|  |TAMS 0x00000000a6700000| PB 0x00000000a6700000| Untracked |  0
|  66|0x00000000a6800000, 0x00000000a6800000, 0x00000000a6900000|  0%| F|  |TAMS 0x00000000a6800000| PB 0x00000000a6800000| Untracked |  0
|  67|0x00000000a6900000, 0x00000000a6900000, 0x00000000a6a00000|  0%| F|  |TAMS 0x00000000a6900000| PB 0x00000000a6900000| Untracked |  0
|  68|0x00000000a6a00000, 0x00000000a6a00000, 0x00000000a6b00000|  0%| F|  |TAMS 0x00000000a6a00000| PB 0x00000000a6a00000| Untracked |  0
|  69|0x00000000a6b00000, 0x00000000a6b00000, 0x00000000a6c00000|  0%| F|  |TAMS 0x00000000a6b00000| PB 0x00000000a6b00000| Untracked |  0
|  70|0x00000000a6c00000, 0x00000000a6c00000, 0x00000000a6d00000|  0%| F|  |TAMS 0x00000000a6c00000| PB 0x00000000a6c00000| Untracked |  0
|  71|0x00000000a6d00000, 0x00000000a6d00000, 0x00000000a6e00000|  0%| F|  |TAMS 0x00000000a6d00000| PB 0x00000000a6d00000| Untracked |  0
|  72|0x00000000a6e00000, 0x00000000a6e00000, 0x00000000a6f00000|  0%| F|  |TAMS 0x00000000a6e00000| PB 0x00000000a6e00000| Untracked |  0
|  73|0x00000000a6f00000, 0x00000000a6f00000, 0x00000000a7000000|  0%| F|  |TAMS 0x00000000a6f00000| PB 0x00000000a6f00000| Untracked |  0
|  74|0x00000000a7000000, 0x00000000a7000000, 0x00000000a7100000|  0%| F|  |TAMS 0x00000000a7000000| PB 0x00000000a7000000| Untracked |  0
|  75|0x00000000a7100000, 0x00000000a7100000, 0x00000000a7200000|  0%| F|  |TAMS 0x00000000a7100000| PB 0x00000000a7100000| Untracked |  0
|  76|0x00000000a7200000, 0x00000000a7200000, 0x00000000a7300000|  0%| F|  |TAMS 0x00000000a7200000| PB 0x00000000a7200000| Untracked |  0
|  77|0x00000000a7300000, 0x00000000a7300000, 0x00000000a7400000|  0%| F|  |TAMS 0x00000000a7300000| PB 0x00000000a7300000| Untracked |  0
|  78|0x00000000a7400000, 0x00000000a7400000, 0x00000000a7500000|  0%| F|  |TAMS 0x00000000a7400000| PB 0x00000000a7400000| Untracked |  0
|  79|0x00000000a7500000, 0x00000000a7500000, 0x00000000a7600000|  0%| F|  |TAMS 0x00000000a7500000| PB 0x00000000a7500000| Untracked |  0
|  80|0x00000000a7600000, 0x00000000a7600000, 0x00000000a7700000|  0%| F|  |TAMS 0x00000000a7600000| PB 0x00000000a7600000| Untracked |  0
|  81|0x00000000a7700000, 0x00000000a7700000, 0x00000000a7800000|  0%| F|  |TAMS 0x00000000a7700000| PB 0x00000000a7700000| Untracked |  0
|  82|0x00000000a7800000, 0x00000000a7800000, 0x00000000a7900000|  0%| F|  |TAMS 0x00000000a7800000| PB 0x00000000a7800000| Untracked |  0
|  83|0x00000000a7900000, 0x00000000a7900000, 0x00000000a7a00000|  0%| F|  |TAMS 0x00000000a7900000| PB 0x00000000a7900000| Untracked |  0
|  84|0x00000000a7a00000, 0x00000000a7a00000, 0x00000000a7b00000|  0%| F|  |TAMS 0x00000000a7a00000| PB 0x00000000a7a00000| Untracked |  0
|  85|0x00000000a7b00000, 0x00000000a7b00000, 0x00000000a7c00000|  0%| F|  |TAMS 0x00000000a7b00000| PB 0x00000000a7b00000| Untracked |  0
|  86|0x00000000a7c00000, 0x00000000a7c00000, 0x00000000a7d00000|  0%| F|  |TAMS 0x00000000a7c00000| PB 0x00000000a7c00000| Untracked |  0
|  87|0x00000000a7d00000, 0x00000000a7d00000, 0x00000000a7e00000|  0%| F|  |TAMS 0x00000000a7d00000| PB 0x00000000a7d00000| Untracked |  0
|  88|0x00000000a7e00000, 0x00000000a7e8f608, 0x00000000a7f00000| 56%| E|  |TAMS 0x00000000a7e00000| PB 0x00000000a7e00000| Complete |  0
|  89|0x00000000a7f00000, 0x00000000a8000000, 0x00000000a8000000|100%| E|CS|TAMS 0x00000000a7f00000| PB 0x00000000a7f00000| Complete |  0
|  90|0x00000000a8000000, 0x00000000a8100000, 0x00000000a8100000|100%| E|CS|TAMS 0x00000000a8000000| PB 0x00000000a8000000| Complete |  0
|  91|0x00000000a8100000, 0x00000000a8200000, 0x00000000a8200000|100%| E|CS|TAMS 0x00000000a8100000| PB 0x00000000a8100000| Complete |  0
|  92|0x00000000a8200000, 0x00000000a8300000, 0x00000000a8300000|100%| E|CS|TAMS 0x00000000a8200000| PB 0x00000000a8200000| Complete |  0
|  93|0x00000000a8300000, 0x00000000a8400000, 0x00000000a8400000|100%| E|CS|TAMS 0x00000000a8300000| PB 0x00000000a8300000| Complete |  0

Card table byte_map: [0x0000023bb8b70000,0x0000023bb8e60000] _byte_map_base: 0x0000023bb865d000

Marking Bits: (CMBitMap*) 0x0000023ba11891c0
 Bits: [0x0000023bb8e60000, 0x0000023bba5c8000)

Polling page: 0x0000023b9efa0000

Metaspace:

Usage:
  Non-class:      7.36 MB used.
      Class:    717.72 KB used.
       Both:      8.06 MB used.

Virtual space:
  Non-class space:       64.00 MB reserved,       7.44 MB ( 12%) committed,  1 nodes.
      Class space:        1.00 GB reserved,     832.00 KB ( <1%) committed,  1 nodes.
             Both:        1.06 GB reserved,       8.25 MB ( <1%) committed. 

Chunk freelists:
   Non-Class:  8.55 MB
       Class:  15.19 MB
        Both:  23.73 MB

MaxMetaspaceSize: unlimited
CompressedClassSpaceSize: 1.00 GB
Initial GC threshold: 21.00 MB
Current GC threshold: 21.00 MB
CDS: off
 - commit_granule_bytes: 65536.
 - commit_granule_words: 8192.
 - virtual_space_node_default_size: 8388608.
 - enlarge_chunks_in_place: 1.
 - use_allocation_guard: 0.


Internal statistics:

num_allocs_failed_limit: 0.
num_arena_births: 30.
num_arena_deaths: 0.
num_vsnodes_births: 2.
num_vsnodes_deaths: 0.
num_space_committed: 132.
num_space_uncommitted: 0.
num_chunks_returned_to_freelist: 0.
num_chunks_taken_from_freelist: 76.
num_chunk_merges: 0.
num_chunk_splits: 43.
num_chunks_enlarged: 30.
num_inconsistent_stats: 0.

CodeHeap 'non-profiled nmethods': size=120064Kb used=144Kb max_used=144Kb free=119919Kb
 bounds [0x0000023bb1340000, 0x0000023bb15b0000, 0x0000023bb8880000]
CodeHeap 'profiled nmethods': size=120000Kb used=419Kb max_used=419Kb free=119580Kb
 bounds [0x0000023ba9880000, 0x0000023ba9af0000, 0x0000023bb0db0000]
CodeHeap 'non-nmethods': size=5696Kb used=1301Kb max_used=1315Kb free=4394Kb
 bounds [0x0000023bb0db0000, 0x0000023bb1020000, 0x0000023bb1340000]
CodeCache: size=245760Kb, used=1864Kb, max_used=1878Kb, free=243893Kb
 total_blobs=861, nmethods=439, adapters=328, full_count=0
Compilation: enabled, stopped_count=0, restarted_count=0

Compilation events (20 events):
Event: 1.749 Thread 0x0000023bbcb36880 nmethod 426 0x0000023bb1362b08 code [0x0000023bb1362c20, 0x0000023bb1362cf0]
Event: 1.749 Thread 0x0000023bbcb36880  427   !   3       java.util.jar.JarFile::checkForSpecialAttributes (163 bytes)
Event: 1.751 Thread 0x0000023bbcb36880 nmethod 427 0x0000023ba98e4788 code [0x0000023ba98e4a00, 0x0000023ba98e5b18]
Event: 1.751 Thread 0x0000023bbcb36880  431       3       java.lang.StringLatin1::regionMatchesCI (45 bytes)
Event: 1.751 Thread 0x0000023bbcb36880 nmethod 431 0x0000023ba98e5c08 code [0x0000023ba98e5d40, 0x0000023ba98e5ff0]
Event: 1.751 Thread 0x0000023bbcb36880  428   !   3       java.util.zip.ZipFile$ZipFileInputStream::close (59 bytes)
Event: 1.751 Thread 0x0000023bbcb36880 nmethod 428 0x0000023ba98e6008 code [0x0000023ba98e6140, 0x0000023ba98e6548]
Event: 1.751 Thread 0x0000023bbcb36880  429       3       java.util.Collections$SetFromMap::remove (19 bytes)
Event: 1.751 Thread 0x0000023bbcb36880 nmethod 429 0x0000023ba98e6588 code [0x0000023ba98e66c0, 0x0000023ba98e68d8]
Event: 1.771 Thread 0x0000023bbcb36880  433       1       java.lang.Class::getModule (5 bytes)
Event: 1.771 Thread 0x0000023bbcb36880 nmethod 433 0x0000023bb1363708 code [0x0000023bb1363820, 0x0000023bb13638e8]
Event: 1.771 Thread 0x0000023bbcb36880  434       3       sun.invoke.util.VerifyAccess::ensureTypeVisible (100 bytes)
Event: 1.772 Thread 0x0000023bbcb36880 nmethod 434 0x0000023ba98e6908 code [0x0000023ba98e6b80, 0x0000023ba98e7a80]
Event: 1.772 Thread 0x0000023bbcb36880  436       3       java.util.ArrayList::add (25 bytes)
Event: 1.773 Thread 0x0000023bbcb36880 nmethod 436 0x0000023ba98e7b08 code [0x0000023ba98e7c60, 0x0000023ba98e8038]
Event: 1.773 Thread 0x0000023bbcb36880  437       3       java.util.ArrayList::add (23 bytes)
Event: 1.773 Thread 0x0000023bbcb36880 nmethod 437 0x0000023ba98e8088 code [0x0000023ba98e81c0, 0x0000023ba98e8520]
Event: 1.773 Thread 0x0000023bbcb36880  438       3       java.lang.String::equalsIgnoreCase (45 bytes)
Event: 1.773 Thread 0x0000023bbcb36880 nmethod 438 0x0000023ba98e8588 code [0x0000023ba98e8700, 0x0000023ba98e8c20]
Event: 1.773 Thread 0x0000023bbcb4b210  439       4       java.lang.StringLatin1::lastIndexOf (40 bytes)

GC Heap History (0 events):
No events

Dll operation events (8 events):
Event: 0.012 Loaded shared library C:\Program Files\Java\jdk-23\bin\java.dll
Event: 0.384 Loaded shared library C:\Program Files\Java\jdk-23\bin\jsvml.dll
Event: 0.809 Loaded shared library C:\Program Files\Java\jdk-23\bin\net.dll
Event: 0.817 Loaded shared library C:\Program Files\Java\jdk-23\bin\nio.dll
Event: 1.129 Loaded shared library C:\Program Files\Java\jdk-23\bin\zip.dll
Event: 1.680 Loaded shared library C:\Program Files\NetBeans-23\netbeans\java\maven\lib\jansi-native\Windows\x86_64\jansi.dll
Event: 1.721 Loaded shared library C:\Program Files\Java\jdk-23\bin\jimage.dll
Event: 1.740 Loaded shared library C:\Program Files\Java\jdk-23\bin\verify.dll

Deoptimization events (20 events):
Event: 1.499 Thread 0x0000023b9edf1b30 DEOPT PACKING pc=0x0000023ba98a27c1 sp=0x000000ff5e2fdd70
Event: 1.499 Thread 0x0000023b9edf1b30 DEOPT UNPACKING pc=0x0000023bb0e04b22 sp=0x000000ff5e2fd1e0 mode 0
Event: 1.499 Thread 0x0000023b9edf1b30 DEOPT PACKING pc=0x0000023ba98a27c1 sp=0x000000ff5e2fdd70
Event: 1.499 Thread 0x0000023b9edf1b30 DEOPT UNPACKING pc=0x0000023bb0e04b22 sp=0x000000ff5e2fd1e0 mode 0
Event: 1.500 Thread 0x0000023b9edf1b30 DEOPT PACKING pc=0x0000023ba98a27c1 sp=0x000000ff5e2fdd70
Event: 1.500 Thread 0x0000023b9edf1b30 DEOPT UNPACKING pc=0x0000023bb0e04b22 sp=0x000000ff5e2fd1e0 mode 0
Event: 1.500 Thread 0x0000023b9edf1b30 DEOPT PACKING pc=0x0000023ba98a27c1 sp=0x000000ff5e2fdd70
Event: 1.500 Thread 0x0000023b9edf1b30 DEOPT UNPACKING pc=0x0000023bb0e04b22 sp=0x000000ff5e2fd1e0 mode 0
Event: 1.502 Thread 0x0000023b9edf1b30 DEOPT PACKING pc=0x0000023ba98a27c1 sp=0x000000ff5e2fe450
Event: 1.502 Thread 0x0000023b9edf1b30 DEOPT UNPACKING pc=0x0000023bb0e04b22 sp=0x000000ff5e2fd8d8 mode 0
Event: 1.507 Thread 0x0000023b9edf1b30 DEOPT PACKING pc=0x0000023ba98a27c1 sp=0x000000ff5e2fdd70
Event: 1.507 Thread 0x0000023b9edf1b30 DEOPT UNPACKING pc=0x0000023bb0e04b22 sp=0x000000ff5e2fd1e0 mode 0
Event: 1.507 Thread 0x0000023b9edf1b30 DEOPT PACKING pc=0x0000023ba98a27c1 sp=0x000000ff5e2fdd70
Event: 1.507 Thread 0x0000023b9edf1b30 DEOPT UNPACKING pc=0x0000023bb0e04b22 sp=0x000000ff5e2fd1e0 mode 0
Event: 1.597 Thread 0x0000023b9edf1b30 Uncommon trap: trap_request=0xffffff45 fr.pc=0x0000023bb134f5e4 relative=0x0000000000000164
Event: 1.597 Thread 0x0000023b9edf1b30 Uncommon trap: reason=unstable_if action=reinterpret pc=0x0000023bb134f5e4 method=java.lang.StringCoding.countPositives([BII)I @ 17 c2
Event: 1.597 Thread 0x0000023b9edf1b30 DEOPT PACKING pc=0x0000023bb134f5e4 sp=0x000000ff5e2fa0e0
Event: 1.597 Thread 0x0000023b9edf1b30 DEOPT UNPACKING pc=0x0000023bb0e04402 sp=0x000000ff5e2fa080 mode 2
Event: 1.663 Thread 0x0000023b9edf1b30 DEOPT PACKING pc=0x0000023ba98be141 sp=0x000000ff5e2fca80
Event: 1.663 Thread 0x0000023b9edf1b30 DEOPT UNPACKING pc=0x0000023bb0e04b22 sp=0x000000ff5e2fbef0 mode 0

Classes loaded (20 events):
Event: 1.766 Loading class java/util/regex/MatchResult done
Event: 1.766 Loading class java/util/regex/Matcher done
Event: 1.766 Loading class java/util/regex/IntHashSet
Event: 1.766 Loading class java/util/regex/IntHashSet done
Event: 1.766 Loading class java/util/LinkedHashMap$LinkedValueIterator
Event: 1.766 Loading class java/util/LinkedHashMap$LinkedHashIterator
Event: 1.767 Loading class java/util/IdentityHashMap$KeyIterator
Event: 1.768 Loading class java/util/IdentityHashMap$IdentityHashMapIterator
Event: 1.768 Loading class java/util/LinkedHashMap$LinkedHashIterator done
Event: 1.768 Loading class java/util/LinkedHashMap$LinkedValueIterator done
Event: 1.768 Loading class java/util/IdentityHashMap$IdentityHashMapIterator done
Event: 1.768 Loading class java/util/IdentityHashMap$KeyIterator done
Event: 1.769 Loading class java/util/Collections$UnmodifiableList
Event: 1.769 Loading class java/util/Collections$UnmodifiableCollection
Event: 1.769 Loading class java/util/Collections$UnmodifiableCollection done
Event: 1.769 Loading class java/util/Collections$UnmodifiableList done
Event: 1.769 Loading class java/util/Collections$UnmodifiableRandomAccessList
Event: 1.769 Loading class java/util/Collections$UnmodifiableRandomAccessList done
Event: 1.771 Loading class java/util/function/Consumer
Event: 1.771 Loading class java/util/function/Consumer done

Classes unloaded (0 events):
No events

Classes redefined (0 events):
No events

Internal exceptions (20 events):
Event: 1.439 Thread 0x0000023b9edf1b30 Exception <a 'java/lang/NoSuchMethodError'{0x00000000a82f5938}: 'int java.lang.invoke.DirectMethodHandle$Holder.invokeSpecial(java.lang.Object, java.lang.Object, java.lang.Object)'> (0x00000000a82f5938) 
thrown [s\open\src\hotspot\share\interpreter\linkResolver.cpp, line 796]
Event: 1.659 Thread 0x0000023b9edf1b30 Exception <a 'java/lang/NoSuchMethodError'{0x00000000a7f373b0}: 'java.lang.Object java.lang.invoke.Invokers$Holder.invokeExact_MT(java.lang.Object, java.lang.Object, java.lang.Object, java.lang.Object, java.lang.Object)'> (0x00000000a7f373b0) 
thrown [s\open\src\hotspot\share\interpreter\linkResolver.cpp, line 796]
Event: 1.672 Thread 0x0000023b9edf1b30 Exception <a 'java/lang/NullPointerException'{0x00000000a7f91de0}> (0x00000000a7f91de0) 
thrown [s\open\src\hotspot\share\interpreter\linkResolver.cpp, line 1389]
Event: 1.698 Thread 0x0000023b9edf1b30 Exception <a 'java/lang/NullPointerException'{0x00000000a7faed28}> (0x00000000a7faed28) 
thrown [s\open\src\hotspot\share\interpreter\linkResolver.cpp, line 1389]
Event: 1.698 Thread 0x0000023b9edf1b30 Exception <a 'java/lang/NullPointerException'{0x00000000a7faf008}> (0x00000000a7faf008) 
thrown [s\open\src\hotspot\share\interpreter\linkResolver.cpp, line 1389]
Event: 1.698 Thread 0x0000023b9edf1b30 Exception <a 'java/lang/NullPointerException'{0x00000000a7faf2e8}> (0x00000000a7faf2e8) 
thrown [s\open\src\hotspot\share\interpreter\linkResolver.cpp, line 1389]
Event: 1.701 Thread 0x0000023b9edf1b30 Exception <a 'java/lang/NullPointerException'{0x00000000a7fb47f8}> (0x00000000a7fb47f8) 
thrown [s\open\src\hotspot\share\interpreter\linkResolver.cpp, line 1389]
Event: 1.703 Thread 0x0000023b9edf1b30 Exception <a 'java/lang/NullPointerException'{0x00000000a7fc8020}> (0x00000000a7fc8020) 
thrown [s\open\src\hotspot\share\interpreter\linkResolver.cpp, line 1389]
Event: 1.703 Thread 0x0000023b9edf1b30 Exception <a 'java/lang/NullPointerException'{0x00000000a7fc8300}> (0x00000000a7fc8300) 
thrown [s\open\src\hotspot\share\interpreter\linkResolver.cpp, line 1389]
Event: 1.703 Thread 0x0000023b9edf1b30 Exception <a 'java/lang/NullPointerException'{0x00000000a7fc85e0}> (0x00000000a7fc85e0) 
thrown [s\open\src\hotspot\share\interpreter\linkResolver.cpp, line 1389]
Event: 1.703 Thread 0x0000023b9edf1b30 Exception <a 'java/lang/NullPointerException'{0x00000000a7fc88c0}> (0x00000000a7fc88c0) 
thrown [s\open\src\hotspot\share\interpreter\linkResolver.cpp, line 1389]
Event: 1.737 Thread 0x0000023b9edf1b30 Exception <a 'sun/nio/fs/WindowsException'{0x00000000a7e1bd08}> (0x00000000a7e1bd08) 
thrown [s\open\src\hotspot\share\prims\jni.cpp, line 520]
Event: 1.737 Thread 0x0000023b9edf1b30 Exception <a 'sun/nio/fs/WindowsException'{0x00000000a7e1c4b8}> (0x00000000a7e1c4b8) 
thrown [s\open\src\hotspot\share\prims\jni.cpp, line 520]
Event: 1.737 Thread 0x0000023b9edf1b30 Exception <a 'sun/nio/fs/WindowsException'{0x00000000a7e1cd20}> (0x00000000a7e1cd20) 
thrown [s\open\src\hotspot\share\prims\jni.cpp, line 520]
Event: 1.737 Thread 0x0000023b9edf1b30 Exception <a 'sun/nio/fs/WindowsException'{0x00000000a7e1d298}> (0x00000000a7e1d298) 
thrown [s\open\src\hotspot\share\prims\jni.cpp, line 520]
Event: 1.737 Thread 0x0000023b9edf1b30 Exception <a 'sun/nio/fs/WindowsException'{0x00000000a7e1d7f0}> (0x00000000a7e1d7f0) 
thrown [s\open\src\hotspot\share\prims\jni.cpp, line 520]
Event: 1.737 Thread 0x0000023b9edf1b30 Exception <a 'sun/nio/fs/WindowsException'{0x00000000a7e1dcf8}> (0x00000000a7e1dcf8) 
thrown [s\open\src\hotspot\share\prims\jni.cpp, line 520]
Event: 1.738 Thread 0x0000023b9edf1b30 Exception <a 'sun/nio/fs/WindowsException'{0x00000000a7e1e1b8}> (0x00000000a7e1e1b8) 
thrown [s\open\src\hotspot\share\prims\jni.cpp, line 520]
Event: 1.771 Thread 0x0000023b9edf1b30 Exception <a 'java/lang/NoSuchMethodError'{0x00000000a7e6ad48}: 'void java.lang.invoke.DirectMethodHandle$Holder.invokeStatic(java.lang.Object, java.lang.Object)'> (0x00000000a7e6ad48) 
thrown [s\open\src\hotspot\share\interpreter\linkResolver.cpp, line 796]
Event: 1.772 Thread 0x0000023b9edf1b30 Exception <a 'java/lang/NoSuchMethodError'{0x00000000a7e6e160}: 'void java.lang.invoke.DirectMethodHandle$Holder.invokeStaticInit(java.lang.Object, java.lang.Object)'> (0x00000000a7e6e160) 
thrown [s\open\src\hotspot\share\interpreter\linkResolver.cpp, line 796]

VM Operations (8 events):
Event: 1.138 Executing VM operation: HandshakeAllThreads (Deoptimize)
Event: 1.138 Executing VM operation: HandshakeAllThreads (Deoptimize) done
Event: 1.670 Executing VM operation: HandshakeAllThreads (Deoptimize)
Event: 1.670 Executing VM operation: HandshakeAllThreads (Deoptimize) done
Event: 1.740 Executing VM operation: HandshakeAllThreads (Deoptimize)
Event: 1.744 Executing VM operation: HandshakeAllThreads (Deoptimize) done
Event: 1.744 Executing VM operation: HandshakeAllThreads (Deoptimize)
Event: 1.744 Executing VM operation: HandshakeAllThreads (Deoptimize) done

Memory protections (0 events):
No events

Nmethod flushes (0 events):
No events

Events (13 events):
Event: 0.036 Thread 0x0000023b9edf1b30 Thread added: 0x0000023b9edf1b30
Event: 0.377 Thread 0x0000023b9edf1b30 Thread added: 0x0000023bbcb302c0
Event: 0.378 Thread 0x0000023b9edf1b30 Thread added: 0x0000023bbcb310e0
Event: 0.381 Thread 0x0000023b9edf1b30 Thread added: 0x0000023bbcb24750
Event: 0.381 Thread 0x0000023b9edf1b30 Thread added: 0x0000023bbcb251b0
Event: 0.381 Thread 0x0000023b9edf1b30 Thread added: 0x0000023bbcb25c10
Event: 0.381 Thread 0x0000023b9edf1b30 Thread added: 0x0000023bbcb26670
Event: 0.382 Thread 0x0000023b9edf1b30 Thread added: 0x0000023bbcb4b210
Event: 0.382 Thread 0x0000023b9edf1b30 Thread added: 0x0000023bbcb36880
Event: 0.596 Thread 0x0000023b9edf1b30 Thread added: 0x0000023bbccd5000
Event: 0.686 Thread 0x0000023b9edf1b30 Thread added: 0x0000023bbccde530
Event: 1.676 Thread 0x0000023b9edf1b30 Thread added: 0x0000023bc1318f30
Event: 1.769 Thread 0x0000023bc1318f30 Thread exited: 0x0000023bc1318f30


Dynamic libraries:
0x00007ff6c44e0000 - 0x00007ff6c44f0000 	C:\Program Files\Java\jdk-23\bin\java.exe
0x00007ffec4070000 - 0x00007ffec4268000 	C:\WINDOWS\SYSTEM32\ntdll.dll
0x00007ffec3d90000 - 0x00007ffec3e52000 	C:\WINDOWS\System32\KERNEL32.DLL
0x00007ffec1a00000 - 0x00007ffec1cfe000 	C:\WINDOWS\System32\KERNELBASE.dll
0x00007ffec2030000 - 0x00007ffec2130000 	C:\WINDOWS\System32\ucrtbase.dll
0x00007ffeb1a60000 - 0x00007ffeb1a7b000 	C:\Program Files\Java\jdk-23\bin\VCRUNTIME140.dll
0x00007ffead1d0000 - 0x00007ffead1e7000 	C:\Program Files\Java\jdk-23\bin\jli.dll
0x00007ffec33c0000 - 0x00007ffec355d000 	C:\WINDOWS\System32\USER32.dll
0x00007ffec19d0000 - 0x00007ffec19f2000 	C:\WINDOWS\System32\win32u.dll
0x00007ffeb0d50000 - 0x00007ffeb0fea000 	C:\WINDOWS\WinSxS\amd64_microsoft.windows.common-controls_6595b64144ccf1df_6.0.19041.4355_none_60b8b9eb71f62e16\COMCTL32.dll
0x00007ffec3390000 - 0x00007ffec33bb000 	C:\WINDOWS\System32\GDI32.dll
0x00007ffec2550000 - 0x00007ffec25ee000 	C:\WINDOWS\System32\msvcrt.dll
0x00007ffec18b0000 - 0x00007ffec19c7000 	C:\WINDOWS\System32\gdi32full.dll
0x00007ffec1d00000 - 0x00007ffec1d9d000 	C:\WINDOWS\System32\msvcp_win.dll
0x00007ffec3ec0000 - 0x00007ffec3eef000 	C:\WINDOWS\System32\IMM32.DLL
0x00007ffeba320000 - 0x00007ffeba32c000 	C:\Program Files\Java\jdk-23\bin\vcruntime140_1.dll
0x00007ffea6430000 - 0x00007ffea64be000 	C:\Program Files\Java\jdk-23\bin\msvcp140.dll
0x00007ffe75790000 - 0x00007ffe764df000 	C:\Program Files\Java\jdk-23\bin\server\jvm.dll
0x00007ffec3560000 - 0x00007ffec3611000 	C:\WINDOWS\System32\ADVAPI32.dll
0x00007ffec2180000 - 0x00007ffec221f000 	C:\WINDOWS\System32\sechost.dll
0x00007ffec2bc0000 - 0x00007ffec2ce3000 	C:\WINDOWS\System32\RPCRT4.dll
0x00007ffec1e10000 - 0x00007ffec1e37000 	C:\WINDOWS\System32\bcrypt.dll
0x00007ffec2cf0000 - 0x00007ffec2d5b000 	C:\WINDOWS\System32\WS2_32.dll
0x00007ffec1690000 - 0x00007ffec16db000 	C:\WINDOWS\SYSTEM32\POWRPROF.dll
0x00007ffeb1040000 - 0x00007ffeb104a000 	C:\WINDOWS\SYSTEM32\VERSION.dll
0x00007ffea7090000 - 0x00007ffea70b7000 	C:\WINDOWS\SYSTEM32\WINMM.dll
0x00007ffec1640000 - 0x00007ffec1652000 	C:\WINDOWS\SYSTEM32\UMPDC.dll
0x00007ffec0320000 - 0x00007ffec0332000 	C:\WINDOWS\SYSTEM32\kernel.appcore.dll
0x00007ffeba140000 - 0x00007ffeba14a000 	C:\Program Files\Java\jdk-23\bin\jimage.dll
0x00007ffebfea0000 - 0x00007ffec0084000 	C:\WINDOWS\SYSTEM32\DBGHELP.DLL
0x00007ffebae70000 - 0x00007ffebaea4000 	C:\WINDOWS\SYSTEM32\dbgcore.DLL
0x00007ffec1fa0000 - 0x00007ffec2022000 	C:\WINDOWS\System32\bcryptPrimitives.dll
0x00007ffeacfb0000 - 0x00007ffeacfce000 	C:\Program Files\Java\jdk-23\bin\java.dll
0x00007ffec3260000 - 0x00007ffec338b000 	C:\WINDOWS\System32\ole32.dll
0x00007ffec2d60000 - 0x00007ffec30b3000 	C:\WINDOWS\System32\combase.dll
0x00007ffec3620000 - 0x00007ffec3d8d000 	C:\WINDOWS\System32\SHELL32.dll
0x00007ffebf460000 - 0x00007ffebfc04000 	C:\WINDOWS\SYSTEM32\windows.storage.dll
0x00007ffec1160000 - 0x00007ffec118e000 	C:\WINDOWS\SYSTEM32\Wldp.dll
0x00007ffec3ef0000 - 0x00007ffec3fbd000 	C:\WINDOWS\System32\OLEAUT32.dll
0x00007ffec2220000 - 0x00007ffec22cd000 	C:\WINDOWS\System32\SHCORE.dll
0x00007ffec2610000 - 0x00007ffec2665000 	C:\WINDOWS\System32\shlwapi.dll
0x00007ffec1730000 - 0x00007ffec1754000 	C:\WINDOWS\SYSTEM32\profapi.dll
0x00007ffea92d0000 - 0x00007ffea93a7000 	C:\Program Files\Java\jdk-23\bin\jsvml.dll
0x00007ffeb9b70000 - 0x00007ffeb9b80000 	C:\Program Files\Java\jdk-23\bin\net.dll
0x00007ffec0ec0000 - 0x00007ffec0f2a000 	C:\WINDOWS\system32\mswsock.dll
0x00007ffeacdd0000 - 0x00007ffeacde6000 	C:\Program Files\Java\jdk-23\bin\nio.dll
0x00007ffeac990000 - 0x00007ffeac9a7000 	C:\Program Files\Java\jdk-23\bin\zip.dll
0x00007ffeacfe0000 - 0x00007ffead004000 	C:\Program Files\NetBeans-23\netbeans\java\maven\lib\jansi-native\Windows\x86_64\jansi.dll
0x00007ffeb6e60000 - 0x00007ffeb6e70000 	C:\Program Files\Java\jdk-23\bin\verify.dll

dbghelp: loaded successfully - version: 4.0.5 - missing functions: none
symbol engine: initialized successfully - sym options: 0x614 - pdb path: .;C:\Program Files\Java\jdk-23\bin;C:\WINDOWS\SYSTEM32;C:\WINDOWS\WinSxS\amd64_microsoft.windows.common-controls_6595b64144ccf1df_6.0.19041.4355_none_60b8b9eb71f62e16;C:\Program Files\Java\jdk-23\bin\server;C:\Program Files\NetBeans-23\netbeans\java\maven\lib\jansi-native\Windows\x86_64

VM Arguments:
jvm_args: -Dclassworlds.conf=C:\Program Files\NetBeans-23\netbeans\java\maven\bin\m2.conf -Dmaven.home=C:\Program Files\NetBeans-23\netbeans\java\maven -Dlibrary.jansi.path=C:\Program Files\NetBeans-23\netbeans\java\maven\lib\jansi-native -Dmaven.multiModuleProjectDirectory=C:\Users\maico\OneDrive\Escritorio\PROYECTO FINAL AP\GestionDeProducciones 
java_command: org.codehaus.plexus.classworlds.launcher.Launcher -Dexec.vmArgs= -Dexec.args=${exec.vmArgs} -classpath %classpath ${exec.mainClass} ${exec.appArgs} -Dexec.appArgs= -Dexec.mainClass=fabrica.gestiondeproducciones.GestionDeProducciones -Dexec.executable=C:\Program Files\Java\jdk-23\bin\java.exe -Dmaven.ext.class.path=C:\Program Files\NetBeans-23\netbeans\java\maven-nblib\netbeans-eventspy.jar --no-transfer-progress process-classes org.codehaus.mojo:exec-maven-plugin:3.1.0:exec
java_class_path (initial): C:\Program Files\NetBeans-23\netbeans\java\maven\boot\plexus-classworlds-2.8.0.jar
Launcher Type: SUN_STANDARD

[Global flags]
     intx CICompilerCount                          = 3                                         {product} {ergonomic}
     uint ConcGCThreads                            = 1                                         {product} {ergonomic}
     uint G1ConcRefinementThreads                  = 4                                         {product} {ergonomic}
   size_t G1HeapRegionSize                         = 1048576                                   {product} {ergonomic}
   size_t InitialHeapSize                          = 98566144                                  {product} {ergonomic}
   size_t MarkStackSize                            = 4194304                                   {product} {ergonomic}
   size_t MarkStackSizeMax                         = 536870912                                 {product} {ergonomic}
   size_t MaxHeapSize                              = 1570766848                                {product} {ergonomic}
   size_t MaxNewSize                               = 941621248                                 {product} {ergonomic}
   size_t MinHeapDeltaBytes                        = 1048576                                   {product} {ergonomic}
   size_t MinHeapSize                              = 8388608                                   {product} {ergonomic}
    uintx NonNMethodCodeHeapSize                   = 5832704                                {pd product} {ergonomic}
    uintx NonProfiledCodeHeapSize                  = 122945536                              {pd product} {ergonomic}
    uintx ProfiledCodeHeapSize                     = 122880000                              {pd product} {ergonomic}
    uintx ReservedCodeCacheSize                    = 251658240                              {pd product} {ergonomic}
     bool SegmentedCodeCache                       = true                                      {product} {ergonomic}
   size_t SoftMaxHeapSize                          = 1570766848                             {manageable} {ergonomic}
     bool UseCompressedOops                        = true                           {product lp64_product} {ergonomic}
     bool UseG1GC                                  = true                                      {product} {ergonomic}
     bool UseLargePagesIndividualAllocation        = false                                  {pd product} {ergonomic}

Logging:
Log output configuration:
 #0: stdout all=warning uptime,level,tags foldmultilines=false
 #1: stderr all=off uptime,level,tags foldmultilines=false

Environment Variables:
JAVA_HOME=C:\Program Files\Java\jdk-23
PATH=C:\Program Files\Common Files\Oracle\Java\javapath;C:\Program Files\Eclipse Adoptium\jdk-17.0.7.7-hotspot\bin;C:\WINDOWS\system32;C:\WINDOWS;C:\WINDOWS\System32\Wbem;C:\WINDOWS\System32\WindowsPowerShell\v1.0\;C:\Program Files (x86)\Common Files\lenovo\easyplussdk\bin;C:\WINDOWS\System32\OpenSSH\;C:\Program Files (x86)\Microsoft SQL Server\160\Tools\Binn\;C:\Program Files\Microsoft SQL Server\160\Tools\Binn\;C:\Program Files\Microsoft SQL Server\Client SDK\ODBC\170\Tools\Binn\;C:\Program Files\Microsoft SQL Server\160\DTS\Binn\;C:\Program Files (x86)\Microsoft SQL Server\160\DTS\Binn\;C:\Program Files\Azure Data Studio\bin;C:\Program Files\dotnet\;C:\Program Files\Git\cmd;C:\Program Files\nodejs\;C:\Users\maico\AppData\Local\Microsoft\WindowsApps;;C:\Program Files\Azure Data Studio\bin;C:\Users\maico\.dotnet\tools;C:\Users\maico\AppData\Local\Programs\Microsoft VS Code\bin;C:\Users\maico\AppData\Roaming\npm
USERNAME=maico
OS=Windows_NT
PROCESSOR_IDENTIFIER=Intel64 Family 6 Model 78 Stepping 3, GenuineIntel
TMP=C:\Users\maico\AppData\Local\Temp
TEMP=C:\Users\maico\AppData\Local\Temp




Periodic native trim disabled

---------------  S Y S T E M  ---------------

OS:
 Windows 10 , 64 bit Build 19041 (10.0.19041.5198)
OS uptime: 3 days 7:09 hours

CPU: total 4 (initial active 4) (2 cores per cpu, 2 threads per core) family 6 model 78 stepping 3 microcode 0xcc, cx8, cmov, fxsr, ht, mmx, 3dnowpref, sse, sse2, sse3, ssse3, sse4.1, sse4.2, popcnt, lzcnt, tsc, tscinvbit, avx, avx2, aes, erms, clmul, bmi1, bmi2, adx, fma, vzeroupper, clflush, clflushopt, rdtscp, f16c
Processor Information for the first 4 processors :
  Max Mhz: 2592, Current Mhz: 2492, Mhz Limit: 2488

Memory: 4k page, system-wide physical 5985M (517M free)
TotalPageFile size 5985M (AvailPageFile size 2M)
current process WorkingSet (physical memory assigned to process): 41M, peak: 41M
current process commit charge ("private bytes"): 166M, peak: 166M

vm_info: Java HotSpot(TM) 64-Bit Server VM (23.0.1+11-39) for windows-amd64 JRE (23.0.1+11-39), built on 2024-09-30T07:20:43Z with MS VC++ 17.6 (VS2022)

END.
