#
# There is insufficient memory for the Java Runtime Environment to continue.
# Native memory allocation (malloc) failed to allocate 1897456 bytes. Error detail: Chunk::new
# Possible reasons:
#   The system is out of physical RAM or swap space
#   This process is running with CompressedOops enabled, and the Java Heap may be blocking the growth of the native heap
# Possible solutions:
#   Reduce memory load on the system
#   Increase physical memory or swap space
#   Check if swap backing store is full
#   Decrease Java heap size (-Xmx/-Xms)
#   Decrease number of Java threads
#   Decrease Java thread stack sizes (-Xss)
#   Set larger code cache with -XX:ReservedCodeCacheSize=
#   JVM is running with Unscaled Compressed Oops mode in which the Java heap is
#     placed in the first 4GB address space. The Java Heap base address is the
#     maximum limit for the native heap growth. Please use -XX:HeapBaseMinAddress
#     to set the Java Heap base and to place the Java Heap above 4GB virtual address.
# This output file may be truncated or incomplete.
#
#  Out of Memory Error (arena.cpp:149), pid=14640, tid=9248
#
# JRE version: Java(TM) SE Runtime Environment (23.0.1+11) (build 23.0.1+11-39)
# Java VM: Java HotSpot(TM) 64-Bit Server VM (23.0.1+11-39, mixed mode, sharing, tiered, compressed oops, compressed class ptrs, g1 gc, windows-amd64)
# No core dump will be written. Minidumps are not enabled by default on client versions of Windows
#

---------------  S U M M A R Y ------------

Command Line: -Dclassworlds.conf=C:\Program Files\NetBeans-23\netbeans\java\maven\bin\m2.conf -Dmaven.home=C:\Program Files\NetBeans-23\netbeans\java\maven -Dlibrary.jansi.path=C:\Program Files\NetBeans-23\netbeans\java\maven\lib\jansi-native -Dmaven.multiModuleProjectDirectory=C:\Users\maico\OneDrive\Escritorio\PROYECTO FINAL AP\GestionDeProducciones org.codehaus.plexus.classworlds.launcher.Launcher -Dexec.vmArgs= -Dexec.args=${exec.vmArgs} -classpath %classpath ${exec.mainClass} ${exec.appArgs} -Dexec.executable=C:\Program Files\Java\jdk-23\bin\java.exe -Dexec.mainClass=fabrica.gestiondeproducciones.presentacion.Principal -Dexec.classpathScope=runtime -Dexec.appArgs= -Dmaven.ext.class.path=C:\Program Files\NetBeans-23\netbeans\java\maven-nblib\netbeans-eventspy.jar --no-transfer-progress process-classes org.codehaus.mojo:exec-maven-plugin:3.1.0:exec

Host: Intel(R) Core(TM) i7-6500U CPU @ 2.50GHz, 4 cores, 5G,  Windows 10 , 64 bit Build 19041 (10.0.19041.5198)
Time: Tue Dec 24 14:10:52 2024 Hora estándar de Montevideo elapsed time: 3.793531 seconds (0d 0h 0m 3s)

---------------  T H R E A D  ---------------

Current thread (0x0000024ac5d53e90):  JavaThread "C2 CompilerThread1" daemon [_thread_in_native, id=9248, stack(0x000000a0e8900000,0x000000a0e8a00000) (1024K)]


Current CompileTask:
C2:3793 4121       4       java.lang.invoke.MethodType::methodType (69 bytes)

Stack: [0x000000a0e8900000,0x000000a0e8a00000]
Native frames: (J=compiled Java code, j=interpreted, Vv=VM code, C=native code)
V  [jvm.dll+0x6e08b9]  (no source info available)
V  [jvm.dll+0x87dc83]  (no source info available)
V  [jvm.dll+0x88010e]  (no source info available)
V  [jvm.dll+0x8807e3]  (no source info available)
V  [jvm.dll+0x27aee6]  (no source info available)
V  [jvm.dll+0xbc06f]  (no source info available)
V  [jvm.dll+0xbc2cb]  (no source info available)
V  [jvm.dll+0x3b3a62]  (no source info available)
V  [jvm.dll+0x38a42b]  (no source info available)
V  [jvm.dll+0x38989a]  (no source info available)
V  [jvm.dll+0x244aa1]  (no source info available)
V  [jvm.dll+0x243dff]  (no source info available)
V  [jvm.dll+0x1c33a0]  (no source info available)
V  [jvm.dll+0x253cf1]  (no source info available)
V  [jvm.dll+0x251faa]  (no source info available)
V  [jvm.dll+0x3ee036]  (no source info available)
V  [jvm.dll+0x824f8b]  (no source info available)
V  [jvm.dll+0x6df065]  (no source info available)
C  [ucrtbase.dll+0x21bb2]  (no source info available)
C  [KERNEL32.DLL+0x17374]  (no source info available)
C  [ntdll.dll+0x4cc91]  (no source info available)

Lock stack of current Java thread (top to bottom):


---------------  P R O C E S S  ---------------

Threads class SMR info:
_java_thread_list=0x0000024ac5c77000, length=12, elements={
0x0000024ad1d73880, 0x0000024aed6843c0, 0x0000024aed6865f0, 0x0000024aed68b560,
0x0000024aed68bfc0, 0x0000024aed68d1c0, 0x0000024aed68dc20, 0x0000024aed692a60,
0x0000024aed696460, 0x0000024ac50bd950, 0x0000024ac50e9820, 0x0000024ac5d53e90
}

Java Threads: ( => current thread )
  0x0000024ad1d73880 JavaThread "main"                              [_thread_in_vm, id=10284, stack(0x000000a0e7400000,0x000000a0e7500000) (1024K)]
  0x0000024aed6843c0 JavaThread "Reference Handler"          daemon [_thread_blocked, id=15324, stack(0x000000a0e7c00000,0x000000a0e7d00000) (1024K)]
  0x0000024aed6865f0 JavaThread "Finalizer"                  daemon [_thread_blocked, id=4648, stack(0x000000a0e7d00000,0x000000a0e7e00000) (1024K)]
  0x0000024aed68b560 JavaThread "Signal Dispatcher"          daemon [_thread_blocked, id=10100, stack(0x000000a0e7e00000,0x000000a0e7f00000) (1024K)]
  0x0000024aed68bfc0 JavaThread "Attach Listener"            daemon [_thread_blocked, id=6240, stack(0x000000a0e7f00000,0x000000a0e8000000) (1024K)]
  0x0000024aed68d1c0 JavaThread "Service Thread"             daemon [_thread_blocked, id=4424, stack(0x000000a0e8000000,0x000000a0e8100000) (1024K)]
  0x0000024aed68dc20 JavaThread "Monitor Deflation Thread"   daemon [_thread_blocked, id=14816, stack(0x000000a0e8100000,0x000000a0e8200000) (1024K)]
  0x0000024aed692a60 JavaThread "C2 CompilerThread0"         daemon [_thread_in_native, id=14052, stack(0x000000a0e8200000,0x000000a0e8300000) (1024K)]
  0x0000024aed696460 JavaThread "C1 CompilerThread0"         daemon [_thread_in_native, id=9952, stack(0x000000a0e8300000,0x000000a0e8400000) (1024K)]
  0x0000024ac50bd950 JavaThread "Notification Thread"        daemon [_thread_blocked, id=1648, stack(0x000000a0e8400000,0x000000a0e8500000) (1024K)]
  0x0000024ac50e9820 JavaThread "Common-Cleaner"             daemon [_thread_blocked, id=9000, stack(0x000000a0e8500000,0x000000a0e8600000) (1024K)]
=>0x0000024ac5d53e90 JavaThread "C2 CompilerThread1"         daemon [_thread_in_native, id=9248, stack(0x000000a0e8900000,0x000000a0e8a00000) (1024K)]
Total: 12

Other Threads:
  0x0000024aed66d010 VMThread "VM Thread"                           [id=14728, stack(0x000000a0e7b00000,0x000000a0e7c00000) (1024K)]
  0x0000024aed657cd0 WatcherThread "VM Periodic Task Thread"        [id=12572, stack(0x000000a0e7a00000,0x000000a0e7b00000) (1024K)]
  0x0000024ad1db9c70 WorkerThread "GC Thread#0"                     [id=11332, stack(0x000000a0e7500000,0x000000a0e7600000) (1024K)]
  0x0000024ac5c33ea0 WorkerThread "GC Thread#1"                     [id=14676, stack(0x000000a0e8600000,0x000000a0e8700000) (1024K)]
  0x0000024ac5c8a500 WorkerThread "GC Thread#2"                     [id=14288, stack(0x000000a0e8700000,0x000000a0e8800000) (1024K)]
  0x0000024ac5c8a8b0 WorkerThread "GC Thread#3"                     [id=8136, stack(0x000000a0e8800000,0x000000a0e8900000) (1024K)]
  0x0000024ad1dc9790 ConcurrentGCThread "G1 Main Marker"            [id=7068, stack(0x000000a0e7600000,0x000000a0e7700000) (1024K)]
  0x0000024ad1dca950 WorkerThread "G1 Conc#0"                       [id=11792, stack(0x000000a0e7700000,0x000000a0e7800000) (1024K)]
  0x0000024ad1e38930 ConcurrentGCThread "G1 Refine#0"               [id=2984, stack(0x000000a0e7800000,0x000000a0e7900000) (1024K)]
  0x0000024ad1e3a3d0 ConcurrentGCThread "G1 Service"                [id=13604, stack(0x000000a0e7900000,0x000000a0e7a00000) (1024K)]
Total: 10

Threads with active compile tasks:
C2 CompilerThread0  3994 4254       4       jdk.nio.zipfs.ZipFileSystem$ParentLookup::equals (34 bytes)
C1 CompilerThread0  3994 4291       3       java.nio.DirectByteBufferR::slice (74 bytes)
C2 CompilerThread1  3994 4121       4       java.lang.invoke.MethodType::methodType (69 bytes)
Total: 3

VM state: not at safepoint (normal execution)

VM Mutex/Monitor currently owned by a thread: None

Heap address: 0x00000000a2600000, size: 1498 MB, Compressed Oops mode: 32-bit

CDS archive(s) mapped at: [0x0000024a80000000-0x0000024a80d70000-0x0000024a80d70000), size 14090240, SharedBaseAddress: 0x0000024a80000000, ArchiveRelocationMode: 1.
Compressed class space mapped at: 0x0000024a81000000-0x0000024ac1000000, reserved size: 1073741824
Narrow klass base: 0x0000024a80000000, Narrow klass shift: 0, Narrow klass range: 0x41000000

GC Precious Log:
 CardTable entry size: 512
 Card Set container configuration: InlinePtr #cards 5 size 8 Array Of Cards #cards 10 size 36 Howl #buckets 4 coarsen threshold 1843 Howl Bitmap #cards 512 size 80 coarsen threshold 460 Card regions per heap region 1 cards per card region 2048
 CPUs: 4 total, 4 available
 Memory: 5985M
 Large Page Support: Disabled
 NUMA Support: Disabled
 Compressed Oops: Enabled (32-bit)
 Heap Region Size: 1M
 Heap Min Capacity: 8M
 Heap Initial Capacity: 94M
 Heap Max Capacity: 1498M
 Pre-touch: Disabled
 Parallel Workers: 4
 Concurrent Workers: 1
 Concurrent Refinement Workers: 4
 Periodic GC: Disabled

Heap:
 garbage-first heap   total reserved 1533952K, committed 96256K, used 39977K [0x00000000a2600000, 0x0000000100000000)
  region size 1024K, 33 young (33792K), 6 survivors (6144K)
 Metaspace       used 19621K, committed 19904K, reserved 1114112K
  class space    used 2385K, committed 2496K, reserved 1048576K

Heap Regions: E=young(eden), S=young(survivor), O=old, HS=humongous(starts), HC=humongous(continues), CS=collection set, F=free, TAMS=top-at-mark-start, PB=parsable bottom
|   0|0x00000000a2600000, 0x00000000a2700000, 0x00000000a2700000|100%| O|  |TAMS 0x00000000a2600000| PB 0x00000000a2600000| Untracked |  0
|   1|0x00000000a2700000, 0x00000000a2800000, 0x00000000a2800000|100%| O|  |TAMS 0x00000000a2700000| PB 0x00000000a2700000| Untracked |  0
|   2|0x00000000a2800000, 0x00000000a2900000, 0x00000000a2900000|100%| O|  |TAMS 0x00000000a2800000| PB 0x00000000a2800000| Untracked |  0
|   3|0x00000000a2900000, 0x00000000a29328e0, 0x00000000a2a00000| 19%| O|  |TAMS 0x00000000a2900000| PB 0x00000000a2900000| Untracked |  0
|   4|0x00000000a2a00000, 0x00000000a2b00000, 0x00000000a2b00000|100%|HS|  |TAMS 0x00000000a2a00000| PB 0x00000000a2a00000| Complete |  0
|   5|0x00000000a2b00000, 0x00000000a2c00000, 0x00000000a2c00000|100%|HC|  |TAMS 0x00000000a2b00000| PB 0x00000000a2b00000| Complete |  0
|   6|0x00000000a2c00000, 0x00000000a2d00000, 0x00000000a2d00000|100%|HS|  |TAMS 0x00000000a2c00000| PB 0x00000000a2c00000| Complete |  0
|   7|0x00000000a2d00000, 0x00000000a2e00000, 0x00000000a2e00000|100%|HC|  |TAMS 0x00000000a2d00000| PB 0x00000000a2d00000| Complete |  0
|   8|0x00000000a2e00000, 0x00000000a2e00000, 0x00000000a2f00000|  0%| F|  |TAMS 0x00000000a2e00000| PB 0x00000000a2e00000| Untracked |  0
|   9|0x00000000a2f00000, 0x00000000a2f00000, 0x00000000a3000000|  0%| F|  |TAMS 0x00000000a2f00000| PB 0x00000000a2f00000| Untracked |  0
|  10|0x00000000a3000000, 0x00000000a3000000, 0x00000000a3100000|  0%| F|  |TAMS 0x00000000a3000000| PB 0x00000000a3000000| Untracked |  0
|  11|0x00000000a3100000, 0x00000000a3100000, 0x00000000a3200000|  0%| F|  |TAMS 0x00000000a3100000| PB 0x00000000a3100000| Untracked |  0
|  12|0x00000000a3200000, 0x00000000a3200000, 0x00000000a3300000|  0%| F|  |TAMS 0x00000000a3200000| PB 0x00000000a3200000| Untracked |  0
|  13|0x00000000a3300000, 0x00000000a3300000, 0x00000000a3400000|  0%| F|  |TAMS 0x00000000a3300000| PB 0x00000000a3300000| Untracked |  0
|  14|0x00000000a3400000, 0x00000000a3400000, 0x00000000a3500000|  0%| F|  |TAMS 0x00000000a3400000| PB 0x00000000a3400000| Untracked |  0
|  15|0x00000000a3500000, 0x00000000a3500000, 0x00000000a3600000|  0%| F|  |TAMS 0x00000000a3500000| PB 0x00000000a3500000| Untracked |  0
|  16|0x00000000a3600000, 0x00000000a3600000, 0x00000000a3700000|  0%| F|  |TAMS 0x00000000a3600000| PB 0x00000000a3600000| Untracked |  0
|  17|0x00000000a3700000, 0x00000000a3700000, 0x00000000a3800000|  0%| F|  |TAMS 0x00000000a3700000| PB 0x00000000a3700000| Untracked |  0
|  18|0x00000000a3800000, 0x00000000a3800000, 0x00000000a3900000|  0%| F|  |TAMS 0x00000000a3800000| PB 0x00000000a3800000| Untracked |  0
|  19|0x00000000a3900000, 0x00000000a3900000, 0x00000000a3a00000|  0%| F|  |TAMS 0x00000000a3900000| PB 0x00000000a3900000| Untracked |  0
|  20|0x00000000a3a00000, 0x00000000a3a00000, 0x00000000a3b00000|  0%| F|  |TAMS 0x00000000a3a00000| PB 0x00000000a3a00000| Untracked |  0
|  21|0x00000000a3b00000, 0x00000000a3b00000, 0x00000000a3c00000|  0%| F|  |TAMS 0x00000000a3b00000| PB 0x00000000a3b00000| Untracked |  0
|  22|0x00000000a3c00000, 0x00000000a3c00000, 0x00000000a3d00000|  0%| F|  |TAMS 0x00000000a3c00000| PB 0x00000000a3c00000| Untracked |  0
|  23|0x00000000a3d00000, 0x00000000a3d00000, 0x00000000a3e00000|  0%| F|  |TAMS 0x00000000a3d00000| PB 0x00000000a3d00000| Untracked |  0
|  24|0x00000000a3e00000, 0x00000000a3e00000, 0x00000000a3f00000|  0%| F|  |TAMS 0x00000000a3e00000| PB 0x00000000a3e00000| Untracked |  0
|  25|0x00000000a3f00000, 0x00000000a3f00000, 0x00000000a4000000|  0%| F|  |TAMS 0x00000000a3f00000| PB 0x00000000a3f00000| Untracked |  0
|  26|0x00000000a4000000, 0x00000000a4000000, 0x00000000a4100000|  0%| F|  |TAMS 0x00000000a4000000| PB 0x00000000a4000000| Untracked |  0
|  27|0x00000000a4100000, 0x00000000a4100000, 0x00000000a4200000|  0%| F|  |TAMS 0x00000000a4100000| PB 0x00000000a4100000| Untracked |  0
|  28|0x00000000a4200000, 0x00000000a4200000, 0x00000000a4300000|  0%| F|  |TAMS 0x00000000a4200000| PB 0x00000000a4200000| Untracked |  0
|  29|0x00000000a4300000, 0x00000000a4300000, 0x00000000a4400000|  0%| F|  |TAMS 0x00000000a4300000| PB 0x00000000a4300000| Untracked |  0
|  30|0x00000000a4400000, 0x00000000a4400000, 0x00000000a4500000|  0%| F|  |TAMS 0x00000000a4400000| PB 0x00000000a4400000| Untracked |  0
|  31|0x00000000a4500000, 0x00000000a4500000, 0x00000000a4600000|  0%| F|  |TAMS 0x00000000a4500000| PB 0x00000000a4500000| Untracked |  0
|  32|0x00000000a4600000, 0x00000000a4600000, 0x00000000a4700000|  0%| F|  |TAMS 0x00000000a4600000| PB 0x00000000a4600000| Untracked |  0
|  33|0x00000000a4700000, 0x00000000a4700000, 0x00000000a4800000|  0%| F|  |TAMS 0x00000000a4700000| PB 0x00000000a4700000| Untracked |  0
|  34|0x00000000a4800000, 0x00000000a4800000, 0x00000000a4900000|  0%| F|  |TAMS 0x00000000a4800000| PB 0x00000000a4800000| Untracked |  0
|  35|0x00000000a4900000, 0x00000000a4900000, 0x00000000a4a00000|  0%| F|  |TAMS 0x00000000a4900000| PB 0x00000000a4900000| Untracked |  0
|  36|0x00000000a4a00000, 0x00000000a4a00000, 0x00000000a4b00000|  0%| F|  |TAMS 0x00000000a4a00000| PB 0x00000000a4a00000| Untracked |  0
|  37|0x00000000a4b00000, 0x00000000a4b00000, 0x00000000a4c00000|  0%| F|  |TAMS 0x00000000a4b00000| PB 0x00000000a4b00000| Untracked |  0
|  38|0x00000000a4c00000, 0x00000000a4c00000, 0x00000000a4d00000|  0%| F|  |TAMS 0x00000000a4c00000| PB 0x00000000a4c00000| Untracked |  0
|  39|0x00000000a4d00000, 0x00000000a4d00000, 0x00000000a4e00000|  0%| F|  |TAMS 0x00000000a4d00000| PB 0x00000000a4d00000| Untracked |  0
|  40|0x00000000a4e00000, 0x00000000a4e00000, 0x00000000a4f00000|  0%| F|  |TAMS 0x00000000a4e00000| PB 0x00000000a4e00000| Untracked |  0
|  41|0x00000000a4f00000, 0x00000000a4f00000, 0x00000000a5000000|  0%| F|  |TAMS 0x00000000a4f00000| PB 0x00000000a4f00000| Untracked |  0
|  42|0x00000000a5000000, 0x00000000a5000000, 0x00000000a5100000|  0%| F|  |TAMS 0x00000000a5000000| PB 0x00000000a5000000| Untracked |  0
|  43|0x00000000a5100000, 0x00000000a5100000, 0x00000000a5200000|  0%| F|  |TAMS 0x00000000a5100000| PB 0x00000000a5100000| Untracked |  0
|  44|0x00000000a5200000, 0x00000000a5200000, 0x00000000a5300000|  0%| F|  |TAMS 0x00000000a5200000| PB 0x00000000a5200000| Untracked |  0
|  45|0x00000000a5300000, 0x00000000a5300000, 0x00000000a5400000|  0%| F|  |TAMS 0x00000000a5300000| PB 0x00000000a5300000| Untracked |  0
|  46|0x00000000a5400000, 0x00000000a5400000, 0x00000000a5500000|  0%| F|  |TAMS 0x00000000a5400000| PB 0x00000000a5400000| Untracked |  0
|  47|0x00000000a5500000, 0x00000000a55d7da0, 0x00000000a5600000| 84%| S|CS|TAMS 0x00000000a5500000| PB 0x00000000a5500000| Complete |  0
|  48|0x00000000a5600000, 0x00000000a5700000, 0x00000000a5700000|100%| S|CS|TAMS 0x00000000a5600000| PB 0x00000000a5600000| Complete |  0
|  49|0x00000000a5700000, 0x00000000a5800000, 0x00000000a5800000|100%| S|CS|TAMS 0x00000000a5700000| PB 0x00000000a5700000| Complete |  0
|  50|0x00000000a5800000, 0x00000000a5900000, 0x00000000a5900000|100%| S|CS|TAMS 0x00000000a5800000| PB 0x00000000a5800000| Complete |  0
|  51|0x00000000a5900000, 0x00000000a5a00000, 0x00000000a5a00000|100%| S|CS|TAMS 0x00000000a5900000| PB 0x00000000a5900000| Complete |  0
|  52|0x00000000a5a00000, 0x00000000a5b00000, 0x00000000a5b00000|100%| S|CS|TAMS 0x00000000a5a00000| PB 0x00000000a5a00000| Complete |  0
|  53|0x00000000a5b00000, 0x00000000a5b00000, 0x00000000a5c00000|  0%| F|  |TAMS 0x00000000a5b00000| PB 0x00000000a5b00000| Untracked |  0
|  54|0x00000000a5c00000, 0x00000000a5c00000, 0x00000000a5d00000|  0%| F|  |TAMS 0x00000000a5c00000| PB 0x00000000a5c00000| Untracked |  0
|  55|0x00000000a5d00000, 0x00000000a5d00000, 0x00000000a5e00000|  0%| F|  |TAMS 0x00000000a5d00000| PB 0x00000000a5d00000| Untracked |  0
|  56|0x00000000a5e00000, 0x00000000a5e00000, 0x00000000a5f00000|  0%| F|  |TAMS 0x00000000a5e00000| PB 0x00000000a5e00000| Untracked |  0
|  57|0x00000000a5f00000, 0x00000000a5f00000, 0x00000000a6000000|  0%| F|  |TAMS 0x00000000a5f00000| PB 0x00000000a5f00000| Untracked |  0
|  58|0x00000000a6000000, 0x00000000a6000000, 0x00000000a6100000|  0%| F|  |TAMS 0x00000000a6000000| PB 0x00000000a6000000| Untracked |  0
|  59|0x00000000a6100000, 0x00000000a6100000, 0x00000000a6200000|  0%| F|  |TAMS 0x00000000a6100000| PB 0x00000000a6100000| Untracked |  0
|  60|0x00000000a6200000, 0x00000000a6200000, 0x00000000a6300000|  0%| F|  |TAMS 0x00000000a6200000| PB 0x00000000a6200000| Untracked |  0
|  61|0x00000000a6300000, 0x00000000a6300000, 0x00000000a6400000|  0%| F|  |TAMS 0x00000000a6300000| PB 0x00000000a6300000| Untracked |  0
|  62|0x00000000a6400000, 0x00000000a6400000, 0x00000000a6500000|  0%| F|  |TAMS 0x00000000a6400000| PB 0x00000000a6400000| Untracked |  0
|  63|0x00000000a6500000, 0x00000000a6500000, 0x00000000a6600000|  0%| F|  |TAMS 0x00000000a6500000| PB 0x00000000a6500000| Untracked |  0
|  64|0x00000000a6600000, 0x00000000a6600000, 0x00000000a6700000|  0%| F|  |TAMS 0x00000000a6600000| PB 0x00000000a6600000| Untracked |  0
|  65|0x00000000a6700000, 0x00000000a6700000, 0x00000000a6800000|  0%| F|  |TAMS 0x00000000a6700000| PB 0x00000000a6700000| Untracked |  0
|  66|0x00000000a6800000, 0x00000000a6800000, 0x00000000a6900000|  0%| F|  |TAMS 0x00000000a6800000| PB 0x00000000a6800000| Untracked |  0
|  67|0x00000000a6900000, 0x00000000a6a00000, 0x00000000a6a00000|100%| E|  |TAMS 0x00000000a6900000| PB 0x00000000a6900000| Complete |  0
|  68|0x00000000a6a00000, 0x00000000a6b00000, 0x00000000a6b00000|100%| E|CS|TAMS 0x00000000a6a00000| PB 0x00000000a6a00000| Complete |  0
|  69|0x00000000a6b00000, 0x00000000a6c00000, 0x00000000a6c00000|100%| E|CS|TAMS 0x00000000a6b00000| PB 0x00000000a6b00000| Complete |  0
|  70|0x00000000a6c00000, 0x00000000a6d00000, 0x00000000a6d00000|100%| E|CS|TAMS 0x00000000a6c00000| PB 0x00000000a6c00000| Complete |  0
|  71|0x00000000a6d00000, 0x00000000a6e00000, 0x00000000a6e00000|100%| E|CS|TAMS 0x00000000a6d00000| PB 0x00000000a6d00000| Complete |  0
|  72|0x00000000a6e00000, 0x00000000a6f00000, 0x00000000a6f00000|100%| E|CS|TAMS 0x00000000a6e00000| PB 0x00000000a6e00000| Complete |  0
|  73|0x00000000a6f00000, 0x00000000a7000000, 0x00000000a7000000|100%| E|CS|TAMS 0x00000000a6f00000| PB 0x00000000a6f00000| Complete |  0
|  74|0x00000000a7000000, 0x00000000a7100000, 0x00000000a7100000|100%| E|CS|TAMS 0x00000000a7000000| PB 0x00000000a7000000| Complete |  0
|  75|0x00000000a7100000, 0x00000000a7200000, 0x00000000a7200000|100%| E|CS|TAMS 0x00000000a7100000| PB 0x00000000a7100000| Complete |  0
|  76|0x00000000a7200000, 0x00000000a7300000, 0x00000000a7300000|100%| E|CS|TAMS 0x00000000a7200000| PB 0x00000000a7200000| Complete |  0
|  77|0x00000000a7300000, 0x00000000a7400000, 0x00000000a7400000|100%| E|CS|TAMS 0x00000000a7300000| PB 0x00000000a7300000| Complete |  0
|  78|0x00000000a7400000, 0x00000000a7500000, 0x00000000a7500000|100%| E|CS|TAMS 0x00000000a7400000| PB 0x00000000a7400000| Complete |  0
|  79|0x00000000a7500000, 0x00000000a7600000, 0x00000000a7600000|100%| E|CS|TAMS 0x00000000a7500000| PB 0x00000000a7500000| Complete |  0
|  80|0x00000000a7600000, 0x00000000a7700000, 0x00000000a7700000|100%| E|CS|TAMS 0x00000000a7600000| PB 0x00000000a7600000| Complete |  0
|  81|0x00000000a7700000, 0x00000000a7800000, 0x00000000a7800000|100%| E|CS|TAMS 0x00000000a7700000| PB 0x00000000a7700000| Complete |  0
|  82|0x00000000a7800000, 0x00000000a7900000, 0x00000000a7900000|100%| E|CS|TAMS 0x00000000a7800000| PB 0x00000000a7800000| Complete |  0
|  83|0x00000000a7900000, 0x00000000a7a00000, 0x00000000a7a00000|100%| E|CS|TAMS 0x00000000a7900000| PB 0x00000000a7900000| Complete |  0
|  84|0x00000000a7a00000, 0x00000000a7b00000, 0x00000000a7b00000|100%| E|CS|TAMS 0x00000000a7a00000| PB 0x00000000a7a00000| Complete |  0
|  85|0x00000000a7b00000, 0x00000000a7c00000, 0x00000000a7c00000|100%| E|CS|TAMS 0x00000000a7b00000| PB 0x00000000a7b00000| Complete |  0
|  86|0x00000000a7c00000, 0x00000000a7d00000, 0x00000000a7d00000|100%| E|CS|TAMS 0x00000000a7c00000| PB 0x00000000a7c00000| Complete |  0
|  87|0x00000000a7d00000, 0x00000000a7e00000, 0x00000000a7e00000|100%| E|CS|TAMS 0x00000000a7d00000| PB 0x00000000a7d00000| Complete |  0
|  88|0x00000000a7e00000, 0x00000000a7f00000, 0x00000000a7f00000|100%| E|CS|TAMS 0x00000000a7e00000| PB 0x00000000a7e00000| Complete |  0
|  89|0x00000000a7f00000, 0x00000000a8000000, 0x00000000a8000000|100%| E|CS|TAMS 0x00000000a7f00000| PB 0x00000000a7f00000| Complete |  0
|  90|0x00000000a8000000, 0x00000000a8100000, 0x00000000a8100000|100%| E|CS|TAMS 0x00000000a8000000| PB 0x00000000a8000000| Complete |  0
|  91|0x00000000a8100000, 0x00000000a8200000, 0x00000000a8200000|100%| E|CS|TAMS 0x00000000a8100000| PB 0x00000000a8100000| Complete |  0
|  92|0x00000000a8200000, 0x00000000a8300000, 0x00000000a8300000|100%| E|CS|TAMS 0x00000000a8200000| PB 0x00000000a8200000| Complete |  0
|  93|0x00000000a8300000, 0x00000000a8400000, 0x00000000a8400000|100%| E|CS|TAMS 0x00000000a8300000| PB 0x00000000a8300000| Complete |  0

Card table byte_map: [0x0000024ae97a0000,0x0000024ae9a90000] _byte_map_base: 0x0000024ae928d000

Marking Bits: (CMBitMap*) 0x0000024ad1dba290
 Bits: [0x0000024ae9a90000, 0x0000024aeb1f8000)

Polling page: 0x0000024acfc60000

Metaspace:

Usage:
  Non-class:     16.86 MB used.
      Class:      2.33 MB used.
       Both:     19.20 MB used.

Virtual space:
  Non-class space:       64.00 MB reserved,      17.06 MB ( 27%) committed,  1 nodes.
      Class space:        1.00 GB reserved,       2.44 MB ( <1%) committed,  1 nodes.
             Both:        1.06 GB reserved,      19.50 MB (  2%) committed. 

Chunk freelists:
   Non-Class:  14.42 MB
       Class:  13.50 MB
        Both:  27.92 MB

MaxMetaspaceSize: unlimited
CompressedClassSpaceSize: 1.00 GB
Initial GC threshold: 21.00 MB
Current GC threshold: 21.00 MB
CDS: on
 - commit_granule_bytes: 65536.
 - commit_granule_words: 8192.
 - virtual_space_node_default_size: 8388608.
 - enlarge_chunks_in_place: 1.
 - use_allocation_guard: 0.


Internal statistics:

num_allocs_failed_limit: 0.
num_arena_births: 196.
num_arena_deaths: 0.
num_vsnodes_births: 2.
num_vsnodes_deaths: 0.
num_space_committed: 312.
num_space_uncommitted: 0.
num_chunks_returned_to_freelist: 0.
num_chunks_taken_from_freelist: 857.
num_chunk_merges: 0.
num_chunk_splits: 599.
num_chunks_enlarged: 485.
num_inconsistent_stats: 0.

CodeHeap 'non-profiled nmethods': size=120064Kb used=1471Kb max_used=1471Kb free=118592Kb
 bounds [0x0000024ae1f70000, 0x0000024ae21e0000, 0x0000024ae94b0000]
CodeHeap 'profiled nmethods': size=120000Kb used=6445Kb max_used=6445Kb free=113554Kb
 bounds [0x0000024ada4b0000, 0x0000024adab00000, 0x0000024ae19e0000]
CodeHeap 'non-nmethods': size=5696Kb used=1437Kb max_used=1464Kb free=4258Kb
 bounds [0x0000024ae19e0000, 0x0000024ae1c50000, 0x0000024ae1f70000]
CodeCache: size=245760Kb, used=9353Kb, max_used=9380Kb, free=236404Kb
 total_blobs=4840, nmethods=4307, adapters=437, full_count=0
Compilation: enabled, stopped_count=0, restarted_count=0

Compilation events (20 events):
Event: 3.766 Thread 0x0000024aed696460 4185       3       java.lang.invoke.MethodHandles$Lookup::hasFullPrivilegeAccess (18 bytes)
Event: 3.767 Thread 0x0000024aed696460 nmethod 4185 0x0000024adaad0288 code [0x0000024adaad03a0, 0x0000024adaad0500]
Event: 3.767 Thread 0x0000024aed692a60 4186       4       jdk.internal.module.SystemModuleFinders$SystemImage::reader (4 bytes)
Event: 3.767 Thread 0x0000024aed692a60 nmethod 4186 0x0000024ae20d5288 code [0x0000024ae20d5380, 0x0000024ae20d53f0]
Event: 3.774 Thread 0x0000024aed692a60 4187       4       jdk.internal.jimage.BasicImageReader::match (37 bytes)
Event: 3.777 Thread 0x0000024aed696460 4189       3       java.lang.invoke.InfoFromMemberName::getName (8 bytes)
Event: 3.778 Thread 0x0000024aed696460 nmethod 4189 0x0000024adaad0588 code [0x0000024adaad06e0, 0x0000024adaad0a80]
Event: 3.778 Thread 0x0000024aed696460 4190       3       java.lang.invoke.InfoFromMemberName::getMethodType (8 bytes)
Event: 3.778 Thread 0x0000024aed696460 nmethod 4190 0x0000024adaad0b08 code [0x0000024adaad0c20, 0x0000024adaad0d60]
Event: 3.781 Thread 0x0000024aed692a60 nmethod 4187 0x0000024ae20d5588 code [0x0000024ae20d56c0, 0x0000024ae20d5b30]
Event: 3.781 Thread 0x0000024aed692a60 4188       4       java.lang.ClassLoader::getClassLoadingLock (35 bytes)
Event: 3.784 Thread 0x0000024aed692a60 nmethod 4188 0x0000024ae20d5c08 code [0x0000024ae20d5d20, 0x0000024ae20d5e70]
Event: 3.784 Thread 0x0000024aed696460 4191       3       java.nio.MappedByteBuffer::position (6 bytes)
Event: 3.785 Thread 0x0000024aed696460 nmethod 4191 0x0000024adaad0e08 code [0x0000024adaad0f40, 0x0000024adaad1150]
Event: 3.785 Thread 0x0000024aed696460 4192       3       java.nio.ByteBuffer::<init> (14 bytes)
Event: 3.785 Thread 0x0000024aed696460 nmethod 4192 0x0000024adaad1188 code [0x0000024adaad12a0, 0x0000024adaad13f0]
Event: 3.785 Thread 0x0000024aed696460 4193       3       java.nio.MappedByteBuffer::limit (6 bytes)
Event: 3.785 Thread 0x0000024aed696460 nmethod 4193 0x0000024adaad1488 code [0x0000024adaad15c0, 0x0000024adaad17d0]
Event: 3.788 Thread 0x0000024aed696460 4194       3       java.nio.MappedByteBuffer::limit (6 bytes)
Event: 3.788 Thread 0x0000024aed696460 nmethod 4194 0x0000024adaad1808 code [0x0000024adaad1940, 0x0000024adaad1b50]

GC Heap History (8 events):
Event: 0.614 GC heap before
{Heap before GC invocations=0 (full 0):
 garbage-first heap   total reserved 1533952K, committed 96256K, used 14336K [0x00000000a2600000, 0x0000000100000000)
  region size 1024K, 14 young (14336K), 0 survivors (0K)
 Metaspace       used 4125K, committed 4352K, reserved 1114112K
  class space    used 447K, committed 576K, reserved 1048576K
}
Event: 0.621 GC heap after
{Heap after GC invocations=1 (full 0):
 garbage-first heap   total reserved 1533952K, committed 96256K, used 3232K [0x00000000a2600000, 0x0000000100000000)
  region size 1024K, 2 young (2048K), 2 survivors (2048K)
 Metaspace       used 4125K, committed 4352K, reserved 1114112K
  class space    used 447K, committed 576K, reserved 1048576K
}
Event: 0.958 GC heap before
{Heap before GC invocations=1 (full 0):
 garbage-first heap   total reserved 1533952K, committed 96256K, used 16544K [0x00000000a2600000, 0x0000000100000000)
  region size 1024K, 15 young (15360K), 2 survivors (2048K)
 Metaspace       used 6201K, committed 6400K, reserved 1114112K
  class space    used 761K, committed 896K, reserved 1048576K
}
Event: 0.964 GC heap after
{Heap after GC invocations=2 (full 0):
 garbage-first heap   total reserved 1533952K, committed 96256K, used 4115K [0x00000000a2600000, 0x0000000100000000)
  region size 1024K, 1 young (1024K), 1 survivors (1024K)
 Metaspace       used 6201K, committed 6400K, reserved 1114112K
  class space    used 761K, committed 896K, reserved 1048576K
}
Event: 1.818 GC heap before
{Heap before GC invocations=2 (full 0):
 garbage-first heap   total reserved 1533952K, committed 96256K, used 37907K [0x00000000a2600000, 0x0000000100000000)
  region size 1024K, 34 young (34816K), 1 survivors (1024K)
 Metaspace       used 11417K, committed 11648K, reserved 1114112K
  class space    used 1418K, committed 1536K, reserved 1048576K
}
Event: 1.825 GC heap after
{Heap after GC invocations=3 (full 0):
 garbage-first heap   total reserved 1533952K, committed 96256K, used 6030K [0x00000000a2600000, 0x0000000100000000)
  region size 1024K, 3 young (3072K), 3 survivors (3072K)
 Metaspace       used 11417K, committed 11648K, reserved 1114112K
  class space    used 1418K, committed 1536K, reserved 1048576K
}
Event: 3.069 GC heap before
{Heap before GC invocations=3 (full 0):
 garbage-first heap   total reserved 1533952K, committed 96256K, used 44942K [0x00000000a2600000, 0x0000000100000000)
  region size 1024K, 41 young (41984K), 3 survivors (3072K)
 Metaspace       used 16157K, committed 16384K, reserved 1114112K
  class space    used 1989K, committed 2112K, reserved 1048576K
}
Event: 3.080 GC heap after
{Heap after GC invocations=4 (full 0):
 garbage-first heap   total reserved 1533952K, committed 96256K, used 9257K [0x00000000a2600000, 0x0000000100000000)
  region size 1024K, 6 young (6144K), 6 survivors (6144K)
 Metaspace       used 16157K, committed 16384K, reserved 1114112K
  class space    used 1989K, committed 2112K, reserved 1048576K
}

Dll operation events (8 events):
Event: 0.013 Loaded shared library C:\Program Files\Java\jdk-23\bin\java.dll
Event: 0.055 Loaded shared library C:\Program Files\Java\jdk-23\bin\jsvml.dll
Event: 0.091 Loaded shared library C:\Program Files\Java\jdk-23\bin\net.dll
Event: 0.093 Loaded shared library C:\Program Files\Java\jdk-23\bin\nio.dll
Event: 0.099 Loaded shared library C:\Program Files\Java\jdk-23\bin\zip.dll
Event: 0.270 Loaded shared library C:\Program Files\Java\jdk-23\bin\jimage.dll
Event: 0.272 Loaded shared library C:\Program Files\NetBeans-23\netbeans\java\maven\lib\jansi-native\Windows\x86_64\jansi.dll
Event: 0.288 Loaded shared library C:\Program Files\Java\jdk-23\bin\verify.dll

Deoptimization events (20 events):
Event: 3.426 Thread 0x0000024ad1d73880 DEOPT PACKING pc=0x0000024ada62db9c sp=0x000000a0e74fd230
Event: 3.426 Thread 0x0000024ad1d73880 DEOPT UNPACKING pc=0x0000024ae1a34b22 sp=0x000000a0e74fc730 mode 0
Event: 3.497 Thread 0x0000024ad1d73880 Uncommon trap: trap_request=0xffffffc6 fr.pc=0x0000024ae1fdbe84 relative=0x00000000000003a4
Event: 3.497 Thread 0x0000024ad1d73880 Uncommon trap: reason=bimorphic_or_optimized_type_check action=maybe_recompile pc=0x0000024ae1fdbe84 method=java.nio.Buffer.<init>(IIIILjava/lang/foreign/MemorySegment;)V @ 39 c2
Event: 3.497 Thread 0x0000024ad1d73880 DEOPT PACKING pc=0x0000024ae1fdbe84 sp=0x000000a0e74f89e0
Event: 3.497 Thread 0x0000024ad1d73880 DEOPT UNPACKING pc=0x0000024ae1a34402 sp=0x000000a0e74f8988 mode 2
Event: 3.498 Thread 0x0000024ad1d73880 Uncommon trap: trap_request=0xffffffc6 fr.pc=0x0000024ae1fdbe84 relative=0x00000000000003a4
Event: 3.498 Thread 0x0000024ad1d73880 Uncommon trap: reason=bimorphic_or_optimized_type_check action=maybe_recompile pc=0x0000024ae1fdbe84 method=java.nio.Buffer.<init>(IIIILjava/lang/foreign/MemorySegment;)V @ 39 c2
Event: 3.498 Thread 0x0000024ad1d73880 DEOPT PACKING pc=0x0000024ae1fdbe84 sp=0x000000a0e74f89e0
Event: 3.498 Thread 0x0000024ad1d73880 DEOPT UNPACKING pc=0x0000024ae1a34402 sp=0x000000a0e74f8988 mode 2
Event: 3.563 Thread 0x0000024ad1d73880 DEOPT PACKING pc=0x0000024ada9f3371 sp=0x000000a0e74fd680
Event: 3.563 Thread 0x0000024ad1d73880 DEOPT UNPACKING pc=0x0000024ae1a34b22 sp=0x000000a0e74fcb88 mode 0
Event: 3.594 Thread 0x0000024ad1d73880 Uncommon trap: trap_request=0xffffffbe fr.pc=0x0000024ae20447b8 relative=0x0000000000001218
Event: 3.594 Thread 0x0000024ad1d73880 Uncommon trap: reason=profile_predicate action=maybe_recompile pc=0x0000024ae20447b8 method=java.util.TimSort.binarySort([Ljava/lang/Object;IIILjava/util/Comparator;)V @ 34 c2
Event: 3.594 Thread 0x0000024ad1d73880 DEOPT PACKING pc=0x0000024ae20447b8 sp=0x000000a0e74fe140
Event: 3.594 Thread 0x0000024ad1d73880 DEOPT UNPACKING pc=0x0000024ae1a34402 sp=0x000000a0e74fe110 mode 2
Event: 3.748 Thread 0x0000024ad1d73880 Uncommon trap: trap_request=0xffffff45 fr.pc=0x0000024ae1ff9424 relative=0x0000000000000fc4
Event: 3.748 Thread 0x0000024ad1d73880 Uncommon trap: reason=unstable_if action=reinterpret pc=0x0000024ae1ff9424 method=jdk.internal.module.SystemModuleFinders$SystemModuleReader.find(Ljava/lang/String;)Ljava/util/Optional; @ 5 c2
Event: 3.748 Thread 0x0000024ad1d73880 DEOPT PACKING pc=0x0000024ae1ff9424 sp=0x000000a0e74fd180
Event: 3.748 Thread 0x0000024ad1d73880 DEOPT UNPACKING pc=0x0000024ae1a34402 sp=0x000000a0e74fd168 mode 2

Classes loaded (20 events):
Event: 3.774 Loading class java/util/zip/DeflaterOutputStream
Event: 3.774 Loading class java/util/zip/DeflaterOutputStream done
Event: 3.774 Loading class java/nio/file/NotDirectoryException
Event: 3.774 Loading class java/nio/file/NotDirectoryException done
Event: 3.775 Loading class java/nio/file/attribute/PosixFilePermissions
Event: 3.776 Loading class java/nio/file/attribute/PosixFilePermissions done
Event: 3.776 Loading class java/nio/file/attribute/PosixFilePermission
Event: 3.776 Loading class java/nio/file/attribute/PosixFilePermission done
Event: 3.779 Loading class sun/nio/fs/WindowsAclFileAttributeView
Event: 3.779 Loading class sun/nio/fs/AbstractAclFileAttributeView
Event: 3.779 Loading class java/nio/file/attribute/AclFileAttributeView
Event: 3.779 Loading class java/nio/file/attribute/FileOwnerAttributeView
Event: 3.779 Loading class java/nio/file/attribute/FileOwnerAttributeView done
Event: 3.779 Loading class java/nio/file/attribute/AclFileAttributeView done
Event: 3.779 Loading class sun/nio/fs/AbstractAclFileAttributeView done
Event: 3.779 Loading class sun/nio/fs/WindowsAclFileAttributeView done
Event: 3.780 Loading class sun/nio/fs/WindowsSecurity
Event: 3.780 Loading class sun/nio/fs/WindowsSecurity done
Event: 3.786 Loading class java/nio/file/attribute/PosixFileAttributeView
Event: 3.786 Loading class java/nio/file/attribute/PosixFileAttributeView done

Classes unloaded (0 events):
No events

Classes redefined (0 events):
No events

Internal exceptions (20 events):
Event: 2.188 Thread 0x0000024ad1d73880 Exception <a 'java/lang/NoSuchMethodError'{0x00000000a79f6c88}: 'java.lang.Object java.lang.invoke.DirectMethodHandle$Holder.invokeStaticInit(java.lang.Object, int, int, int, int)'> (0x00000000a79f6c88) 
thrown [s\open\src\hotspot\share\interpreter\linkResolver.cpp, line 796]
Event: 2.346 Thread 0x0000024ad1d73880 Exception <a 'java/lang/NoSuchMethodError'{0x00000000a748f560}: 'void java.lang.invoke.DirectMethodHandle$Holder.invokeSpecial(java.lang.Object, java.lang.Object, java.lang.Object, java.lang.Object, java.lang.Object)'> (0x00000000a748f560) 
thrown [s\open\src\hotspot\share\interpreter\linkResolver.cpp, line 796]
Event: 2.348 Thread 0x0000024ad1d73880 Exception <a 'java/lang/NoSuchMethodError'{0x00000000a74a99f8}: 'java.lang.Object java.lang.invoke.DirectMethodHandle$Holder.invokeVirtual(java.lang.Object, java.lang.Object, java.lang.Object)'> (0x00000000a74a99f8) 
thrown [s\open\src\hotspot\share\interpreter\linkResolver.cpp, line 796]
Event: 2.350 Thread 0x0000024ad1d73880 Exception <a 'java/lang/NoSuchMethodError'{0x00000000a74b6e60}: 'void java.lang.invoke.DirectMethodHandle$Holder.invokeSpecial(java.lang.Object, java.lang.Object, java.lang.Object, java.lang.Object, java.lang.Object, java.lang.Object)'> (0x00000000a74b6e60) 
thrown [s\open\src\hotspot\share\interpreter\linkResolver.cpp, line 796]
Event: 2.415 Thread 0x0000024ad1d73880 Exception <a 'java/lang/NoSuchMethodError'{0x00000000a7252610}: 'void java.lang.invoke.DirectMethodHandle$Holder.invokeVirtual(java.lang.Object, java.lang.Object, int)'> (0x00000000a7252610) 
thrown [s\open\src\hotspot\share\interpreter\linkResolver.cpp, line 796]
Event: 2.415 Thread 0x0000024ad1d73880 Exception <a 'java/lang/NoSuchMethodError'{0x00000000a7256428}: 'void java.lang.invoke.DirectMethodHandle$Holder.invokeSpecial(java.lang.Object, java.lang.Object, java.lang.Object, int)'> (0x00000000a7256428) 
thrown [s\open\src\hotspot\share\interpreter\linkResolver.cpp, line 796]
Event: 2.416 Thread 0x0000024ad1d73880 Exception <a 'java/lang/NoSuchMethodError'{0x00000000a7259b10}: 'void java.lang.invoke.DelegatingMethodHandle$Holder.reinvoke_L(java.lang.Object, java.lang.Object, int)'> (0x00000000a7259b10) 
thrown [s\open\src\hotspot\share\interpreter\linkResolver.cpp, line 796]
Event: 2.733 Thread 0x0000024ad1d73880 Implicit null exception at 0x0000024ae2013c6f to 0x0000024ae2013e68
Event: 2.733 Thread 0x0000024ad1d73880 Implicit null exception at 0x0000024ae20659f5 to 0x0000024ae2067430
Event: 2.733 Thread 0x0000024ad1d73880 Implicit null exception at 0x0000024ae201526f to 0x0000024ae2015464
Event: 2.816 Thread 0x0000024ad1d73880 Exception <a 'java/lang/NoSuchMethodError'{0x00000000a673b8c8}: 'java.lang.Object java.lang.invoke.DirectMethodHandle$Holder.newInvokeSpecial(java.lang.Object, java.lang.Object, java.lang.Object, java.lang.Object, java.lang.Object, java.lang.Object, java.lang.Object)'> (0x00000000a673b8c8) 
thrown [s\open\src\hotspot\share\interpreter\linkResolver.cpp, line 796]
Event: 3.082 Thread 0x0000024ad1d73880 Exception <a 'java/lang/NoSuchMethodError'{0x00000000a8307800}: 'int java.lang.invoke.DirectMethodHandle$Holder.invokeVirtual(java.lang.Object, java.lang.Object)'> (0x00000000a8307800) 
thrown [s\open\src\hotspot\share\interpreter\linkResolver.cpp, line 796]
Event: 3.098 Thread 0x0000024ad1d73880 Implicit null exception at 0x0000024ae207e680 to 0x0000024ae207ef44
Event: 3.099 Thread 0x0000024ad1d73880 Implicit null exception at 0x0000024ae2067ba0 to 0x0000024ae2067c22
Event: 3.115 Thread 0x0000024ad1d73880 Exception <a 'java/lang/NoSuchMethodError'{0x00000000a829cc88}: 'void java.lang.invoke.Invokers$Holder.invokeExact_MT(java.lang.Object, java.lang.Object, int, java.lang.Object)'> (0x00000000a829cc88) 
thrown [s\open\src\hotspot\share\interpreter\linkResolver.cpp, line 796]
Event: 3.606 Thread 0x0000024ad1d73880 Exception <a 'java/lang/IncompatibleClassChangeError'{0x00000000a74a7418}: Found class java.lang.Object, but interface was expected> (0x00000000a74a7418) 
thrown [s\open\src\hotspot\share\interpreter\linkResolver.cpp, line 863]
Event: 3.607 Thread 0x0000024ad1d73880 Exception <a 'java/lang/NoSuchMethodError'{0x00000000a74ac720}: 'void java.lang.invoke.DirectMethodHandle$Holder.invokeInterface(java.lang.Object, java.lang.Object, java.lang.Object)'> (0x00000000a74ac720) 
thrown [s\open\src\hotspot\share\interpreter\linkResolver.cpp, line 796]
Event: 3.740 Thread 0x0000024ad1d73880 Exception <a 'java/lang/NoSuchMethodError'{0x00000000a73f9948}: 'int java.lang.invoke.DirectMethodHandle$Holder.invokeInterface(java.lang.Object, java.lang.Object)'> (0x00000000a73f9948) 
thrown [s\open\src\hotspot\share\interpreter\linkResolver.cpp, line 796]
Event: 3.764 Thread 0x0000024ad1d73880 Exception <a 'java/lang/NoSuchMethodError'{0x00000000a7270a20}: 'int java.lang.invoke.DirectMethodHandle$Holder.invokeVirtual(java.lang.Object, java.lang.Object, java.lang.Object)'> (0x00000000a7270a20) 
thrown [s\open\src\hotspot\share\interpreter\linkResolver.cpp, line 796]
Event: 3.768 Thread 0x0000024ad1d73880 Exception <a 'java/lang/NoSuchMethodError'{0x00000000a727dae0}: 'int java.lang.invoke.DirectMethodHandle$Holder.invokeStaticInit(java.lang.Object, java.lang.Object, java.lang.Object)'> (0x00000000a727dae0) 
thrown [s\open\src\hotspot\share\interpreter\linkResolver.cpp, line 796]

VM Operations (20 events):
Event: 2.207 Executing VM operation: HandshakeAllThreads (Deoptimize)
Event: 2.207 Executing VM operation: HandshakeAllThreads (Deoptimize) done
Event: 2.251 Executing VM operation: HandshakeAllThreads (Deoptimize)
Event: 2.251 Executing VM operation: HandshakeAllThreads (Deoptimize) done
Event: 2.304 Executing VM operation: HandshakeAllThreads (Deoptimize)
Event: 2.304 Executing VM operation: HandshakeAllThreads (Deoptimize) done
Event: 2.304 Executing VM operation: HandshakeAllThreads (Deoptimize)
Event: 2.304 Executing VM operation: HandshakeAllThreads (Deoptimize) done
Event: 3.069 Executing VM operation: G1CollectForAllocation (G1 Evacuation Pause)
Event: 3.080 Executing VM operation: G1CollectForAllocation (G1 Evacuation Pause) done
Event: 3.113 Executing VM operation: HandshakeAllThreads (Deoptimize)
Event: 3.113 Executing VM operation: HandshakeAllThreads (Deoptimize) done
Event: 3.663 Executing VM operation: HandshakeAllThreads (Deoptimize)
Event: 3.663 Executing VM operation: HandshakeAllThreads (Deoptimize) done
Event: 3.771 Executing VM operation: HandshakeAllThreads (Deoptimize)
Event: 3.771 Executing VM operation: HandshakeAllThreads (Deoptimize) done
Event: 3.784 Executing VM operation: HandshakeAllThreads (Deoptimize)
Event: 3.784 Executing VM operation: HandshakeAllThreads (Deoptimize) done
Event: 3.786 Executing VM operation: HandshakeAllThreads (Deoptimize)
Event: 3.786 Executing VM operation: HandshakeAllThreads (Deoptimize) done

Memory protections (0 events):
No events

Nmethod flushes (0 events):
No events

Events (14 events):
Event: 0.031 Thread 0x0000024ad1d73880 Thread added: 0x0000024ad1d73880
Event: 0.051 Thread 0x0000024ad1d73880 Thread added: 0x0000024aed6843c0
Event: 0.051 Thread 0x0000024ad1d73880 Thread added: 0x0000024aed6865f0
Event: 0.051 Thread 0x0000024ad1d73880 Thread added: 0x0000024aed68b560
Event: 0.051 Thread 0x0000024ad1d73880 Thread added: 0x0000024aed68bfc0
Event: 0.052 Thread 0x0000024ad1d73880 Thread added: 0x0000024aed68d1c0
Event: 0.052 Thread 0x0000024ad1d73880 Thread added: 0x0000024aed68dc20
Event: 0.052 Thread 0x0000024ad1d73880 Thread added: 0x0000024aed692a60
Event: 0.052 Thread 0x0000024ad1d73880 Thread added: 0x0000024aed696460
Event: 0.080 Thread 0x0000024ad1d73880 Thread added: 0x0000024ac50bd950
Event: 0.085 Thread 0x0000024ad1d73880 Thread added: 0x0000024ac50e9820
Event: 0.268 Thread 0x0000024ad1d73880 Thread added: 0x0000024ac558cd00
Event: 0.278 Thread 0x0000024ac558cd00 Thread exited: 0x0000024ac558cd00
Event: 0.770 Thread 0x0000024aed696460 Thread added: 0x0000024ac5d53e90


Dynamic libraries:
0x00007ff69e690000 - 0x00007ff69e6a0000 	C:\Program Files\Java\jdk-23\bin\java.exe
0x00007ffbcfff0000 - 0x00007ffbd01e8000 	C:\WINDOWS\SYSTEM32\ntdll.dll
0x00007ffbcfbd0000 - 0x00007ffbcfc92000 	C:\WINDOWS\System32\KERNEL32.DLL
0x00007ffbcdc50000 - 0x00007ffbcdf4e000 	C:\WINDOWS\System32\KERNELBASE.dll
0x00007ffbcdae0000 - 0x00007ffbcdbe0000 	C:\WINDOWS\System32\ucrtbase.dll
0x00007ffba7fc0000 - 0x00007ffba7fdb000 	C:\Program Files\Java\jdk-23\bin\VCRUNTIME140.dll
0x00007ffbbafe0000 - 0x00007ffbbaff7000 	C:\Program Files\Java\jdk-23\bin\jli.dll
0x00007ffbcfde0000 - 0x00007ffbcff7d000 	C:\WINDOWS\System32\USER32.dll
0x00007ffbcd6f0000 - 0x00007ffbcd712000 	C:\WINDOWS\System32\win32u.dll
0x00007ffbbd780000 - 0x00007ffbbda1a000 	C:\WINDOWS\WinSxS\amd64_microsoft.windows.common-controls_6595b64144ccf1df_6.0.19041.4355_none_60b8b9eb71f62e16\COMCTL32.dll
0x00007ffbcfd40000 - 0x00007ffbcfdde000 	C:\WINDOWS\System32\msvcrt.dll
0x00007ffbcff80000 - 0x00007ffbcffab000 	C:\WINDOWS\System32\GDI32.dll
0x00007ffbcdf50000 - 0x00007ffbce067000 	C:\WINDOWS\System32\gdi32full.dll
0x00007ffbcd9c0000 - 0x00007ffbcda5d000 	C:\WINDOWS\System32\msvcp_win.dll
0x00007ffbce5b0000 - 0x00007ffbce5df000 	C:\WINDOWS\System32\IMM32.DLL
0x00007ffbc9a90000 - 0x00007ffbc9a9c000 	C:\Program Files\Java\jdk-23\bin\vcruntime140_1.dll
0x00007ffb82160000 - 0x00007ffb821ee000 	C:\Program Files\Java\jdk-23\bin\msvcp140.dll
0x00007ffb5f470000 - 0x00007ffb601bf000 	C:\Program Files\Java\jdk-23\bin\server\jvm.dll
0x00007ffbce910000 - 0x00007ffbce9c1000 	C:\WINDOWS\System32\ADVAPI32.dll
0x00007ffbcfac0000 - 0x00007ffbcfb5f000 	C:\WINDOWS\System32\sechost.dll
0x00007ffbcf220000 - 0x00007ffbcf343000 	C:\WINDOWS\System32\RPCRT4.dll
0x00007ffbcdab0000 - 0x00007ffbcdad7000 	C:\WINDOWS\System32\bcrypt.dll
0x00007ffbcfb60000 - 0x00007ffbcfbcb000 	C:\WINDOWS\System32\WS2_32.dll
0x00007ffbcd5d0000 - 0x00007ffbcd61b000 	C:\WINDOWS\SYSTEM32\POWRPROF.dll
0x00007ffbb8880000 - 0x00007ffbb88a7000 	C:\WINDOWS\SYSTEM32\WINMM.dll
0x00007ffbbcc30000 - 0x00007ffbbcc3a000 	C:\WINDOWS\SYSTEM32\VERSION.dll
0x00007ffbcd5b0000 - 0x00007ffbcd5c2000 	C:\WINDOWS\SYSTEM32\UMPDC.dll
0x00007ffbcbf60000 - 0x00007ffbcbf72000 	C:\WINDOWS\SYSTEM32\kernel.appcore.dll
0x00007ffbc9090000 - 0x00007ffbc909a000 	C:\Program Files\Java\jdk-23\bin\jimage.dll
0x00007ffbcbc90000 - 0x00007ffbcbe74000 	C:\WINDOWS\SYSTEM32\DBGHELP.DLL
0x00007ffbb5040000 - 0x00007ffbb5074000 	C:\WINDOWS\SYSTEM32\dbgcore.DLL
0x00007ffbcd930000 - 0x00007ffbcd9b2000 	C:\WINDOWS\System32\bcryptPrimitives.dll
0x00007ffba5e90000 - 0x00007ffba5eae000 	C:\Program Files\Java\jdk-23\bin\java.dll
0x00007ffbce7e0000 - 0x00007ffbce90b000 	C:\WINDOWS\System32\ole32.dll
0x00007ffbce070000 - 0x00007ffbce3c3000 	C:\WINDOWS\System32\combase.dll
0x00007ffbcf350000 - 0x00007ffbcfabd000 	C:\WINDOWS\System32\SHELL32.dll
0x00007ffbcb350000 - 0x00007ffbcbaf4000 	C:\WINDOWS\SYSTEM32\windows.storage.dll
0x00007ffbcd050000 - 0x00007ffbcd07e000 	C:\WINDOWS\SYSTEM32\Wldp.dll
0x00007ffbce3d0000 - 0x00007ffbce49d000 	C:\WINDOWS\System32\OLEAUT32.dll
0x00007ffbce4a0000 - 0x00007ffbce54d000 	C:\WINDOWS\System32\SHCORE.dll
0x00007ffbce550000 - 0x00007ffbce5a5000 	C:\WINDOWS\System32\shlwapi.dll
0x00007ffbcd620000 - 0x00007ffbcd644000 	C:\WINDOWS\SYSTEM32\profapi.dll
0x00007ffb7d4b0000 - 0x00007ffb7d587000 	C:\Program Files\Java\jdk-23\bin\jsvml.dll
0x00007ffba8360000 - 0x00007ffba8370000 	C:\Program Files\Java\jdk-23\bin\net.dll
0x00007ffbccdb0000 - 0x00007ffbcce1a000 	C:\WINDOWS\system32\mswsock.dll
0x00007ffba4b20000 - 0x00007ffba4b36000 	C:\Program Files\Java\jdk-23\bin\nio.dll
0x00007ffba0a10000 - 0x00007ffba0a27000 	C:\Program Files\Java\jdk-23\bin\zip.dll
0x00007ffbab7d0000 - 0x00007ffbab7f4000 	C:\Program Files\NetBeans-23\netbeans\java\maven\lib\jansi-native\Windows\x86_64\jansi.dll
0x00007ffba82c0000 - 0x00007ffba82d0000 	C:\Program Files\Java\jdk-23\bin\verify.dll

dbghelp: loaded successfully - version: 4.0.5 - missing functions: none
symbol engine: initialized successfully - sym options: 0x614 - pdb path: .;C:\Program Files\Java\jdk-23\bin;C:\WINDOWS\SYSTEM32;C:\WINDOWS\WinSxS\amd64_microsoft.windows.common-controls_6595b64144ccf1df_6.0.19041.4355_none_60b8b9eb71f62e16;C:\Program Files\Java\jdk-23\bin\server;C:\Program Files\NetBeans-23\netbeans\java\maven\lib\jansi-native\Windows\x86_64

VM Arguments:
jvm_args: -Dclassworlds.conf=C:\Program Files\NetBeans-23\netbeans\java\maven\bin\m2.conf -Dmaven.home=C:\Program Files\NetBeans-23\netbeans\java\maven -Dlibrary.jansi.path=C:\Program Files\NetBeans-23\netbeans\java\maven\lib\jansi-native -Dmaven.multiModuleProjectDirectory=C:\Users\maico\OneDrive\Escritorio\PROYECTO FINAL AP\GestionDeProducciones 
java_command: org.codehaus.plexus.classworlds.launcher.Launcher -Dexec.vmArgs= -Dexec.args=${exec.vmArgs} -classpath %classpath ${exec.mainClass} ${exec.appArgs} -Dexec.executable=C:\Program Files\Java\jdk-23\bin\java.exe -Dexec.mainClass=fabrica.gestiondeproducciones.presentacion.Principal -Dexec.classpathScope=runtime -Dexec.appArgs= -Dmaven.ext.class.path=C:\Program Files\NetBeans-23\netbeans\java\maven-nblib\netbeans-eventspy.jar --no-transfer-progress process-classes org.codehaus.mojo:exec-maven-plugin:3.1.0:exec
java_class_path (initial): C:\Program Files\NetBeans-23\netbeans\java\maven\boot\plexus-classworlds-2.8.0.jar
Launcher Type: SUN_STANDARD

[Global flags]
     intx CICompilerCount                          = 3                                         {product} {ergonomic}
     uint ConcGCThreads                            = 1                                         {product} {ergonomic}
     uint G1ConcRefinementThreads                  = 4                                         {product} {ergonomic}
   size_t G1HeapRegionSize                         = 1048576                                   {product} {ergonomic}
   size_t InitialHeapSize                          = 98566144                                  {product} {ergonomic}
   size_t MarkStackSize                            = 4194304                                   {product} {ergonomic}
   size_t MarkStackSizeMax                         = 536870912                                 {product} {ergonomic}
   size_t MaxHeapSize                              = 1570766848                                {product} {ergonomic}
   size_t MaxNewSize                               = 941621248                                 {product} {ergonomic}
   size_t MinHeapDeltaBytes                        = 1048576                                   {product} {ergonomic}
   size_t MinHeapSize                              = 8388608                                   {product} {ergonomic}
    uintx NonNMethodCodeHeapSize                   = 5832704                                {pd product} {ergonomic}
    uintx NonProfiledCodeHeapSize                  = 122945536                              {pd product} {ergonomic}
    uintx ProfiledCodeHeapSize                     = 122880000                              {pd product} {ergonomic}
    uintx ReservedCodeCacheSize                    = 251658240                              {pd product} {ergonomic}
     bool SegmentedCodeCache                       = true                                      {product} {ergonomic}
   size_t SoftMaxHeapSize                          = 1570766848                             {manageable} {ergonomic}
     bool UseCompressedOops                        = true                           {product lp64_product} {ergonomic}
     bool UseG1GC                                  = true                                      {product} {ergonomic}
     bool UseLargePagesIndividualAllocation        = false                                  {pd product} {ergonomic}

Logging:
Log output configuration:
 #0: stdout all=warning uptime,level,tags foldmultilines=false
 #1: stderr all=off uptime,level,tags foldmultilines=false

Environment Variables:
JAVA_HOME=C:\Program Files\Java\jdk-23
PATH=C:\Program Files\Common Files\Oracle\Java\javapath;C:\Program Files\Eclipse Adoptium\jdk-17.0.7.7-hotspot\bin;C:\WINDOWS\system32;C:\WINDOWS;C:\WINDOWS\System32\Wbem;C:\WINDOWS\System32\WindowsPowerShell\v1.0\;C:\Program Files (x86)\Common Files\lenovo\easyplussdk\bin;C:\WINDOWS\System32\OpenSSH\;C:\Program Files (x86)\Microsoft SQL Server\160\Tools\Binn\;C:\Program Files\Microsoft SQL Server\160\Tools\Binn\;C:\Program Files\Microsoft SQL Server\Client SDK\ODBC\170\Tools\Binn\;C:\Program Files\Microsoft SQL Server\160\DTS\Binn\;C:\Program Files (x86)\Microsoft SQL Server\160\DTS\Binn\;C:\Program Files\Azure Data Studio\bin;C:\Program Files\dotnet\;C:\Program Files\Git\cmd;C:\Program Files\nodejs\;C:\Users\maico\AppData\Local\Microsoft\WindowsApps;;C:\Program Files\Azure Data Studio\bin;C:\Users\maico\.dotnet\tools;C:\Users\maico\AppData\Local\Programs\Microsoft VS Code\bin;C:\Users\maico\AppData\Roaming\npm
USERNAME=maico
OS=Windows_NT
PROCESSOR_IDENTIFIER=Intel64 Family 6 Model 78 Stepping 3, GenuineIntel
TMP=C:\Users\maico\AppData\Local\Temp
TEMP=C:\Users\maico\AppData\Local\Temp




Periodic native trim disabled

---------------  S Y S T E M  ---------------

OS:
 Windows 10 , 64 bit Build 19041 (10.0.19041.5198)
OS uptime: 0 days 21:25 hours

CPU: total 4 (initial active 4) (2 cores per cpu, 2 threads per core) family 6 model 78 stepping 3 microcode 0xcc, cx8, cmov, fxsr, ht, mmx, 3dnowpref, sse, sse2, sse3, ssse3, sse4.1, sse4.2, popcnt, lzcnt, tsc, tscinvbit, avx, avx2, aes, erms, clmul, bmi1, bmi2, adx, fma, vzeroupper, clflush, clflushopt, rdtscp, f16c
Processor Information for the first 4 processors :
  Max Mhz: 2592, Current Mhz: 2492, Mhz Limit: 2488

Memory: 4k page, system-wide physical 5985M (532M free)
TotalPageFile size 5985M (AvailPageFile size 8M)
current process WorkingSet (physical memory assigned to process): 151M, peak: 152M
current process commit charge ("private bytes"): 223M, peak: 223M

vm_info: Java HotSpot(TM) 64-Bit Server VM (23.0.1+11-39) for windows-amd64 JRE (23.0.1+11-39), built on 2024-09-30T07:20:43Z with MS VC++ 17.6 (VS2022)

END.
